10:13:35.622 [main                     ] DEBUG Logger               - Configured Logger
10:13:35.624 [main                     ] DEBUG GameApplication      - Logging settings
Title: SPLATTMAN
Version: 1.0
Width: 1295
Height: 720
Fullscreen: false
Intro: false
Profiling: false
Single step:false
App Mode: DEVELOPER
Menu Key: ESCAPE
Stage Style: DECORATED
Scene Factory: class Bomberman.GameApp$1

10:13:36.051 [JavaFX Application Thread] DEBUG FXGLApplication      - Initializing FXGL
10:13:36.053 [JavaFX Application Thread] INFO  Engine               - FXGL-11.17 (16.07.2021 15.46) on WINDOWS (J:18.0.2.1 FX:16)
10:13:36.053 [JavaFX Application Thread] DEBUG Engine               - JRE Vendor Name: Oracle Corporation
10:13:36.053 [JavaFX Application Thread] DEBUG Engine               - Running on OS: Windows 10 version 10.0
10:13:36.053 [JavaFX Application Thread] DEBUG Engine               - Architecture: amd64
10:13:36.054 [JavaFX Application Thread] INFO  Engine               - Source code and latest versions at: https://github.com/AlmasB/FXGL
10:13:36.054 [JavaFX Application Thread] INFO  Engine               -              Join the FXGL chat at: https://gitter.im/AlmasB/FXGL
10:13:36.158 [JavaFX Application Thread] DEBUG PrimaryStageWindow   - Creating a JavaFX scene
10:13:36.204 [JavaFX Application Thread] DEBUG PrimaryStageWindow   - Target settings size: 1295.0 x 720.0
10:13:36.204 [JavaFX Application Thread] DEBUG PrimaryStageWindow   - Scaled scene size:    1295.0 x 720.0
10:13:36.204 [JavaFX Application Thread] DEBUG PrimaryStageWindow   - Scaled ratio: (1.0, 1.0)
10:13:36.205 [JavaFX Application Thread] DEBUG PrimaryStageWindow   - Set initial scene to FXGLStartupScene
10:13:36.212 [JavaFX Application Thread] DEBUG PrimaryStageWindow   - Opening main window
10:13:36.313 [JavaFX Application Thread] DEBUG PrimaryStageWindow   - Window border size: (14.5999755859375, 37.5999755859375)
10:13:36.313 [JavaFX Application Thread] DEBUG PrimaryStageWindow   - Scaled size: 1295.0 x 720.0
10:13:36.313 [JavaFX Application Thread] DEBUG PrimaryStageWindow   - Scaled ratio: (1.0, 1.0)
10:13:36.314 [JavaFX Application Thread] DEBUG PrimaryStageWindow   - Scene size: 1295.0 x 720.0
10:13:36.314 [JavaFX Application Thread] DEBUG PrimaryStageWindow   - Stage size: 1309.5999755859375 x 757.5999755859375
10:13:36.323 [FXGL Background Thread 1 ] DEBUG Engine               - Initializing environment variables
10:13:36.420 [FXGL Background Thread 1 ] DEBUG FXGLAssetLoaderServi - User app class for loading assets: class Bomberman.GameApp
10:13:36.421 [FXGL Background Thread 1 ] DEBUG GameApplicationServi - Applying CSS: fxgl_dark.css
10:13:36.424 [FXGL Background Thread 1 ] DEBUG FXGLAssetLoaderServi - Loading from file system: jar:file:/C:/Users/tho26/.m2/repository/com/github/almasb/fxgl/11.17/fxgl-11.17.jar!/fxglassets/ui/css/fxgl_dark.css
10:13:36.463 [FXGL Background Thread 1 ] DEBUG GameApplicationServi - Initializing application scenes
10:13:36.506 [FXGL Background Thread 1 ] DEBUG GameWorld            - Game world initialized
10:13:36.576 [FXGL Background Thread 1 ] DEBUG PhysicsWorld         - Physics world initialized: appHeight=720, physics.ppm=50.0
10:13:36.576 [FXGL Background Thread 1 ] DEBUG PhysicsWorld         - Using strategy: BRUTE_FORCE
10:13:36.580 [FXGL Background Thread 1 ] DEBUG GameScene            - Game scene initialized: 1295x720
10:13:36.739 [FXGL Background Thread 1 ] DEBUG GameApplicationServi - Application scenes initialized
10:13:36.748 [FXGL Background Thread 1 ] DEBUG SystemBundleService  - Loading FXGL system data
10:13:36.752 [FXGL Background Thread 1 ] DEBUG FileSystemAccess     - Reading from: E:\CPP\Bomberman-master\system\fxgl.bundle
10:13:36.759 [FXGL Background Thread 1 ] DEBUG SystemBundleService  - Bundle FXGL: {}
10:13:36.759 [FXGL Background Thread 1 ] DEBUG UpdaterService       - Checking for updates
10:13:36.767 [FXGL Background Thread 4 ] DEBUG FXGLApplication      - Loading fonts
10:13:36.767 [FXGL Background Thread 4 ] DEBUG FXGLAssetLoaderServi - Loading from file system: file:/E:/CPP/Bomberman-master/target/classes/assets/ui/fonts/game_font.ttf
10:13:36.767 [FXGL Background Thread 1 ] DEBUG FXGLApplication      - Loading default localization
10:13:36.768 [FXGL Background Thread 1 ] DEBUG FXGLAssetLoaderServi - Loading from file system: jar:file:/C:/Users/tho26/.m2/repository/com/github/almasb/fxgl/11.17/fxgl-11.17.jar!/fxglassets/languages/english.lang
10:13:36.787 [FXGL Background Thread 1 ] INFO  FXGLApplication      - FXGL initialization took: 0.463 sec
10:13:36.799 [JavaFX Application Thread] DEBUG Input                - Registered new binding: Move Up - W
10:13:36.799 [JavaFX Application Thread] DEBUG Input                - Registered new binding: Move Down - S
10:13:36.800 [JavaFX Application Thread] DEBUG Input                - Registered new binding: Move Left - A
10:13:36.800 [JavaFX Application Thread] DEBUG Input                - Registered new binding: Move Right - D
10:13:36.800 [JavaFX Application Thread] DEBUG Input                - Registered new binding: Place Bomb - Space
10:13:36.801 [JavaFX Application Thread] DEBUG FXGLAssetLoaderServi - Loading from file system: file:/E:/CPP/Bomberman-master/target/classes/assets/music/main_theme.mp3
10:13:36.840 [FXGL Background Thread 4 ] DEBUG FXGLAssetLoaderServi - Loading from file system: jar:file:/C:/Users/tho26/.m2/repository/com/github/almasb/fxgl/11.17/fxgl-11.17.jar!/fxglassets/ui/fonts/Abel-Regular.ttf
10:13:36.844 [FXGL Background Thread 4 ] DEBUG FXGLAssetLoaderServi - Loading from file system: jar:file:/C:/Users/tho26/.m2/repository/com/github/almasb/fxgl/11.17/fxgl-11.17.jar!/fxglassets/ui/fonts/lucida_console.ttf
10:13:36.849 [FXGL Background Thread 4 ] DEBUG FXGLAssetLoaderServi - Loading from file system: jar:file:/C:/Users/tho26/.m2/repository/com/github/almasb/fxgl/11.17/fxgl-11.17.jar!/fxglassets/ui/fonts/Courier-Prime.ttf
10:13:37.024 [JavaFX Application Thread] DEBUG AudioPlayer          - Playing music com.almasb.fxgl.audio.Music@628248bf
10:13:37.025 [JavaFX Application Thread] DEBUG FXGLAssetLoaderServi - Loading from file system: file:/E:/CPP/Bomberman-master/target/classes/assets/textures/icon.png
10:13:37.035 [JavaFX Application Thread] DEBUG FXGLAssetLoaderServi - Loading from file system: jar:file:/C:/Users/tho26/.m2/repository/com/github/almasb/fxgl/11.17/fxgl-11.17.jar!/fxglassets/textures/fxgl_default_cursor.png
10:13:37.039 [JavaFX Application Thread] DEBUG Input                - Registered new binding: Screenshot - CTRL+8
10:13:37.041 [JavaFX Application Thread] DEBUG Input                - Registered new binding: System info dump - CTRL+9
10:13:37.042 [JavaFX Application Thread] DEBUG Input                - Registered new binding: Restart - CTRL+R
10:13:37.043 [JavaFX Application Thread] DEBUG Input                - Registered new binding: Toggle Debug Camera - CTRL+C
10:13:37.046 [JavaFX Application Thread] DEBUG LoopRunner           - Starting loop
10:13:37.046 [JavaFX Application Thread] DEBUG LoopRunner           - Initializing JavaFX AnimationTimerLoop
10:13:37.051 [JavaFX Application Thread] DEBUG Input                - Clearing active input actions
10:13:37.062 [JavaFX Application Thread] DEBUG GameApplicationServi - Removing overlay from FXGLStartupScene and adding to FXGLMainMenuDummyScene
10:13:37.063 [JavaFX Application Thread] DEBUG PrimaryStageWindow   - FXGLStartupScene -> FXGLMainMenuDummyScene
10:13:37.063 [JavaFX Application Thread] DEBUG PrimaryStageWindow   - Push state: MainMenu
10:13:37.063 [JavaFX Application Thread] DEBUG Input                - Clearing active input actions
10:13:37.069 [JavaFX Application Thread] DEBUG GameApplicationServi - Removing overlay from FXGLMainMenuDummyScene and adding to MainMenu
10:13:37.069 [JavaFX Application Thread] DEBUG PrimaryStageWindow   - FXGLMainMenuDummyScene -> MainMenu
10:13:37.070 [JavaFX Application Thread] DEBUG FXGLApplication      - Registering font factories with UI factory
10:13:37.612 [JavaFX Application Thread] DEBUG PrimaryStageWindow   - Push state: DialogSubScene
10:13:37.613 [JavaFX Application Thread] DEBUG Input                - Clearing active input actions
10:13:37.616 [JavaFX Application Thread] DEBUG GameApplicationServi - Removing overlay from MainMenu and adding to DialogSubScene
10:13:37.616 [JavaFX Application Thread] DEBUG PrimaryStageWindow   - MainMenu -> DialogSubScene
10:13:37.641 [FXGL Background Thread 2 ] INFO  UpdaterService       - Your current version:  11.17
10:13:37.641 [FXGL Background Thread 2 ] INFO  UpdaterService       - Latest stable version: 17.2
10:13:38.591 [JavaFX Application Thread] DEBUG PrimaryStageWindow   - Pop state: DialogSubScene
10:13:38.592 [JavaFX Application Thread] DEBUG Input                - Clearing active input actions
10:13:38.592 [JavaFX Application Thread] DEBUG GameApplicationServi - Removing overlay from DialogSubScene and adding to MainMenu
10:13:38.592 [JavaFX Application Thread] DEBUG PrimaryStageWindow   - MainMenu <- DialogSubScene
10:13:38.592 [JavaFX Application Thread] DEBUG FXGLApplication      - Exiting FXGL
10:13:38.592 [JavaFX Application Thread] DEBUG LoopRunner           - Stopping loop
10:13:38.593 [JavaFX Application Thread] DEBUG SystemBundleService  - Saving FXGL system data
10:13:38.594 [JavaFX Application Thread] DEBUG FileSystemAccess     - Writing to: E:\CPP\Bomberman-master\system\fxgl.bundle
10:13:38.595 [JavaFX Application Thread] DEBUG Async                - Shutting down background threads
10:13:38.595 [JavaFX Application Thread] DEBUG PrimaryStageWindow   - Closing main window
10:13:38.606 [JavaFX Application Thread] DEBUG Logger               - Closing Logger
