00:54:02.093 [main                     ] DEBUG Logger               - Configured Logger
00:54:02.095 [main                     ] DEBUG GameApplication      - Logging settings
Title: SPLATTMAN
Version: 1.0
Width: 1280
Height: 720
Fullscreen: false
Intro: false
Profiling: false
Single step:false
App Mode: DEVELOPER
Menu Key: ESCAPE
Stage Style: DECORATED
Scene Factory: class Bomberman.GameApp$1

00:54:02.479 [JavaFX Application Thread] DEBUG FXGLApplication      - Initializing FXGL
00:54:02.480 [JavaFX Application Thread] INFO  Engine               - FXGL-11.17 (16.07.2021 15.46) on WINDOWS (J:18.0.2.1 FX:16)
00:54:02.481 [JavaFX Application Thread] DEBUG Engine               - JRE Vendor Name: Oracle Corporation
00:54:02.481 [JavaFX Application Thread] DEBUG Engine               - Running on OS: Windows 10 version 10.0
00:54:02.481 [JavaFX Application Thread] DEBUG Engine               - Architecture: amd64
00:54:02.481 [JavaFX Application Thread] INFO  Engine               - Source code and latest versions at: https://github.com/AlmasB/FXGL
00:54:02.481 [JavaFX Application Thread] INFO  Engine               -              Join the FXGL chat at: https://gitter.im/AlmasB/FXGL
00:54:02.581 [JavaFX Application Thread] DEBUG PrimaryStageWindow   - Creating a JavaFX scene
00:54:02.620 [JavaFX Application Thread] DEBUG PrimaryStageWindow   - Target settings size: 1280.0 x 720.0
00:54:02.621 [JavaFX Application Thread] DEBUG PrimaryStageWindow   - Scaled scene size:    1280.0 x 720.0
00:54:02.621 [JavaFX Application Thread] DEBUG PrimaryStageWindow   - Scaled ratio: (1.0, 1.0)
00:54:02.622 [JavaFX Application Thread] DEBUG PrimaryStageWindow   - Set initial scene to FXGLStartupScene
00:54:02.628 [JavaFX Application Thread] DEBUG PrimaryStageWindow   - Opening main window
00:54:02.721 [JavaFX Application Thread] DEBUG PrimaryStageWindow   - Window border size: (14.4000244140625, 37.5999755859375)
00:54:02.721 [JavaFX Application Thread] DEBUG PrimaryStageWindow   - Scaled size: 1280.0 x 720.0
00:54:02.721 [JavaFX Application Thread] DEBUG PrimaryStageWindow   - Scaled ratio: (1.0, 1.0)
00:54:02.721 [JavaFX Application Thread] DEBUG PrimaryStageWindow   - Scene size: 1280.0 x 720.0
00:54:02.722 [JavaFX Application Thread] DEBUG PrimaryStageWindow   - Stage size: 1294.4000244140625 x 757.5999755859375
00:54:02.734 [FXGL Background Thread 1 ] DEBUG Engine               - Initializing environment variables
00:54:02.824 [FXGL Background Thread 1 ] DEBUG FXGLAssetLoaderServi - User app class for loading assets: class Bomberman.GameApp
00:54:02.824 [FXGL Background Thread 1 ] DEBUG GameApplicationServi - Applying CSS: fxgl_dark.css
00:54:02.825 [FXGL Background Thread 1 ] DEBUG FXGLAssetLoaderServi - Loading from file system: jar:file:/C:/Users/tho26/.m2/repository/com/github/almasb/fxgl/11.17/fxgl-11.17.jar!/fxglassets/ui/css/fxgl_dark.css
00:54:02.861 [FXGL Background Thread 1 ] DEBUG GameApplicationServi - Initializing application scenes
00:54:02.908 [FXGL Background Thread 1 ] DEBUG GameWorld            - Game world initialized
00:54:02.975 [FXGL Background Thread 1 ] DEBUG PhysicsWorld         - Physics world initialized: appHeight=720, physics.ppm=50.0
00:54:02.975 [FXGL Background Thread 1 ] DEBUG PhysicsWorld         - Using strategy: BRUTE_FORCE
00:54:02.977 [FXGL Background Thread 1 ] DEBUG GameScene            - Game scene initialized: 1280x720
00:54:03.101 [FXGL Background Thread 1 ] DEBUG GameApplicationServi - Application scenes initialized
00:54:03.110 [FXGL Background Thread 1 ] DEBUG SystemBundleService  - Loading FXGL system data
00:54:03.113 [FXGL Background Thread 1 ] DEBUG FileSystemAccess     - Reading from: E:\CPP\Bomberman-master\system\fxgl.bundle
00:54:03.121 [FXGL Background Thread 1 ] DEBUG SystemBundleService  - Bundle FXGL: {}
00:54:03.121 [FXGL Background Thread 1 ] DEBUG UpdaterService       - Checking for updates
00:54:03.129 [FXGL Background Thread 4 ] DEBUG FXGLApplication      - Loading fonts
00:54:03.129 [FXGL Background Thread 4 ] DEBUG FXGLAssetLoaderServi - Loading from file system: file:/E:/CPP/Bomberman-master/target/classes/assets/ui/fonts/game_font.ttf
00:54:03.129 [FXGL Background Thread 1 ] DEBUG FXGLApplication      - Loading default localization
00:54:03.130 [FXGL Background Thread 1 ] DEBUG FXGLAssetLoaderServi - Loading from file system: jar:file:/C:/Users/tho26/.m2/repository/com/github/almasb/fxgl/11.17/fxgl-11.17.jar!/fxglassets/languages/english.lang
00:54:03.153 [FXGL Background Thread 1 ] INFO  FXGLApplication      - FXGL initialization took: 0.419 sec
00:54:03.162 [JavaFX Application Thread] DEBUG Input                - Registered new binding: Move Up - W
00:54:03.162 [JavaFX Application Thread] DEBUG Input                - Registered new binding: Move Down - S
00:54:03.162 [JavaFX Application Thread] DEBUG Input                - Registered new binding: Move Left - A
00:54:03.162 [JavaFX Application Thread] DEBUG Input                - Registered new binding: Move Right - D
00:54:03.162 [JavaFX Application Thread] DEBUG Input                - Registered new binding: Place Bomb - Space
00:54:03.163 [JavaFX Application Thread] DEBUG FXGLAssetLoaderServi - Loading from file system: file:/E:/CPP/Bomberman-master/target/classes/assets/music/main_theme.mp3
00:54:03.196 [FXGL Background Thread 4 ] DEBUG FXGLAssetLoaderServi - Loading from file system: jar:file:/C:/Users/tho26/.m2/repository/com/github/almasb/fxgl/11.17/fxgl-11.17.jar!/fxglassets/ui/fonts/Abel-Regular.ttf
00:54:03.199 [FXGL Background Thread 4 ] DEBUG FXGLAssetLoaderServi - Loading from file system: jar:file:/C:/Users/tho26/.m2/repository/com/github/almasb/fxgl/11.17/fxgl-11.17.jar!/fxglassets/ui/fonts/lucida_console.ttf
00:54:03.213 [FXGL Background Thread 4 ] DEBUG FXGLAssetLoaderServi - Loading from file system: jar:file:/C:/Users/tho26/.m2/repository/com/github/almasb/fxgl/11.17/fxgl-11.17.jar!/fxglassets/ui/fonts/Courier-Prime.ttf
00:54:03.300 [JavaFX Application Thread] DEBUG AudioPlayer          - Playing music com.almasb.fxgl.audio.Music@598a9982
00:54:03.301 [JavaFX Application Thread] DEBUG FXGLAssetLoaderServi - Loading from file system: file:/E:/CPP/Bomberman-master/target/classes/assets/textures/icon.png
00:54:03.314 [JavaFX Application Thread] DEBUG FXGLAssetLoaderServi - Loading from file system: jar:file:/C:/Users/tho26/.m2/repository/com/github/almasb/fxgl/11.17/fxgl-11.17.jar!/fxglassets/textures/fxgl_default_cursor.png
00:54:03.317 [JavaFX Application Thread] DEBUG Input                - Registered new binding: Screenshot - CTRL+8
00:54:03.319 [JavaFX Application Thread] DEBUG Input                - Registered new binding: System info dump - CTRL+9
00:54:03.320 [JavaFX Application Thread] DEBUG Input                - Registered new binding: Restart - CTRL+R
00:54:03.322 [JavaFX Application Thread] DEBUG Input                - Registered new binding: Toggle Debug Camera - CTRL+C
00:54:03.326 [JavaFX Application Thread] DEBUG LoopRunner           - Starting loop
00:54:03.326 [JavaFX Application Thread] DEBUG LoopRunner           - Initializing JavaFX AnimationTimerLoop
00:54:03.331 [JavaFX Application Thread] DEBUG Input                - Clearing active input actions
00:54:03.340 [JavaFX Application Thread] DEBUG GameApplicationServi - Removing overlay from FXGLStartupScene and adding to FXGLMainMenuDummyScene
00:54:03.341 [JavaFX Application Thread] DEBUG PrimaryStageWindow   - FXGLStartupScene -> FXGLMainMenuDummyScene
00:54:03.341 [JavaFX Application Thread] DEBUG PrimaryStageWindow   - Push state: MainMenu
00:54:03.341 [JavaFX Application Thread] DEBUG Input                - Clearing active input actions
00:54:03.348 [JavaFX Application Thread] DEBUG GameApplicationServi - Removing overlay from FXGLMainMenuDummyScene and adding to MainMenu
00:54:03.348 [JavaFX Application Thread] DEBUG PrimaryStageWindow   - FXGLMainMenuDummyScene -> MainMenu
00:54:03.349 [JavaFX Application Thread] DEBUG FXGLApplication      - Registering font factories with UI factory
00:54:03.665 [FXGL Background Thread 2 ] INFO  UpdaterService       - Your current version:  11.17
00:54:03.666 [FXGL Background Thread 2 ] INFO  UpdaterService       - Latest stable version: 17.2
00:54:06.079 [JavaFX Application Thread] DEBUG Menu                 - fireExit()
00:54:06.085 [JavaFX Application Thread] DEBUG PrimaryStageWindow   - Push state: DialogSubScene
00:54:06.085 [JavaFX Application Thread] DEBUG Input                - Clearing active input actions
00:54:06.088 [JavaFX Application Thread] DEBUG GameApplicationServi - Removing overlay from MainMenu and adding to DialogSubScene
00:54:06.088 [JavaFX Application Thread] DEBUG PrimaryStageWindow   - MainMenu -> DialogSubScene
00:54:06.127 [FXGL Background Thread 3 ] DEBUG Engine               - Logging environment variables
00:54:06.127 [FXGL Background Thread 3 ] DEBUG Engine               - achievements: []
00:54:06.127 [FXGL Background Thread 3 ] DEBUG Engine               - actualHeight: 720.0
00:54:06.127 [FXGL Background Thread 3 ] DEBUG Engine               - actualHeightProperty: ReadOnlyDoubleProperty [value: 720.0]
00:54:06.127 [FXGL Background Thread 3 ] DEBUG Engine               - actualWidth: 1280.0
00:54:06.127 [FXGL Background Thread 3 ] DEBUG Engine               - actualWidthProperty: ReadOnlyDoubleProperty [value: 1280.0]
00:54:06.127 [FXGL Background Thread 3 ] DEBUG Engine               - appIcon: icon.png
00:54:06.127 [FXGL Background Thread 3 ] DEBUG Engine               - applicationMode: DEVELOPER
00:54:06.127 [FXGL Background Thread 3 ] DEBUG Engine               - cSSList: [fxgl_dark.css]
00:54:06.127 [FXGL Background Thread 3 ] DEBUG Engine               - collisionDetectionStrategy: BRUTE_FORCE
00:54:06.127 [FXGL Background Thread 3 ] DEBUG Engine               - configClass: Optional.empty
00:54:06.128 [FXGL Background Thread 3 ] DEBUG Engine               - credits: []
00:54:06.128 [FXGL Background Thread 3 ] DEBUG Engine               - defaultCursor: CursorInfo(imageName=fxgl_default_cursor.png, hotspotX=7.0, hotspotY=6.0)
00:54:06.128 [FXGL Background Thread 3 ] DEBUG Engine               - devBBoxColorProperty: ObjectProperty [value: 0xff0000ff]
00:54:06.128 [FXGL Background Thread 3 ] DEBUG Engine               - devEnableDebugCameraProperty: BooleanProperty [value: false]
00:54:06.128 [FXGL Background Thread 3 ] DEBUG Engine               - devSensorColorProperty: ObjectProperty [value: 0xffff00ff]
00:54:06.128 [FXGL Background Thread 3 ] DEBUG Engine               - devShowBBoxProperty: BooleanProperty [value: false]
00:54:06.128 [FXGL Background Thread 3 ] DEBUG Engine               - devShowPositionProperty: BooleanProperty [value: false]
00:54:06.128 [FXGL Background Thread 3 ] DEBUG Engine               - enabledMenuItems: []
00:54:06.128 [FXGL Background Thread 3 ] DEBUG Engine               - engineServices: [class com.almasb.fxgl.app.services.FXGLAssetLoaderService, class com.almasb.fxgl.app.FXGLApplication$GameApplicationService, class com.almasb.fxgl.app.services.FXGLDialogService, class com.almasb.fxgl.app.services.IOTaskExecutorService, class com.almasb.fxgl.io.FileSystemService, class com.almasb.fxgl.localization.LocalizationService, class com.almasb.fxgl.app.services.SystemBundleService, class com.almasb.fxgl.profile.SaveLoadService, class com.almasb.fxgl.ui.FXGLUIFactoryServiceProvider, class com.almasb.fxgl.ui.FXGLDialogFactoryServiceProvider, class com.almasb.fxgl.audio.AudioPlayer, class com.almasb.fxgl.notification.impl.NotificationServiceProvider, class com.almasb.fxgl.achievement.AchievementService, class com.almasb.fxgl.cutscene.CutsceneService, class com.almasb.fxgl.minigames.MiniGameService, class com.almasb.fxgl.net.NetService, class com.almasb.fxgl.app.services.UpdaterService, class com.almasb.fxgl.dev.DevService]
00:54:06.128 [FXGL Background Thread 3 ] DEBUG Engine               - fontGame: Abel-Regular.ttf
00:54:06.128 [FXGL Background Thread 3 ] DEBUG Engine               - fontMono: lucida_console.ttf
00:54:06.128 [FXGL Background Thread 3 ] DEBUG Engine               - fontText: Courier-Prime.ttf
00:54:06.128 [FXGL Background Thread 3 ] DEBUG Engine               - fontUI: game_font.ttf
00:54:06.128 [FXGL Background Thread 3 ] DEBUG Engine               - fullScreen: BooleanProperty [value: false]
00:54:06.128 [FXGL Background Thread 3 ] DEBUG Engine               - gameDifficulty: MEDIUM
00:54:06.128 [FXGL Background Thread 3 ] DEBUG Engine               - gameDifficultyProperty: ObjectProperty [value: MEDIUM]
00:54:06.128 [FXGL Background Thread 3 ] DEBUG Engine               - globalMusicVolume: 0.5
00:54:06.129 [FXGL Background Thread 3 ] DEBUG Engine               - globalMusicVolumeProperty: DoubleProperty [value: 0.5]
00:54:06.129 [FXGL Background Thread 3 ] DEBUG Engine               - globalSoundVolume: 0.5
00:54:06.129 [FXGL Background Thread 3 ] DEBUG Engine               - globalSoundVolumeProperty: DoubleProperty [value: 0.5]
00:54:06.129 [FXGL Background Thread 3 ] DEBUG Engine               - height: 720
00:54:06.129 [FXGL Background Thread 3 ] DEBUG Engine               - is3D: false
00:54:06.129 [FXGL Background Thread 3 ] DEBUG Engine               - isAndroid: false
00:54:06.129 [FXGL Background Thread 3 ] DEBUG Engine               - isBrowser: false
00:54:06.129 [FXGL Background Thread 3 ] DEBUG Engine               - isClickFeedbackEnabled: false
00:54:06.129 [FXGL Background Thread 3 ] DEBUG Engine               - isCloseConfirmation: false
00:54:06.129 [FXGL Background Thread 3 ] DEBUG Engine               - isDesktop: true
00:54:06.129 [FXGL Background Thread 3 ] DEBUG Engine               - isDeveloperMenuEnabled: false
00:54:06.129 [FXGL Background Thread 3 ] DEBUG Engine               - isEntityPreloadEnabled: true
00:54:06.129 [FXGL Background Thread 3 ] DEBUG Engine               - isExperimentalTiledLargeMap: false
00:54:06.129 [FXGL Background Thread 3 ] DEBUG Engine               - isFileSystemWriteAllowed: true
00:54:06.129 [FXGL Background Thread 3 ] DEBUG Engine               - isFullScreenAllowed: false
00:54:06.129 [FXGL Background Thread 3 ] DEBUG Engine               - isFullScreenFromStart: false
00:54:06.129 [FXGL Background Thread 3 ] DEBUG Engine               - isGameMenuEnabled: true
00:54:06.129 [FXGL Background Thread 3 ] DEBUG Engine               - isIOS: false
00:54:06.129 [FXGL Background Thread 3 ] DEBUG Engine               - isIntroEnabled: false
00:54:06.129 [FXGL Background Thread 3 ] DEBUG Engine               - isLinux: false
00:54:06.129 [FXGL Background Thread 3 ] DEBUG Engine               - isMac: false
00:54:06.129 [FXGL Background Thread 3 ] DEBUG Engine               - isMainMenuEnabled: true
00:54:06.129 [FXGL Background Thread 3 ] DEBUG Engine               - isManualResizeEnabled: false
00:54:06.129 [FXGL Background Thread 3 ] DEBUG Engine               - isMobile: false
00:54:06.130 [FXGL Background Thread 3 ] DEBUG Engine               - isNative: false
00:54:06.130 [FXGL Background Thread 3 ] DEBUG Engine               - isPauseMusicWhenMinimized: true
00:54:06.130 [FXGL Background Thread 3 ] DEBUG Engine               - isPreserveResizeRatio: false
00:54:06.130 [FXGL Background Thread 3 ] DEBUG Engine               - isProfilingEnabled: false
00:54:06.130 [FXGL Background Thread 3 ] DEBUG Engine               - isScaleAffectedOnResize: true
00:54:06.130 [FXGL Background Thread 3 ] DEBUG Engine               - isSingleStep: false
00:54:06.130 [FXGL Background Thread 3 ] DEBUG Engine               - isUserProfileEnabled: false
00:54:06.130 [FXGL Background Thread 3 ] DEBUG Engine               - isWindows: true
00:54:06.130 [FXGL Background Thread 3 ] DEBUG Engine               - language: ObjectProperty [value: ENGLISH]
00:54:06.130 [FXGL Background Thread 3 ] DEBUG Engine               - menuKey: ESCAPE
00:54:06.130 [FXGL Background Thread 3 ] DEBUG Engine               - mouseSensitivity: 0.2
00:54:06.130 [FXGL Background Thread 3 ] DEBUG Engine               - notificationViewClass: class com.almasb.fxgl.notification.view.XboxNotificationView
00:54:06.130 [FXGL Background Thread 3 ] DEBUG Engine               - pixelsPerMeter: 50.0
00:54:06.130 [FXGL Background Thread 3 ] DEBUG Engine               - platform: WINDOWS
00:54:06.130 [FXGL Background Thread 3 ] DEBUG Engine               - prefHeightProperty: ReadOnlyDoubleProperty [value: 720.0]
00:54:06.130 [FXGL Background Thread 3 ] DEBUG Engine               - prefWidthProperty: ReadOnlyDoubleProperty [value: 1280.0]
00:54:06.130 [FXGL Background Thread 3 ] DEBUG Engine               - profileDir: profiles/
00:54:06.130 [FXGL Background Thread 3 ] DEBUG Engine               - profileName: StringProperty [value: DEFAULT]
00:54:06.130 [FXGL Background Thread 3 ] DEBUG Engine               - randomSeed: -1
00:54:06.130 [FXGL Background Thread 3 ] DEBUG Engine               - runtimeInfo: RuntimeInfo(platform=WINDOWS, version=11.17, build=16.07.2021 15.46)
00:54:06.130 [FXGL Background Thread 3 ] DEBUG Engine               - saveFileExt: sav
00:54:06.131 [FXGL Background Thread 3 ] DEBUG Engine               - scaledHeightProp$fxgl: DoubleProperty [bound, value: 720.0]
00:54:06.131 [FXGL Background Thread 3 ] DEBUG Engine               - scaledWidthProp$fxgl: DoubleProperty [bound, value: 1280.0]
00:54:06.131 [FXGL Background Thread 3 ] DEBUG Engine               - sceneFactory: Bomberman.GameApp$1@54a2a671
00:54:06.131 [FXGL Background Thread 3 ] DEBUG Engine               - secondsIn24h: 60
00:54:06.131 [FXGL Background Thread 3 ] DEBUG Engine               - soundMenuBack: menu/back.wav
00:54:06.131 [FXGL Background Thread 3 ] DEBUG Engine               - soundMenuPress: menu/press.wav
00:54:06.131 [FXGL Background Thread 3 ] DEBUG Engine               - soundMenuSelect: menu/select.wav
00:54:06.131 [FXGL Background Thread 3 ] DEBUG Engine               - soundNotification: core/notification.wav
00:54:06.131 [FXGL Background Thread 3 ] DEBUG Engine               - stageStyle: DECORATED
00:54:06.131 [FXGL Background Thread 3 ] DEBUG Engine               - supportedLanguages: [ENGLISH, FRENCH, GERMAN, HUNGARIAN, RUSSIAN]
00:54:06.131 [FXGL Background Thread 3 ] DEBUG Engine               - ticksPerSecond: -1
00:54:06.131 [FXGL Background Thread 3 ] DEBUG Engine               - title: SPLATTMAN
00:54:06.131 [FXGL Background Thread 3 ] DEBUG Engine               - urlGithub: https://github.com/AlmasB/FXGL
00:54:06.131 [FXGL Background Thread 3 ] DEBUG Engine               - urlLeaderboard: http://fxgl-top.herokuapp.com/
00:54:06.131 [FXGL Background Thread 3 ] DEBUG Engine               - urlPOM: https://raw.githubusercontent.com/AlmasB/FXGL/release/README.md
00:54:06.131 [FXGL Background Thread 3 ] DEBUG Engine               - userAppClass: class Bomberman.GameApp
00:54:06.131 [FXGL Background Thread 3 ] DEBUG Engine               - version: 1.0
00:54:06.131 [FXGL Background Thread 3 ] DEBUG Engine               - versionCheckDays: 7
00:54:06.131 [FXGL Background Thread 3 ] DEBUG Engine               - width: 1280
00:54:06.131 [FXGL Background Thread 3 ] DEBUG Engine               - Logging services
00:54:06.131 [FXGL Background Thread 3 ] DEBUG Engine               - class com.almasb.fxgl.app.services.FXGLAssetLoaderService
00:54:06.131 [FXGL Background Thread 3 ] DEBUG Engine               - class com.almasb.fxgl.app.FXGLApplication$GameApplicationService
00:54:06.131 [FXGL Background Thread 3 ] DEBUG Engine               - class com.almasb.fxgl.app.services.FXGLDialogService
00:54:06.131 [FXGL Background Thread 3 ] DEBUG Engine               - class com.almasb.fxgl.app.services.IOTaskExecutorService
00:54:06.132 [FXGL Background Thread 3 ] DEBUG Engine               - class com.almasb.fxgl.io.FileSystemService
00:54:06.132 [FXGL Background Thread 3 ] DEBUG Engine               - class com.almasb.fxgl.localization.LocalizationService
00:54:06.132 [FXGL Background Thread 3 ] DEBUG Engine               - class com.almasb.fxgl.app.services.SystemBundleService
00:54:06.132 [FXGL Background Thread 3 ] DEBUG Engine               - class com.almasb.fxgl.profile.SaveLoadService
00:54:06.132 [FXGL Background Thread 3 ] DEBUG Engine               - class com.almasb.fxgl.ui.FXGLUIFactoryServiceProvider
00:54:06.132 [FXGL Background Thread 3 ] DEBUG Engine               - class com.almasb.fxgl.ui.FXGLDialogFactoryServiceProvider
00:54:06.132 [FXGL Background Thread 3 ] DEBUG Engine               - class com.almasb.fxgl.audio.AudioPlayer
00:54:06.132 [FXGL Background Thread 3 ] DEBUG Engine               - class com.almasb.fxgl.notification.impl.NotificationServiceProvider
00:54:06.132 [FXGL Background Thread 3 ] DEBUG Engine               - class com.almasb.fxgl.achievement.AchievementService
00:54:06.132 [FXGL Background Thread 3 ] DEBUG Engine               - class com.almasb.fxgl.cutscene.CutsceneService
00:54:06.132 [FXGL Background Thread 3 ] DEBUG Engine               - class com.almasb.fxgl.minigames.MiniGameService
00:54:06.132 [FXGL Background Thread 3 ] DEBUG Engine               - class com.almasb.fxgl.net.NetService
00:54:06.132 [FXGL Background Thread 3 ] DEBUG Engine               - class com.almasb.fxgl.app.services.UpdaterService
00:54:06.132 [FXGL Background Thread 3 ] DEBUG Engine               - class com.almasb.fxgl.dev.DevService
00:54:07.175 [JavaFX Application Thread] DEBUG PrimaryStageWindow   - Pop state: DialogSubScene
00:54:07.175 [JavaFX Application Thread] DEBUG Input                - Clearing active input actions
00:54:07.175 [JavaFX Application Thread] DEBUG GameApplicationServi - Removing overlay from DialogSubScene and adding to MainMenu
00:54:07.175 [JavaFX Application Thread] DEBUG PrimaryStageWindow   - MainMenu <- DialogSubScene
00:54:07.175 [JavaFX Application Thread] DEBUG FXGLApplication      - Exiting FXGL
00:54:07.176 [JavaFX Application Thread] DEBUG LoopRunner           - Stopping loop
00:54:07.176 [JavaFX Application Thread] DEBUG SystemBundleService  - Saving FXGL system data
00:54:07.177 [JavaFX Application Thread] DEBUG FileSystemAccess     - Writing to: E:\CPP\Bomberman-master\system\fxgl.bundle
00:54:07.178 [JavaFX Application Thread] DEBUG Async                - Shutting down background threads
00:54:07.178 [JavaFX Application Thread] DEBUG PrimaryStageWindow   - Closing main window
00:54:07.192 [JavaFX Application Thread] DEBUG Logger               - Closing Logger
