00:00:23.512 [main                     ] DEBUG Logger               - Configured Logger
00:00:23.515 [main                     ] DEBUG GameApplication      - Logging settings
Title: SPLATTMAN
Version: 1.0
Width: 1280
Height: 720
Fullscreen: false
Intro: false
Profiling: false
Single step:false
App Mode: DEVELOPER
Menu Key: ESCAPE
Stage Style: DECORATED
Scene Factory: class Bomberman.GameApp$1

00:00:23.921 [JavaFX Application Thread] DEBUG FXGLApplication      - Initializing FXGL
00:00:23.923 [JavaFX Application Thread] INFO  Engine               - FXGL-11.17 (16.07.2021 15.46) on WINDOWS (J:18.0.2.1 FX:16)
00:00:23.923 [JavaFX Application Thread] DEBUG Engine               - JRE Vendor Name: Oracle Corporation
00:00:23.923 [JavaFX Application Thread] DEBUG Engine               - Running on OS: Windows 10 version 10.0
00:00:23.923 [JavaFX Application Thread] DEBUG Engine               - Architecture: amd64
00:00:23.923 [JavaFX Application Thread] INFO  Engine               - Source code and latest versions at: https://github.com/AlmasB/FXGL
00:00:23.924 [JavaFX Application Thread] INFO  Engine               -              Join the FXGL chat at: https://gitter.im/AlmasB/FXGL
00:00:24.024 [JavaFX Application Thread] DEBUG PrimaryStageWindow   - Creating a JavaFX scene
00:00:24.067 [JavaFX Application Thread] DEBUG PrimaryStageWindow   - Target settings size: 1280.0 x 720.0
00:00:24.067 [JavaFX Application Thread] DEBUG PrimaryStageWindow   - Scaled scene size:    1280.0 x 720.0
00:00:24.067 [JavaFX Application Thread] DEBUG PrimaryStageWindow   - Scaled ratio: (1.0, 1.0)
00:00:24.068 [JavaFX Application Thread] DEBUG PrimaryStageWindow   - Set initial scene to FXGLStartupScene
00:00:24.074 [JavaFX Application Thread] DEBUG PrimaryStageWindow   - Opening main window
00:00:24.167 [JavaFX Application Thread] DEBUG PrimaryStageWindow   - Window border size: (14.4000244140625, 37.5999755859375)
00:00:24.167 [JavaFX Application Thread] DEBUG PrimaryStageWindow   - Scaled size: 1280.0 x 720.0
00:00:24.167 [JavaFX Application Thread] DEBUG PrimaryStageWindow   - Scaled ratio: (1.0, 1.0)
00:00:24.167 [JavaFX Application Thread] DEBUG PrimaryStageWindow   - Scene size: 1280.0 x 720.0
00:00:24.167 [JavaFX Application Thread] DEBUG PrimaryStageWindow   - Stage size: 1294.4000244140625 x 757.5999755859375
00:00:24.174 [FXGL Background Thread 1 ] DEBUG Engine               - Initializing environment variables
00:00:24.256 [FXGL Background Thread 1 ] DEBUG FXGLAssetLoaderServi - User app class for loading assets: class Bomberman.GameApp
00:00:24.257 [FXGL Background Thread 1 ] DEBUG GameApplicationServi - Applying CSS: fxgl_dark.css
00:00:24.257 [FXGL Background Thread 1 ] DEBUG FXGLAssetLoaderServi - Loading from file system: jar:file:/C:/Users/tho26/.m2/repository/com/github/almasb/fxgl/11.17/fxgl-11.17.jar!/fxglassets/ui/css/fxgl_dark.css
00:00:24.300 [FXGL Background Thread 1 ] DEBUG GameApplicationServi - Initializing application scenes
00:00:24.345 [FXGL Background Thread 1 ] DEBUG GameWorld            - Game world initialized
00:00:24.402 [FXGL Background Thread 1 ] DEBUG PhysicsWorld         - Physics world initialized: appHeight=720, physics.ppm=50.0
00:00:24.402 [FXGL Background Thread 1 ] DEBUG PhysicsWorld         - Using strategy: BRUTE_FORCE
00:00:24.404 [FXGL Background Thread 1 ] DEBUG GameScene            - Game scene initialized: 1280x720
00:00:24.530 [FXGL Background Thread 1 ] DEBUG GameApplicationServi - Application scenes initialized
00:00:24.538 [FXGL Background Thread 1 ] DEBUG SystemBundleService  - Loading FXGL system data
00:00:24.541 [FXGL Background Thread 1 ] DEBUG FileSystemAccess     - Reading from: E:\CPP\Bomberman-master\system\fxgl.bundle
00:00:24.548 [FXGL Background Thread 1 ] DEBUG SystemBundleService  - Bundle FXGL: {}
00:00:24.548 [FXGL Background Thread 1 ] DEBUG UpdaterService       - Checking for updates
00:00:24.556 [FXGL Background Thread 4 ] DEBUG FXGLApplication      - Loading fonts
00:00:24.557 [FXGL Background Thread 4 ] DEBUG FXGLAssetLoaderServi - Loading from file system: file:/E:/CPP/Bomberman-master/target/classes/assets/ui/fonts/game_font.ttf
00:00:24.557 [FXGL Background Thread 1 ] DEBUG FXGLApplication      - Loading default localization
00:00:24.558 [FXGL Background Thread 1 ] DEBUG FXGLAssetLoaderServi - Loading from file system: jar:file:/C:/Users/tho26/.m2/repository/com/github/almasb/fxgl/11.17/fxgl-11.17.jar!/fxglassets/languages/english.lang
00:00:24.576 [FXGL Background Thread 1 ] INFO  FXGLApplication      - FXGL initialization took: 0.403 sec
00:00:24.588 [JavaFX Application Thread] DEBUG Input                - Registered new binding: Move Up - W
00:00:24.589 [JavaFX Application Thread] DEBUG Input                - Registered new binding: Move Down - S
00:00:24.589 [JavaFX Application Thread] DEBUG Input                - Registered new binding: Move Left - A
00:00:24.589 [JavaFX Application Thread] DEBUG Input                - Registered new binding: Move Right - D
00:00:24.589 [JavaFX Application Thread] DEBUG Input                - Registered new binding: Place Bomb - Space
00:00:24.590 [JavaFX Application Thread] DEBUG FXGLAssetLoaderServi - Loading from file system: file:/E:/CPP/Bomberman-master/target/classes/assets/music/main_theme.mp3
00:00:24.629 [FXGL Background Thread 4 ] DEBUG FXGLAssetLoaderServi - Loading from file system: jar:file:/C:/Users/tho26/.m2/repository/com/github/almasb/fxgl/11.17/fxgl-11.17.jar!/fxglassets/ui/fonts/Abel-Regular.ttf
00:00:24.641 [FXGL Background Thread 4 ] DEBUG FXGLAssetLoaderServi - Loading from file system: jar:file:/C:/Users/tho26/.m2/repository/com/github/almasb/fxgl/11.17/fxgl-11.17.jar!/fxglassets/ui/fonts/lucida_console.ttf
00:00:24.648 [FXGL Background Thread 4 ] DEBUG FXGLAssetLoaderServi - Loading from file system: jar:file:/C:/Users/tho26/.m2/repository/com/github/almasb/fxgl/11.17/fxgl-11.17.jar!/fxglassets/ui/fonts/Courier-Prime.ttf
00:00:24.742 [JavaFX Application Thread] DEBUG AudioPlayer          - Playing music com.almasb.fxgl.audio.Music@350e3295
00:00:24.743 [JavaFX Application Thread] DEBUG FXGLAssetLoaderServi - Loading from file system: jar:file:/C:/Users/tho26/.m2/repository/com/github/almasb/fxgl/11.17/fxgl-11.17.jar!/fxglassets/textures/fxgl_icon.png
00:00:24.766 [JavaFX Application Thread] DEBUG FXGLAssetLoaderServi - Loading from file system: jar:file:/C:/Users/tho26/.m2/repository/com/github/almasb/fxgl/11.17/fxgl-11.17.jar!/fxglassets/textures/fxgl_default_cursor.png
00:00:24.769 [JavaFX Application Thread] DEBUG Input                - Registered new binding: Screenshot - CTRL+8
00:00:24.770 [JavaFX Application Thread] DEBUG Input                - Registered new binding: System info dump - CTRL+9
00:00:24.771 [JavaFX Application Thread] DEBUG Input                - Registered new binding: Restart - CTRL+R
00:00:24.773 [JavaFX Application Thread] DEBUG Input                - Registered new binding: Toggle Debug Camera - CTRL+C
00:00:24.779 [JavaFX Application Thread] DEBUG LoopRunner           - Starting loop
00:00:24.779 [JavaFX Application Thread] DEBUG LoopRunner           - Initializing JavaFX AnimationTimerLoop
00:00:24.784 [JavaFX Application Thread] DEBUG Input                - Clearing active input actions
00:00:24.795 [JavaFX Application Thread] DEBUG GameApplicationServi - Removing overlay from FXGLStartupScene and adding to FXGLMainMenuDummyScene
00:00:24.796 [JavaFX Application Thread] DEBUG PrimaryStageWindow   - FXGLStartupScene -> FXGLMainMenuDummyScene
00:00:24.796 [JavaFX Application Thread] DEBUG PrimaryStageWindow   - Push state: MainMenu
00:00:24.797 [JavaFX Application Thread] DEBUG Input                - Clearing active input actions
00:00:24.806 [JavaFX Application Thread] DEBUG GameApplicationServi - Removing overlay from FXGLMainMenuDummyScene and adding to MainMenu
00:00:24.807 [JavaFX Application Thread] DEBUG PrimaryStageWindow   - FXGLMainMenuDummyScene -> MainMenu
00:00:24.808 [JavaFX Application Thread] DEBUG FXGLApplication      - Registering font factories with UI factory
00:00:25.470 [FXGL Background Thread 2 ] INFO  UpdaterService       - Your current version:  11.17
00:00:25.470 [FXGL Background Thread 2 ] INFO  UpdaterService       - Latest stable version: 17.2
00:00:25.802 [JavaFX Application Thread] DEBUG Menu                 - fireNewGame()
00:00:25.802 [JavaFX Application Thread] DEBUG GameApplicationServi - Starting new game
00:00:25.802 [JavaFX Application Thread] DEBUG PrimaryStageWindow   - Pop state: MainMenu
00:00:25.802 [JavaFX Application Thread] DEBUG Input                - Clearing active input actions
00:00:25.803 [JavaFX Application Thread] DEBUG GameApplicationServi - Removing overlay from MainMenu and adding to FXGLMainMenuDummyScene
00:00:25.803 [JavaFX Application Thread] DEBUG PrimaryStageWindow   - FXGLMainMenuDummyScene <- MainMenu
00:00:25.803 [JavaFX Application Thread] DEBUG Input                - Clearing active input actions
00:00:25.810 [JavaFX Application Thread] DEBUG GameApplicationServi - Removing overlay from FXGLMainMenuDummyScene and adding to FXGLLoadingScene
00:00:25.810 [JavaFX Application Thread] DEBUG PrimaryStageWindow   - FXGLMainMenuDummyScene -> FXGLLoadingScene
00:00:25.810 [JavaFX Application Thread] DEBUG GameApplicationServi - Clearing previous game
00:00:25.810 [JavaFX Application Thread] DEBUG GameScene            - Clearing game scene
00:00:25.810 [JavaFX Application Thread] DEBUG GameWorld            - Clearing game world
00:00:25.810 [JavaFX Application Thread] DEBUG PhysicsWorld         - Clearing physics world
00:00:25.813 [FXGL Background Thread 2 ] DEBUG FXGLApplication      - Initializing game
00:00:25.849 [FXGL Background Thread 2 ] WARN  TMXLevelLoader       - TiledMap generated from 1.7.2. Supported version: 1.2.3. Some features may not be parsed fully.
00:00:25.867 [FXGL Background Thread 2 ] DEBUG TMXLevelLoader       - Parsed TiledMap: file:/E:/CPP/Bomberman-master/target/classes/assets/levels/level1.tmx
00:00:25.870 [FXGL Background Thread 2 ] DEBUG TMXLevelLoader       - Creating tile layer entities
00:00:25.870 [FXGL Background Thread 2 ] DEBUG TilesetLoader        - Loading view for layer Tile Layer 1
00:00:25.874 [FXGL Background Thread 2 ] DEBUG TilesetLoader        - Created buffer with size 1488.0x720.0
00:00:25.896 [FXGL Background Thread 2 ] DEBUG TMXLevelLoader       - Creating object layer entities
00:00:25.922 [FXGL Background Thread 2 ] DEBUG FXGLAssetLoaderServi - Loading from file system: file:/E:/CPP/Bomberman-master/target/classes/assets/textures/player_die.png
00:00:25.923 [FXGL Background Thread 2 ] DEBUG FXGLAssetLoaderServi - Loading from file system: file:/E:/CPP/Bomberman-master/target/classes/assets/textures/player_down.png
00:00:25.924 [FXGL Background Thread 2 ] DEBUG FXGLAssetLoaderServi - Loading from file system: file:/E:/CPP/Bomberman-master/target/classes/assets/textures/player_right.png
00:00:25.928 [FXGL Background Thread 2 ] DEBUG FXGLAssetLoaderServi - Loading from file system: file:/E:/CPP/Bomberman-master/target/classes/assets/textures/player_up.png
00:00:25.929 [FXGL Background Thread 2 ] DEBUG FXGLAssetLoaderServi - Loading from file system: file:/E:/CPP/Bomberman-master/target/classes/assets/textures/player_left.png
00:00:25.935 [FXGL Background Thread 2 ] DEBUG FXGLAssetLoaderServi - Loading from file system: file:/E:/CPP/Bomberman-master/target/classes/assets/textures/enemy1.png
00:00:25.967 [FXGL Background Thread 2 ] DEBUG FXGLAssetLoaderServi - Loading from file system: file:/E:/CPP/Bomberman-master/target/classes/assets/textures/enemy2.png
00:00:25.971 [FXGL Background Thread 2 ] DEBUG FXGLAssetLoaderServi - Loading from file system: file:/E:/CPP/Bomberman-master/target/classes/assets/textures/brick.png
00:00:25.982 [FXGL Background Thread 2 ] DEBUG FXGLAssetLoaderServi - Loading from file system: file:/E:/CPP/Bomberman-master/target/classes/assets/textures/powerup_speed.png
00:00:25.983 [FXGL Background Thread 2 ] DEBUG FXGLAssetLoaderServi - Loading from file system: file:/E:/CPP/Bomberman-master/target/classes/assets/textures/powerup_bombs.png
00:00:26.003 [FXGL Background Thread 2 ] DEBUG GameWorld            - Clearing removable entities
00:00:26.004 [FXGL Background Thread 2 ] DEBUG GameWorld            - Setting level: com.almasb.fxgl.entity.level.Level@19963839
00:00:26.038 [FXGL Background Thread 2 ] INFO  FXGLApplication      - Game initialization took: 0.225 sec
00:00:26.043 [JavaFX Application Thread] DEBUG Input                - Clearing active input actions
00:00:26.056 [JavaFX Application Thread] DEBUG GameApplicationServi - Removing overlay from FXGLLoadingScene and adding to GameScene
00:00:26.056 [JavaFX Application Thread] DEBUG PrimaryStageWindow   - FXGLLoadingScene -> GameScene
00:00:26.063 [JavaFX Application Thread] DEBUG FXGLAssetLoaderServi - Loading from file system: file:/E:/CPP/Bomberman-master/target/classes/assets/sounds/stage_start.wav
00:00:26.073 [JavaFX Application Thread] DEBUG PrimaryStageWindow   - Push state: StageStartScene
00:00:26.073 [JavaFX Application Thread] DEBUG Input                - Clearing active input actions
00:00:26.074 [JavaFX Application Thread] DEBUG GameApplicationServi - Removing overlay from GameScene and adding to StageStartScene
00:00:26.074 [JavaFX Application Thread] DEBUG PrimaryStageWindow   - GameScene -> StageStartScene
00:00:27.555 [FXGL Background Thread 3 ] DEBUG Engine               - Logging environment variables
00:00:27.555 [FXGL Background Thread 3 ] DEBUG Engine               - achievements: []
00:00:27.555 [FXGL Background Thread 3 ] DEBUG Engine               - actualHeight: 720.0
00:00:27.555 [FXGL Background Thread 3 ] DEBUG Engine               - actualHeightProperty: ReadOnlyDoubleProperty [value: 720.0]
00:00:27.555 [FXGL Background Thread 3 ] DEBUG Engine               - actualWidth: 1280.0
00:00:27.555 [FXGL Background Thread 3 ] DEBUG Engine               - actualWidthProperty: ReadOnlyDoubleProperty [value: 1280.0]
00:00:27.555 [FXGL Background Thread 3 ] DEBUG Engine               - appIcon: fxgl_icon.png
00:00:27.555 [FXGL Background Thread 3 ] DEBUG Engine               - applicationMode: DEVELOPER
00:00:27.555 [FXGL Background Thread 3 ] DEBUG Engine               - cSSList: [fxgl_dark.css]
00:00:27.556 [FXGL Background Thread 3 ] DEBUG Engine               - collisionDetectionStrategy: BRUTE_FORCE
00:00:27.556 [FXGL Background Thread 3 ] DEBUG Engine               - configClass: Optional.empty
00:00:27.556 [FXGL Background Thread 3 ] DEBUG Engine               - credits: []
00:00:27.556 [FXGL Background Thread 3 ] DEBUG Engine               - defaultCursor: CursorInfo(imageName=fxgl_default_cursor.png, hotspotX=7.0, hotspotY=6.0)
00:00:27.556 [FXGL Background Thread 3 ] DEBUG Engine               - devBBoxColorProperty: ObjectProperty [value: 0xff0000ff]
00:00:27.556 [FXGL Background Thread 3 ] DEBUG Engine               - devEnableDebugCameraProperty: BooleanProperty [value: false]
00:00:27.556 [FXGL Background Thread 3 ] DEBUG Engine               - devSensorColorProperty: ObjectProperty [value: 0xffff00ff]
00:00:27.556 [FXGL Background Thread 3 ] DEBUG Engine               - devShowBBoxProperty: BooleanProperty [value: false]
00:00:27.556 [FXGL Background Thread 3 ] DEBUG Engine               - devShowPositionProperty: BooleanProperty [value: false]
00:00:27.556 [FXGL Background Thread 3 ] DEBUG Engine               - enabledMenuItems: []
00:00:27.556 [FXGL Background Thread 3 ] DEBUG Engine               - engineServices: [class com.almasb.fxgl.app.services.FXGLAssetLoaderService, class com.almasb.fxgl.app.FXGLApplication$GameApplicationService, class com.almasb.fxgl.app.services.FXGLDialogService, class com.almasb.fxgl.app.services.IOTaskExecutorService, class com.almasb.fxgl.io.FileSystemService, class com.almasb.fxgl.localization.LocalizationService, class com.almasb.fxgl.app.services.SystemBundleService, class com.almasb.fxgl.profile.SaveLoadService, class com.almasb.fxgl.ui.FXGLUIFactoryServiceProvider, class com.almasb.fxgl.ui.FXGLDialogFactoryServiceProvider, class com.almasb.fxgl.audio.AudioPlayer, class com.almasb.fxgl.notification.impl.NotificationServiceProvider, class com.almasb.fxgl.achievement.AchievementService, class com.almasb.fxgl.cutscene.CutsceneService, class com.almasb.fxgl.minigames.MiniGameService, class com.almasb.fxgl.net.NetService, class com.almasb.fxgl.app.services.UpdaterService, class com.almasb.fxgl.dev.DevService]
00:00:27.556 [FXGL Background Thread 3 ] DEBUG Engine               - fontGame: Abel-Regular.ttf
00:00:27.556 [FXGL Background Thread 3 ] DEBUG Engine               - fontMono: lucida_console.ttf
00:00:27.556 [FXGL Background Thread 3 ] DEBUG Engine               - fontText: Courier-Prime.ttf
00:00:27.556 [FXGL Background Thread 3 ] DEBUG Engine               - fontUI: game_font.ttf
00:00:27.556 [FXGL Background Thread 3 ] DEBUG Engine               - fullScreen: BooleanProperty [value: false]
00:00:27.557 [FXGL Background Thread 3 ] DEBUG Engine               - gameDifficulty: MEDIUM
00:00:27.557 [FXGL Background Thread 3 ] DEBUG Engine               - gameDifficultyProperty: ObjectProperty [value: MEDIUM]
00:00:27.557 [FXGL Background Thread 3 ] DEBUG Engine               - globalMusicVolume: 0.5
00:00:27.557 [FXGL Background Thread 3 ] DEBUG Engine               - globalMusicVolumeProperty: DoubleProperty [value: 0.0]
00:00:27.557 [FXGL Background Thread 3 ] DEBUG Engine               - globalSoundVolume: 0.5
00:00:27.557 [FXGL Background Thread 3 ] DEBUG Engine               - globalSoundVolumeProperty: DoubleProperty [value: 0.5]
00:00:27.557 [FXGL Background Thread 3 ] DEBUG Engine               - height: 720
00:00:27.557 [FXGL Background Thread 3 ] DEBUG Engine               - is3D: false
00:00:27.557 [FXGL Background Thread 3 ] DEBUG Engine               - isAndroid: false
00:00:27.557 [FXGL Background Thread 3 ] DEBUG Engine               - isBrowser: false
00:00:27.557 [FXGL Background Thread 3 ] DEBUG Engine               - isClickFeedbackEnabled: false
00:00:27.557 [FXGL Background Thread 3 ] DEBUG Engine               - isCloseConfirmation: false
00:00:27.557 [FXGL Background Thread 3 ] DEBUG Engine               - isDesktop: true
00:00:27.557 [FXGL Background Thread 3 ] DEBUG Engine               - isDeveloperMenuEnabled: false
00:00:27.557 [FXGL Background Thread 3 ] DEBUG Engine               - isEntityPreloadEnabled: true
00:00:27.557 [FXGL Background Thread 3 ] DEBUG Engine               - isExperimentalTiledLargeMap: false
00:00:27.557 [FXGL Background Thread 3 ] DEBUG Engine               - isFileSystemWriteAllowed: true
00:00:27.557 [FXGL Background Thread 3 ] DEBUG Engine               - isFullScreenAllowed: false
00:00:27.557 [FXGL Background Thread 3 ] DEBUG Engine               - isFullScreenFromStart: false
00:00:27.557 [FXGL Background Thread 3 ] DEBUG Engine               - isGameMenuEnabled: true
00:00:27.557 [FXGL Background Thread 3 ] DEBUG Engine               - isIOS: false
00:00:27.557 [FXGL Background Thread 3 ] DEBUG Engine               - isIntroEnabled: false
00:00:27.558 [FXGL Background Thread 3 ] DEBUG Engine               - isLinux: false
00:00:27.558 [FXGL Background Thread 3 ] DEBUG Engine               - isMac: false
00:00:27.558 [FXGL Background Thread 3 ] DEBUG Engine               - isMainMenuEnabled: true
00:00:27.558 [FXGL Background Thread 3 ] DEBUG Engine               - isManualResizeEnabled: false
00:00:27.558 [FXGL Background Thread 3 ] DEBUG Engine               - isMobile: false
00:00:27.558 [FXGL Background Thread 3 ] DEBUG Engine               - isNative: false
00:00:27.558 [FXGL Background Thread 3 ] DEBUG Engine               - isPauseMusicWhenMinimized: true
00:00:27.558 [FXGL Background Thread 3 ] DEBUG Engine               - isPreserveResizeRatio: false
00:00:27.558 [FXGL Background Thread 3 ] DEBUG Engine               - isProfilingEnabled: false
00:00:27.558 [FXGL Background Thread 3 ] DEBUG Engine               - isScaleAffectedOnResize: true
00:00:27.558 [FXGL Background Thread 3 ] DEBUG Engine               - isSingleStep: false
00:00:27.558 [FXGL Background Thread 3 ] DEBUG Engine               - isUserProfileEnabled: false
00:00:27.558 [FXGL Background Thread 3 ] DEBUG Engine               - isWindows: true
00:00:27.558 [FXGL Background Thread 3 ] DEBUG Engine               - language: ObjectProperty [value: ENGLISH]
00:00:27.558 [FXGL Background Thread 3 ] DEBUG Engine               - menuKey: ESCAPE
00:00:27.558 [FXGL Background Thread 3 ] DEBUG Engine               - mouseSensitivity: 0.2
00:00:27.558 [FXGL Background Thread 3 ] DEBUG Engine               - notificationViewClass: class com.almasb.fxgl.notification.view.XboxNotificationView
00:00:27.558 [FXGL Background Thread 3 ] DEBUG Engine               - pixelsPerMeter: 50.0
00:00:27.558 [FXGL Background Thread 3 ] DEBUG Engine               - platform: WINDOWS
00:00:27.558 [FXGL Background Thread 3 ] DEBUG Engine               - prefHeightProperty: ReadOnlyDoubleProperty [value: 720.0]
00:00:27.558 [FXGL Background Thread 3 ] DEBUG Engine               - prefWidthProperty: ReadOnlyDoubleProperty [value: 1280.0]
00:00:27.558 [FXGL Background Thread 3 ] DEBUG Engine               - profileDir: profiles/
00:00:27.558 [FXGL Background Thread 3 ] DEBUG Engine               - profileName: StringProperty [value: DEFAULT]
00:00:27.558 [FXGL Background Thread 3 ] DEBUG Engine               - randomSeed: -1
00:00:27.558 [FXGL Background Thread 3 ] DEBUG Engine               - runtimeInfo: RuntimeInfo(platform=WINDOWS, version=11.17, build=16.07.2021 15.46)
00:00:27.558 [FXGL Background Thread 3 ] DEBUG Engine               - saveFileExt: sav
00:00:27.558 [FXGL Background Thread 3 ] DEBUG Engine               - scaledHeightProp$fxgl: DoubleProperty [bound, value: 720.0]
00:00:27.559 [FXGL Background Thread 3 ] DEBUG Engine               - scaledWidthProp$fxgl: DoubleProperty [bound, value: 1280.0]
00:00:27.559 [FXGL Background Thread 3 ] DEBUG Engine               - sceneFactory: Bomberman.GameApp$1@2eaa07e9
00:00:27.559 [FXGL Background Thread 3 ] DEBUG Engine               - secondsIn24h: 60
00:00:27.559 [FXGL Background Thread 3 ] DEBUG Engine               - soundMenuBack: menu/back.wav
00:00:27.559 [FXGL Background Thread 3 ] DEBUG Engine               - soundMenuPress: menu/press.wav
00:00:27.559 [FXGL Background Thread 3 ] DEBUG Engine               - soundMenuSelect: menu/select.wav
00:00:27.559 [FXGL Background Thread 3 ] DEBUG Engine               - soundNotification: core/notification.wav
00:00:27.559 [FXGL Background Thread 3 ] DEBUG Engine               - stageStyle: DECORATED
00:00:27.559 [FXGL Background Thread 3 ] DEBUG Engine               - supportedLanguages: [ENGLISH, FRENCH, GERMAN, HUNGARIAN, RUSSIAN]
00:00:27.559 [FXGL Background Thread 3 ] DEBUG Engine               - ticksPerSecond: -1
00:00:27.559 [FXGL Background Thread 3 ] DEBUG Engine               - title: SPLATTMAN
00:00:27.559 [FXGL Background Thread 3 ] DEBUG Engine               - urlGithub: https://github.com/AlmasB/FXGL
00:00:27.559 [FXGL Background Thread 3 ] DEBUG Engine               - urlLeaderboard: http://fxgl-top.herokuapp.com/
00:00:27.559 [FXGL Background Thread 3 ] DEBUG Engine               - urlPOM: https://raw.githubusercontent.com/AlmasB/FXGL/release/README.md
00:00:27.559 [FXGL Background Thread 3 ] DEBUG Engine               - userAppClass: class Bomberman.GameApp
00:00:27.559 [FXGL Background Thread 3 ] DEBUG Engine               - version: 1.0
00:00:27.559 [FXGL Background Thread 3 ] DEBUG Engine               - versionCheckDays: 7
00:00:27.559 [FXGL Background Thread 3 ] DEBUG Engine               - width: 1280
00:00:27.559 [FXGL Background Thread 3 ] DEBUG Engine               - Logging services
00:00:27.559 [FXGL Background Thread 3 ] DEBUG Engine               - class com.almasb.fxgl.app.services.FXGLAssetLoaderService
00:00:27.559 [FXGL Background Thread 3 ] DEBUG Engine               - class com.almasb.fxgl.app.FXGLApplication$GameApplicationService
00:00:27.559 [FXGL Background Thread 3 ] DEBUG Engine               - class com.almasb.fxgl.app.services.FXGLDialogService
00:00:27.559 [FXGL Background Thread 3 ] DEBUG Engine               - class com.almasb.fxgl.app.services.IOTaskExecutorService
00:00:27.559 [FXGL Background Thread 3 ] DEBUG Engine               - class com.almasb.fxgl.io.FileSystemService
00:00:27.559 [FXGL Background Thread 3 ] DEBUG Engine               - class com.almasb.fxgl.localization.LocalizationService
00:00:27.559 [FXGL Background Thread 3 ] DEBUG Engine               - class com.almasb.fxgl.app.services.SystemBundleService
00:00:27.559 [FXGL Background Thread 3 ] DEBUG Engine               - class com.almasb.fxgl.profile.SaveLoadService
00:00:27.559 [FXGL Background Thread 3 ] DEBUG Engine               - class com.almasb.fxgl.ui.FXGLUIFactoryServiceProvider
00:00:27.559 [FXGL Background Thread 3 ] DEBUG Engine               - class com.almasb.fxgl.ui.FXGLDialogFactoryServiceProvider
00:00:27.559 [FXGL Background Thread 3 ] DEBUG Engine               - class com.almasb.fxgl.audio.AudioPlayer
00:00:27.560 [FXGL Background Thread 3 ] DEBUG Engine               - class com.almasb.fxgl.notification.impl.NotificationServiceProvider
00:00:27.560 [FXGL Background Thread 3 ] DEBUG Engine               - class com.almasb.fxgl.achievement.AchievementService
00:00:27.560 [FXGL Background Thread 3 ] DEBUG Engine               - class com.almasb.fxgl.cutscene.CutsceneService
00:00:27.560 [FXGL Background Thread 3 ] DEBUG Engine               - class com.almasb.fxgl.minigames.MiniGameService
00:00:27.560 [FXGL Background Thread 3 ] DEBUG Engine               - class com.almasb.fxgl.net.NetService
00:00:27.560 [FXGL Background Thread 3 ] DEBUG Engine               - class com.almasb.fxgl.app.services.UpdaterService
00:00:27.560 [FXGL Background Thread 3 ] DEBUG Engine               - class com.almasb.fxgl.dev.DevService
00:00:29.588 [JavaFX Application Thread] DEBUG PrimaryStageWindow   - Pop state: StageStartScene
00:00:29.588 [JavaFX Application Thread] DEBUG Input                - Clearing active input actions
00:00:29.588 [JavaFX Application Thread] DEBUG GameApplicationServi - Removing overlay from StageStartScene and adding to GameScene
00:00:29.589 [JavaFX Application Thread] DEBUG PrimaryStageWindow   - GameScene <- StageStartScene
00:00:41.090 [JavaFX Application Thread] DEBUG FXGLApplication      - Exiting FXGL
00:00:41.090 [JavaFX Application Thread] DEBUG LoopRunner           - Stopping loop
00:00:41.090 [JavaFX Application Thread] DEBUG SystemBundleService  - Saving FXGL system data
00:00:41.091 [JavaFX Application Thread] DEBUG FileSystemAccess     - Writing to: E:\CPP\Bomberman-master\system\fxgl.bundle
00:00:41.093 [JavaFX Application Thread] DEBUG Async                - Shutting down background threads
00:00:41.093 [JavaFX Application Thread] DEBUG PrimaryStageWindow   - Closing main window
00:00:41.103 [JavaFX Application Thread] DEBUG Logger               - Closing Logger
