21:50:50.985 [main                     ] DEBUG Logger               - Configured Logger
21:50:50.987 [main                     ] DEBUG GameApplication      - Logging settings
Title: SPLATMAN
Version: 1.0
Width: 1280
Height: 720
Fullscreen: true
Intro: false
Profiling: false
Single step:false
App Mode: DEVELOPER
Menu Key: ESCAPE
Stage Style: DECORATED
Scene Factory: class Bomberman.GameApp$1

21:50:51.383 [JavaFX Application Thread] DEBUG FXGLApplication      - Initializing FXGL
21:50:51.384 [JavaFX Application Thread] INFO  Engine               - FXGL-11.17 (16.07.2021 15.46) on WINDOWS (J:18.0.2.1 FX:16)
21:50:51.384 [JavaFX Application Thread] DEBUG Engine               - JRE Vendor Name: Oracle Corporation
21:50:51.385 [JavaFX Application Thread] DEBUG Engine               - Running on OS: Windows 10 version 10.0
21:50:51.385 [JavaFX Application Thread] DEBUG Engine               - Architecture: amd64
21:50:51.385 [JavaFX Application Thread] INFO  Engine               - Source code and latest versions at: https://github.com/AlmasB/FXGL
21:50:51.385 [JavaFX Application Thread] INFO  Engine               -              Join the FXGL chat at: https://gitter.im/AlmasB/FXGL
21:50:51.485 [JavaFX Application Thread] DEBUG PrimaryStageWindow   - Creating a JavaFX scene
21:50:51.525 [JavaFX Application Thread] DEBUG PrimaryStageWindow   - Target settings size: 1280.0 x 720.0
21:50:51.526 [JavaFX Application Thread] DEBUG PrimaryStageWindow   - Scaled scene size:    1280.0 x 720.0
21:50:51.526 [JavaFX Application Thread] DEBUG PrimaryStageWindow   - Scaled ratio: (1.0, 1.0)
21:50:51.526 [JavaFX Application Thread] DEBUG PrimaryStageWindow   - Set initial scene to FXGLStartupScene
21:50:51.534 [JavaFX Application Thread] DEBUG PrimaryStageWindow   - Opening main window
21:50:51.627 [JavaFX Application Thread] DEBUG PrimaryStageWindow   - Window border size: (14.4000244140625, 37.5999755859375)
21:50:51.628 [JavaFX Application Thread] DEBUG PrimaryStageWindow   - Scaled size: 1280.0 x 720.0
21:50:51.628 [JavaFX Application Thread] DEBUG PrimaryStageWindow   - Scaled ratio: (1.0, 1.0)
21:50:51.628 [JavaFX Application Thread] DEBUG PrimaryStageWindow   - Scene size: 1280.0 x 720.0
21:50:51.628 [JavaFX Application Thread] DEBUG PrimaryStageWindow   - Stage size: 1294.4000244140625 x 757.5999755859375
21:50:51.698 [JavaFX Application Thread] DEBUG PrimaryStageWindow   - Going fullscreen
21:50:51.712 [FXGL Background Thread 1 ] DEBUG Engine               - Initializing environment variables
21:50:51.807 [FXGL Background Thread 1 ] DEBUG FXGLAssetLoaderServi - User app class for loading assets: class Bomberman.GameApp
21:50:51.807 [FXGL Background Thread 1 ] DEBUG GameApplicationServi - Applying CSS: fxgl_dark.css
21:50:51.807 [FXGL Background Thread 1 ] DEBUG FXGLAssetLoaderServi - Loading from file system: jar:file:/C:/Users/tho26/.m2/repository/com/github/almasb/fxgl/11.17/fxgl-11.17.jar!/fxglassets/ui/css/fxgl_dark.css
21:50:51.845 [FXGL Background Thread 1 ] DEBUG GameApplicationServi - Initializing application scenes
21:50:51.892 [FXGL Background Thread 1 ] DEBUG GameWorld            - Game world initialized
21:50:51.964 [FXGL Background Thread 1 ] DEBUG PhysicsWorld         - Physics world initialized: appHeight=720, physics.ppm=50.0
21:50:51.964 [FXGL Background Thread 1 ] DEBUG PhysicsWorld         - Using strategy: BRUTE_FORCE
21:50:51.966 [FXGL Background Thread 1 ] DEBUG GameScene            - Game scene initialized: 1280x720
21:50:52.060 [FXGL Background Thread 1 ] DEBUG GameApplicationServi - Application scenes initialized
21:50:52.073 [FXGL Background Thread 1 ] DEBUG SystemBundleService  - Loading FXGL system data
21:50:52.077 [FXGL Background Thread 1 ] DEBUG FileSystemAccess     - Reading from: E:\CPP\Bomberman-master\system\fxgl.bundle
21:50:52.086 [FXGL Background Thread 1 ] DEBUG SystemBundleService  - Bundle FXGL: {}
21:50:52.086 [FXGL Background Thread 1 ] DEBUG UpdaterService       - Checking for updates
21:50:52.093 [FXGL Background Thread 4 ] DEBUG FXGLApplication      - Loading fonts
21:50:52.094 [FXGL Background Thread 4 ] DEBUG FXGLAssetLoaderServi - Loading from file system: file:/E:/CPP/Bomberman-master/target/classes/assets/ui/fonts/game_font.ttf
21:50:52.094 [FXGL Background Thread 1 ] DEBUG FXGLApplication      - Loading default localization
21:50:52.094 [FXGL Background Thread 1 ] DEBUG FXGLAssetLoaderServi - Loading from file system: jar:file:/C:/Users/tho26/.m2/repository/com/github/almasb/fxgl/11.17/fxgl-11.17.jar!/fxglassets/languages/english.lang
21:50:52.114 [FXGL Background Thread 1 ] INFO  FXGLApplication      - FXGL initialization took: 0.401 sec
21:50:52.128 [JavaFX Application Thread] DEBUG Input                - Registered new binding: Move Up - W
21:50:52.128 [JavaFX Application Thread] DEBUG Input                - Registered new binding: Move Down - S
21:50:52.128 [JavaFX Application Thread] DEBUG Input                - Registered new binding: Move Left - A
21:50:52.129 [JavaFX Application Thread] DEBUG Input                - Registered new binding: Move Right - D
21:50:52.129 [JavaFX Application Thread] DEBUG Input                - Registered new binding: Place Bomb - Space
21:50:52.130 [JavaFX Application Thread] DEBUG FXGLAssetLoaderServi - Loading from file system: file:/E:/CPP/Bomberman-master/target/classes/assets/music/main_theme.mp3
21:50:52.170 [FXGL Background Thread 4 ] DEBUG FXGLAssetLoaderServi - Loading from file system: jar:file:/C:/Users/tho26/.m2/repository/com/github/almasb/fxgl/11.17/fxgl-11.17.jar!/fxglassets/ui/fonts/Abel-Regular.ttf
21:50:52.173 [FXGL Background Thread 4 ] DEBUG FXGLAssetLoaderServi - Loading from file system: jar:file:/C:/Users/tho26/.m2/repository/com/github/almasb/fxgl/11.17/fxgl-11.17.jar!/fxglassets/ui/fonts/lucida_console.ttf
21:50:52.178 [FXGL Background Thread 4 ] DEBUG FXGLAssetLoaderServi - Loading from file system: jar:file:/C:/Users/tho26/.m2/repository/com/github/almasb/fxgl/11.17/fxgl-11.17.jar!/fxglassets/ui/fonts/Courier-Prime.ttf
21:50:52.344 [JavaFX Application Thread] DEBUG AudioPlayer          - Playing music com.almasb.fxgl.audio.Music@11619d85
21:50:52.345 [JavaFX Application Thread] DEBUG FXGLAssetLoaderServi - Loading from file system: jar:file:/C:/Users/tho26/.m2/repository/com/github/almasb/fxgl/11.17/fxgl-11.17.jar!/fxglassets/textures/fxgl_icon.png
21:50:52.374 [JavaFX Application Thread] DEBUG FXGLAssetLoaderServi - Loading from file system: jar:file:/C:/Users/tho26/.m2/repository/com/github/almasb/fxgl/11.17/fxgl-11.17.jar!/fxglassets/textures/fxgl_default_cursor.png
21:50:52.377 [JavaFX Application Thread] DEBUG Input                - Registered new binding: Screenshot - CTRL+8
21:50:52.378 [JavaFX Application Thread] DEBUG Input                - Registered new binding: System info dump - CTRL+9
21:50:52.379 [JavaFX Application Thread] DEBUG Input                - Registered new binding: Restart - CTRL+R
21:50:52.380 [JavaFX Application Thread] DEBUG Input                - Registered new binding: Toggle Debug Camera - CTRL+C
21:50:52.385 [JavaFX Application Thread] DEBUG LoopRunner           - Starting loop
21:50:52.385 [JavaFX Application Thread] DEBUG LoopRunner           - Initializing JavaFX AnimationTimerLoop
21:50:52.390 [JavaFX Application Thread] DEBUG Input                - Clearing active input actions
21:50:52.399 [JavaFX Application Thread] DEBUG GameApplicationServi - Removing overlay from FXGLStartupScene and adding to FXGLMainMenuDummyScene
21:50:52.399 [JavaFX Application Thread] DEBUG PrimaryStageWindow   - FXGLStartupScene -> FXGLMainMenuDummyScene
21:50:52.399 [JavaFX Application Thread] DEBUG PrimaryStageWindow   - Push state: MainMenu
21:50:52.400 [JavaFX Application Thread] DEBUG Input                - Clearing active input actions
21:50:52.403 [JavaFX Application Thread] DEBUG GameApplicationServi - Removing overlay from FXGLMainMenuDummyScene and adding to MainMenu
21:50:52.404 [JavaFX Application Thread] DEBUG PrimaryStageWindow   - FXGLMainMenuDummyScene -> MainMenu
21:50:52.412 [JavaFX Application Thread] DEBUG FXGLApplication      - Registering font factories with UI factory
21:50:52.670 [FXGL Background Thread 2 ] INFO  UpdaterService       - Your current version:  11.17
21:50:52.670 [FXGL Background Thread 2 ] INFO  UpdaterService       - Latest stable version: 17.2
21:50:55.091 [FXGL Background Thread 3 ] DEBUG Engine               - Logging environment variables
21:50:55.091 [FXGL Background Thread 3 ] DEBUG Engine               - achievements: []
21:50:55.091 [FXGL Background Thread 3 ] DEBUG Engine               - actualHeight: 864.0
21:50:55.091 [FXGL Background Thread 3 ] DEBUG Engine               - actualHeightProperty: ReadOnlyDoubleProperty [value: 864.0]
21:50:55.091 [FXGL Background Thread 3 ] DEBUG Engine               - actualWidth: 1536.0
21:50:55.091 [FXGL Background Thread 3 ] DEBUG Engine               - actualWidthProperty: ReadOnlyDoubleProperty [value: 1536.0]
21:50:55.092 [FXGL Background Thread 3 ] DEBUG Engine               - appIcon: fxgl_icon.png
21:50:55.092 [FXGL Background Thread 3 ] DEBUG Engine               - applicationMode: DEVELOPER
21:50:55.092 [FXGL Background Thread 3 ] DEBUG Engine               - cSSList: [fxgl_dark.css]
21:50:55.092 [FXGL Background Thread 3 ] DEBUG Engine               - collisionDetectionStrategy: BRUTE_FORCE
21:50:55.092 [FXGL Background Thread 3 ] DEBUG Engine               - configClass: Optional.empty
21:50:55.092 [FXGL Background Thread 3 ] DEBUG Engine               - credits: []
21:50:55.092 [FXGL Background Thread 3 ] DEBUG Engine               - defaultCursor: CursorInfo(imageName=fxgl_default_cursor.png, hotspotX=7.0, hotspotY=6.0)
21:50:55.092 [FXGL Background Thread 3 ] DEBUG Engine               - devBBoxColorProperty: ObjectProperty [value: 0xff0000ff]
21:50:55.092 [FXGL Background Thread 3 ] DEBUG Engine               - devEnableDebugCameraProperty: BooleanProperty [value: false]
21:50:55.092 [FXGL Background Thread 3 ] DEBUG Engine               - devSensorColorProperty: ObjectProperty [value: 0xffff00ff]
21:50:55.092 [FXGL Background Thread 3 ] DEBUG Engine               - devShowBBoxProperty: BooleanProperty [value: false]
21:50:55.092 [FXGL Background Thread 3 ] DEBUG Engine               - devShowPositionProperty: BooleanProperty [value: false]
21:50:55.092 [FXGL Background Thread 3 ] DEBUG Engine               - enabledMenuItems: []
21:50:55.092 [FXGL Background Thread 3 ] DEBUG Engine               - engineServices: [class com.almasb.fxgl.app.services.FXGLAssetLoaderService, class com.almasb.fxgl.app.FXGLApplication$GameApplicationService, class com.almasb.fxgl.app.services.FXGLDialogService, class com.almasb.fxgl.app.services.IOTaskExecutorService, class com.almasb.fxgl.io.FileSystemService, class com.almasb.fxgl.localization.LocalizationService, class com.almasb.fxgl.app.services.SystemBundleService, class com.almasb.fxgl.profile.SaveLoadService, class com.almasb.fxgl.ui.FXGLUIFactoryServiceProvider, class com.almasb.fxgl.ui.FXGLDialogFactoryServiceProvider, class com.almasb.fxgl.audio.AudioPlayer, class com.almasb.fxgl.notification.impl.NotificationServiceProvider, class com.almasb.fxgl.achievement.AchievementService, class com.almasb.fxgl.cutscene.CutsceneService, class com.almasb.fxgl.minigames.MiniGameService, class com.almasb.fxgl.net.NetService, class com.almasb.fxgl.app.services.UpdaterService, class com.almasb.fxgl.dev.DevService]
21:50:55.092 [FXGL Background Thread 3 ] DEBUG Engine               - fontGame: Abel-Regular.ttf
21:50:55.092 [FXGL Background Thread 3 ] DEBUG Engine               - fontMono: lucida_console.ttf
21:50:55.092 [FXGL Background Thread 3 ] DEBUG Engine               - fontText: Courier-Prime.ttf
21:50:55.092 [FXGL Background Thread 3 ] DEBUG Engine               - fontUI: game_font.ttf
21:50:55.093 [FXGL Background Thread 3 ] DEBUG Engine               - fullScreen: BooleanProperty [value: true]
21:50:55.093 [FXGL Background Thread 3 ] DEBUG Engine               - gameDifficulty: MEDIUM
21:50:55.093 [FXGL Background Thread 3 ] DEBUG Engine               - gameDifficultyProperty: ObjectProperty [value: MEDIUM]
21:50:55.093 [FXGL Background Thread 3 ] DEBUG Engine               - globalMusicVolume: 0.5
21:50:55.093 [FXGL Background Thread 3 ] DEBUG Engine               - globalMusicVolumeProperty: DoubleProperty [value: 0.5]
21:50:55.093 [FXGL Background Thread 3 ] DEBUG Engine               - globalSoundVolume: 0.5
21:50:55.093 [FXGL Background Thread 3 ] DEBUG Engine               - globalSoundVolumeProperty: DoubleProperty [value: 0.5]
21:50:55.093 [FXGL Background Thread 3 ] DEBUG Engine               - height: 720
21:50:55.093 [FXGL Background Thread 3 ] DEBUG Engine               - is3D: false
21:50:55.093 [FXGL Background Thread 3 ] DEBUG Engine               - isAndroid: false
21:50:55.093 [FXGL Background Thread 3 ] DEBUG Engine               - isBrowser: false
21:50:55.093 [FXGL Background Thread 3 ] DEBUG Engine               - isClickFeedbackEnabled: false
21:50:55.093 [FXGL Background Thread 3 ] DEBUG Engine               - isCloseConfirmation: false
21:50:55.093 [FXGL Background Thread 3 ] DEBUG Engine               - isDesktop: true
21:50:55.093 [FXGL Background Thread 3 ] DEBUG Engine               - isDeveloperMenuEnabled: false
21:50:55.093 [FXGL Background Thread 3 ] DEBUG Engine               - isEntityPreloadEnabled: true
21:50:55.093 [FXGL Background Thread 3 ] DEBUG Engine               - isExperimentalTiledLargeMap: false
21:50:55.093 [FXGL Background Thread 3 ] DEBUG Engine               - isFileSystemWriteAllowed: true
21:50:55.093 [FXGL Background Thread 3 ] DEBUG Engine               - isFullScreenAllowed: true
21:50:55.093 [FXGL Background Thread 3 ] DEBUG Engine               - isFullScreenFromStart: true
21:50:55.093 [FXGL Background Thread 3 ] DEBUG Engine               - isGameMenuEnabled: true
21:50:55.093 [FXGL Background Thread 3 ] DEBUG Engine               - isIOS: false
21:50:55.094 [FXGL Background Thread 3 ] DEBUG Engine               - isIntroEnabled: false
21:50:55.094 [FXGL Background Thread 3 ] DEBUG Engine               - isLinux: false
21:50:55.094 [FXGL Background Thread 3 ] DEBUG Engine               - isMac: false
21:50:55.094 [FXGL Background Thread 3 ] DEBUG Engine               - isMainMenuEnabled: true
21:50:55.094 [FXGL Background Thread 3 ] DEBUG Engine               - isManualResizeEnabled: false
21:50:55.094 [FXGL Background Thread 3 ] DEBUG Engine               - isMobile: false
21:50:55.094 [FXGL Background Thread 3 ] DEBUG Engine               - isNative: false
21:50:55.094 [FXGL Background Thread 3 ] DEBUG Engine               - isPauseMusicWhenMinimized: true
21:50:55.094 [FXGL Background Thread 3 ] DEBUG Engine               - isPreserveResizeRatio: false
21:50:55.094 [FXGL Background Thread 3 ] DEBUG Engine               - isProfilingEnabled: false
21:50:55.094 [FXGL Background Thread 3 ] DEBUG Engine               - isScaleAffectedOnResize: true
21:50:55.094 [FXGL Background Thread 3 ] DEBUG Engine               - isSingleStep: false
21:50:55.094 [FXGL Background Thread 3 ] DEBUG Engine               - isUserProfileEnabled: false
21:50:55.094 [FXGL Background Thread 3 ] DEBUG Engine               - isWindows: true
21:50:55.094 [FXGL Background Thread 3 ] DEBUG Engine               - language: ObjectProperty [value: ENGLISH]
21:50:55.094 [FXGL Background Thread 3 ] DEBUG Engine               - menuKey: ESCAPE
21:50:55.094 [FXGL Background Thread 3 ] DEBUG Engine               - mouseSensitivity: 0.2
21:50:55.094 [FXGL Background Thread 3 ] DEBUG Engine               - notificationViewClass: class com.almasb.fxgl.notification.view.XboxNotificationView
21:50:55.094 [FXGL Background Thread 3 ] DEBUG Engine               - pixelsPerMeter: 50.0
21:50:55.094 [FXGL Background Thread 3 ] DEBUG Engine               - platform: WINDOWS
21:50:55.095 [FXGL Background Thread 3 ] DEBUG Engine               - prefHeightProperty: ReadOnlyDoubleProperty [value: 720.0]
21:50:55.095 [FXGL Background Thread 3 ] DEBUG Engine               - prefWidthProperty: ReadOnlyDoubleProperty [value: 1280.0]
21:50:55.095 [FXGL Background Thread 3 ] DEBUG Engine               - profileDir: profiles/
21:50:55.095 [FXGL Background Thread 3 ] DEBUG Engine               - profileName: StringProperty [value: DEFAULT]
21:50:55.095 [FXGL Background Thread 3 ] DEBUG Engine               - randomSeed: -1
21:50:55.095 [FXGL Background Thread 3 ] DEBUG Engine               - runtimeInfo: RuntimeInfo(platform=WINDOWS, version=11.17, build=16.07.2021 15.46)
21:50:55.095 [FXGL Background Thread 3 ] DEBUG Engine               - saveFileExt: sav
21:50:55.095 [FXGL Background Thread 3 ] DEBUG Engine               - scaledHeightProp$fxgl: DoubleProperty [bound, value: 864.0]
21:50:55.095 [FXGL Background Thread 3 ] DEBUG Engine               - scaledWidthProp$fxgl: DoubleProperty [bound, value: 1536.0]
21:50:55.095 [FXGL Background Thread 3 ] DEBUG Engine               - sceneFactory: Bomberman.GameApp$1@3fe866d
21:50:55.095 [FXGL Background Thread 3 ] DEBUG Engine               - secondsIn24h: 60
21:50:55.095 [FXGL Background Thread 3 ] DEBUG Engine               - soundMenuBack: menu/back.wav
21:50:55.095 [FXGL Background Thread 3 ] DEBUG Engine               - soundMenuPress: menu/press.wav
21:50:55.095 [FXGL Background Thread 3 ] DEBUG Engine               - soundMenuSelect: menu/select.wav
21:50:55.095 [FXGL Background Thread 3 ] DEBUG Engine               - soundNotification: core/notification.wav
21:50:55.095 [FXGL Background Thread 3 ] DEBUG Engine               - stageStyle: DECORATED
21:50:55.095 [FXGL Background Thread 3 ] DEBUG Engine               - supportedLanguages: [ENGLISH, FRENCH, GERMAN, HUNGARIAN, RUSSIAN]
21:50:55.095 [FXGL Background Thread 3 ] DEBUG Engine               - ticksPerSecond: -1
21:50:55.095 [FXGL Background Thread 3 ] DEBUG Engine               - title: SPLATMAN
21:50:55.096 [FXGL Background Thread 3 ] DEBUG Engine               - urlGithub: https://github.com/AlmasB/FXGL
21:50:55.096 [FXGL Background Thread 3 ] DEBUG Engine               - urlLeaderboard: http://fxgl-top.herokuapp.com/
21:50:55.096 [FXGL Background Thread 3 ] DEBUG Engine               - urlPOM: https://raw.githubusercontent.com/AlmasB/FXGL/release/README.md
21:50:55.096 [FXGL Background Thread 3 ] DEBUG Engine               - userAppClass: class Bomberman.GameApp
21:50:55.096 [FXGL Background Thread 3 ] DEBUG Engine               - version: 1.0
21:50:55.096 [FXGL Background Thread 3 ] DEBUG Engine               - versionCheckDays: 7
21:50:55.096 [FXGL Background Thread 3 ] DEBUG Engine               - width: 1280
21:50:55.096 [FXGL Background Thread 3 ] DEBUG Engine               - Logging services
21:50:55.096 [FXGL Background Thread 3 ] DEBUG Engine               - class com.almasb.fxgl.app.services.FXGLAssetLoaderService
21:50:55.096 [FXGL Background Thread 3 ] DEBUG Engine               - class com.almasb.fxgl.app.FXGLApplication$GameApplicationService
21:50:55.096 [FXGL Background Thread 3 ] DEBUG Engine               - class com.almasb.fxgl.app.services.FXGLDialogService
21:50:55.096 [FXGL Background Thread 3 ] DEBUG Engine               - class com.almasb.fxgl.app.services.IOTaskExecutorService
21:50:55.096 [FXGL Background Thread 3 ] DEBUG Engine               - class com.almasb.fxgl.io.FileSystemService
21:50:55.096 [FXGL Background Thread 3 ] DEBUG Engine               - class com.almasb.fxgl.localization.LocalizationService
21:50:55.096 [FXGL Background Thread 3 ] DEBUG Engine               - class com.almasb.fxgl.app.services.SystemBundleService
21:50:55.096 [FXGL Background Thread 3 ] DEBUG Engine               - class com.almasb.fxgl.profile.SaveLoadService
21:50:55.096 [FXGL Background Thread 3 ] DEBUG Engine               - class com.almasb.fxgl.ui.FXGLUIFactoryServiceProvider
21:50:55.096 [FXGL Background Thread 3 ] DEBUG Engine               - class com.almasb.fxgl.ui.FXGLDialogFactoryServiceProvider
21:50:55.096 [FXGL Background Thread 3 ] DEBUG Engine               - class com.almasb.fxgl.audio.AudioPlayer
21:50:55.096 [FXGL Background Thread 3 ] DEBUG Engine               - class com.almasb.fxgl.notification.impl.NotificationServiceProvider
21:50:55.096 [FXGL Background Thread 3 ] DEBUG Engine               - class com.almasb.fxgl.achievement.AchievementService
21:50:55.096 [FXGL Background Thread 3 ] DEBUG Engine               - class com.almasb.fxgl.cutscene.CutsceneService
21:50:55.096 [FXGL Background Thread 3 ] DEBUG Engine               - class com.almasb.fxgl.minigames.MiniGameService
21:50:55.097 [FXGL Background Thread 3 ] DEBUG Engine               - class com.almasb.fxgl.net.NetService
21:50:55.097 [FXGL Background Thread 3 ] DEBUG Engine               - class com.almasb.fxgl.app.services.UpdaterService
21:50:55.097 [FXGL Background Thread 3 ] DEBUG Engine               - class com.almasb.fxgl.dev.DevService
21:50:56.554 [JavaFX Application Thread] DEBUG Menu                 - fireExit()
21:50:56.560 [JavaFX Application Thread] DEBUG PrimaryStageWindow   - Push state: DialogSubScene
21:50:56.560 [JavaFX Application Thread] DEBUG Input                - Clearing active input actions
21:50:56.564 [JavaFX Application Thread] DEBUG GameApplicationServi - Removing overlay from MainMenu and adding to DialogSubScene
21:50:56.564 [JavaFX Application Thread] DEBUG PrimaryStageWindow   - MainMenu -> DialogSubScene
21:50:57.105 [JavaFX Application Thread] DEBUG PrimaryStageWindow   - Pop state: DialogSubScene
21:50:57.105 [JavaFX Application Thread] DEBUG Input                - Clearing active input actions
21:50:57.106 [JavaFX Application Thread] DEBUG GameApplicationServi - Removing overlay from DialogSubScene and adding to MainMenu
21:50:57.106 [JavaFX Application Thread] DEBUG PrimaryStageWindow   - MainMenu <- DialogSubScene
21:50:57.106 [JavaFX Application Thread] DEBUG FXGLApplication      - Exiting FXGL
21:50:57.106 [JavaFX Application Thread] DEBUG LoopRunner           - Stopping loop
21:50:57.106 [JavaFX Application Thread] DEBUG SystemBundleService  - Saving FXGL system data
21:50:57.110 [JavaFX Application Thread] DEBUG FileSystemAccess     - Writing to: E:\CPP\Bomberman-master\system\fxgl.bundle
21:50:57.111 [JavaFX Application Thread] DEBUG Async                - Shutting down background threads
21:50:57.112 [JavaFX Application Thread] DEBUG PrimaryStageWindow   - Closing main window
21:50:57.135 [JavaFX Application Thread] DEBUG Logger               - Closing Logger
