21:49:03.289 [main                     ] DEBUG Logger               - Configured Logger
21:49:03.291 [main                     ] DEBUG GameApplication      - Logging settings
Title: SPLATMAN
Version: 1.0
Width: 1280
Height: 720
Fullscreen: true
Intro: false
Profiling: false
Single step:false
App Mode: DEVELOPER
Menu Key: ESCAPE
Stage Style: DECORATED
Scene Factory: class Bomberman.GameApp$1

21:49:03.672 [JavaFX Application Thread] DEBUG FXGLApplication      - Initializing FXGL
21:49:03.674 [JavaFX Application Thread] INFO  Engine               - FXGL-11.17 (16.07.2021 15.46) on WINDOWS (J:18.0.2.1 FX:16)
21:49:03.674 [JavaFX Application Thread] DEBUG Engine               - JRE Vendor Name: Oracle Corporation
21:49:03.674 [JavaFX Application Thread] DEBUG Engine               - Running on OS: Windows 10 version 10.0
21:49:03.674 [JavaFX Application Thread] DEBUG Engine               - Architecture: amd64
21:49:03.674 [JavaFX Application Thread] INFO  Engine               - Source code and latest versions at: https://github.com/AlmasB/FXGL
21:49:03.674 [JavaFX Application Thread] INFO  Engine               -              Join the FXGL chat at: https://gitter.im/AlmasB/FXGL
21:49:03.774 [JavaFX Application Thread] DEBUG PrimaryStageWindow   - Creating a JavaFX scene
21:49:03.813 [JavaFX Application Thread] DEBUG PrimaryStageWindow   - Target settings size: 1280.0 x 720.0
21:49:03.813 [JavaFX Application Thread] DEBUG PrimaryStageWindow   - Scaled scene size:    1280.0 x 720.0
21:49:03.813 [JavaFX Application Thread] DEBUG PrimaryStageWindow   - Scaled ratio: (1.0, 1.0)
21:49:03.814 [JavaFX Application Thread] DEBUG PrimaryStageWindow   - Set initial scene to FXGLStartupScene
21:49:03.821 [JavaFX Application Thread] DEBUG PrimaryStageWindow   - Opening main window
21:49:03.910 [JavaFX Application Thread] DEBUG PrimaryStageWindow   - Window border size: (14.4000244140625, 37.5999755859375)
21:49:03.910 [JavaFX Application Thread] DEBUG PrimaryStageWindow   - Scaled size: 1280.0 x 720.0
21:49:03.910 [JavaFX Application Thread] DEBUG PrimaryStageWindow   - Scaled ratio: (1.0, 1.0)
21:49:03.910 [JavaFX Application Thread] DEBUG PrimaryStageWindow   - Scene size: 1280.0 x 720.0
21:49:03.910 [JavaFX Application Thread] DEBUG PrimaryStageWindow   - Stage size: 1294.4000244140625 x 757.5999755859375
21:49:03.978 [JavaFX Application Thread] DEBUG PrimaryStageWindow   - Going fullscreen
21:49:03.993 [FXGL Background Thread 1 ] DEBUG Engine               - Initializing environment variables
21:49:04.079 [FXGL Background Thread 1 ] DEBUG FXGLAssetLoaderServi - User app class for loading assets: class Bomberman.GameApp
21:49:04.079 [FXGL Background Thread 1 ] DEBUG GameApplicationServi - Applying CSS: fxgl_dark.css
21:49:04.080 [FXGL Background Thread 1 ] DEBUG FXGLAssetLoaderServi - Loading from file system: jar:file:/C:/Users/tho26/.m2/repository/com/github/almasb/fxgl/11.17/fxgl-11.17.jar!/fxglassets/ui/css/fxgl_dark.css
21:49:04.123 [FXGL Background Thread 1 ] DEBUG GameApplicationServi - Initializing application scenes
21:49:04.170 [FXGL Background Thread 1 ] DEBUG GameWorld            - Game world initialized
21:49:04.241 [FXGL Background Thread 1 ] DEBUG PhysicsWorld         - Physics world initialized: appHeight=720, physics.ppm=50.0
21:49:04.241 [FXGL Background Thread 1 ] DEBUG PhysicsWorld         - Using strategy: BRUTE_FORCE
21:49:04.243 [FXGL Background Thread 1 ] DEBUG GameScene            - Game scene initialized: 1280x720
21:49:04.335 [FXGL Background Thread 1 ] DEBUG GameApplicationServi - Application scenes initialized
21:49:04.347 [FXGL Background Thread 1 ] DEBUG SystemBundleService  - Loading FXGL system data
21:49:04.351 [FXGL Background Thread 1 ] DEBUG FileSystemAccess     - Reading from: E:\CPP\Bomberman-master\system\fxgl.bundle
21:49:04.361 [FXGL Background Thread 1 ] DEBUG SystemBundleService  - Bundle FXGL: {}
21:49:04.361 [FXGL Background Thread 1 ] DEBUG UpdaterService       - Checking for updates
21:49:04.366 [FXGL Background Thread 4 ] DEBUG FXGLApplication      - Loading fonts
21:49:04.366 [FXGL Background Thread 4 ] DEBUG FXGLAssetLoaderServi - Loading from file system: file:/E:/CPP/Bomberman-master/target/classes/assets/ui/fonts/game_font.ttf
21:49:04.368 [FXGL Background Thread 1 ] DEBUG FXGLApplication      - Loading default localization
21:49:04.368 [FXGL Background Thread 1 ] DEBUG FXGLAssetLoaderServi - Loading from file system: jar:file:/C:/Users/tho26/.m2/repository/com/github/almasb/fxgl/11.17/fxgl-11.17.jar!/fxglassets/languages/english.lang
21:49:04.389 [FXGL Background Thread 1 ] INFO  FXGLApplication      - FXGL initialization took: 0.396 sec
21:49:04.401 [JavaFX Application Thread] DEBUG Input                - Registered new binding: Move Up - W
21:49:04.402 [JavaFX Application Thread] DEBUG Input                - Registered new binding: Move Down - S
21:49:04.402 [JavaFX Application Thread] DEBUG Input                - Registered new binding: Move Left - A
21:49:04.402 [JavaFX Application Thread] DEBUG Input                - Registered new binding: Move Right - D
21:49:04.402 [JavaFX Application Thread] DEBUG Input                - Registered new binding: Place Bomb - Space
21:49:04.404 [JavaFX Application Thread] DEBUG FXGLAssetLoaderServi - Loading from file system: file:/E:/CPP/Bomberman-master/target/classes/assets/music/main_theme.mp3
21:49:04.425 [FXGL Background Thread 4 ] DEBUG FXGLAssetLoaderServi - Loading from file system: jar:file:/C:/Users/tho26/.m2/repository/com/github/almasb/fxgl/11.17/fxgl-11.17.jar!/fxglassets/ui/fonts/Abel-Regular.ttf
21:49:04.429 [FXGL Background Thread 4 ] DEBUG FXGLAssetLoaderServi - Loading from file system: jar:file:/C:/Users/tho26/.m2/repository/com/github/almasb/fxgl/11.17/fxgl-11.17.jar!/fxglassets/ui/fonts/lucida_console.ttf
21:49:04.440 [FXGL Background Thread 4 ] DEBUG FXGLAssetLoaderServi - Loading from file system: jar:file:/C:/Users/tho26/.m2/repository/com/github/almasb/fxgl/11.17/fxgl-11.17.jar!/fxglassets/ui/fonts/Courier-Prime.ttf
21:49:04.578 [JavaFX Application Thread] DEBUG AudioPlayer          - Playing music com.almasb.fxgl.audio.Music@11619d85
21:49:04.579 [JavaFX Application Thread] DEBUG FXGLAssetLoaderServi - Loading from file system: jar:file:/C:/Users/tho26/.m2/repository/com/github/almasb/fxgl/11.17/fxgl-11.17.jar!/fxglassets/textures/fxgl_icon.png
21:49:04.600 [JavaFX Application Thread] DEBUG FXGLAssetLoaderServi - Loading from file system: jar:file:/C:/Users/tho26/.m2/repository/com/github/almasb/fxgl/11.17/fxgl-11.17.jar!/fxglassets/textures/fxgl_default_cursor.png
21:49:04.602 [JavaFX Application Thread] DEBUG Input                - Registered new binding: Screenshot - CTRL+8
21:49:04.602 [JavaFX Application Thread] DEBUG Input                - Registered new binding: System info dump - CTRL+9
21:49:04.603 [JavaFX Application Thread] DEBUG Input                - Registered new binding: Restart - CTRL+R
21:49:04.603 [JavaFX Application Thread] DEBUG Input                - Registered new binding: Toggle Debug Camera - CTRL+C
21:49:04.606 [JavaFX Application Thread] DEBUG LoopRunner           - Starting loop
21:49:04.606 [JavaFX Application Thread] DEBUG LoopRunner           - Initializing JavaFX AnimationTimerLoop
21:49:04.608 [JavaFX Application Thread] DEBUG Input                - Clearing active input actions
21:49:04.612 [JavaFX Application Thread] DEBUG GameApplicationServi - Removing overlay from FXGLStartupScene and adding to FXGLMainMenuDummyScene
21:49:04.612 [JavaFX Application Thread] DEBUG PrimaryStageWindow   - FXGLStartupScene -> FXGLMainMenuDummyScene
21:49:04.612 [JavaFX Application Thread] DEBUG PrimaryStageWindow   - Push state: MainMenu
21:49:04.612 [JavaFX Application Thread] DEBUG Input                - Clearing active input actions
21:49:04.616 [JavaFX Application Thread] DEBUG GameApplicationServi - Removing overlay from FXGLMainMenuDummyScene and adding to MainMenu
21:49:04.616 [JavaFX Application Thread] DEBUG PrimaryStageWindow   - FXGLMainMenuDummyScene -> MainMenu
21:49:04.623 [JavaFX Application Thread] DEBUG FXGLApplication      - Registering font factories with UI factory
21:49:04.871 [FXGL Background Thread 2 ] INFO  UpdaterService       - Your current version:  11.17
21:49:04.871 [FXGL Background Thread 2 ] INFO  UpdaterService       - Latest stable version: 17.2
21:49:05.794 [JavaFX Application Thread] DEBUG Menu                 - fireExit()
21:49:05.800 [JavaFX Application Thread] DEBUG PrimaryStageWindow   - Push state: DialogSubScene
21:49:05.800 [JavaFX Application Thread] DEBUG Input                - Clearing active input actions
21:49:05.803 [JavaFX Application Thread] DEBUG GameApplicationServi - Removing overlay from MainMenu and adding to DialogSubScene
21:49:05.803 [JavaFX Application Thread] DEBUG PrimaryStageWindow   - MainMenu -> DialogSubScene
21:49:06.761 [JavaFX Application Thread] DEBUG PrimaryStageWindow   - Pop state: DialogSubScene
21:49:06.761 [JavaFX Application Thread] DEBUG Input                - Clearing active input actions
21:49:06.762 [JavaFX Application Thread] DEBUG GameApplicationServi - Removing overlay from DialogSubScene and adding to MainMenu
21:49:06.762 [JavaFX Application Thread] DEBUG PrimaryStageWindow   - MainMenu <- DialogSubScene
21:49:06.762 [JavaFX Application Thread] DEBUG FXGLApplication      - Exiting FXGL
21:49:06.762 [JavaFX Application Thread] DEBUG LoopRunner           - Stopping loop
21:49:06.762 [JavaFX Application Thread] DEBUG SystemBundleService  - Saving FXGL system data
21:49:06.763 [JavaFX Application Thread] DEBUG FileSystemAccess     - Writing to: E:\CPP\Bomberman-master\system\fxgl.bundle
21:49:06.765 [JavaFX Application Thread] DEBUG Async                - Shutting down background threads
21:49:06.765 [JavaFX Application Thread] DEBUG PrimaryStageWindow   - Closing main window
21:49:06.778 [JavaFX Application Thread] DEBUG Logger               - Closing Logger
