00:55:27.810 [main                     ] DEBUG Logger               - Configured Logger
00:55:27.813 [main                     ] DEBUG GameApplication      - Logging settings
Title: SPLATTMAN
Version: 1.0
Width: 1280
Height: 720
Fullscreen: false
Intro: false
Profiling: false
Single step:false
App Mode: DEVELOPER
Menu Key: ESCAPE
Stage Style: DECORATED
Scene Factory: class Bomberman.GameApp$1

00:55:28.197 [JavaFX Application Thread] DEBUG FXGLApplication      - Initializing FXGL
00:55:28.199 [JavaFX Application Thread] INFO  Engine               - FXGL-11.17 (16.07.2021 15.46) on WINDOWS (J:18.0.2.1 FX:16)
00:55:28.199 [JavaFX Application Thread] DEBUG Engine               - JRE Vendor Name: Oracle Corporation
00:55:28.199 [JavaFX Application Thread] DEBUG Engine               - Running on OS: Windows 10 version 10.0
00:55:28.199 [JavaFX Application Thread] DEBUG Engine               - Architecture: amd64
00:55:28.199 [JavaFX Application Thread] INFO  Engine               - Source code and latest versions at: https://github.com/AlmasB/FXGL
00:55:28.200 [JavaFX Application Thread] INFO  Engine               -              Join the FXGL chat at: https://gitter.im/AlmasB/FXGL
00:55:28.298 [JavaFX Application Thread] DEBUG PrimaryStageWindow   - Creating a JavaFX scene
00:55:28.337 [JavaFX Application Thread] DEBUG PrimaryStageWindow   - Target settings size: 1280.0 x 720.0
00:55:28.337 [JavaFX Application Thread] DEBUG PrimaryStageWindow   - Scaled scene size:    1280.0 x 720.0
00:55:28.337 [JavaFX Application Thread] DEBUG PrimaryStageWindow   - Scaled ratio: (1.0, 1.0)
00:55:28.338 [JavaFX Application Thread] DEBUG PrimaryStageWindow   - Set initial scene to FXGLStartupScene
00:55:28.344 [JavaFX Application Thread] DEBUG PrimaryStageWindow   - Opening main window
00:55:28.437 [JavaFX Application Thread] DEBUG PrimaryStageWindow   - Window border size: (14.4000244140625, 37.5999755859375)
00:55:28.437 [JavaFX Application Thread] DEBUG PrimaryStageWindow   - Scaled size: 1280.0 x 720.0
00:55:28.437 [JavaFX Application Thread] DEBUG PrimaryStageWindow   - Scaled ratio: (1.0, 1.0)
00:55:28.437 [JavaFX Application Thread] DEBUG PrimaryStageWindow   - Scene size: 1280.0 x 720.0
00:55:28.437 [JavaFX Application Thread] DEBUG PrimaryStageWindow   - Stage size: 1294.4000244140625 x 757.5999755859375
00:55:28.448 [FXGL Background Thread 1 ] DEBUG Engine               - Initializing environment variables
00:55:28.539 [FXGL Background Thread 1 ] DEBUG FXGLAssetLoaderServi - User app class for loading assets: class Bomberman.GameApp
00:55:28.539 [FXGL Background Thread 1 ] DEBUG GameApplicationServi - Applying CSS: fxgl_dark.css
00:55:28.540 [FXGL Background Thread 1 ] DEBUG FXGLAssetLoaderServi - Loading from file system: jar:file:/C:/Users/tho26/.m2/repository/com/github/almasb/fxgl/11.17/fxgl-11.17.jar!/fxglassets/ui/css/fxgl_dark.css
00:55:28.580 [FXGL Background Thread 1 ] DEBUG GameApplicationServi - Initializing application scenes
00:55:28.635 [FXGL Background Thread 1 ] DEBUG GameWorld            - Game world initialized
00:55:28.699 [FXGL Background Thread 1 ] DEBUG PhysicsWorld         - Physics world initialized: appHeight=720, physics.ppm=50.0
00:55:28.699 [FXGL Background Thread 1 ] DEBUG PhysicsWorld         - Using strategy: BRUTE_FORCE
00:55:28.702 [FXGL Background Thread 1 ] DEBUG GameScene            - Game scene initialized: 1280x720
00:55:28.833 [FXGL Background Thread 1 ] DEBUG GameApplicationServi - Application scenes initialized
00:55:28.842 [FXGL Background Thread 1 ] DEBUG SystemBundleService  - Loading FXGL system data
00:55:28.845 [FXGL Background Thread 1 ] DEBUG FileSystemAccess     - Reading from: E:\CPP\Bomberman-master\system\fxgl.bundle
00:55:28.852 [FXGL Background Thread 1 ] DEBUG SystemBundleService  - Bundle FXGL: {}
00:55:28.853 [FXGL Background Thread 1 ] DEBUG UpdaterService       - Checking for updates
00:55:28.861 [FXGL Background Thread 4 ] DEBUG FXGLApplication      - Loading fonts
00:55:28.861 [FXGL Background Thread 4 ] DEBUG FXGLAssetLoaderServi - Loading from file system: file:/E:/CPP/Bomberman-master/target/classes/assets/ui/fonts/game_font.ttf
00:55:28.861 [FXGL Background Thread 1 ] DEBUG FXGLApplication      - Loading default localization
00:55:28.862 [FXGL Background Thread 1 ] DEBUG FXGLAssetLoaderServi - Loading from file system: jar:file:/C:/Users/tho26/.m2/repository/com/github/almasb/fxgl/11.17/fxgl-11.17.jar!/fxglassets/languages/english.lang
00:55:28.888 [FXGL Background Thread 1 ] INFO  FXGLApplication      - FXGL initialization took: 0.440 sec
00:55:28.899 [JavaFX Application Thread] DEBUG Input                - Registered new binding: Move Up - W
00:55:28.899 [JavaFX Application Thread] DEBUG Input                - Registered new binding: Move Down - S
00:55:28.900 [JavaFX Application Thread] DEBUG Input                - Registered new binding: Move Left - A
00:55:28.900 [JavaFX Application Thread] DEBUG Input                - Registered new binding: Move Right - D
00:55:28.900 [JavaFX Application Thread] DEBUG Input                - Registered new binding: Place Bomb - Space
00:55:28.900 [JavaFX Application Thread] DEBUG FXGLAssetLoaderServi - Loading from file system: file:/E:/CPP/Bomberman-master/target/classes/assets/music/main_theme.mp3
00:55:28.923 [FXGL Background Thread 4 ] DEBUG FXGLAssetLoaderServi - Loading from file system: jar:file:/C:/Users/tho26/.m2/repository/com/github/almasb/fxgl/11.17/fxgl-11.17.jar!/fxglassets/ui/fonts/Abel-Regular.ttf
00:55:28.927 [FXGL Background Thread 4 ] DEBUG FXGLAssetLoaderServi - Loading from file system: jar:file:/C:/Users/tho26/.m2/repository/com/github/almasb/fxgl/11.17/fxgl-11.17.jar!/fxglassets/ui/fonts/lucida_console.ttf
00:55:28.932 [FXGL Background Thread 4 ] DEBUG FXGLAssetLoaderServi - Loading from file system: jar:file:/C:/Users/tho26/.m2/repository/com/github/almasb/fxgl/11.17/fxgl-11.17.jar!/fxglassets/ui/fonts/Courier-Prime.ttf
00:55:29.072 [JavaFX Application Thread] DEBUG AudioPlayer          - Playing music com.almasb.fxgl.audio.Music@41853397
00:55:29.073 [JavaFX Application Thread] DEBUG FXGLAssetLoaderServi - Loading from file system: file:/E:/CPP/Bomberman-master/target/classes/assets/textures/icon.png
00:55:29.086 [JavaFX Application Thread] DEBUG FXGLAssetLoaderServi - Loading from file system: jar:file:/C:/Users/tho26/.m2/repository/com/github/almasb/fxgl/11.17/fxgl-11.17.jar!/fxglassets/textures/fxgl_default_cursor.png
00:55:29.091 [JavaFX Application Thread] DEBUG Input                - Registered new binding: Screenshot - CTRL+8
00:55:29.091 [JavaFX Application Thread] DEBUG Input                - Registered new binding: System info dump - CTRL+9
00:55:29.092 [JavaFX Application Thread] DEBUG Input                - Registered new binding: Restart - CTRL+R
00:55:29.094 [JavaFX Application Thread] DEBUG Input                - Registered new binding: Toggle Debug Camera - CTRL+C
00:55:29.098 [JavaFX Application Thread] DEBUG LoopRunner           - Starting loop
00:55:29.098 [JavaFX Application Thread] DEBUG LoopRunner           - Initializing JavaFX AnimationTimerLoop
00:55:29.102 [JavaFX Application Thread] DEBUG Input                - Clearing active input actions
00:55:29.113 [JavaFX Application Thread] DEBUG GameApplicationServi - Removing overlay from FXGLStartupScene and adding to FXGLMainMenuDummyScene
00:55:29.114 [JavaFX Application Thread] DEBUG PrimaryStageWindow   - FXGLStartupScene -> FXGLMainMenuDummyScene
00:55:29.114 [JavaFX Application Thread] DEBUG PrimaryStageWindow   - Push state: MainMenu
00:55:29.114 [JavaFX Application Thread] DEBUG Input                - Clearing active input actions
00:55:29.122 [JavaFX Application Thread] DEBUG GameApplicationServi - Removing overlay from FXGLMainMenuDummyScene and adding to MainMenu
00:55:29.122 [JavaFX Application Thread] DEBUG PrimaryStageWindow   - FXGLMainMenuDummyScene -> MainMenu
00:55:29.123 [JavaFX Application Thread] DEBUG FXGLApplication      - Registering font factories with UI factory
00:55:29.396 [FXGL Background Thread 2 ] INFO  UpdaterService       - Your current version:  11.17
00:55:29.396 [FXGL Background Thread 2 ] INFO  UpdaterService       - Latest stable version: 17.2
00:55:31.860 [FXGL Background Thread 3 ] DEBUG Engine               - Logging environment variables
00:55:31.860 [FXGL Background Thread 3 ] DEBUG Engine               - achievements: []
00:55:31.860 [FXGL Background Thread 3 ] DEBUG Engine               - actualHeight: 720.0
00:55:31.860 [FXGL Background Thread 3 ] DEBUG Engine               - actualHeightProperty: ReadOnlyDoubleProperty [value: 720.0]
00:55:31.860 [FXGL Background Thread 3 ] DEBUG Engine               - actualWidth: 1280.0
00:55:31.860 [FXGL Background Thread 3 ] DEBUG Engine               - actualWidthProperty: ReadOnlyDoubleProperty [value: 1280.0]
00:55:31.860 [FXGL Background Thread 3 ] DEBUG Engine               - appIcon: icon.png
00:55:31.860 [FXGL Background Thread 3 ] DEBUG Engine               - applicationMode: DEVELOPER
00:55:31.860 [FXGL Background Thread 3 ] DEBUG Engine               - cSSList: [fxgl_dark.css]
00:55:31.860 [FXGL Background Thread 3 ] DEBUG Engine               - collisionDetectionStrategy: BRUTE_FORCE
00:55:31.860 [FXGL Background Thread 3 ] DEBUG Engine               - configClass: Optional.empty
00:55:31.861 [FXGL Background Thread 3 ] DEBUG Engine               - credits: []
00:55:31.861 [FXGL Background Thread 3 ] DEBUG Engine               - defaultCursor: CursorInfo(imageName=fxgl_default_cursor.png, hotspotX=7.0, hotspotY=6.0)
00:55:31.861 [FXGL Background Thread 3 ] DEBUG Engine               - devBBoxColorProperty: ObjectProperty [value: 0xff0000ff]
00:55:31.861 [FXGL Background Thread 3 ] DEBUG Engine               - devEnableDebugCameraProperty: BooleanProperty [value: false]
00:55:31.861 [FXGL Background Thread 3 ] DEBUG Engine               - devSensorColorProperty: ObjectProperty [value: 0xffff00ff]
00:55:31.861 [FXGL Background Thread 3 ] DEBUG Engine               - devShowBBoxProperty: BooleanProperty [value: false]
00:55:31.861 [FXGL Background Thread 3 ] DEBUG Engine               - devShowPositionProperty: BooleanProperty [value: false]
00:55:31.861 [FXGL Background Thread 3 ] DEBUG Engine               - enabledMenuItems: []
00:55:31.861 [FXGL Background Thread 3 ] DEBUG Engine               - engineServices: [class com.almasb.fxgl.app.services.FXGLAssetLoaderService, class com.almasb.fxgl.app.FXGLApplication$GameApplicationService, class com.almasb.fxgl.app.services.FXGLDialogService, class com.almasb.fxgl.app.services.IOTaskExecutorService, class com.almasb.fxgl.io.FileSystemService, class com.almasb.fxgl.localization.LocalizationService, class com.almasb.fxgl.app.services.SystemBundleService, class com.almasb.fxgl.profile.SaveLoadService, class com.almasb.fxgl.ui.FXGLUIFactoryServiceProvider, class com.almasb.fxgl.ui.FXGLDialogFactoryServiceProvider, class com.almasb.fxgl.audio.AudioPlayer, class com.almasb.fxgl.notification.impl.NotificationServiceProvider, class com.almasb.fxgl.achievement.AchievementService, class com.almasb.fxgl.cutscene.CutsceneService, class com.almasb.fxgl.minigames.MiniGameService, class com.almasb.fxgl.net.NetService, class com.almasb.fxgl.app.services.UpdaterService, class com.almasb.fxgl.dev.DevService]
00:55:31.861 [FXGL Background Thread 3 ] DEBUG Engine               - fontGame: Abel-Regular.ttf
00:55:31.861 [FXGL Background Thread 3 ] DEBUG Engine               - fontMono: lucida_console.ttf
00:55:31.861 [FXGL Background Thread 3 ] DEBUG Engine               - fontText: Courier-Prime.ttf
00:55:31.861 [FXGL Background Thread 3 ] DEBUG Engine               - fontUI: game_font.ttf
00:55:31.861 [FXGL Background Thread 3 ] DEBUG Engine               - fullScreen: BooleanProperty [value: false]
00:55:31.861 [FXGL Background Thread 3 ] DEBUG Engine               - gameDifficulty: MEDIUM
00:55:31.861 [FXGL Background Thread 3 ] DEBUG Engine               - gameDifficultyProperty: ObjectProperty [value: MEDIUM]
00:55:31.861 [FXGL Background Thread 3 ] DEBUG Engine               - globalMusicVolume: 0.5
00:55:31.862 [FXGL Background Thread 3 ] DEBUG Engine               - globalMusicVolumeProperty: DoubleProperty [value: 0.5]
00:55:31.862 [FXGL Background Thread 3 ] DEBUG Engine               - globalSoundVolume: 0.5
00:55:31.862 [FXGL Background Thread 3 ] DEBUG Engine               - globalSoundVolumeProperty: DoubleProperty [value: 0.5]
00:55:31.862 [FXGL Background Thread 3 ] DEBUG Engine               - height: 720
00:55:31.862 [FXGL Background Thread 3 ] DEBUG Engine               - is3D: false
00:55:31.862 [FXGL Background Thread 3 ] DEBUG Engine               - isAndroid: false
00:55:31.862 [FXGL Background Thread 3 ] DEBUG Engine               - isBrowser: false
00:55:31.862 [FXGL Background Thread 3 ] DEBUG Engine               - isClickFeedbackEnabled: false
00:55:31.862 [FXGL Background Thread 3 ] DEBUG Engine               - isCloseConfirmation: false
00:55:31.862 [FXGL Background Thread 3 ] DEBUG Engine               - isDesktop: true
00:55:31.862 [FXGL Background Thread 3 ] DEBUG Engine               - isDeveloperMenuEnabled: false
00:55:31.862 [FXGL Background Thread 3 ] DEBUG Engine               - isEntityPreloadEnabled: true
00:55:31.862 [FXGL Background Thread 3 ] DEBUG Engine               - isExperimentalTiledLargeMap: false
00:55:31.862 [FXGL Background Thread 3 ] DEBUG Engine               - isFileSystemWriteAllowed: true
00:55:31.862 [FXGL Background Thread 3 ] DEBUG Engine               - isFullScreenAllowed: false
00:55:31.862 [FXGL Background Thread 3 ] DEBUG Engine               - isFullScreenFromStart: false
00:55:31.862 [FXGL Background Thread 3 ] DEBUG Engine               - isGameMenuEnabled: true
00:55:31.862 [FXGL Background Thread 3 ] DEBUG Engine               - isIOS: false
00:55:31.862 [FXGL Background Thread 3 ] DEBUG Engine               - isIntroEnabled: false
00:55:31.862 [FXGL Background Thread 3 ] DEBUG Engine               - isLinux: false
00:55:31.863 [FXGL Background Thread 3 ] DEBUG Engine               - isMac: false
00:55:31.863 [FXGL Background Thread 3 ] DEBUG Engine               - isMainMenuEnabled: true
00:55:31.863 [FXGL Background Thread 3 ] DEBUG Engine               - isManualResizeEnabled: false
00:55:31.863 [FXGL Background Thread 3 ] DEBUG Engine               - isMobile: false
00:55:31.863 [FXGL Background Thread 3 ] DEBUG Engine               - isNative: false
00:55:31.863 [FXGL Background Thread 3 ] DEBUG Engine               - isPauseMusicWhenMinimized: true
00:55:31.863 [FXGL Background Thread 3 ] DEBUG Engine               - isPreserveResizeRatio: false
00:55:31.863 [FXGL Background Thread 3 ] DEBUG Engine               - isProfilingEnabled: false
00:55:31.863 [FXGL Background Thread 3 ] DEBUG Engine               - isScaleAffectedOnResize: true
00:55:31.863 [FXGL Background Thread 3 ] DEBUG Engine               - isSingleStep: false
00:55:31.863 [FXGL Background Thread 3 ] DEBUG Engine               - isUserProfileEnabled: false
00:55:31.863 [FXGL Background Thread 3 ] DEBUG Engine               - isWindows: true
00:55:31.863 [FXGL Background Thread 3 ] DEBUG Engine               - language: ObjectProperty [value: ENGLISH]
00:55:31.863 [FXGL Background Thread 3 ] DEBUG Engine               - menuKey: ESCAPE
00:55:31.863 [FXGL Background Thread 3 ] DEBUG Engine               - mouseSensitivity: 0.2
00:55:31.863 [FXGL Background Thread 3 ] DEBUG Engine               - notificationViewClass: class com.almasb.fxgl.notification.view.XboxNotificationView
00:55:31.863 [FXGL Background Thread 3 ] DEBUG Engine               - pixelsPerMeter: 50.0
00:55:31.863 [FXGL Background Thread 3 ] DEBUG Engine               - platform: WINDOWS
00:55:31.863 [FXGL Background Thread 3 ] DEBUG Engine               - prefHeightProperty: ReadOnlyDoubleProperty [value: 720.0]
00:55:31.863 [FXGL Background Thread 3 ] DEBUG Engine               - prefWidthProperty: ReadOnlyDoubleProperty [value: 1280.0]
00:55:31.863 [FXGL Background Thread 3 ] DEBUG Engine               - profileDir: profiles/
00:55:31.864 [FXGL Background Thread 3 ] DEBUG Engine               - profileName: StringProperty [value: DEFAULT]
00:55:31.864 [FXGL Background Thread 3 ] DEBUG Engine               - randomSeed: -1
00:55:31.864 [FXGL Background Thread 3 ] DEBUG Engine               - runtimeInfo: RuntimeInfo(platform=WINDOWS, version=11.17, build=16.07.2021 15.46)
00:55:31.864 [FXGL Background Thread 3 ] DEBUG Engine               - saveFileExt: sav
00:55:31.864 [FXGL Background Thread 3 ] DEBUG Engine               - scaledHeightProp$fxgl: DoubleProperty [bound, value: 720.0]
00:55:31.864 [FXGL Background Thread 3 ] DEBUG Engine               - scaledWidthProp$fxgl: DoubleProperty [bound, value: 1280.0]
00:55:31.864 [FXGL Background Thread 3 ] DEBUG Engine               - sceneFactory: Bomberman.GameApp$1@7be70f39
00:55:31.864 [FXGL Background Thread 3 ] DEBUG Engine               - secondsIn24h: 60
00:55:31.864 [FXGL Background Thread 3 ] DEBUG Engine               - soundMenuBack: menu/back.wav
00:55:31.864 [FXGL Background Thread 3 ] DEBUG Engine               - soundMenuPress: menu/press.wav
00:55:31.864 [FXGL Background Thread 3 ] DEBUG Engine               - soundMenuSelect: menu/select.wav
00:55:31.864 [FXGL Background Thread 3 ] DEBUG Engine               - soundNotification: core/notification.wav
00:55:31.864 [FXGL Background Thread 3 ] DEBUG Engine               - stageStyle: DECORATED
00:55:31.864 [FXGL Background Thread 3 ] DEBUG Engine               - supportedLanguages: [ENGLISH, FRENCH, GERMAN, HUNGARIAN, RUSSIAN]
00:55:31.864 [FXGL Background Thread 3 ] DEBUG Engine               - ticksPerSecond: -1
00:55:31.864 [FXGL Background Thread 3 ] DEBUG Engine               - title: SPLATTMAN
00:55:31.864 [FXGL Background Thread 3 ] DEBUG Engine               - urlGithub: https://github.com/AlmasB/FXGL
00:55:31.864 [FXGL Background Thread 3 ] DEBUG Engine               - urlLeaderboard: http://fxgl-top.herokuapp.com/
00:55:31.864 [FXGL Background Thread 3 ] DEBUG Engine               - urlPOM: https://raw.githubusercontent.com/AlmasB/FXGL/release/README.md
00:55:31.864 [FXGL Background Thread 3 ] DEBUG Engine               - userAppClass: class Bomberman.GameApp
00:55:31.864 [FXGL Background Thread 3 ] DEBUG Engine               - version: 1.0
00:55:31.864 [FXGL Background Thread 3 ] DEBUG Engine               - versionCheckDays: 7
00:55:31.865 [FXGL Background Thread 3 ] DEBUG Engine               - width: 1280
00:55:31.865 [FXGL Background Thread 3 ] DEBUG Engine               - Logging services
00:55:31.865 [FXGL Background Thread 3 ] DEBUG Engine               - class com.almasb.fxgl.app.services.FXGLAssetLoaderService
00:55:31.865 [FXGL Background Thread 3 ] DEBUG Engine               - class com.almasb.fxgl.app.FXGLApplication$GameApplicationService
00:55:31.865 [FXGL Background Thread 3 ] DEBUG Engine               - class com.almasb.fxgl.app.services.FXGLDialogService
00:55:31.865 [FXGL Background Thread 3 ] DEBUG Engine               - class com.almasb.fxgl.app.services.IOTaskExecutorService
00:55:31.865 [FXGL Background Thread 3 ] DEBUG Engine               - class com.almasb.fxgl.io.FileSystemService
00:55:31.865 [FXGL Background Thread 3 ] DEBUG Engine               - class com.almasb.fxgl.localization.LocalizationService
00:55:31.865 [FXGL Background Thread 3 ] DEBUG Engine               - class com.almasb.fxgl.app.services.SystemBundleService
00:55:31.865 [FXGL Background Thread 3 ] DEBUG Engine               - class com.almasb.fxgl.profile.SaveLoadService
00:55:31.865 [FXGL Background Thread 3 ] DEBUG Engine               - class com.almasb.fxgl.ui.FXGLUIFactoryServiceProvider
00:55:31.865 [FXGL Background Thread 3 ] DEBUG Engine               - class com.almasb.fxgl.ui.FXGLDialogFactoryServiceProvider
00:55:31.865 [FXGL Background Thread 3 ] DEBUG Engine               - class com.almasb.fxgl.audio.AudioPlayer
00:55:31.865 [FXGL Background Thread 3 ] DEBUG Engine               - class com.almasb.fxgl.notification.impl.NotificationServiceProvider
00:55:31.865 [FXGL Background Thread 3 ] DEBUG Engine               - class com.almasb.fxgl.achievement.AchievementService
00:55:31.865 [FXGL Background Thread 3 ] DEBUG Engine               - class com.almasb.fxgl.cutscene.CutsceneService
00:55:31.865 [FXGL Background Thread 3 ] DEBUG Engine               - class com.almasb.fxgl.minigames.MiniGameService
00:55:31.865 [FXGL Background Thread 3 ] DEBUG Engine               - class com.almasb.fxgl.net.NetService
00:55:31.865 [FXGL Background Thread 3 ] DEBUG Engine               - class com.almasb.fxgl.app.services.UpdaterService
00:55:31.865 [FXGL Background Thread 3 ] DEBUG Engine               - class com.almasb.fxgl.dev.DevService
00:55:32.263 [JavaFX Application Thread] DEBUG Menu                 - fireExit()
00:55:32.269 [JavaFX Application Thread] DEBUG PrimaryStageWindow   - Push state: DialogSubScene
00:55:32.269 [JavaFX Application Thread] DEBUG Input                - Clearing active input actions
00:55:32.272 [JavaFX Application Thread] DEBUG GameApplicationServi - Removing overlay from MainMenu and adding to DialogSubScene
00:55:32.272 [JavaFX Application Thread] DEBUG PrimaryStageWindow   - MainMenu -> DialogSubScene
00:55:33.230 [JavaFX Application Thread] DEBUG PrimaryStageWindow   - Pop state: DialogSubScene
00:55:33.230 [JavaFX Application Thread] DEBUG Input                - Clearing active input actions
00:55:33.231 [JavaFX Application Thread] DEBUG GameApplicationServi - Removing overlay from DialogSubScene and adding to MainMenu
00:55:33.231 [JavaFX Application Thread] DEBUG PrimaryStageWindow   - MainMenu <- DialogSubScene
00:55:33.231 [JavaFX Application Thread] DEBUG FXGLApplication      - Exiting FXGL
00:55:33.231 [JavaFX Application Thread] DEBUG LoopRunner           - Stopping loop
00:55:33.231 [JavaFX Application Thread] DEBUG SystemBundleService  - Saving FXGL system data
00:55:33.232 [JavaFX Application Thread] DEBUG FileSystemAccess     - Writing to: E:\CPP\Bomberman-master\system\fxgl.bundle
00:55:33.234 [JavaFX Application Thread] DEBUG Async                - Shutting down background threads
00:55:33.234 [JavaFX Application Thread] DEBUG PrimaryStageWindow   - Closing main window
00:55:33.245 [JavaFX Application Thread] DEBUG Logger               - Closing Logger
