23:55:05.787 [main                     ] DEBUG Logger               - Configured Logger
23:55:05.789 [main                     ] DEBUG GameApplication      - Logging settings
Title: SPLATTMAN
Version: 1.0
Width: 1280
Height: 720
Fullscreen: false
Intro: false
Profiling: false
Single step:false
App Mode: DEVELOPER
Menu Key: ESCAPE
Stage Style: DECORATED
Scene Factory: class Bomberman.GameApp$1

23:55:06.158 [JavaFX Application Thread] DEBUG FXGLApplication      - Initializing FXGL
23:55:06.160 [JavaFX Application Thread] INFO  Engine               - FXGL-11.17 (16.07.2021 15.46) on WINDOWS (J:18.0.2.1 FX:16)
23:55:06.160 [JavaFX Application Thread] DEBUG Engine               - JRE Vendor Name: Oracle Corporation
23:55:06.160 [JavaFX Application Thread] DEBUG Engine               - Running on OS: Windows 10 version 10.0
23:55:06.160 [JavaFX Application Thread] DEBUG Engine               - Architecture: amd64
23:55:06.161 [JavaFX Application Thread] INFO  Engine               - Source code and latest versions at: https://github.com/AlmasB/FXGL
23:55:06.161 [JavaFX Application Thread] INFO  Engine               -              Join the FXGL chat at: https://gitter.im/AlmasB/FXGL
23:55:06.259 [JavaFX Application Thread] DEBUG PrimaryStageWindow   - Creating a JavaFX scene
23:55:06.298 [JavaFX Application Thread] DEBUG PrimaryStageWindow   - Target settings size: 1280.0 x 720.0
23:55:06.298 [JavaFX Application Thread] DEBUG PrimaryStageWindow   - Scaled scene size:    1280.0 x 720.0
23:55:06.298 [JavaFX Application Thread] DEBUG PrimaryStageWindow   - Scaled ratio: (1.0, 1.0)
23:55:06.298 [JavaFX Application Thread] DEBUG PrimaryStageWindow   - Set initial scene to FXGLStartupScene
23:55:06.304 [JavaFX Application Thread] DEBUG PrimaryStageWindow   - Opening main window
23:55:06.400 [JavaFX Application Thread] DEBUG PrimaryStageWindow   - Window border size: (14.4000244140625, 37.5999755859375)
23:55:06.401 [JavaFX Application Thread] DEBUG PrimaryStageWindow   - Scaled size: 1280.0 x 720.0
23:55:06.401 [JavaFX Application Thread] DEBUG PrimaryStageWindow   - Scaled ratio: (1.0, 1.0)
23:55:06.401 [JavaFX Application Thread] DEBUG PrimaryStageWindow   - Scene size: 1280.0 x 720.0
23:55:06.401 [JavaFX Application Thread] DEBUG PrimaryStageWindow   - Stage size: 1294.4000244140625 x 757.5999755859375
23:55:06.412 [FXGL Background Thread 1 ] DEBUG Engine               - Initializing environment variables
23:55:06.494 [FXGL Background Thread 1 ] DEBUG FXGLAssetLoaderServi - User app class for loading assets: class Bomberman.GameApp
23:55:06.494 [FXGL Background Thread 1 ] DEBUG GameApplicationServi - Applying CSS: fxgl_dark.css
23:55:06.494 [FXGL Background Thread 1 ] DEBUG FXGLAssetLoaderServi - Loading from file system: jar:file:/C:/Users/tho26/.m2/repository/com/github/almasb/fxgl/11.17/fxgl-11.17.jar!/fxglassets/ui/css/fxgl_dark.css
23:55:06.535 [FXGL Background Thread 1 ] DEBUG GameApplicationServi - Initializing application scenes
23:55:06.578 [FXGL Background Thread 1 ] DEBUG GameWorld            - Game world initialized
23:55:06.647 [FXGL Background Thread 1 ] DEBUG PhysicsWorld         - Physics world initialized: appHeight=720, physics.ppm=50.0
23:55:06.647 [FXGL Background Thread 1 ] DEBUG PhysicsWorld         - Using strategy: BRUTE_FORCE
23:55:06.649 [FXGL Background Thread 1 ] DEBUG GameScene            - Game scene initialized: 1280x720
23:55:06.779 [FXGL Background Thread 1 ] DEBUG GameApplicationServi - Application scenes initialized
23:55:06.788 [FXGL Background Thread 1 ] DEBUG SystemBundleService  - Loading FXGL system data
23:55:06.791 [FXGL Background Thread 1 ] DEBUG FileSystemAccess     - Reading from: E:\CPP\Bomberman-master\system\fxgl.bundle
23:55:06.798 [FXGL Background Thread 1 ] DEBUG SystemBundleService  - Bundle FXGL: {}
23:55:06.798 [FXGL Background Thread 1 ] DEBUG UpdaterService       - Checking for updates
23:55:06.806 [FXGL Background Thread 4 ] DEBUG FXGLApplication      - Loading fonts
23:55:06.806 [FXGL Background Thread 4 ] DEBUG FXGLAssetLoaderServi - Loading from file system: file:/E:/CPP/Bomberman-master/target/classes/assets/ui/fonts/game_font.ttf
23:55:06.806 [FXGL Background Thread 1 ] DEBUG FXGLApplication      - Loading default localization
23:55:06.807 [FXGL Background Thread 1 ] DEBUG FXGLAssetLoaderServi - Loading from file system: jar:file:/C:/Users/tho26/.m2/repository/com/github/almasb/fxgl/11.17/fxgl-11.17.jar!/fxglassets/languages/english.lang
23:55:06.826 [FXGL Background Thread 1 ] INFO  FXGLApplication      - FXGL initialization took: 0.414 sec
23:55:06.840 [JavaFX Application Thread] DEBUG Input                - Registered new binding: Move Up - W
23:55:06.840 [JavaFX Application Thread] DEBUG Input                - Registered new binding: Move Down - S
23:55:06.840 [JavaFX Application Thread] DEBUG Input                - Registered new binding: Move Left - A
23:55:06.840 [JavaFX Application Thread] DEBUG Input                - Registered new binding: Move Right - D
23:55:06.840 [JavaFX Application Thread] DEBUG Input                - Registered new binding: Place Bomb - Space
23:55:06.841 [JavaFX Application Thread] DEBUG FXGLAssetLoaderServi - Loading from file system: file:/E:/CPP/Bomberman-master/target/classes/assets/music/main_theme.mp3
23:55:06.873 [FXGL Background Thread 4 ] DEBUG FXGLAssetLoaderServi - Loading from file system: jar:file:/C:/Users/tho26/.m2/repository/com/github/almasb/fxgl/11.17/fxgl-11.17.jar!/fxglassets/ui/fonts/Abel-Regular.ttf
23:55:06.877 [FXGL Background Thread 4 ] DEBUG FXGLAssetLoaderServi - Loading from file system: jar:file:/C:/Users/tho26/.m2/repository/com/github/almasb/fxgl/11.17/fxgl-11.17.jar!/fxglassets/ui/fonts/lucida_console.ttf
23:55:06.882 [FXGL Background Thread 4 ] DEBUG FXGLAssetLoaderServi - Loading from file system: jar:file:/C:/Users/tho26/.m2/repository/com/github/almasb/fxgl/11.17/fxgl-11.17.jar!/fxglassets/ui/fonts/Courier-Prime.ttf
23:55:06.981 [JavaFX Application Thread] DEBUG AudioPlayer          - Playing music com.almasb.fxgl.audio.Music@3c32185b
23:55:06.982 [JavaFX Application Thread] DEBUG FXGLAssetLoaderServi - Loading from file system: jar:file:/C:/Users/tho26/.m2/repository/com/github/almasb/fxgl/11.17/fxgl-11.17.jar!/fxglassets/textures/fxgl_icon.png
23:55:07.005 [JavaFX Application Thread] DEBUG FXGLAssetLoaderServi - Loading from file system: jar:file:/C:/Users/tho26/.m2/repository/com/github/almasb/fxgl/11.17/fxgl-11.17.jar!/fxglassets/textures/fxgl_default_cursor.png
23:55:07.008 [JavaFX Application Thread] DEBUG Input                - Registered new binding: Screenshot - CTRL+8
23:55:07.009 [JavaFX Application Thread] DEBUG Input                - Registered new binding: System info dump - CTRL+9
23:55:07.010 [JavaFX Application Thread] DEBUG Input                - Registered new binding: Restart - CTRL+R
23:55:07.011 [JavaFX Application Thread] DEBUG Input                - Registered new binding: Toggle Debug Camera - CTRL+C
23:55:07.016 [JavaFX Application Thread] DEBUG LoopRunner           - Starting loop
23:55:07.016 [JavaFX Application Thread] DEBUG LoopRunner           - Initializing JavaFX AnimationTimerLoop
23:55:07.020 [JavaFX Application Thread] DEBUG Input                - Clearing active input actions
23:55:07.025 [JavaFX Application Thread] DEBUG GameApplicationServi - Removing overlay from FXGLStartupScene and adding to FXGLMainMenuDummyScene
23:55:07.025 [JavaFX Application Thread] DEBUG PrimaryStageWindow   - FXGLStartupScene -> FXGLMainMenuDummyScene
23:55:07.025 [JavaFX Application Thread] DEBUG PrimaryStageWindow   - Push state: MainMenu
23:55:07.025 [JavaFX Application Thread] DEBUG Input                - Clearing active input actions
23:55:07.028 [JavaFX Application Thread] DEBUG GameApplicationServi - Removing overlay from FXGLMainMenuDummyScene and adding to MainMenu
23:55:07.028 [JavaFX Application Thread] DEBUG PrimaryStageWindow   - FXGLMainMenuDummyScene -> MainMenu
23:55:07.028 [JavaFX Application Thread] DEBUG FXGLApplication      - Registering font factories with UI factory
23:55:07.310 [FXGL Background Thread 2 ] INFO  UpdaterService       - Your current version:  11.17
23:55:07.310 [FXGL Background Thread 2 ] INFO  UpdaterService       - Latest stable version: 17.2
23:55:07.930 [JavaFX Application Thread] DEBUG Menu                 - fireNewGame()
23:55:07.930 [JavaFX Application Thread] DEBUG GameApplicationServi - Starting new game
23:55:07.930 [JavaFX Application Thread] DEBUG PrimaryStageWindow   - Pop state: MainMenu
23:55:07.930 [JavaFX Application Thread] DEBUG Input                - Clearing active input actions
23:55:07.930 [JavaFX Application Thread] DEBUG GameApplicationServi - Removing overlay from MainMenu and adding to FXGLMainMenuDummyScene
23:55:07.931 [JavaFX Application Thread] DEBUG PrimaryStageWindow   - FXGLMainMenuDummyScene <- MainMenu
23:55:07.931 [JavaFX Application Thread] DEBUG Input                - Clearing active input actions
23:55:07.938 [JavaFX Application Thread] DEBUG GameApplicationServi - Removing overlay from FXGLMainMenuDummyScene and adding to FXGLLoadingScene
23:55:07.938 [JavaFX Application Thread] DEBUG PrimaryStageWindow   - FXGLMainMenuDummyScene -> FXGLLoadingScene
23:55:07.938 [JavaFX Application Thread] DEBUG GameApplicationServi - Clearing previous game
23:55:07.938 [JavaFX Application Thread] DEBUG GameScene            - Clearing game scene
23:55:07.938 [JavaFX Application Thread] DEBUG GameWorld            - Clearing game world
23:55:07.938 [JavaFX Application Thread] DEBUG PhysicsWorld         - Clearing physics world
23:55:07.941 [FXGL Background Thread 2 ] DEBUG FXGLApplication      - Initializing game
23:55:07.981 [FXGL Background Thread 2 ] WARN  TMXLevelLoader       - TiledMap generated from 1.7.2. Supported version: 1.2.3. Some features may not be parsed fully.
23:55:08.003 [FXGL Background Thread 2 ] DEBUG TMXLevelLoader       - Parsed TiledMap: file:/E:/CPP/Bomberman-master/target/classes/assets/levels/level1.tmx
23:55:08.005 [FXGL Background Thread 2 ] DEBUG TMXLevelLoader       - Creating tile layer entities
23:55:08.006 [FXGL Background Thread 2 ] DEBUG TilesetLoader        - Loading view for layer Tile Layer 1
23:55:08.014 [FXGL Background Thread 2 ] DEBUG TilesetLoader        - Created buffer with size 1488.0x720.0
23:55:08.034 [FXGL Background Thread 2 ] DEBUG TMXLevelLoader       - Creating object layer entities
23:55:08.065 [FXGL Background Thread 2 ] DEBUG FXGLAssetLoaderServi - Loading from file system: file:/E:/CPP/Bomberman-master/target/classes/assets/textures/player_die.png
23:55:08.073 [FXGL Background Thread 2 ] DEBUG FXGLAssetLoaderServi - Loading from file system: file:/E:/CPP/Bomberman-master/target/classes/assets/textures/player_down.png
23:55:08.074 [FXGL Background Thread 2 ] DEBUG FXGLAssetLoaderServi - Loading from file system: file:/E:/CPP/Bomberman-master/target/classes/assets/textures/player_right.png
23:55:08.077 [FXGL Background Thread 2 ] DEBUG FXGLAssetLoaderServi - Loading from file system: file:/E:/CPP/Bomberman-master/target/classes/assets/textures/player_up.png
23:55:08.078 [FXGL Background Thread 2 ] DEBUG FXGLAssetLoaderServi - Loading from file system: file:/E:/CPP/Bomberman-master/target/classes/assets/textures/player_left.png
23:55:08.081 [FXGL Background Thread 2 ] DEBUG FXGLAssetLoaderServi - Loading from file system: file:/E:/CPP/Bomberman-master/target/classes/assets/textures/enemy1.png
23:55:08.104 [FXGL Background Thread 2 ] DEBUG FXGLAssetLoaderServi - Loading from file system: file:/E:/CPP/Bomberman-master/target/classes/assets/textures/enemy2.png
23:55:08.112 [FXGL Background Thread 2 ] DEBUG FXGLAssetLoaderServi - Loading from file system: file:/E:/CPP/Bomberman-master/target/classes/assets/textures/brick.png
23:55:08.118 [FXGL Background Thread 2 ] DEBUG FXGLAssetLoaderServi - Loading from file system: file:/E:/CPP/Bomberman-master/target/classes/assets/textures/powerup_speed.png
23:55:08.118 [FXGL Background Thread 2 ] DEBUG FXGLAssetLoaderServi - Loading from file system: file:/E:/CPP/Bomberman-master/target/classes/assets/textures/powerup_bombs.png
23:55:08.138 [FXGL Background Thread 2 ] DEBUG GameWorld            - Clearing removable entities
23:55:08.139 [FXGL Background Thread 2 ] DEBUG GameWorld            - Setting level: com.almasb.fxgl.entity.level.Level@1e3a6797
23:55:08.169 [FXGL Background Thread 2 ] INFO  FXGLApplication      - Game initialization took: 0.228 sec
23:55:08.174 [JavaFX Application Thread] DEBUG Input                - Clearing active input actions
23:55:08.187 [JavaFX Application Thread] DEBUG GameApplicationServi - Removing overlay from FXGLLoadingScene and adding to GameScene
23:55:08.187 [JavaFX Application Thread] DEBUG PrimaryStageWindow   - FXGLLoadingScene -> GameScene
23:55:08.189 [JavaFX Application Thread] DEBUG FXGLAssetLoaderServi - Loading from file system: file:/E:/CPP/Bomberman-master/target/classes/assets/sounds/stage_start.wav
23:55:08.202 [JavaFX Application Thread] DEBUG PrimaryStageWindow   - Push state: StageStartScene
23:55:08.202 [JavaFX Application Thread] DEBUG Input                - Clearing active input actions
23:55:08.202 [JavaFX Application Thread] DEBUG GameApplicationServi - Removing overlay from GameScene and adding to StageStartScene
23:55:08.203 [JavaFX Application Thread] DEBUG PrimaryStageWindow   - GameScene -> StageStartScene
23:55:09.802 [FXGL Background Thread 3 ] DEBUG Engine               - Logging environment variables
23:55:09.802 [FXGL Background Thread 3 ] DEBUG Engine               - achievements: []
23:55:09.802 [FXGL Background Thread 3 ] DEBUG Engine               - actualHeight: 720.0
23:55:09.802 [FXGL Background Thread 3 ] DEBUG Engine               - actualHeightProperty: ReadOnlyDoubleProperty [value: 720.0]
23:55:09.802 [FXGL Background Thread 3 ] DEBUG Engine               - actualWidth: 1280.0
23:55:09.802 [FXGL Background Thread 3 ] DEBUG Engine               - actualWidthProperty: ReadOnlyDoubleProperty [value: 1280.0]
23:55:09.802 [FXGL Background Thread 3 ] DEBUG Engine               - appIcon: fxgl_icon.png
23:55:09.802 [FXGL Background Thread 3 ] DEBUG Engine               - applicationMode: DEVELOPER
23:55:09.803 [FXGL Background Thread 3 ] DEBUG Engine               - cSSList: [fxgl_dark.css]
23:55:09.803 [FXGL Background Thread 3 ] DEBUG Engine               - collisionDetectionStrategy: BRUTE_FORCE
23:55:09.803 [FXGL Background Thread 3 ] DEBUG Engine               - configClass: Optional.empty
23:55:09.803 [FXGL Background Thread 3 ] DEBUG Engine               - credits: []
23:55:09.803 [FXGL Background Thread 3 ] DEBUG Engine               - defaultCursor: CursorInfo(imageName=fxgl_default_cursor.png, hotspotX=7.0, hotspotY=6.0)
23:55:09.803 [FXGL Background Thread 3 ] DEBUG Engine               - devBBoxColorProperty: ObjectProperty [value: 0xff0000ff]
23:55:09.803 [FXGL Background Thread 3 ] DEBUG Engine               - devEnableDebugCameraProperty: BooleanProperty [value: false]
23:55:09.803 [FXGL Background Thread 3 ] DEBUG Engine               - devSensorColorProperty: ObjectProperty [value: 0xffff00ff]
23:55:09.803 [FXGL Background Thread 3 ] DEBUG Engine               - devShowBBoxProperty: BooleanProperty [value: false]
23:55:09.803 [FXGL Background Thread 3 ] DEBUG Engine               - devShowPositionProperty: BooleanProperty [value: false]
23:55:09.803 [FXGL Background Thread 3 ] DEBUG Engine               - enabledMenuItems: []
23:55:09.803 [FXGL Background Thread 3 ] DEBUG Engine               - engineServices: [class com.almasb.fxgl.app.services.FXGLAssetLoaderService, class com.almasb.fxgl.app.FXGLApplication$GameApplicationService, class com.almasb.fxgl.app.services.FXGLDialogService, class com.almasb.fxgl.app.services.IOTaskExecutorService, class com.almasb.fxgl.io.FileSystemService, class com.almasb.fxgl.localization.LocalizationService, class com.almasb.fxgl.app.services.SystemBundleService, class com.almasb.fxgl.profile.SaveLoadService, class com.almasb.fxgl.ui.FXGLUIFactoryServiceProvider, class com.almasb.fxgl.ui.FXGLDialogFactoryServiceProvider, class com.almasb.fxgl.audio.AudioPlayer, class com.almasb.fxgl.notification.impl.NotificationServiceProvider, class com.almasb.fxgl.achievement.AchievementService, class com.almasb.fxgl.cutscene.CutsceneService, class com.almasb.fxgl.minigames.MiniGameService, class com.almasb.fxgl.net.NetService, class com.almasb.fxgl.app.services.UpdaterService, class com.almasb.fxgl.dev.DevService]
23:55:09.803 [FXGL Background Thread 3 ] DEBUG Engine               - fontGame: Abel-Regular.ttf
23:55:09.803 [FXGL Background Thread 3 ] DEBUG Engine               - fontMono: lucida_console.ttf
23:55:09.803 [FXGL Background Thread 3 ] DEBUG Engine               - fontText: Courier-Prime.ttf
23:55:09.803 [FXGL Background Thread 3 ] DEBUG Engine               - fontUI: game_font.ttf
23:55:09.803 [FXGL Background Thread 3 ] DEBUG Engine               - fullScreen: BooleanProperty [value: false]
23:55:09.803 [FXGL Background Thread 3 ] DEBUG Engine               - gameDifficulty: MEDIUM
23:55:09.803 [FXGL Background Thread 3 ] DEBUG Engine               - gameDifficultyProperty: ObjectProperty [value: MEDIUM]
23:55:09.803 [FXGL Background Thread 3 ] DEBUG Engine               - globalMusicVolume: 0.5
23:55:09.803 [FXGL Background Thread 3 ] DEBUG Engine               - globalMusicVolumeProperty: DoubleProperty [value: 0.0]
23:55:09.804 [FXGL Background Thread 3 ] DEBUG Engine               - globalSoundVolume: 0.5
23:55:09.804 [FXGL Background Thread 3 ] DEBUG Engine               - globalSoundVolumeProperty: DoubleProperty [value: 0.5]
23:55:09.804 [FXGL Background Thread 3 ] DEBUG Engine               - height: 720
23:55:09.804 [FXGL Background Thread 3 ] DEBUG Engine               - is3D: false
23:55:09.804 [FXGL Background Thread 3 ] DEBUG Engine               - isAndroid: false
23:55:09.804 [FXGL Background Thread 3 ] DEBUG Engine               - isBrowser: false
23:55:09.804 [FXGL Background Thread 3 ] DEBUG Engine               - isClickFeedbackEnabled: false
23:55:09.804 [FXGL Background Thread 3 ] DEBUG Engine               - isCloseConfirmation: false
23:55:09.804 [FXGL Background Thread 3 ] DEBUG Engine               - isDesktop: true
23:55:09.804 [FXGL Background Thread 3 ] DEBUG Engine               - isDeveloperMenuEnabled: false
23:55:09.804 [FXGL Background Thread 3 ] DEBUG Engine               - isEntityPreloadEnabled: true
23:55:09.804 [FXGL Background Thread 3 ] DEBUG Engine               - isExperimentalTiledLargeMap: false
23:55:09.804 [FXGL Background Thread 3 ] DEBUG Engine               - isFileSystemWriteAllowed: true
23:55:09.804 [FXGL Background Thread 3 ] DEBUG Engine               - isFullScreenAllowed: false
23:55:09.804 [FXGL Background Thread 3 ] DEBUG Engine               - isFullScreenFromStart: false
23:55:09.804 [FXGL Background Thread 3 ] DEBUG Engine               - isGameMenuEnabled: true
23:55:09.804 [FXGL Background Thread 3 ] DEBUG Engine               - isIOS: false
23:55:09.804 [FXGL Background Thread 3 ] DEBUG Engine               - isIntroEnabled: false
23:55:09.804 [FXGL Background Thread 3 ] DEBUG Engine               - isLinux: false
23:55:09.804 [FXGL Background Thread 3 ] DEBUG Engine               - isMac: false
23:55:09.804 [FXGL Background Thread 3 ] DEBUG Engine               - isMainMenuEnabled: true
23:55:09.804 [FXGL Background Thread 3 ] DEBUG Engine               - isManualResizeEnabled: false
23:55:09.804 [FXGL Background Thread 3 ] DEBUG Engine               - isMobile: false
23:55:09.804 [FXGL Background Thread 3 ] DEBUG Engine               - isNative: false
23:55:09.804 [FXGL Background Thread 3 ] DEBUG Engine               - isPauseMusicWhenMinimized: true
23:55:09.804 [FXGL Background Thread 3 ] DEBUG Engine               - isPreserveResizeRatio: false
23:55:09.804 [FXGL Background Thread 3 ] DEBUG Engine               - isProfilingEnabled: false
23:55:09.804 [FXGL Background Thread 3 ] DEBUG Engine               - isScaleAffectedOnResize: true
23:55:09.805 [FXGL Background Thread 3 ] DEBUG Engine               - isSingleStep: false
23:55:09.805 [FXGL Background Thread 3 ] DEBUG Engine               - isUserProfileEnabled: false
23:55:09.805 [FXGL Background Thread 3 ] DEBUG Engine               - isWindows: true
23:55:09.805 [FXGL Background Thread 3 ] DEBUG Engine               - language: ObjectProperty [value: ENGLISH]
23:55:09.805 [FXGL Background Thread 3 ] DEBUG Engine               - menuKey: ESCAPE
23:55:09.805 [FXGL Background Thread 3 ] DEBUG Engine               - mouseSensitivity: 0.2
23:55:09.805 [FXGL Background Thread 3 ] DEBUG Engine               - notificationViewClass: class com.almasb.fxgl.notification.view.XboxNotificationView
23:55:09.805 [FXGL Background Thread 3 ] DEBUG Engine               - pixelsPerMeter: 50.0
23:55:09.805 [FXGL Background Thread 3 ] DEBUG Engine               - platform: WINDOWS
23:55:09.805 [FXGL Background Thread 3 ] DEBUG Engine               - prefHeightProperty: ReadOnlyDoubleProperty [value: 720.0]
23:55:09.805 [FXGL Background Thread 3 ] DEBUG Engine               - prefWidthProperty: ReadOnlyDoubleProperty [value: 1280.0]
23:55:09.805 [FXGL Background Thread 3 ] DEBUG Engine               - profileDir: profiles/
23:55:09.805 [FXGL Background Thread 3 ] DEBUG Engine               - profileName: StringProperty [value: DEFAULT]
23:55:09.805 [FXGL Background Thread 3 ] DEBUG Engine               - randomSeed: -1
23:55:09.805 [FXGL Background Thread 3 ] DEBUG Engine               - runtimeInfo: RuntimeInfo(platform=WINDOWS, version=11.17, build=16.07.2021 15.46)
23:55:09.805 [FXGL Background Thread 3 ] DEBUG Engine               - saveFileExt: sav
23:55:09.805 [FXGL Background Thread 3 ] DEBUG Engine               - scaledHeightProp$fxgl: DoubleProperty [bound, value: 720.0]
23:55:09.805 [FXGL Background Thread 3 ] DEBUG Engine               - scaledWidthProp$fxgl: DoubleProperty [bound, value: 1280.0]
23:55:09.805 [FXGL Background Thread 3 ] DEBUG Engine               - sceneFactory: Bomberman.GameApp$1@57804caf
23:55:09.805 [FXGL Background Thread 3 ] DEBUG Engine               - secondsIn24h: 60
23:55:09.805 [FXGL Background Thread 3 ] DEBUG Engine               - soundMenuBack: menu/back.wav
23:55:09.805 [FXGL Background Thread 3 ] DEBUG Engine               - soundMenuPress: menu/press.wav
23:55:09.805 [FXGL Background Thread 3 ] DEBUG Engine               - soundMenuSelect: menu/select.wav
23:55:09.805 [FXGL Background Thread 3 ] DEBUG Engine               - soundNotification: core/notification.wav
23:55:09.805 [FXGL Background Thread 3 ] DEBUG Engine               - stageStyle: DECORATED
23:55:09.805 [FXGL Background Thread 3 ] DEBUG Engine               - supportedLanguages: [ENGLISH, FRENCH, GERMAN, HUNGARIAN, RUSSIAN]
23:55:09.806 [FXGL Background Thread 3 ] DEBUG Engine               - ticksPerSecond: -1
23:55:09.806 [FXGL Background Thread 3 ] DEBUG Engine               - title: SPLATTMAN
23:55:09.806 [FXGL Background Thread 3 ] DEBUG Engine               - urlGithub: https://github.com/AlmasB/FXGL
23:55:09.806 [FXGL Background Thread 3 ] DEBUG Engine               - urlLeaderboard: http://fxgl-top.herokuapp.com/
23:55:09.806 [FXGL Background Thread 3 ] DEBUG Engine               - urlPOM: https://raw.githubusercontent.com/AlmasB/FXGL/release/README.md
23:55:09.806 [FXGL Background Thread 3 ] DEBUG Engine               - userAppClass: class Bomberman.GameApp
23:55:09.806 [FXGL Background Thread 3 ] DEBUG Engine               - version: 1.0
23:55:09.806 [FXGL Background Thread 3 ] DEBUG Engine               - versionCheckDays: 7
23:55:09.806 [FXGL Background Thread 3 ] DEBUG Engine               - width: 1280
23:55:09.806 [FXGL Background Thread 3 ] DEBUG Engine               - Logging services
23:55:09.806 [FXGL Background Thread 3 ] DEBUG Engine               - class com.almasb.fxgl.app.services.FXGLAssetLoaderService
23:55:09.806 [FXGL Background Thread 3 ] DEBUG Engine               - class com.almasb.fxgl.app.FXGLApplication$GameApplicationService
23:55:09.806 [FXGL Background Thread 3 ] DEBUG Engine               - class com.almasb.fxgl.app.services.FXGLDialogService
23:55:09.806 [FXGL Background Thread 3 ] DEBUG Engine               - class com.almasb.fxgl.app.services.IOTaskExecutorService
23:55:09.806 [FXGL Background Thread 3 ] DEBUG Engine               - class com.almasb.fxgl.io.FileSystemService
23:55:09.806 [FXGL Background Thread 3 ] DEBUG Engine               - class com.almasb.fxgl.localization.LocalizationService
23:55:09.806 [FXGL Background Thread 3 ] DEBUG Engine               - class com.almasb.fxgl.app.services.SystemBundleService
23:55:09.806 [FXGL Background Thread 3 ] DEBUG Engine               - class com.almasb.fxgl.profile.SaveLoadService
23:55:09.806 [FXGL Background Thread 3 ] DEBUG Engine               - class com.almasb.fxgl.ui.FXGLUIFactoryServiceProvider
23:55:09.806 [FXGL Background Thread 3 ] DEBUG Engine               - class com.almasb.fxgl.ui.FXGLDialogFactoryServiceProvider
23:55:09.806 [FXGL Background Thread 3 ] DEBUG Engine               - class com.almasb.fxgl.audio.AudioPlayer
23:55:09.806 [FXGL Background Thread 3 ] DEBUG Engine               - class com.almasb.fxgl.notification.impl.NotificationServiceProvider
23:55:09.806 [FXGL Background Thread 3 ] DEBUG Engine               - class com.almasb.fxgl.achievement.AchievementService
23:55:09.806 [FXGL Background Thread 3 ] DEBUG Engine               - class com.almasb.fxgl.cutscene.CutsceneService
23:55:09.806 [FXGL Background Thread 3 ] DEBUG Engine               - class com.almasb.fxgl.minigames.MiniGameService
23:55:09.806 [FXGL Background Thread 3 ] DEBUG Engine               - class com.almasb.fxgl.net.NetService
23:55:09.806 [FXGL Background Thread 3 ] DEBUG Engine               - class com.almasb.fxgl.app.services.UpdaterService
23:55:09.806 [FXGL Background Thread 3 ] DEBUG Engine               - class com.almasb.fxgl.dev.DevService
23:55:12.099 [JavaFX Application Thread] DEBUG PrimaryStageWindow   - Pop state: StageStartScene
23:55:12.099 [JavaFX Application Thread] DEBUG Input                - Clearing active input actions
23:55:12.099 [JavaFX Application Thread] DEBUG GameApplicationServi - Removing overlay from StageStartScene and adding to GameScene
23:55:12.099 [JavaFX Application Thread] DEBUG PrimaryStageWindow   - GameScene <- StageStartScene
23:55:13.461 [JavaFX Application Thread] DEBUG PrimaryStageWindow   - Push state: GameMenu
23:55:13.461 [JavaFX Application Thread] DEBUG Input                - Clearing active input actions
23:55:13.461 [JavaFX Application Thread] DEBUG GameApplicationServi - Removing overlay from GameScene and adding to GameMenu
23:55:13.461 [JavaFX Application Thread] DEBUG PrimaryStageWindow   - GameScene -> GameMenu
23:55:24.637 [JavaFX Application Thread] DEBUG PrimaryStageWindow   - Pop state: GameMenu
23:55:24.637 [JavaFX Application Thread] DEBUG Input                - Clearing active input actions
23:55:24.637 [JavaFX Application Thread] DEBUG GameApplicationServi - Removing overlay from GameMenu and adding to GameScene
23:55:24.637 [JavaFX Application Thread] DEBUG PrimaryStageWindow   - GameScene <- GameMenu
23:55:24.893 [JavaFX Application Thread] DEBUG PrimaryStageWindow   - Push state: GameMenu
23:55:24.893 [JavaFX Application Thread] DEBUG Input                - Clearing active input actions
23:55:24.894 [JavaFX Application Thread] DEBUG GameApplicationServi - Removing overlay from GameScene and adding to GameMenu
23:55:24.894 [JavaFX Application Thread] DEBUG PrimaryStageWindow   - GameScene -> GameMenu
23:55:25.265 [JavaFX Application Thread] DEBUG PrimaryStageWindow   - Pop state: GameMenu
23:55:25.266 [JavaFX Application Thread] DEBUG Input                - Clearing active input actions
23:55:25.266 [JavaFX Application Thread] DEBUG GameApplicationServi - Removing overlay from GameMenu and adding to GameScene
23:55:25.266 [JavaFX Application Thread] DEBUG PrimaryStageWindow   - GameScene <- GameMenu
23:55:25.458 [JavaFX Application Thread] DEBUG PrimaryStageWindow   - Push state: GameMenu
23:55:25.458 [JavaFX Application Thread] DEBUG Input                - Clearing active input actions
23:55:25.459 [JavaFX Application Thread] DEBUG GameApplicationServi - Removing overlay from GameScene and adding to GameMenu
23:55:25.460 [JavaFX Application Thread] DEBUG PrimaryStageWindow   - GameScene -> GameMenu
23:55:25.781 [JavaFX Application Thread] DEBUG PrimaryStageWindow   - Pop state: GameMenu
23:55:25.781 [JavaFX Application Thread] DEBUG Input                - Clearing active input actions
23:55:25.782 [JavaFX Application Thread] DEBUG GameApplicationServi - Removing overlay from GameMenu and adding to GameScene
23:55:25.782 [JavaFX Application Thread] DEBUG PrimaryStageWindow   - GameScene <- GameMenu
23:55:25.982 [JavaFX Application Thread] DEBUG PrimaryStageWindow   - Push state: GameMenu
23:55:25.982 [JavaFX Application Thread] DEBUG Input                - Clearing active input actions
23:55:25.982 [JavaFX Application Thread] DEBUG GameApplicationServi - Removing overlay from GameScene and adding to GameMenu
23:55:25.982 [JavaFX Application Thread] DEBUG PrimaryStageWindow   - GameScene -> GameMenu
23:55:26.497 [JavaFX Application Thread] DEBUG PrimaryStageWindow   - Pop state: GameMenu
23:55:26.497 [JavaFX Application Thread] DEBUG Input                - Clearing active input actions
23:55:26.498 [JavaFX Application Thread] DEBUG GameApplicationServi - Removing overlay from GameMenu and adding to GameScene
23:55:26.498 [JavaFX Application Thread] DEBUG PrimaryStageWindow   - GameScene <- GameMenu
23:55:26.841 [JavaFX Application Thread] DEBUG PrimaryStageWindow   - Push state: GameMenu
23:55:26.841 [JavaFX Application Thread] DEBUG Input                - Clearing active input actions
23:55:26.842 [JavaFX Application Thread] DEBUG GameApplicationServi - Removing overlay from GameScene and adding to GameMenu
23:55:26.843 [JavaFX Application Thread] DEBUG PrimaryStageWindow   - GameScene -> GameMenu
23:55:27.651 [JavaFX Application Thread] DEBUG PrimaryStageWindow   - Pop state: GameMenu
23:55:27.651 [JavaFX Application Thread] DEBUG Input                - Clearing active input actions
23:55:27.652 [JavaFX Application Thread] DEBUG GameApplicationServi - Removing overlay from GameMenu and adding to GameScene
23:55:27.652 [JavaFX Application Thread] DEBUG PrimaryStageWindow   - GameScene <- GameMenu
23:55:27.891 [JavaFX Application Thread] DEBUG PrimaryStageWindow   - Push state: GameMenu
23:55:27.891 [JavaFX Application Thread] DEBUG Input                - Clearing active input actions
23:55:27.892 [JavaFX Application Thread] DEBUG GameApplicationServi - Removing overlay from GameScene and adding to GameMenu
23:55:27.893 [JavaFX Application Thread] DEBUG PrimaryStageWindow   - GameScene -> GameMenu
23:55:28.439 [JavaFX Application Thread] DEBUG PrimaryStageWindow   - Pop state: GameMenu
23:55:28.439 [JavaFX Application Thread] DEBUG Input                - Clearing active input actions
23:55:28.440 [JavaFX Application Thread] DEBUG GameApplicationServi - Removing overlay from GameMenu and adding to GameScene
23:55:28.440 [JavaFX Application Thread] DEBUG PrimaryStageWindow   - GameScene <- GameMenu
23:55:28.674 [JavaFX Application Thread] DEBUG PrimaryStageWindow   - Push state: GameMenu
23:55:28.674 [JavaFX Application Thread] DEBUG Input                - Clearing active input actions
23:55:28.675 [JavaFX Application Thread] DEBUG GameApplicationServi - Removing overlay from GameScene and adding to GameMenu
23:55:28.676 [JavaFX Application Thread] DEBUG PrimaryStageWindow   - GameScene -> GameMenu
23:55:29.501 [JavaFX Application Thread] DEBUG PrimaryStageWindow   - Pop state: GameMenu
23:55:29.501 [JavaFX Application Thread] DEBUG Input                - Clearing active input actions
23:55:29.502 [JavaFX Application Thread] DEBUG GameApplicationServi - Removing overlay from GameMenu and adding to GameScene
23:55:29.502 [JavaFX Application Thread] DEBUG PrimaryStageWindow   - GameScene <- GameMenu
23:55:29.725 [JavaFX Application Thread] DEBUG PrimaryStageWindow   - Push state: GameMenu
23:55:29.726 [JavaFX Application Thread] DEBUG Input                - Clearing active input actions
23:55:29.726 [JavaFX Application Thread] DEBUG GameApplicationServi - Removing overlay from GameScene and adding to GameMenu
23:55:29.726 [JavaFX Application Thread] DEBUG PrimaryStageWindow   - GameScene -> GameMenu
23:55:32.734 [JavaFX Application Thread] DEBUG PrimaryStageWindow   - Pop state: GameMenu
23:55:32.734 [JavaFX Application Thread] DEBUG Input                - Clearing active input actions
23:55:32.735 [JavaFX Application Thread] DEBUG GameApplicationServi - Removing overlay from GameMenu and adding to GameScene
23:55:32.735 [JavaFX Application Thread] DEBUG PrimaryStageWindow   - GameScene <- GameMenu
23:55:32.894 [JavaFX Application Thread] DEBUG PrimaryStageWindow   - Push state: GameMenu
23:55:32.894 [JavaFX Application Thread] DEBUG Input                - Clearing active input actions
23:55:32.895 [JavaFX Application Thread] DEBUG GameApplicationServi - Removing overlay from GameScene and adding to GameMenu
23:55:32.895 [JavaFX Application Thread] DEBUG PrimaryStageWindow   - GameScene -> GameMenu
23:55:38.117 [JavaFX Application Thread] DEBUG PrimaryStageWindow   - Pop state: GameMenu
23:55:38.117 [JavaFX Application Thread] DEBUG Input                - Clearing active input actions
23:55:38.117 [JavaFX Application Thread] DEBUG GameApplicationServi - Removing overlay from GameMenu and adding to GameScene
23:55:38.117 [JavaFX Application Thread] DEBUG PrimaryStageWindow   - GameScene <- GameMenu
23:55:38.364 [JavaFX Application Thread] DEBUG PrimaryStageWindow   - Push state: GameMenu
23:55:38.364 [JavaFX Application Thread] DEBUG Input                - Clearing active input actions
23:55:38.365 [JavaFX Application Thread] DEBUG GameApplicationServi - Removing overlay from GameScene and adding to GameMenu
23:55:38.365 [JavaFX Application Thread] DEBUG PrimaryStageWindow   - GameScene -> GameMenu
23:55:39.705 [JavaFX Application Thread] DEBUG Menu                 - fireExit()
23:55:39.710 [JavaFX Application Thread] DEBUG PrimaryStageWindow   - Push state: DialogSubScene
23:55:39.710 [JavaFX Application Thread] DEBUG Input                - Clearing active input actions
23:55:39.710 [JavaFX Application Thread] DEBUG GameApplicationServi - Removing overlay from GameMenu and adding to DialogSubScene
23:55:39.710 [JavaFX Application Thread] DEBUG PrimaryStageWindow   - GameMenu -> DialogSubScene
23:55:40.337 [JavaFX Application Thread] DEBUG PrimaryStageWindow   - Pop state: DialogSubScene
23:55:40.337 [JavaFX Application Thread] DEBUG Input                - Clearing active input actions
23:55:40.338 [JavaFX Application Thread] DEBUG GameApplicationServi - Removing overlay from DialogSubScene and adding to GameMenu
23:55:40.338 [JavaFX Application Thread] DEBUG PrimaryStageWindow   - GameMenu <- DialogSubScene
23:55:40.338 [JavaFX Application Thread] DEBUG FXGLApplication      - Exiting FXGL
23:55:40.338 [JavaFX Application Thread] DEBUG LoopRunner           - Stopping loop
23:55:40.338 [JavaFX Application Thread] DEBUG SystemBundleService  - Saving FXGL system data
23:55:40.339 [JavaFX Application Thread] DEBUG FileSystemAccess     - Writing to: E:\CPP\Bomberman-master\system\fxgl.bundle
23:55:40.341 [JavaFX Application Thread] DEBUG Async                - Shutting down background threads
23:55:40.341 [JavaFX Application Thread] DEBUG PrimaryStageWindow   - Closing main window
23:55:40.351 [JavaFX Application Thread] DEBUG Logger               - Closing Logger
