10:10:38.281 [main                     ] DEBUG Logger               - Configured Logger
10:10:38.283 [main                     ] DEBUG GameApplication      - Logging settings
Title: SPLATTMAN
Version: 1.0
Width: 1295
Height: 720
Fullscreen: false
Intro: false
Profiling: false
Single step:false
App Mode: DEVELOPER
Menu Key: ESCAPE
Stage Style: DECORATED
Scene Factory: class Bomberman.GameApp$1

10:10:38.725 [JavaFX Application Thread] DEBUG FXGLApplication      - Initializing FXGL
10:10:38.726 [JavaFX Application Thread] INFO  Engine               - FXGL-11.17 (16.07.2021 15.46) on WINDOWS (J:18.0.2.1 FX:16)
10:10:38.727 [JavaFX Application Thread] DEBUG Engine               - JRE Vendor Name: Oracle Corporation
10:10:38.727 [JavaFX Application Thread] DEBUG Engine               - Running on OS: Windows 10 version 10.0
10:10:38.727 [JavaFX Application Thread] DEBUG Engine               - Architecture: amd64
10:10:38.727 [JavaFX Application Thread] INFO  Engine               - Source code and latest versions at: https://github.com/AlmasB/FXGL
10:10:38.727 [JavaFX Application Thread] INFO  Engine               -              Join the FXGL chat at: https://gitter.im/AlmasB/FXGL
10:10:38.829 [JavaFX Application Thread] DEBUG PrimaryStageWindow   - Creating a JavaFX scene
10:10:38.870 [JavaFX Application Thread] DEBUG PrimaryStageWindow   - Target settings size: 1295.0 x 720.0
10:10:38.870 [JavaFX Application Thread] DEBUG PrimaryStageWindow   - Scaled scene size:    1295.0 x 720.0
10:10:38.870 [JavaFX Application Thread] DEBUG PrimaryStageWindow   - Scaled ratio: (1.0, 1.0)
10:10:38.871 [JavaFX Application Thread] DEBUG PrimaryStageWindow   - Set initial scene to FXGLStartupScene
10:10:38.878 [JavaFX Application Thread] DEBUG PrimaryStageWindow   - Opening main window
10:10:38.976 [JavaFX Application Thread] DEBUG PrimaryStageWindow   - Window border size: (14.5999755859375, 37.5999755859375)
10:10:38.976 [JavaFX Application Thread] DEBUG PrimaryStageWindow   - Scaled size: 1295.0 x 720.0
10:10:38.977 [JavaFX Application Thread] DEBUG PrimaryStageWindow   - Scaled ratio: (1.0, 1.0)
10:10:38.977 [JavaFX Application Thread] DEBUG PrimaryStageWindow   - Scene size: 1295.0 x 720.0
10:10:38.977 [JavaFX Application Thread] DEBUG PrimaryStageWindow   - Stage size: 1309.5999755859375 x 757.5999755859375
10:10:38.984 [FXGL Background Thread 1 ] DEBUG Engine               - Initializing environment variables
10:10:39.075 [FXGL Background Thread 1 ] DEBUG FXGLAssetLoaderServi - User app class for loading assets: class Bomberman.GameApp
10:10:39.075 [FXGL Background Thread 1 ] DEBUG GameApplicationServi - Applying CSS: fxgl_dark.css
10:10:39.076 [FXGL Background Thread 1 ] DEBUG FXGLAssetLoaderServi - Loading from file system: jar:file:/C:/Users/tho26/.m2/repository/com/github/almasb/fxgl/11.17/fxgl-11.17.jar!/fxglassets/ui/css/fxgl_dark.css
10:10:39.117 [FXGL Background Thread 1 ] DEBUG GameApplicationServi - Initializing application scenes
10:10:39.172 [FXGL Background Thread 1 ] DEBUG GameWorld            - Game world initialized
10:10:39.234 [FXGL Background Thread 1 ] DEBUG PhysicsWorld         - Physics world initialized: appHeight=720, physics.ppm=50.0
10:10:39.235 [FXGL Background Thread 1 ] DEBUG PhysicsWorld         - Using strategy: BRUTE_FORCE
10:10:39.237 [FXGL Background Thread 1 ] DEBUG GameScene            - Game scene initialized: 1295x720
10:10:39.399 [FXGL Background Thread 1 ] DEBUG GameApplicationServi - Application scenes initialized
10:10:39.408 [FXGL Background Thread 1 ] DEBUG SystemBundleService  - Loading FXGL system data
10:10:39.411 [FXGL Background Thread 1 ] DEBUG FileSystemAccess     - Reading from: E:\CPP\Bomberman-master\system\fxgl.bundle
10:10:39.418 [FXGL Background Thread 1 ] DEBUG SystemBundleService  - Bundle FXGL: {}
10:10:39.418 [FXGL Background Thread 1 ] DEBUG UpdaterService       - Checking for updates
10:10:39.425 [FXGL Background Thread 4 ] DEBUG FXGLApplication      - Loading fonts
10:10:39.425 [FXGL Background Thread 4 ] DEBUG FXGLAssetLoaderServi - Loading from file system: file:/E:/CPP/Bomberman-master/target/classes/assets/ui/fonts/game_font.ttf
10:10:39.425 [FXGL Background Thread 1 ] DEBUG FXGLApplication      - Loading default localization
10:10:39.426 [FXGL Background Thread 1 ] DEBUG FXGLAssetLoaderServi - Loading from file system: jar:file:/C:/Users/tho26/.m2/repository/com/github/almasb/fxgl/11.17/fxgl-11.17.jar!/fxglassets/languages/english.lang
10:10:39.451 [FXGL Background Thread 1 ] INFO  FXGLApplication      - FXGL initialization took: 0.466 sec
10:10:39.461 [JavaFX Application Thread] DEBUG Input                - Registered new binding: Move Up - W
10:10:39.461 [JavaFX Application Thread] DEBUG Input                - Registered new binding: Move Down - S
10:10:39.461 [JavaFX Application Thread] DEBUG Input                - Registered new binding: Move Left - A
10:10:39.461 [JavaFX Application Thread] DEBUG Input                - Registered new binding: Move Right - D
10:10:39.461 [JavaFX Application Thread] DEBUG Input                - Registered new binding: Place Bomb - Space
10:10:39.462 [JavaFX Application Thread] DEBUG FXGLAssetLoaderServi - Loading from file system: file:/E:/CPP/Bomberman-master/target/classes/assets/music/main_theme.mp3
10:10:39.494 [FXGL Background Thread 4 ] DEBUG FXGLAssetLoaderServi - Loading from file system: jar:file:/C:/Users/tho26/.m2/repository/com/github/almasb/fxgl/11.17/fxgl-11.17.jar!/fxglassets/ui/fonts/Abel-Regular.ttf
10:10:39.498 [FXGL Background Thread 4 ] DEBUG FXGLAssetLoaderServi - Loading from file system: jar:file:/C:/Users/tho26/.m2/repository/com/github/almasb/fxgl/11.17/fxgl-11.17.jar!/fxglassets/ui/fonts/lucida_console.ttf
10:10:39.503 [FXGL Background Thread 4 ] DEBUG FXGLAssetLoaderServi - Loading from file system: jar:file:/C:/Users/tho26/.m2/repository/com/github/almasb/fxgl/11.17/fxgl-11.17.jar!/fxglassets/ui/fonts/Courier-Prime.ttf
10:10:39.698 [JavaFX Application Thread] DEBUG AudioPlayer          - Playing music com.almasb.fxgl.audio.Music@546c7167
10:10:39.699 [JavaFX Application Thread] DEBUG FXGLAssetLoaderServi - Loading from file system: file:/E:/CPP/Bomberman-master/target/classes/assets/textures/icon.png
10:10:39.726 [JavaFX Application Thread] DEBUG FXGLAssetLoaderServi - Loading from file system: jar:file:/C:/Users/tho26/.m2/repository/com/github/almasb/fxgl/11.17/fxgl-11.17.jar!/fxglassets/textures/fxgl_default_cursor.png
10:10:39.731 [JavaFX Application Thread] DEBUG Input                - Registered new binding: Screenshot - CTRL+8
10:10:39.732 [JavaFX Application Thread] DEBUG Input                - Registered new binding: System info dump - CTRL+9
10:10:39.733 [JavaFX Application Thread] DEBUG Input                - Registered new binding: Restart - CTRL+R
10:10:39.735 [JavaFX Application Thread] DEBUG Input                - Registered new binding: Toggle Debug Camera - CTRL+C
10:10:39.742 [JavaFX Application Thread] DEBUG LoopRunner           - Starting loop
10:10:39.742 [JavaFX Application Thread] DEBUG LoopRunner           - Initializing JavaFX AnimationTimerLoop
10:10:39.747 [JavaFX Application Thread] DEBUG Input                - Clearing active input actions
10:10:39.759 [JavaFX Application Thread] DEBUG GameApplicationServi - Removing overlay from FXGLStartupScene and adding to FXGLMainMenuDummyScene
10:10:39.760 [JavaFX Application Thread] DEBUG PrimaryStageWindow   - FXGLStartupScene -> FXGLMainMenuDummyScene
10:10:39.760 [JavaFX Application Thread] DEBUG PrimaryStageWindow   - Push state: MainMenu
10:10:39.761 [JavaFX Application Thread] DEBUG Input                - Clearing active input actions
10:10:39.775 [JavaFX Application Thread] DEBUG GameApplicationServi - Removing overlay from FXGLMainMenuDummyScene and adding to MainMenu
10:10:39.777 [JavaFX Application Thread] DEBUG PrimaryStageWindow   - FXGLMainMenuDummyScene -> MainMenu
10:10:39.777 [JavaFX Application Thread] DEBUG FXGLApplication      - Registering font factories with UI factory
10:10:40.018 [FXGL Background Thread 2 ] INFO  UpdaterService       - Your current version:  11.17
10:10:40.018 [FXGL Background Thread 2 ] INFO  UpdaterService       - Latest stable version: 17.2
10:10:41.415 [JavaFX Application Thread] DEBUG Menu                 - fireNewGame()
10:10:41.415 [JavaFX Application Thread] DEBUG GameApplicationServi - Starting new game
10:10:41.415 [JavaFX Application Thread] DEBUG PrimaryStageWindow   - Pop state: MainMenu
10:10:41.415 [JavaFX Application Thread] DEBUG Input                - Clearing active input actions
10:10:41.415 [JavaFX Application Thread] DEBUG GameApplicationServi - Removing overlay from MainMenu and adding to FXGLMainMenuDummyScene
10:10:41.415 [JavaFX Application Thread] DEBUG PrimaryStageWindow   - FXGLMainMenuDummyScene <- MainMenu
10:10:41.416 [JavaFX Application Thread] DEBUG Input                - Clearing active input actions
10:10:41.422 [JavaFX Application Thread] DEBUG GameApplicationServi - Removing overlay from FXGLMainMenuDummyScene and adding to FXGLLoadingScene
10:10:41.423 [JavaFX Application Thread] DEBUG PrimaryStageWindow   - FXGLMainMenuDummyScene -> FXGLLoadingScene
10:10:41.423 [JavaFX Application Thread] DEBUG GameApplicationServi - Clearing previous game
10:10:41.423 [JavaFX Application Thread] DEBUG GameScene            - Clearing game scene
10:10:41.423 [JavaFX Application Thread] DEBUG GameWorld            - Clearing game world
10:10:41.423 [JavaFX Application Thread] DEBUG PhysicsWorld         - Clearing physics world
10:10:41.424 [FXGL Background Thread 2 ] DEBUG FXGLApplication      - Initializing game
10:10:41.463 [FXGL Background Thread 2 ] WARN  TMXLevelLoader       - TiledMap generated from 1.9.2. Supported version: 1.2.3. Some features may not be parsed fully.
10:10:41.483 [FXGL Background Thread 2 ] DEBUG TMXLevelLoader       - Parsed TiledMap: file:/E:/CPP/Bomberman-master/target/classes/assets/levels/level1.tmx
10:10:41.486 [FXGL Background Thread 2 ] DEBUG TMXLevelLoader       - Creating tile layer entities
10:10:41.490 [FXGL Background Thread 2 ] DEBUG TilesetLoader        - Loading view for layer Tile Layer 1
10:10:41.496 [FXGL Background Thread 2 ] DEBUG TilesetLoader        - Created buffer with size 1296.0x720.0
10:10:41.518 [FXGL Background Thread 2 ] DEBUG TMXLevelLoader       - Creating object layer entities
10:10:41.531 [FXGL Background Thread 2 ] DEBUG FXGLAssetLoaderServi - Loading from file system: file:/E:/CPP/Bomberman-master/target/classes/assets/textures/powerup_flamepass.png
10:10:41.545 [FXGL Background Thread 2 ] DEBUG FXGLAssetLoaderServi - Loading from file system: file:/E:/CPP/Bomberman-master/target/classes/assets/textures/powerup_flames.png
10:10:41.546 [FXGL Background Thread 2 ] DEBUG FXGLAssetLoaderServi - Loading from file system: file:/E:/CPP/Bomberman-master/target/classes/assets/textures/powerup_bombs.png
10:10:41.547 [FXGL Background Thread 2 ] DEBUG FXGLAssetLoaderServi - Loading from file system: file:/E:/CPP/Bomberman-master/target/classes/assets/textures/powerup_speed.png
10:10:41.548 [FXGL Background Thread 2 ] DEBUG FXGLAssetLoaderServi - Loading from file system: file:/E:/CPP/Bomberman-master/target/classes/assets/textures/powerup_life.png
10:10:41.561 [FXGL Background Thread 2 ] DEBUG FXGLAssetLoaderServi - Loading from file system: file:/E:/CPP/Bomberman-master/target/classes/assets/textures/player_die.png
10:10:41.563 [FXGL Background Thread 2 ] DEBUG FXGLAssetLoaderServi - Loading from file system: file:/E:/CPP/Bomberman-master/target/classes/assets/textures/player_down.png
10:10:41.564 [FXGL Background Thread 2 ] DEBUG FXGLAssetLoaderServi - Loading from file system: file:/E:/CPP/Bomberman-master/target/classes/assets/textures/player_right.png
10:10:41.565 [FXGL Background Thread 2 ] DEBUG FXGLAssetLoaderServi - Loading from file system: file:/E:/CPP/Bomberman-master/target/classes/assets/textures/player_up.png
10:10:41.565 [FXGL Background Thread 2 ] DEBUG FXGLAssetLoaderServi - Loading from file system: file:/E:/CPP/Bomberman-master/target/classes/assets/textures/player_left.png
10:10:41.581 [FXGL Background Thread 2 ] DEBUG FXGLAssetLoaderServi - Loading from file system: file:/E:/CPP/Bomberman-master/target/classes/assets/textures/enemy1.png
10:10:41.613 [FXGL Background Thread 2 ] DEBUG FXGLAssetLoaderServi - Loading from file system: file:/E:/CPP/Bomberman-master/target/classes/assets/textures/enemy2.png
10:10:41.618 [FXGL Background Thread 2 ] DEBUG FXGLAssetLoaderServi - Loading from file system: file:/E:/CPP/Bomberman-master/target/classes/assets/textures/brick.png
10:10:41.647 [FXGL Background Thread 2 ] DEBUG GameWorld            - Clearing removable entities
10:10:41.647 [FXGL Background Thread 2 ] DEBUG GameWorld            - Setting level: com.almasb.fxgl.entity.level.Level@e177d8b
10:10:41.682 [FXGL Background Thread 2 ] INFO  FXGLApplication      - Game initialization took: 0.257 sec
10:10:41.682 [JavaFX Application Thread] DEBUG Input                - Clearing active input actions
10:10:41.695 [JavaFX Application Thread] DEBUG GameApplicationServi - Removing overlay from FXGLLoadingScene and adding to GameScene
10:10:41.695 [JavaFX Application Thread] DEBUG PrimaryStageWindow   - FXGLLoadingScene -> GameScene
10:10:41.696 [JavaFX Application Thread] DEBUG FXGLAssetLoaderServi - Loading from file system: file:/E:/CPP/Bomberman-master/target/classes/assets/sounds/stage_start.wav
10:10:41.708 [JavaFX Application Thread] DEBUG PrimaryStageWindow   - Push state: StageStartScene
10:10:41.709 [JavaFX Application Thread] DEBUG Input                - Clearing active input actions
10:10:41.709 [JavaFX Application Thread] DEBUG GameApplicationServi - Removing overlay from GameScene and adding to StageStartScene
10:10:41.709 [JavaFX Application Thread] DEBUG PrimaryStageWindow   - GameScene -> StageStartScene
10:10:42.424 [FXGL Background Thread 3 ] DEBUG Engine               - Logging environment variables
10:10:42.424 [FXGL Background Thread 3 ] DEBUG Engine               - achievements: []
10:10:42.424 [FXGL Background Thread 3 ] DEBUG Engine               - actualHeight: 720.0
10:10:42.424 [FXGL Background Thread 3 ] DEBUG Engine               - actualHeightProperty: ReadOnlyDoubleProperty [value: 720.0]
10:10:42.424 [FXGL Background Thread 3 ] DEBUG Engine               - actualWidth: 1295.0
10:10:42.424 [FXGL Background Thread 3 ] DEBUG Engine               - actualWidthProperty: ReadOnlyDoubleProperty [value: 1295.0]
10:10:42.424 [FXGL Background Thread 3 ] DEBUG Engine               - appIcon: icon.png
10:10:42.424 [FXGL Background Thread 3 ] DEBUG Engine               - applicationMode: DEVELOPER
10:10:42.424 [FXGL Background Thread 3 ] DEBUG Engine               - cSSList: [fxgl_dark.css]
10:10:42.424 [FXGL Background Thread 3 ] DEBUG Engine               - collisionDetectionStrategy: BRUTE_FORCE
10:10:42.424 [FXGL Background Thread 3 ] DEBUG Engine               - configClass: Optional.empty
10:10:42.424 [FXGL Background Thread 3 ] DEBUG Engine               - credits: []
10:10:42.424 [FXGL Background Thread 3 ] DEBUG Engine               - defaultCursor: CursorInfo(imageName=fxgl_default_cursor.png, hotspotX=7.0, hotspotY=6.0)
10:10:42.425 [FXGL Background Thread 3 ] DEBUG Engine               - devBBoxColorProperty: ObjectProperty [value: 0xff0000ff]
10:10:42.425 [FXGL Background Thread 3 ] DEBUG Engine               - devEnableDebugCameraProperty: BooleanProperty [value: false]
10:10:42.425 [FXGL Background Thread 3 ] DEBUG Engine               - devSensorColorProperty: ObjectProperty [value: 0xffff00ff]
10:10:42.425 [FXGL Background Thread 3 ] DEBUG Engine               - devShowBBoxProperty: BooleanProperty [value: false]
10:10:42.425 [FXGL Background Thread 3 ] DEBUG Engine               - devShowPositionProperty: BooleanProperty [value: false]
10:10:42.425 [FXGL Background Thread 3 ] DEBUG Engine               - enabledMenuItems: []
10:10:42.425 [FXGL Background Thread 3 ] DEBUG Engine               - engineServices: [class com.almasb.fxgl.app.services.FXGLAssetLoaderService, class com.almasb.fxgl.app.FXGLApplication$GameApplicationService, class com.almasb.fxgl.app.services.FXGLDialogService, class com.almasb.fxgl.app.services.IOTaskExecutorService, class com.almasb.fxgl.io.FileSystemService, class com.almasb.fxgl.localization.LocalizationService, class com.almasb.fxgl.app.services.SystemBundleService, class com.almasb.fxgl.profile.SaveLoadService, class com.almasb.fxgl.ui.FXGLUIFactoryServiceProvider, class com.almasb.fxgl.ui.FXGLDialogFactoryServiceProvider, class com.almasb.fxgl.audio.AudioPlayer, class com.almasb.fxgl.notification.impl.NotificationServiceProvider, class com.almasb.fxgl.achievement.AchievementService, class com.almasb.fxgl.cutscene.CutsceneService, class com.almasb.fxgl.minigames.MiniGameService, class com.almasb.fxgl.net.NetService, class com.almasb.fxgl.app.services.UpdaterService, class com.almasb.fxgl.dev.DevService]
10:10:42.425 [FXGL Background Thread 3 ] DEBUG Engine               - fontGame: Abel-Regular.ttf
10:10:42.425 [FXGL Background Thread 3 ] DEBUG Engine               - fontMono: lucida_console.ttf
10:10:42.425 [FXGL Background Thread 3 ] DEBUG Engine               - fontText: Courier-Prime.ttf
10:10:42.425 [FXGL Background Thread 3 ] DEBUG Engine               - fontUI: game_font.ttf
10:10:42.425 [FXGL Background Thread 3 ] DEBUG Engine               - fullScreen: BooleanProperty [value: false]
10:10:42.425 [FXGL Background Thread 3 ] DEBUG Engine               - gameDifficulty: MEDIUM
10:10:42.425 [FXGL Background Thread 3 ] DEBUG Engine               - gameDifficultyProperty: ObjectProperty [value: MEDIUM]
10:10:42.425 [FXGL Background Thread 3 ] DEBUG Engine               - globalMusicVolume: 0.5
10:10:42.425 [FXGL Background Thread 3 ] DEBUG Engine               - globalMusicVolumeProperty: DoubleProperty [value: 0.0]
10:10:42.425 [FXGL Background Thread 3 ] DEBUG Engine               - globalSoundVolume: 0.5
10:10:42.425 [FXGL Background Thread 3 ] DEBUG Engine               - globalSoundVolumeProperty: DoubleProperty [value: 0.5]
10:10:42.425 [FXGL Background Thread 3 ] DEBUG Engine               - height: 720
10:10:42.425 [FXGL Background Thread 3 ] DEBUG Engine               - is3D: false
10:10:42.425 [FXGL Background Thread 3 ] DEBUG Engine               - isAndroid: false
10:10:42.426 [FXGL Background Thread 3 ] DEBUG Engine               - isBrowser: false
10:10:42.426 [FXGL Background Thread 3 ] DEBUG Engine               - isClickFeedbackEnabled: true
10:10:42.426 [FXGL Background Thread 3 ] DEBUG Engine               - isCloseConfirmation: true
10:10:42.426 [FXGL Background Thread 3 ] DEBUG Engine               - isDesktop: true
10:10:42.426 [FXGL Background Thread 3 ] DEBUG Engine               - isDeveloperMenuEnabled: false
10:10:42.426 [FXGL Background Thread 3 ] DEBUG Engine               - isEntityPreloadEnabled: true
10:10:42.426 [FXGL Background Thread 3 ] DEBUG Engine               - isExperimentalTiledLargeMap: false
10:10:42.426 [FXGL Background Thread 3 ] DEBUG Engine               - isFileSystemWriteAllowed: true
10:10:42.426 [FXGL Background Thread 3 ] DEBUG Engine               - isFullScreenAllowed: false
10:10:42.426 [FXGL Background Thread 3 ] DEBUG Engine               - isFullScreenFromStart: false
10:10:42.426 [FXGL Background Thread 3 ] DEBUG Engine               - isGameMenuEnabled: true
10:10:42.426 [FXGL Background Thread 3 ] DEBUG Engine               - isIOS: false
10:10:42.426 [FXGL Background Thread 3 ] DEBUG Engine               - isIntroEnabled: false
10:10:42.426 [FXGL Background Thread 3 ] DEBUG Engine               - isLinux: false
10:10:42.426 [FXGL Background Thread 3 ] DEBUG Engine               - isMac: false
10:10:42.426 [FXGL Background Thread 3 ] DEBUG Engine               - isMainMenuEnabled: true
10:10:42.426 [FXGL Background Thread 3 ] DEBUG Engine               - isManualResizeEnabled: false
10:10:42.426 [FXGL Background Thread 3 ] DEBUG Engine               - isMobile: false
10:10:42.426 [FXGL Background Thread 3 ] DEBUG Engine               - isNative: false
10:10:42.426 [FXGL Background Thread 3 ] DEBUG Engine               - isPauseMusicWhenMinimized: true
10:10:42.426 [FXGL Background Thread 3 ] DEBUG Engine               - isPreserveResizeRatio: false
10:10:42.426 [FXGL Background Thread 3 ] DEBUG Engine               - isProfilingEnabled: false
10:10:42.426 [FXGL Background Thread 3 ] DEBUG Engine               - isScaleAffectedOnResize: true
10:10:42.426 [FXGL Background Thread 3 ] DEBUG Engine               - isSingleStep: false
10:10:42.426 [FXGL Background Thread 3 ] DEBUG Engine               - isUserProfileEnabled: false
10:10:42.426 [FXGL Background Thread 3 ] DEBUG Engine               - isWindows: true
10:10:42.427 [FXGL Background Thread 3 ] DEBUG Engine               - language: ObjectProperty [value: ENGLISH]
10:10:42.427 [FXGL Background Thread 3 ] DEBUG Engine               - menuKey: ESCAPE
10:10:42.427 [FXGL Background Thread 3 ] DEBUG Engine               - mouseSensitivity: 0.2
10:10:42.427 [FXGL Background Thread 3 ] DEBUG Engine               - notificationViewClass: class com.almasb.fxgl.notification.view.XboxNotificationView
10:10:42.427 [FXGL Background Thread 3 ] DEBUG Engine               - pixelsPerMeter: 50.0
10:10:42.427 [FXGL Background Thread 3 ] DEBUG Engine               - platform: WINDOWS
10:10:42.427 [FXGL Background Thread 3 ] DEBUG Engine               - prefHeightProperty: ReadOnlyDoubleProperty [value: 720.0]
10:10:42.427 [FXGL Background Thread 3 ] DEBUG Engine               - prefWidthProperty: ReadOnlyDoubleProperty [value: 1295.0]
10:10:42.427 [FXGL Background Thread 3 ] DEBUG Engine               - profileDir: profiles/
10:10:42.427 [FXGL Background Thread 3 ] DEBUG Engine               - profileName: StringProperty [value: DEFAULT]
10:10:42.427 [FXGL Background Thread 3 ] DEBUG Engine               - randomSeed: -1
10:10:42.427 [FXGL Background Thread 3 ] DEBUG Engine               - runtimeInfo: RuntimeInfo(platform=WINDOWS, version=11.17, build=16.07.2021 15.46)
10:10:42.427 [FXGL Background Thread 3 ] DEBUG Engine               - saveFileExt: sav
10:10:42.427 [FXGL Background Thread 3 ] DEBUG Engine               - scaledHeightProp$fxgl: DoubleProperty [bound, value: 720.0]
10:10:42.427 [FXGL Background Thread 3 ] DEBUG Engine               - scaledWidthProp$fxgl: DoubleProperty [bound, value: 1295.0]
10:10:42.427 [FXGL Background Thread 3 ] DEBUG Engine               - sceneFactory: Bomberman.GameApp$1@5b748ba4
10:10:42.427 [FXGL Background Thread 3 ] DEBUG Engine               - secondsIn24h: 60
10:10:42.427 [FXGL Background Thread 3 ] DEBUG Engine               - soundMenuBack: menu/back.wav
10:10:42.427 [FXGL Background Thread 3 ] DEBUG Engine               - soundMenuPress: menu/press.wav
10:10:42.427 [FXGL Background Thread 3 ] DEBUG Engine               - soundMenuSelect: menu/select.wav
10:10:42.427 [FXGL Background Thread 3 ] DEBUG Engine               - soundNotification: core/notification.wav
10:10:42.427 [FXGL Background Thread 3 ] DEBUG Engine               - stageStyle: DECORATED
10:10:42.427 [FXGL Background Thread 3 ] DEBUG Engine               - supportedLanguages: [ENGLISH, FRENCH, GERMAN, HUNGARIAN, RUSSIAN]
10:10:42.428 [FXGL Background Thread 3 ] DEBUG Engine               - ticksPerSecond: -1
10:10:42.428 [FXGL Background Thread 3 ] DEBUG Engine               - title: SPLATTMAN
10:10:42.428 [FXGL Background Thread 3 ] DEBUG Engine               - urlGithub: https://github.com/AlmasB/FXGL
10:10:42.428 [FXGL Background Thread 3 ] DEBUG Engine               - urlLeaderboard: http://fxgl-top.herokuapp.com/
10:10:42.428 [FXGL Background Thread 3 ] DEBUG Engine               - urlPOM: https://raw.githubusercontent.com/AlmasB/FXGL/release/README.md
10:10:42.428 [FXGL Background Thread 3 ] DEBUG Engine               - userAppClass: class Bomberman.GameApp
10:10:42.428 [FXGL Background Thread 3 ] DEBUG Engine               - version: 1.0
10:10:42.428 [FXGL Background Thread 3 ] DEBUG Engine               - versionCheckDays: 7
10:10:42.428 [FXGL Background Thread 3 ] DEBUG Engine               - width: 1295
10:10:42.428 [FXGL Background Thread 3 ] DEBUG Engine               - Logging services
10:10:42.428 [FXGL Background Thread 3 ] DEBUG Engine               - class com.almasb.fxgl.app.services.FXGLAssetLoaderService
10:10:42.428 [FXGL Background Thread 3 ] DEBUG Engine               - class com.almasb.fxgl.app.FXGLApplication$GameApplicationService
10:10:42.428 [FXGL Background Thread 3 ] DEBUG Engine               - class com.almasb.fxgl.app.services.FXGLDialogService
10:10:42.428 [FXGL Background Thread 3 ] DEBUG Engine               - class com.almasb.fxgl.app.services.IOTaskExecutorService
10:10:42.428 [FXGL Background Thread 3 ] DEBUG Engine               - class com.almasb.fxgl.io.FileSystemService
10:10:42.428 [FXGL Background Thread 3 ] DEBUG Engine               - class com.almasb.fxgl.localization.LocalizationService
10:10:42.428 [FXGL Background Thread 3 ] DEBUG Engine               - class com.almasb.fxgl.app.services.SystemBundleService
10:10:42.428 [FXGL Background Thread 3 ] DEBUG Engine               - class com.almasb.fxgl.profile.SaveLoadService
10:10:42.428 [FXGL Background Thread 3 ] DEBUG Engine               - class com.almasb.fxgl.ui.FXGLUIFactoryServiceProvider
10:10:42.428 [FXGL Background Thread 3 ] DEBUG Engine               - class com.almasb.fxgl.ui.FXGLDialogFactoryServiceProvider
10:10:42.428 [FXGL Background Thread 3 ] DEBUG Engine               - class com.almasb.fxgl.audio.AudioPlayer
10:10:42.428 [FXGL Background Thread 3 ] DEBUG Engine               - class com.almasb.fxgl.notification.impl.NotificationServiceProvider
10:10:42.428 [FXGL Background Thread 3 ] DEBUG Engine               - class com.almasb.fxgl.achievement.AchievementService
10:10:42.428 [FXGL Background Thread 3 ] DEBUG Engine               - class com.almasb.fxgl.cutscene.CutsceneService
10:10:42.428 [FXGL Background Thread 3 ] DEBUG Engine               - class com.almasb.fxgl.minigames.MiniGameService
10:10:42.428 [FXGL Background Thread 3 ] DEBUG Engine               - class com.almasb.fxgl.net.NetService
10:10:42.428 [FXGL Background Thread 3 ] DEBUG Engine               - class com.almasb.fxgl.app.services.UpdaterService
10:10:42.428 [FXGL Background Thread 3 ] DEBUG Engine               - class com.almasb.fxgl.dev.DevService
10:10:45.731 [JavaFX Application Thread] DEBUG PrimaryStageWindow   - Pop state: StageStartScene
10:10:45.731 [JavaFX Application Thread] DEBUG Input                - Clearing active input actions
10:10:45.732 [JavaFX Application Thread] DEBUG GameApplicationServi - Removing overlay from StageStartScene and adding to GameScene
10:10:45.732 [JavaFX Application Thread] DEBUG PrimaryStageWindow   - GameScene <- StageStartScene
10:10:47.126 [JavaFX Application Thread] DEBUG FXGLAssetLoaderServi - Loading from file system: file:/E:/CPP/Bomberman-master/target/classes/assets/textures/bomb.png
10:10:47.127 [JavaFX Application Thread] DEBUG FXGLAssetLoaderServi - Loading from file system: file:/E:/CPP/Bomberman-master/target/classes/assets/sounds/place_bomb.wav
10:10:49.269 [JavaFX Application Thread] DEBUG FXGLAssetLoaderServi - Loading from file system: file:/E:/CPP/Bomberman-master/target/classes/assets/textures/top_right_flame.png
10:10:49.274 [JavaFX Application Thread] DEBUG FXGLAssetLoaderServi - Loading from file system: file:/E:/CPP/Bomberman-master/target/classes/assets/textures/top_left_flame.png
10:10:49.275 [JavaFX Application Thread] DEBUG FXGLAssetLoaderServi - Loading from file system: file:/E:/CPP/Bomberman-master/target/classes/assets/textures/top_down_flame.png
10:10:49.276 [JavaFX Application Thread] DEBUG FXGLAssetLoaderServi - Loading from file system: file:/E:/CPP/Bomberman-master/target/classes/assets/textures/top_up_flame.png
10:10:49.277 [JavaFX Application Thread] DEBUG FXGLAssetLoaderServi - Loading from file system: file:/E:/CPP/Bomberman-master/target/classes/assets/textures/central_flame.png
10:10:49.279 [JavaFX Application Thread] DEBUG FXGLAssetLoaderServi - Loading from file system: file:/E:/CPP/Bomberman-master/target/classes/assets/sounds/bomb_explode.wav
10:10:49.285 [JavaFX Application Thread] DEBUG FXGLAssetLoaderServi - Loading from file system: file:/E:/CPP/Bomberman-master/target/classes/assets/textures/brick_break.png
10:10:52.068 [JavaFX Application Thread] WARN  GameWorld            - Attempted to remove entity which is not active
10:10:55.108 [JavaFX Application Thread] DEBUG FXGLAssetLoaderServi - Loading from file system: file:/E:/CPP/Bomberman-master/target/classes/assets/sounds/powerup.wav
10:11:02.868 [JavaFX Application Thread] DEBUG PrimaryStageWindow   - Push state: DialogSubScene
10:11:02.868 [JavaFX Application Thread] DEBUG Input                - Clearing active input actions
10:11:02.868 [JavaFX Application Thread] DEBUG GameApplicationServi - Removing overlay from GameScene and adding to DialogSubScene
10:11:02.868 [JavaFX Application Thread] DEBUG PrimaryStageWindow   - GameScene -> DialogSubScene
10:11:03.647 [JavaFX Application Thread] DEBUG PrimaryStageWindow   - Pop state: DialogSubScene
10:11:03.647 [JavaFX Application Thread] DEBUG Input                - Clearing active input actions
10:11:03.648 [JavaFX Application Thread] DEBUG GameApplicationServi - Removing overlay from DialogSubScene and adding to GameScene
10:11:03.648 [JavaFX Application Thread] DEBUG PrimaryStageWindow   - GameScene <- DialogSubScene
10:11:03.648 [JavaFX Application Thread] DEBUG FXGLApplication      - Exiting FXGL
10:11:03.648 [JavaFX Application Thread] DEBUG LoopRunner           - Stopping loop
10:11:03.648 [JavaFX Application Thread] DEBUG SystemBundleService  - Saving FXGL system data
10:11:03.650 [JavaFX Application Thread] DEBUG FileSystemAccess     - Writing to: E:\CPP\Bomberman-master\system\fxgl.bundle
10:11:03.651 [JavaFX Application Thread] DEBUG Async                - Shutting down background threads
10:11:03.651 [JavaFX Application Thread] DEBUG PrimaryStageWindow   - Closing main window
10:11:03.660 [JavaFX Application Thread] DEBUG Logger               - Closing Logger
