00:53:13.794 [main                     ] DEBUG Logger               - Configured Logger
00:53:13.796 [main                     ] DEBUG GameApplication      - Logging settings
Title: SPLATTMAN
Version: 1.0
Width: 1280
Height: 720
Fullscreen: false
Intro: false
Profiling: false
Single step:false
App Mode: DEVELOPER
Menu Key: ESCAPE
Stage Style: DECORATED
Scene Factory: class Bomberman.GameApp$1

00:53:14.177 [JavaFX Application Thread] DEBUG FXGLApplication      - Initializing FXGL
00:53:14.179 [JavaFX Application Thread] INFO  Engine               - FXGL-11.17 (16.07.2021 15.46) on WINDOWS (J:18.0.2.1 FX:16)
00:53:14.179 [JavaFX Application Thread] DEBUG Engine               - JRE Vendor Name: Oracle Corporation
00:53:14.179 [JavaFX Application Thread] DEBUG Engine               - Running on OS: Windows 10 version 10.0
00:53:14.179 [JavaFX Application Thread] DEBUG Engine               - Architecture: amd64
00:53:14.179 [JavaFX Application Thread] INFO  Engine               - Source code and latest versions at: https://github.com/AlmasB/FXGL
00:53:14.179 [JavaFX Application Thread] INFO  Engine               -              Join the FXGL chat at: https://gitter.im/AlmasB/FXGL
00:53:14.276 [JavaFX Application Thread] DEBUG PrimaryStageWindow   - Creating a JavaFX scene
00:53:14.315 [JavaFX Application Thread] DEBUG PrimaryStageWindow   - Target settings size: 1280.0 x 720.0
00:53:14.315 [JavaFX Application Thread] DEBUG PrimaryStageWindow   - Scaled scene size:    1280.0 x 720.0
00:53:14.315 [JavaFX Application Thread] DEBUG PrimaryStageWindow   - Scaled ratio: (1.0, 1.0)
00:53:14.317 [JavaFX Application Thread] DEBUG PrimaryStageWindow   - Set initial scene to FXGLStartupScene
00:53:14.323 [JavaFX Application Thread] DEBUG PrimaryStageWindow   - Opening main window
00:53:14.414 [JavaFX Application Thread] DEBUG PrimaryStageWindow   - Window border size: (14.4000244140625, 37.5999755859375)
00:53:14.415 [JavaFX Application Thread] DEBUG PrimaryStageWindow   - Scaled size: 1280.0 x 720.0
00:53:14.415 [JavaFX Application Thread] DEBUG PrimaryStageWindow   - Scaled ratio: (1.0, 1.0)
00:53:14.415 [JavaFX Application Thread] DEBUG PrimaryStageWindow   - Scene size: 1280.0 x 720.0
00:53:14.415 [JavaFX Application Thread] DEBUG PrimaryStageWindow   - Stage size: 1294.4000244140625 x 757.5999755859375
00:53:14.428 [FXGL Background Thread 1 ] DEBUG Engine               - Initializing environment variables
00:53:14.507 [FXGL Background Thread 1 ] DEBUG FXGLAssetLoaderServi - User app class for loading assets: class Bomberman.GameApp
00:53:14.508 [FXGL Background Thread 1 ] DEBUG GameApplicationServi - Applying CSS: fxgl_dark.css
00:53:14.508 [FXGL Background Thread 1 ] DEBUG FXGLAssetLoaderServi - Loading from file system: jar:file:/C:/Users/tho26/.m2/repository/com/github/almasb/fxgl/11.17/fxgl-11.17.jar!/fxglassets/ui/css/fxgl_dark.css
00:53:14.548 [FXGL Background Thread 1 ] DEBUG GameApplicationServi - Initializing application scenes
00:53:14.599 [FXGL Background Thread 1 ] DEBUG GameWorld            - Game world initialized
00:53:14.659 [FXGL Background Thread 1 ] DEBUG PhysicsWorld         - Physics world initialized: appHeight=720, physics.ppm=50.0
00:53:14.660 [FXGL Background Thread 1 ] DEBUG PhysicsWorld         - Using strategy: BRUTE_FORCE
00:53:14.662 [FXGL Background Thread 1 ] DEBUG GameScene            - Game scene initialized: 1280x720
00:53:14.782 [FXGL Background Thread 1 ] DEBUG GameApplicationServi - Application scenes initialized
00:53:14.791 [FXGL Background Thread 1 ] DEBUG SystemBundleService  - Loading FXGL system data
00:53:14.795 [FXGL Background Thread 1 ] DEBUG FileSystemAccess     - Reading from: E:\CPP\Bomberman-master\system\fxgl.bundle
00:53:14.802 [FXGL Background Thread 1 ] DEBUG SystemBundleService  - Bundle FXGL: {}
00:53:14.802 [FXGL Background Thread 1 ] DEBUG UpdaterService       - Checking for updates
00:53:14.809 [FXGL Background Thread 4 ] DEBUG FXGLApplication      - Loading fonts
00:53:14.809 [FXGL Background Thread 4 ] DEBUG FXGLAssetLoaderServi - Loading from file system: file:/E:/CPP/Bomberman-master/target/classes/assets/ui/fonts/game_font.ttf
00:53:14.809 [FXGL Background Thread 1 ] DEBUG FXGLApplication      - Loading default localization
00:53:14.810 [FXGL Background Thread 1 ] DEBUG FXGLAssetLoaderServi - Loading from file system: jar:file:/C:/Users/tho26/.m2/repository/com/github/almasb/fxgl/11.17/fxgl-11.17.jar!/fxglassets/languages/english.lang
00:53:14.831 [FXGL Background Thread 1 ] INFO  FXGLApplication      - FXGL initialization took: 0.404 sec
00:53:14.847 [JavaFX Application Thread] DEBUG Input                - Registered new binding: Move Up - W
00:53:14.847 [JavaFX Application Thread] DEBUG Input                - Registered new binding: Move Down - S
00:53:14.847 [JavaFX Application Thread] DEBUG Input                - Registered new binding: Move Left - A
00:53:14.847 [JavaFX Application Thread] DEBUG Input                - Registered new binding: Move Right - D
00:53:14.847 [JavaFX Application Thread] DEBUG Input                - Registered new binding: Place Bomb - Space
00:53:14.848 [JavaFX Application Thread] DEBUG FXGLAssetLoaderServi - Loading from file system: file:/E:/CPP/Bomberman-master/target/classes/assets/music/main_theme.mp3
00:53:14.872 [FXGL Background Thread 4 ] DEBUG FXGLAssetLoaderServi - Loading from file system: jar:file:/C:/Users/tho26/.m2/repository/com/github/almasb/fxgl/11.17/fxgl-11.17.jar!/fxglassets/ui/fonts/Abel-Regular.ttf
00:53:14.875 [FXGL Background Thread 4 ] DEBUG FXGLAssetLoaderServi - Loading from file system: jar:file:/C:/Users/tho26/.m2/repository/com/github/almasb/fxgl/11.17/fxgl-11.17.jar!/fxglassets/ui/fonts/lucida_console.ttf
00:53:14.879 [FXGL Background Thread 4 ] DEBUG FXGLAssetLoaderServi - Loading from file system: jar:file:/C:/Users/tho26/.m2/repository/com/github/almasb/fxgl/11.17/fxgl-11.17.jar!/fxglassets/ui/fonts/Courier-Prime.ttf
00:53:14.981 [JavaFX Application Thread] DEBUG AudioPlayer          - Playing music com.almasb.fxgl.audio.Music@41853397
00:53:14.981 [JavaFX Application Thread] WARN  FXGLAssetLoaderServi - Asset "/assets/textures/assets/textures/icon.png" was not found!
00:53:14.981 [JavaFX Application Thread] WARN  FXGLAssetLoaderServi - Failed to load IMAGE
00:53:15.005 [JavaFX Application Thread] DEBUG FXGLAssetLoaderServi - Loading from file system: jar:file:/C:/Users/tho26/.m2/repository/com/github/almasb/fxgl/11.17/fxgl-11.17.jar!/fxglassets/textures/fxgl_default_cursor.png
00:53:15.008 [JavaFX Application Thread] DEBUG Input                - Registered new binding: Screenshot - CTRL+8
00:53:15.009 [JavaFX Application Thread] DEBUG Input                - Registered new binding: System info dump - CTRL+9
00:53:15.010 [JavaFX Application Thread] DEBUG Input                - Registered new binding: Restart - CTRL+R
00:53:15.012 [JavaFX Application Thread] DEBUG Input                - Registered new binding: Toggle Debug Camera - CTRL+C
00:53:15.015 [JavaFX Application Thread] DEBUG LoopRunner           - Starting loop
00:53:15.016 [JavaFX Application Thread] DEBUG LoopRunner           - Initializing JavaFX AnimationTimerLoop
00:53:15.019 [JavaFX Application Thread] DEBUG Input                - Clearing active input actions
00:53:15.029 [JavaFX Application Thread] DEBUG GameApplicationServi - Removing overlay from FXGLStartupScene and adding to FXGLMainMenuDummyScene
00:53:15.029 [JavaFX Application Thread] DEBUG PrimaryStageWindow   - FXGLStartupScene -> FXGLMainMenuDummyScene
00:53:15.029 [JavaFX Application Thread] DEBUG PrimaryStageWindow   - Push state: MainMenu
00:53:15.029 [JavaFX Application Thread] DEBUG Input                - Clearing active input actions
00:53:15.036 [JavaFX Application Thread] DEBUG GameApplicationServi - Removing overlay from FXGLMainMenuDummyScene and adding to MainMenu
00:53:15.036 [JavaFX Application Thread] DEBUG PrimaryStageWindow   - FXGLMainMenuDummyScene -> MainMenu
00:53:15.037 [JavaFX Application Thread] DEBUG FXGLApplication      - Registering font factories with UI factory
00:53:15.602 [FXGL Background Thread 2 ] INFO  UpdaterService       - Your current version:  11.17
00:53:15.602 [FXGL Background Thread 2 ] INFO  UpdaterService       - Latest stable version: 17.2
00:53:17.808 [FXGL Background Thread 3 ] DEBUG Engine               - Logging environment variables
00:53:17.808 [FXGL Background Thread 3 ] DEBUG Engine               - achievements: []
00:53:17.808 [FXGL Background Thread 3 ] DEBUG Engine               - actualHeight: 720.0
00:53:17.808 [FXGL Background Thread 3 ] DEBUG Engine               - actualHeightProperty: ReadOnlyDoubleProperty [value: 720.0]
00:53:17.808 [FXGL Background Thread 3 ] DEBUG Engine               - actualWidth: 1280.0
00:53:17.808 [FXGL Background Thread 3 ] DEBUG Engine               - actualWidthProperty: ReadOnlyDoubleProperty [value: 1280.0]
00:53:17.808 [FXGL Background Thread 3 ] DEBUG Engine               - appIcon: assets/textures/icon.png
00:53:17.808 [FXGL Background Thread 3 ] DEBUG Engine               - applicationMode: DEVELOPER
00:53:17.809 [FXGL Background Thread 3 ] DEBUG Engine               - cSSList: [fxgl_dark.css]
00:53:17.809 [FXGL Background Thread 3 ] DEBUG Engine               - collisionDetectionStrategy: BRUTE_FORCE
00:53:17.809 [FXGL Background Thread 3 ] DEBUG Engine               - configClass: Optional.empty
00:53:17.809 [FXGL Background Thread 3 ] DEBUG Engine               - credits: []
00:53:17.809 [FXGL Background Thread 3 ] DEBUG Engine               - defaultCursor: CursorInfo(imageName=fxgl_default_cursor.png, hotspotX=7.0, hotspotY=6.0)
00:53:17.809 [FXGL Background Thread 3 ] DEBUG Engine               - devBBoxColorProperty: ObjectProperty [value: 0xff0000ff]
00:53:17.809 [FXGL Background Thread 3 ] DEBUG Engine               - devEnableDebugCameraProperty: BooleanProperty [value: false]
00:53:17.809 [FXGL Background Thread 3 ] DEBUG Engine               - devSensorColorProperty: ObjectProperty [value: 0xffff00ff]
00:53:17.809 [FXGL Background Thread 3 ] DEBUG Engine               - devShowBBoxProperty: BooleanProperty [value: false]
00:53:17.809 [FXGL Background Thread 3 ] DEBUG Engine               - devShowPositionProperty: BooleanProperty [value: false]
00:53:17.809 [FXGL Background Thread 3 ] DEBUG Engine               - enabledMenuItems: []
00:53:17.809 [FXGL Background Thread 3 ] DEBUG Engine               - engineServices: [class com.almasb.fxgl.app.services.FXGLAssetLoaderService, class com.almasb.fxgl.app.FXGLApplication$GameApplicationService, class com.almasb.fxgl.app.services.FXGLDialogService, class com.almasb.fxgl.app.services.IOTaskExecutorService, class com.almasb.fxgl.io.FileSystemService, class com.almasb.fxgl.localization.LocalizationService, class com.almasb.fxgl.app.services.SystemBundleService, class com.almasb.fxgl.profile.SaveLoadService, class com.almasb.fxgl.ui.FXGLUIFactoryServiceProvider, class com.almasb.fxgl.ui.FXGLDialogFactoryServiceProvider, class com.almasb.fxgl.audio.AudioPlayer, class com.almasb.fxgl.notification.impl.NotificationServiceProvider, class com.almasb.fxgl.achievement.AchievementService, class com.almasb.fxgl.cutscene.CutsceneService, class com.almasb.fxgl.minigames.MiniGameService, class com.almasb.fxgl.net.NetService, class com.almasb.fxgl.app.services.UpdaterService, class com.almasb.fxgl.dev.DevService]
00:53:17.809 [FXGL Background Thread 3 ] DEBUG Engine               - fontGame: Abel-Regular.ttf
00:53:17.809 [FXGL Background Thread 3 ] DEBUG Engine               - fontMono: lucida_console.ttf
00:53:17.809 [FXGL Background Thread 3 ] DEBUG Engine               - fontText: Courier-Prime.ttf
00:53:17.810 [FXGL Background Thread 3 ] DEBUG Engine               - fontUI: game_font.ttf
00:53:17.810 [FXGL Background Thread 3 ] DEBUG Engine               - fullScreen: BooleanProperty [value: false]
00:53:17.810 [FXGL Background Thread 3 ] DEBUG Engine               - gameDifficulty: MEDIUM
00:53:17.810 [FXGL Background Thread 3 ] DEBUG Engine               - gameDifficultyProperty: ObjectProperty [value: MEDIUM]
00:53:17.810 [FXGL Background Thread 3 ] DEBUG Engine               - globalMusicVolume: 0.5
00:53:17.810 [FXGL Background Thread 3 ] DEBUG Engine               - globalMusicVolumeProperty: DoubleProperty [value: 0.5]
00:53:17.810 [FXGL Background Thread 3 ] DEBUG Engine               - globalSoundVolume: 0.5
00:53:17.810 [FXGL Background Thread 3 ] DEBUG Engine               - globalSoundVolumeProperty: DoubleProperty [value: 0.5]
00:53:17.810 [FXGL Background Thread 3 ] DEBUG Engine               - height: 720
00:53:17.810 [FXGL Background Thread 3 ] DEBUG Engine               - is3D: false
00:53:17.810 [FXGL Background Thread 3 ] DEBUG Engine               - isAndroid: false
00:53:17.810 [FXGL Background Thread 3 ] DEBUG Engine               - isBrowser: false
00:53:17.810 [FXGL Background Thread 3 ] DEBUG Engine               - isClickFeedbackEnabled: false
00:53:17.810 [FXGL Background Thread 3 ] DEBUG Engine               - isCloseConfirmation: false
00:53:17.810 [FXGL Background Thread 3 ] DEBUG Engine               - isDesktop: true
00:53:17.810 [FXGL Background Thread 3 ] DEBUG Engine               - isDeveloperMenuEnabled: false
00:53:17.810 [FXGL Background Thread 3 ] DEBUG Engine               - isEntityPreloadEnabled: true
00:53:17.810 [FXGL Background Thread 3 ] DEBUG Engine               - isExperimentalTiledLargeMap: false
00:53:17.810 [FXGL Background Thread 3 ] DEBUG Engine               - isFileSystemWriteAllowed: true
00:53:17.810 [FXGL Background Thread 3 ] DEBUG Engine               - isFullScreenAllowed: false
00:53:17.810 [FXGL Background Thread 3 ] DEBUG Engine               - isFullScreenFromStart: false
00:53:17.811 [FXGL Background Thread 3 ] DEBUG Engine               - isGameMenuEnabled: true
00:53:17.811 [FXGL Background Thread 3 ] DEBUG Engine               - isIOS: false
00:53:17.811 [FXGL Background Thread 3 ] DEBUG Engine               - isIntroEnabled: false
00:53:17.811 [FXGL Background Thread 3 ] DEBUG Engine               - isLinux: false
00:53:17.811 [FXGL Background Thread 3 ] DEBUG Engine               - isMac: false
00:53:17.811 [FXGL Background Thread 3 ] DEBUG Engine               - isMainMenuEnabled: true
00:53:17.811 [FXGL Background Thread 3 ] DEBUG Engine               - isManualResizeEnabled: false
00:53:17.811 [FXGL Background Thread 3 ] DEBUG Engine               - isMobile: false
00:53:17.811 [FXGL Background Thread 3 ] DEBUG Engine               - isNative: false
00:53:17.811 [FXGL Background Thread 3 ] DEBUG Engine               - isPauseMusicWhenMinimized: true
00:53:17.811 [FXGL Background Thread 3 ] DEBUG Engine               - isPreserveResizeRatio: false
00:53:17.811 [FXGL Background Thread 3 ] DEBUG Engine               - isProfilingEnabled: false
00:53:17.811 [FXGL Background Thread 3 ] DEBUG Engine               - isScaleAffectedOnResize: true
00:53:17.811 [FXGL Background Thread 3 ] DEBUG Engine               - isSingleStep: false
00:53:17.811 [FXGL Background Thread 3 ] DEBUG Engine               - isUserProfileEnabled: false
00:53:17.811 [FXGL Background Thread 3 ] DEBUG Engine               - isWindows: true
00:53:17.811 [FXGL Background Thread 3 ] DEBUG Engine               - language: ObjectProperty [value: ENGLISH]
00:53:17.811 [FXGL Background Thread 3 ] DEBUG Engine               - menuKey: ESCAPE
00:53:17.811 [FXGL Background Thread 3 ] DEBUG Engine               - mouseSensitivity: 0.2
00:53:17.811 [FXGL Background Thread 3 ] DEBUG Engine               - notificationViewClass: class com.almasb.fxgl.notification.view.XboxNotificationView
00:53:17.811 [FXGL Background Thread 3 ] DEBUG Engine               - pixelsPerMeter: 50.0
00:53:17.811 [FXGL Background Thread 3 ] DEBUG Engine               - platform: WINDOWS
00:53:17.812 [FXGL Background Thread 3 ] DEBUG Engine               - prefHeightProperty: ReadOnlyDoubleProperty [value: 720.0]
00:53:17.812 [FXGL Background Thread 3 ] DEBUG Engine               - prefWidthProperty: ReadOnlyDoubleProperty [value: 1280.0]
00:53:17.812 [FXGL Background Thread 3 ] DEBUG Engine               - profileDir: profiles/
00:53:17.812 [FXGL Background Thread 3 ] DEBUG Engine               - profileName: StringProperty [value: DEFAULT]
00:53:17.812 [FXGL Background Thread 3 ] DEBUG Engine               - randomSeed: -1
00:53:17.812 [FXGL Background Thread 3 ] DEBUG Engine               - runtimeInfo: RuntimeInfo(platform=WINDOWS, version=11.17, build=16.07.2021 15.46)
00:53:17.812 [FXGL Background Thread 3 ] DEBUG Engine               - saveFileExt: sav
00:53:17.812 [FXGL Background Thread 3 ] DEBUG Engine               - scaledHeightProp$fxgl: DoubleProperty [bound, value: 720.0]
00:53:17.812 [FXGL Background Thread 3 ] DEBUG Engine               - scaledWidthProp$fxgl: DoubleProperty [bound, value: 1280.0]
00:53:17.812 [FXGL Background Thread 3 ] DEBUG Engine               - sceneFactory: Bomberman.GameApp$1@54a2a671
00:53:17.812 [FXGL Background Thread 3 ] DEBUG Engine               - secondsIn24h: 60
00:53:17.812 [FXGL Background Thread 3 ] DEBUG Engine               - soundMenuBack: menu/back.wav
00:53:17.812 [FXGL Background Thread 3 ] DEBUG Engine               - soundMenuPress: menu/press.wav
00:53:17.812 [FXGL Background Thread 3 ] DEBUG Engine               - soundMenuSelect: menu/select.wav
00:53:17.812 [FXGL Background Thread 3 ] DEBUG Engine               - soundNotification: core/notification.wav
00:53:17.812 [FXGL Background Thread 3 ] DEBUG Engine               - stageStyle: DECORATED
00:53:17.812 [FXGL Background Thread 3 ] DEBUG Engine               - supportedLanguages: [ENGLISH, FRENCH, GERMAN, HUNGARIAN, RUSSIAN]
00:53:17.812 [FXGL Background Thread 3 ] DEBUG Engine               - ticksPerSecond: -1
00:53:17.812 [FXGL Background Thread 3 ] DEBUG Engine               - title: SPLATTMAN
00:53:17.812 [FXGL Background Thread 3 ] DEBUG Engine               - urlGithub: https://github.com/AlmasB/FXGL
00:53:17.812 [FXGL Background Thread 3 ] DEBUG Engine               - urlLeaderboard: http://fxgl-top.herokuapp.com/
00:53:17.812 [FXGL Background Thread 3 ] DEBUG Engine               - urlPOM: https://raw.githubusercontent.com/AlmasB/FXGL/release/README.md
00:53:17.812 [FXGL Background Thread 3 ] DEBUG Engine               - userAppClass: class Bomberman.GameApp
00:53:17.813 [FXGL Background Thread 3 ] DEBUG Engine               - version: 1.0
00:53:17.813 [FXGL Background Thread 3 ] DEBUG Engine               - versionCheckDays: 7
00:53:17.813 [FXGL Background Thread 3 ] DEBUG Engine               - width: 1280
00:53:17.813 [FXGL Background Thread 3 ] DEBUG Engine               - Logging services
00:53:17.813 [FXGL Background Thread 3 ] DEBUG Engine               - class com.almasb.fxgl.app.services.FXGLAssetLoaderService
00:53:17.813 [FXGL Background Thread 3 ] DEBUG Engine               - class com.almasb.fxgl.app.FXGLApplication$GameApplicationService
00:53:17.813 [FXGL Background Thread 3 ] DEBUG Engine               - class com.almasb.fxgl.app.services.FXGLDialogService
00:53:17.813 [FXGL Background Thread 3 ] DEBUG Engine               - class com.almasb.fxgl.app.services.IOTaskExecutorService
00:53:17.813 [FXGL Background Thread 3 ] DEBUG Engine               - class com.almasb.fxgl.io.FileSystemService
00:53:17.813 [FXGL Background Thread 3 ] DEBUG Engine               - class com.almasb.fxgl.localization.LocalizationService
00:53:17.813 [FXGL Background Thread 3 ] DEBUG Engine               - class com.almasb.fxgl.app.services.SystemBundleService
00:53:17.813 [FXGL Background Thread 3 ] DEBUG Engine               - class com.almasb.fxgl.profile.SaveLoadService
00:53:17.813 [FXGL Background Thread 3 ] DEBUG Engine               - class com.almasb.fxgl.ui.FXGLUIFactoryServiceProvider
00:53:17.813 [FXGL Background Thread 3 ] DEBUG Engine               - class com.almasb.fxgl.ui.FXGLDialogFactoryServiceProvider
00:53:17.813 [FXGL Background Thread 3 ] DEBUG Engine               - class com.almasb.fxgl.audio.AudioPlayer
00:53:17.813 [FXGL Background Thread 3 ] DEBUG Engine               - class com.almasb.fxgl.notification.impl.NotificationServiceProvider
00:53:17.813 [FXGL Background Thread 3 ] DEBUG Engine               - class com.almasb.fxgl.achievement.AchievementService
00:53:17.813 [FXGL Background Thread 3 ] DEBUG Engine               - class com.almasb.fxgl.cutscene.CutsceneService
00:53:17.813 [FXGL Background Thread 3 ] DEBUG Engine               - class com.almasb.fxgl.minigames.MiniGameService
00:53:17.813 [FXGL Background Thread 3 ] DEBUG Engine               - class com.almasb.fxgl.net.NetService
00:53:17.813 [FXGL Background Thread 3 ] DEBUG Engine               - class com.almasb.fxgl.app.services.UpdaterService
00:53:17.813 [FXGL Background Thread 3 ] DEBUG Engine               - class com.almasb.fxgl.dev.DevService
00:53:17.935 [JavaFX Application Thread] DEBUG Menu                 - fireNewGame()
00:53:17.935 [JavaFX Application Thread] DEBUG GameApplicationServi - Starting new game
00:53:17.935 [JavaFX Application Thread] DEBUG PrimaryStageWindow   - Pop state: MainMenu
00:53:17.935 [JavaFX Application Thread] DEBUG Input                - Clearing active input actions
00:53:17.935 [JavaFX Application Thread] DEBUG GameApplicationServi - Removing overlay from MainMenu and adding to FXGLMainMenuDummyScene
00:53:17.936 [JavaFX Application Thread] DEBUG PrimaryStageWindow   - FXGLMainMenuDummyScene <- MainMenu
00:53:17.936 [JavaFX Application Thread] DEBUG Input                - Clearing active input actions
00:53:17.942 [JavaFX Application Thread] DEBUG GameApplicationServi - Removing overlay from FXGLMainMenuDummyScene and adding to FXGLLoadingScene
00:53:17.942 [JavaFX Application Thread] DEBUG PrimaryStageWindow   - FXGLMainMenuDummyScene -> FXGLLoadingScene
00:53:17.942 [JavaFX Application Thread] DEBUG GameApplicationServi - Clearing previous game
00:53:17.942 [JavaFX Application Thread] DEBUG GameScene            - Clearing game scene
00:53:17.942 [JavaFX Application Thread] DEBUG GameWorld            - Clearing game world
00:53:17.942 [JavaFX Application Thread] DEBUG PhysicsWorld         - Clearing physics world
00:53:17.946 [FXGL Background Thread 2 ] DEBUG FXGLApplication      - Initializing game
00:53:17.990 [FXGL Background Thread 2 ] WARN  TMXLevelLoader       - TiledMap generated from 1.7.2. Supported version: 1.2.3. Some features may not be parsed fully.
00:53:18.012 [FXGL Background Thread 2 ] DEBUG TMXLevelLoader       - Parsed TiledMap: file:/E:/CPP/Bomberman-master/target/classes/assets/levels/level1.tmx
00:53:18.015 [FXGL Background Thread 2 ] DEBUG TMXLevelLoader       - Creating tile layer entities
00:53:18.016 [FXGL Background Thread 2 ] DEBUG TilesetLoader        - Loading view for layer Tile Layer 1
00:53:18.018 [FXGL Background Thread 2 ] DEBUG TilesetLoader        - Created buffer with size 1488.0x720.0
00:53:18.043 [FXGL Background Thread 2 ] DEBUG TMXLevelLoader       - Creating object layer entities
00:53:18.077 [FXGL Background Thread 2 ] DEBUG FXGLAssetLoaderServi - Loading from file system: file:/E:/CPP/Bomberman-master/target/classes/assets/textures/player_die.png
00:53:18.079 [FXGL Background Thread 2 ] DEBUG FXGLAssetLoaderServi - Loading from file system: file:/E:/CPP/Bomberman-master/target/classes/assets/textures/player_down.png
00:53:18.079 [FXGL Background Thread 2 ] DEBUG FXGLAssetLoaderServi - Loading from file system: file:/E:/CPP/Bomberman-master/target/classes/assets/textures/player_right.png
00:53:18.080 [FXGL Background Thread 2 ] DEBUG FXGLAssetLoaderServi - Loading from file system: file:/E:/CPP/Bomberman-master/target/classes/assets/textures/player_up.png
00:53:18.081 [FXGL Background Thread 2 ] DEBUG FXGLAssetLoaderServi - Loading from file system: file:/E:/CPP/Bomberman-master/target/classes/assets/textures/player_left.png
00:53:18.085 [FXGL Background Thread 2 ] DEBUG FXGLAssetLoaderServi - Loading from file system: file:/E:/CPP/Bomberman-master/target/classes/assets/textures/enemy1.png
00:53:18.113 [FXGL Background Thread 2 ] DEBUG FXGLAssetLoaderServi - Loading from file system: file:/E:/CPP/Bomberman-master/target/classes/assets/textures/enemy2.png
00:53:18.117 [FXGL Background Thread 2 ] DEBUG FXGLAssetLoaderServi - Loading from file system: file:/E:/CPP/Bomberman-master/target/classes/assets/textures/brick.png
00:53:18.127 [FXGL Background Thread 2 ] DEBUG FXGLAssetLoaderServi - Loading from file system: file:/E:/CPP/Bomberman-master/target/classes/assets/textures/powerup_speed.png
00:53:18.128 [FXGL Background Thread 2 ] DEBUG FXGLAssetLoaderServi - Loading from file system: file:/E:/CPP/Bomberman-master/target/classes/assets/textures/powerup_bombs.png
00:53:18.152 [FXGL Background Thread 2 ] DEBUG GameWorld            - Clearing removable entities
00:53:18.152 [FXGL Background Thread 2 ] DEBUG GameWorld            - Setting level: com.almasb.fxgl.entity.level.Level@1f531c75
00:53:18.182 [FXGL Background Thread 2 ] INFO  FXGLApplication      - Game initialization took: 0.236 sec
00:53:18.188 [JavaFX Application Thread] DEBUG Input                - Clearing active input actions
00:53:18.200 [JavaFX Application Thread] DEBUG GameApplicationServi - Removing overlay from FXGLLoadingScene and adding to GameScene
00:53:18.201 [JavaFX Application Thread] DEBUG PrimaryStageWindow   - FXGLLoadingScene -> GameScene
00:53:18.206 [JavaFX Application Thread] DEBUG FXGLAssetLoaderServi - Loading from file system: file:/E:/CPP/Bomberman-master/target/classes/assets/sounds/stage_start.wav
00:53:18.224 [JavaFX Application Thread] DEBUG PrimaryStageWindow   - Push state: StageStartScene
00:53:18.224 [JavaFX Application Thread] DEBUG Input                - Clearing active input actions
00:53:18.224 [JavaFX Application Thread] DEBUG GameApplicationServi - Removing overlay from GameScene and adding to StageStartScene
00:53:18.224 [JavaFX Application Thread] DEBUG PrimaryStageWindow   - GameScene -> StageStartScene
00:53:22.181 [JavaFX Application Thread] DEBUG PrimaryStageWindow   - Pop state: StageStartScene
00:53:22.181 [JavaFX Application Thread] DEBUG Input                - Clearing active input actions
00:53:22.181 [JavaFX Application Thread] DEBUG GameApplicationServi - Removing overlay from StageStartScene and adding to GameScene
00:53:22.182 [JavaFX Application Thread] DEBUG PrimaryStageWindow   - GameScene <- StageStartScene
00:53:23.124 [JavaFX Application Thread] DEBUG PrimaryStageWindow   - Push state: GameMenu
00:53:23.125 [JavaFX Application Thread] DEBUG Input                - Clearing active input actions
00:53:23.125 [JavaFX Application Thread] DEBUG GameApplicationServi - Removing overlay from GameScene and adding to GameMenu
00:53:23.125 [JavaFX Application Thread] DEBUG PrimaryStageWindow   - GameScene -> GameMenu
00:53:25.518 [JavaFX Application Thread] DEBUG Menu                 - fireExit()
00:53:25.522 [JavaFX Application Thread] DEBUG PrimaryStageWindow   - Push state: DialogSubScene
00:53:25.522 [JavaFX Application Thread] DEBUG Input                - Clearing active input actions
00:53:25.523 [JavaFX Application Thread] DEBUG GameApplicationServi - Removing overlay from GameMenu and adding to DialogSubScene
00:53:25.523 [JavaFX Application Thread] DEBUG PrimaryStageWindow   - GameMenu -> DialogSubScene
00:53:26.343 [JavaFX Application Thread] DEBUG PrimaryStageWindow   - Pop state: DialogSubScene
00:53:26.343 [JavaFX Application Thread] DEBUG Input                - Clearing active input actions
00:53:26.343 [JavaFX Application Thread] DEBUG GameApplicationServi - Removing overlay from DialogSubScene and adding to GameMenu
00:53:26.343 [JavaFX Application Thread] DEBUG PrimaryStageWindow   - GameMenu <- DialogSubScene
00:53:26.343 [JavaFX Application Thread] DEBUG FXGLApplication      - Exiting FXGL
00:53:26.343 [JavaFX Application Thread] DEBUG LoopRunner           - Stopping loop
00:53:26.343 [JavaFX Application Thread] DEBUG SystemBundleService  - Saving FXGL system data
00:53:26.346 [JavaFX Application Thread] DEBUG FileSystemAccess     - Writing to: E:\CPP\Bomberman-master\system\fxgl.bundle
00:53:26.348 [JavaFX Application Thread] DEBUG Async                - Shutting down background threads
00:53:26.348 [JavaFX Application Thread] DEBUG PrimaryStageWindow   - Closing main window
00:53:26.367 [JavaFX Application Thread] DEBUG Logger               - Closing Logger
