00:55:37.299 [main                     ] DEBUG Logger               - Configured Logger
00:55:37.302 [main                     ] DEBUG GameApplication      - Logging settings
Title: SPLATTMAN
Version: 1.0
Width: 1280
Height: 720
Fullscreen: false
Intro: false
Profiling: false
Single step:false
App Mode: DEVELOPER
Menu Key: ESCAPE
Stage Style: DECORATED
Scene Factory: class Bomberman.GameApp$1

00:55:37.685 [JavaFX Application Thread] DEBUG FXGLApplication      - Initializing FXGL
00:55:37.687 [JavaFX Application Thread] INFO  Engine               - FXGL-11.17 (16.07.2021 15.46) on WINDOWS (J:18.0.2.1 FX:16)
00:55:37.687 [JavaFX Application Thread] DEBUG Engine               - JRE Vendor Name: Oracle Corporation
00:55:37.687 [JavaFX Application Thread] DEBUG Engine               - Running on OS: Windows 10 version 10.0
00:55:37.687 [JavaFX Application Thread] DEBUG Engine               - Architecture: amd64
00:55:37.687 [JavaFX Application Thread] INFO  Engine               - Source code and latest versions at: https://github.com/AlmasB/FXGL
00:55:37.687 [JavaFX Application Thread] INFO  Engine               -              Join the FXGL chat at: https://gitter.im/AlmasB/FXGL
00:55:37.785 [JavaFX Application Thread] DEBUG PrimaryStageWindow   - Creating a JavaFX scene
00:55:37.824 [JavaFX Application Thread] DEBUG PrimaryStageWindow   - Target settings size: 1280.0 x 720.0
00:55:37.824 [JavaFX Application Thread] DEBUG PrimaryStageWindow   - Scaled scene size:    1280.0 x 720.0
00:55:37.824 [JavaFX Application Thread] DEBUG PrimaryStageWindow   - Scaled ratio: (1.0, 1.0)
00:55:37.824 [JavaFX Application Thread] DEBUG PrimaryStageWindow   - Set initial scene to FXGLStartupScene
00:55:37.831 [JavaFX Application Thread] DEBUG PrimaryStageWindow   - Opening main window
00:55:37.923 [JavaFX Application Thread] DEBUG PrimaryStageWindow   - Window border size: (14.4000244140625, 37.5999755859375)
00:55:37.923 [JavaFX Application Thread] DEBUG PrimaryStageWindow   - Scaled size: 1280.0 x 720.0
00:55:37.924 [JavaFX Application Thread] DEBUG PrimaryStageWindow   - Scaled ratio: (1.0, 1.0)
00:55:37.924 [JavaFX Application Thread] DEBUG PrimaryStageWindow   - Scene size: 1280.0 x 720.0
00:55:37.924 [JavaFX Application Thread] DEBUG PrimaryStageWindow   - Stage size: 1294.4000244140625 x 757.5999755859375
00:55:37.933 [FXGL Background Thread 1 ] DEBUG Engine               - Initializing environment variables
00:55:38.020 [FXGL Background Thread 1 ] DEBUG FXGLAssetLoaderServi - User app class for loading assets: class Bomberman.GameApp
00:55:38.020 [FXGL Background Thread 1 ] DEBUG GameApplicationServi - Applying CSS: fxgl_dark.css
00:55:38.023 [FXGL Background Thread 1 ] DEBUG FXGLAssetLoaderServi - Loading from file system: jar:file:/C:/Users/tho26/.m2/repository/com/github/almasb/fxgl/11.17/fxgl-11.17.jar!/fxglassets/ui/css/fxgl_dark.css
00:55:38.061 [FXGL Background Thread 1 ] DEBUG GameApplicationServi - Initializing application scenes
00:55:38.105 [FXGL Background Thread 1 ] DEBUG GameWorld            - Game world initialized
00:55:38.169 [FXGL Background Thread 1 ] DEBUG PhysicsWorld         - Physics world initialized: appHeight=720, physics.ppm=50.0
00:55:38.169 [FXGL Background Thread 1 ] DEBUG PhysicsWorld         - Using strategy: BRUTE_FORCE
00:55:38.171 [FXGL Background Thread 1 ] DEBUG GameScene            - Game scene initialized: 1280x720
00:55:38.326 [FXGL Background Thread 1 ] DEBUG GameApplicationServi - Application scenes initialized
00:55:38.333 [FXGL Background Thread 1 ] DEBUG SystemBundleService  - Loading FXGL system data
00:55:38.336 [FXGL Background Thread 1 ] DEBUG FileSystemAccess     - Reading from: E:\CPP\Bomberman-master\system\fxgl.bundle
00:55:38.343 [FXGL Background Thread 1 ] DEBUG SystemBundleService  - Bundle FXGL: {}
00:55:38.344 [FXGL Background Thread 1 ] DEBUG UpdaterService       - Checking for updates
00:55:38.350 [FXGL Background Thread 4 ] DEBUG FXGLApplication      - Loading fonts
00:55:38.350 [FXGL Background Thread 4 ] DEBUG FXGLAssetLoaderServi - Loading from file system: file:/E:/CPP/Bomberman-master/target/classes/assets/ui/fonts/game_font.ttf
00:55:38.350 [FXGL Background Thread 1 ] DEBUG FXGLApplication      - Loading default localization
00:55:38.351 [FXGL Background Thread 1 ] DEBUG FXGLAssetLoaderServi - Loading from file system: jar:file:/C:/Users/tho26/.m2/repository/com/github/almasb/fxgl/11.17/fxgl-11.17.jar!/fxglassets/languages/english.lang
00:55:38.372 [FXGL Background Thread 1 ] INFO  FXGLApplication      - FXGL initialization took: 0.439 sec
00:55:38.382 [JavaFX Application Thread] DEBUG Input                - Registered new binding: Move Up - W
00:55:38.383 [JavaFX Application Thread] DEBUG Input                - Registered new binding: Move Down - S
00:55:38.383 [JavaFX Application Thread] DEBUG Input                - Registered new binding: Move Left - A
00:55:38.383 [JavaFX Application Thread] DEBUG Input                - Registered new binding: Move Right - D
00:55:38.383 [JavaFX Application Thread] DEBUG Input                - Registered new binding: Place Bomb - Space
00:55:38.384 [JavaFX Application Thread] DEBUG FXGLAssetLoaderServi - Loading from file system: file:/E:/CPP/Bomberman-master/target/classes/assets/music/main_theme.mp3
00:55:38.410 [FXGL Background Thread 4 ] DEBUG FXGLAssetLoaderServi - Loading from file system: jar:file:/C:/Users/tho26/.m2/repository/com/github/almasb/fxgl/11.17/fxgl-11.17.jar!/fxglassets/ui/fonts/Abel-Regular.ttf
00:55:38.420 [FXGL Background Thread 4 ] DEBUG FXGLAssetLoaderServi - Loading from file system: jar:file:/C:/Users/tho26/.m2/repository/com/github/almasb/fxgl/11.17/fxgl-11.17.jar!/fxglassets/ui/fonts/lucida_console.ttf
00:55:38.424 [FXGL Background Thread 4 ] DEBUG FXGLAssetLoaderServi - Loading from file system: jar:file:/C:/Users/tho26/.m2/repository/com/github/almasb/fxgl/11.17/fxgl-11.17.jar!/fxglassets/ui/fonts/Courier-Prime.ttf
00:55:38.527 [JavaFX Application Thread] DEBUG AudioPlayer          - Playing music com.almasb.fxgl.audio.Music@41853397
00:55:38.528 [JavaFX Application Thread] DEBUG FXGLAssetLoaderServi - Loading from file system: file:/E:/CPP/Bomberman-master/target/classes/assets/textures/icon.png
00:55:38.540 [JavaFX Application Thread] DEBUG FXGLAssetLoaderServi - Loading from file system: jar:file:/C:/Users/tho26/.m2/repository/com/github/almasb/fxgl/11.17/fxgl-11.17.jar!/fxglassets/textures/fxgl_default_cursor.png
00:55:38.543 [JavaFX Application Thread] DEBUG Input                - Registered new binding: Screenshot - CTRL+8
00:55:38.544 [JavaFX Application Thread] DEBUG Input                - Registered new binding: System info dump - CTRL+9
00:55:38.544 [JavaFX Application Thread] DEBUG Input                - Registered new binding: Restart - CTRL+R
00:55:38.545 [JavaFX Application Thread] DEBUG Input                - Registered new binding: Toggle Debug Camera - CTRL+C
00:55:38.548 [JavaFX Application Thread] DEBUG LoopRunner           - Starting loop
00:55:38.548 [JavaFX Application Thread] DEBUG LoopRunner           - Initializing JavaFX AnimationTimerLoop
00:55:38.553 [JavaFX Application Thread] DEBUG Input                - Clearing active input actions
00:55:38.566 [JavaFX Application Thread] DEBUG GameApplicationServi - Removing overlay from FXGLStartupScene and adding to FXGLMainMenuDummyScene
00:55:38.566 [JavaFX Application Thread] DEBUG PrimaryStageWindow   - FXGLStartupScene -> FXGLMainMenuDummyScene
00:55:38.567 [JavaFX Application Thread] DEBUG PrimaryStageWindow   - Push state: MainMenu
00:55:38.567 [JavaFX Application Thread] DEBUG Input                - Clearing active input actions
00:55:38.576 [JavaFX Application Thread] DEBUG GameApplicationServi - Removing overlay from FXGLMainMenuDummyScene and adding to MainMenu
00:55:38.576 [JavaFX Application Thread] DEBUG PrimaryStageWindow   - FXGLMainMenuDummyScene -> MainMenu
00:55:38.577 [JavaFX Application Thread] DEBUG FXGLApplication      - Registering font factories with UI factory
00:55:38.854 [FXGL Background Thread 2 ] INFO  UpdaterService       - Your current version:  11.17
00:55:38.854 [FXGL Background Thread 2 ] INFO  UpdaterService       - Latest stable version: 17.2
00:55:40.247 [JavaFX Application Thread] DEBUG Menu                 - fireExit()
00:55:40.254 [JavaFX Application Thread] DEBUG PrimaryStageWindow   - Push state: DialogSubScene
00:55:40.254 [JavaFX Application Thread] DEBUG Input                - Clearing active input actions
00:55:40.257 [JavaFX Application Thread] DEBUG GameApplicationServi - Removing overlay from MainMenu and adding to DialogSubScene
00:55:40.257 [JavaFX Application Thread] DEBUG PrimaryStageWindow   - MainMenu -> DialogSubScene
00:55:41.014 [JavaFX Application Thread] DEBUG PrimaryStageWindow   - Pop state: DialogSubScene
00:55:41.014 [JavaFX Application Thread] DEBUG Input                - Clearing active input actions
00:55:41.015 [JavaFX Application Thread] DEBUG GameApplicationServi - Removing overlay from DialogSubScene and adding to MainMenu
00:55:41.015 [JavaFX Application Thread] DEBUG PrimaryStageWindow   - MainMenu <- DialogSubScene
00:55:41.015 [JavaFX Application Thread] DEBUG FXGLApplication      - Exiting FXGL
00:55:41.015 [JavaFX Application Thread] DEBUG LoopRunner           - Stopping loop
00:55:41.015 [JavaFX Application Thread] DEBUG SystemBundleService  - Saving FXGL system data
00:55:41.016 [JavaFX Application Thread] DEBUG FileSystemAccess     - Writing to: E:\CPP\Bomberman-master\system\fxgl.bundle
00:55:41.018 [JavaFX Application Thread] DEBUG Async                - Shutting down background threads
00:55:41.018 [JavaFX Application Thread] DEBUG PrimaryStageWindow   - Closing main window
00:55:41.026 [JavaFX Application Thread] DEBUG Logger               - Closing Logger
