21:18:43.879 [main                     ] DEBUG Logger               - Configured Logger
21:18:43.882 [main                     ] DEBUG GameApplication      - Logging settings
Title: SPLATMAN
Version: 1.0
Width: 1280
Height: 720
Fullscreen: true
Intro: false
Profiling: false
Single step:false
App Mode: DEVELOPER
Menu Key: ESCAPE
Stage Style: DECORATED
Scene Factory: class Bomberman.GameApp$1

21:18:44.273 [JavaFX Application Thread] DEBUG FXGLApplication      - Initializing FXGL
21:18:44.274 [JavaFX Application Thread] INFO  Engine               - FXGL-11.17 (16.07.2021 15.46) on WINDOWS (J:17.0.4.1 FX:16)
21:18:44.275 [JavaFX Application Thread] DEBUG Engine               - JRE Vendor Name: Eclipse Adoptium
21:18:44.275 [JavaFX Application Thread] DEBUG Engine               - Running on OS: Windows 11 version 10.0
21:18:44.275 [JavaFX Application Thread] DEBUG Engine               - Architecture: amd64
21:18:44.275 [JavaFX Application Thread] INFO  Engine               - Source code and latest versions at: https://github.com/AlmasB/FXGL
21:18:44.275 [JavaFX Application Thread] INFO  Engine               -              Join the FXGL chat at: https://gitter.im/AlmasB/FXGL
21:18:44.355 [JavaFX Application Thread] DEBUG PrimaryStageWindow   - Creating a JavaFX scene
21:18:44.385 [JavaFX Application Thread] DEBUG PrimaryStageWindow   - Target settings size: 1280.0 x 720.0
21:18:44.385 [JavaFX Application Thread] DEBUG PrimaryStageWindow   - Scaled scene size:    1280.0 x 720.0
21:18:44.385 [JavaFX Application Thread] DEBUG PrimaryStageWindow   - Scaled ratio: (1.0, 1.0)
21:18:44.386 [JavaFX Application Thread] DEBUG PrimaryStageWindow   - Set initial scene to FXGLStartupScene
21:18:44.392 [JavaFX Application Thread] DEBUG PrimaryStageWindow   - Opening main window
21:18:44.460 [JavaFX Application Thread] DEBUG PrimaryStageWindow   - Window border size: (14.4000244140625, 37.5999755859375)
21:18:44.460 [JavaFX Application Thread] DEBUG PrimaryStageWindow   - Scaled size: 1280.0 x 720.0
21:18:44.460 [JavaFX Application Thread] DEBUG PrimaryStageWindow   - Scaled ratio: (1.0, 1.0)
21:18:44.461 [JavaFX Application Thread] DEBUG PrimaryStageWindow   - Scene size: 1280.0 x 720.0
21:18:44.461 [JavaFX Application Thread] DEBUG PrimaryStageWindow   - Stage size: 1294.4000244140625 x 757.5999755859375
21:18:44.511 [JavaFX Application Thread] DEBUG PrimaryStageWindow   - Going fullscreen
21:18:44.520 [FXGL Background Thread 1 ] DEBUG Engine               - Initializing environment variables
21:18:44.560 [FXGL Background Thread 1 ] DEBUG FXGLAssetLoaderServi - User app class for loading assets: class Bomberman.GameApp
21:18:44.560 [FXGL Background Thread 1 ] DEBUG GameApplicationServi - Applying CSS: fxgl_dark.css
21:18:44.561 [FXGL Background Thread 1 ] DEBUG FXGLAssetLoaderServi - Loading from file system: jar:file:/C:/Users/THANG/.m2/repository/com/github/almasb/fxgl/11.17/fxgl-11.17.jar!/fxglassets/ui/css/fxgl_dark.css
21:18:44.593 [FXGL Background Thread 1 ] DEBUG GameApplicationServi - Initializing application scenes
21:18:44.626 [FXGL Background Thread 1 ] DEBUG GameWorld            - Game world initialized
21:18:44.674 [FXGL Background Thread 1 ] DEBUG PhysicsWorld         - Physics world initialized: appHeight=720, physics.ppm=50.0
21:18:44.675 [FXGL Background Thread 1 ] DEBUG PhysicsWorld         - Using strategy: BRUTE_FORCE
21:18:44.677 [FXGL Background Thread 1 ] DEBUG GameScene            - Game scene initialized: 1280x720
21:18:44.759 [FXGL Background Thread 1 ] DEBUG GameApplicationServi - Application scenes initialized
21:18:44.766 [FXGL Background Thread 1 ] DEBUG SystemBundleService  - Loading FXGL system data
21:18:44.769 [FXGL Background Thread 1 ] DEBUG FileSystemAccess     - Reading from: C:\Users\THANG\Documents\GitHub\Bomberman-master\system\fxgl.bundle
21:18:44.773 [FXGL Background Thread 1 ] DEBUG SystemBundleService  - Bundle FXGL: {}
21:18:44.773 [FXGL Background Thread 1 ] DEBUG UpdaterService       - Checking for updates
21:18:44.778 [FXGL Background Thread 4 ] DEBUG FXGLApplication      - Loading fonts
21:18:44.778 [FXGL Background Thread 4 ] DEBUG FXGLAssetLoaderServi - Loading from file system: file:/C:/Users/THANG/Documents/GitHub/Bomberman-master/target/classes/assets/ui/fonts/game_font.ttf
21:18:44.778 [FXGL Background Thread 1 ] DEBUG FXGLApplication      - Loading default localization
21:18:44.778 [FXGL Background Thread 1 ] DEBUG FXGLAssetLoaderServi - Loading from file system: jar:file:/C:/Users/THANG/.m2/repository/com/github/almasb/fxgl/11.17/fxgl-11.17.jar!/fxglassets/languages/english.lang
21:18:44.789 [FXGL Background Thread 1 ] INFO  FXGLApplication      - FXGL initialization took: 0.268 sec
21:18:44.798 [JavaFX Application Thread] DEBUG Input                - Registered new binding: Move Up - W
21:18:44.803 [JavaFX Application Thread] DEBUG Input                - Registered new binding: Move Down - S
21:18:44.804 [JavaFX Application Thread] DEBUG Input                - Registered new binding: Move Left - A
21:18:44.804 [JavaFX Application Thread] DEBUG Input                - Registered new binding: Move Right - D
21:18:44.804 [JavaFX Application Thread] DEBUG Input                - Registered new binding: Place Bomb - Space
21:18:44.804 [JavaFX Application Thread] DEBUG FXGLAssetLoaderServi - Loading from file system: file:/C:/Users/THANG/Documents/GitHub/Bomberman-master/target/classes/assets/music/main_theme.mp3
21:18:44.833 [FXGL Background Thread 4 ] DEBUG FXGLAssetLoaderServi - Loading from file system: jar:file:/C:/Users/THANG/.m2/repository/com/github/almasb/fxgl/11.17/fxgl-11.17.jar!/fxglassets/ui/fonts/Abel-Regular.ttf
21:18:44.836 [FXGL Background Thread 4 ] DEBUG FXGLAssetLoaderServi - Loading from file system: jar:file:/C:/Users/THANG/.m2/repository/com/github/almasb/fxgl/11.17/fxgl-11.17.jar!/fxglassets/ui/fonts/lucida_console.ttf
21:18:44.840 [FXGL Background Thread 4 ] DEBUG FXGLAssetLoaderServi - Loading from file system: jar:file:/C:/Users/THANG/.m2/repository/com/github/almasb/fxgl/11.17/fxgl-11.17.jar!/fxglassets/ui/fonts/Courier-Prime.ttf
21:18:44.916 [JavaFX Application Thread] DEBUG AudioPlayer          - Playing music com.almasb.fxgl.audio.Music@50f8b506
21:18:44.917 [JavaFX Application Thread] DEBUG FXGLAssetLoaderServi - Loading from file system: jar:file:/C:/Users/THANG/.m2/repository/com/github/almasb/fxgl/11.17/fxgl-11.17.jar!/fxglassets/textures/fxgl_icon.png
21:18:44.935 [JavaFX Application Thread] DEBUG FXGLAssetLoaderServi - Loading from file system: jar:file:/C:/Users/THANG/.m2/repository/com/github/almasb/fxgl/11.17/fxgl-11.17.jar!/fxglassets/textures/fxgl_default_cursor.png
21:18:44.936 [JavaFX Application Thread] DEBUG Input                - Registered new binding: Screenshot - CTRL+8
21:18:44.937 [JavaFX Application Thread] DEBUG Input                - Registered new binding: System info dump - CTRL+9
21:18:44.937 [JavaFX Application Thread] DEBUG Input                - Registered new binding: Restart - CTRL+R
21:18:44.937 [JavaFX Application Thread] DEBUG Input                - Registered new binding: Toggle Debug Camera - CTRL+C
21:18:44.939 [JavaFX Application Thread] DEBUG LoopRunner           - Starting loop
21:18:44.939 [JavaFX Application Thread] DEBUG LoopRunner           - Initializing JavaFX AnimationTimerLoop
21:18:44.940 [JavaFX Application Thread] DEBUG Input                - Clearing active input actions
21:18:44.946 [JavaFX Application Thread] DEBUG GameApplicationServi - Removing overlay from FXGLStartupScene and adding to FXGLMainMenuDummyScene
21:18:44.946 [JavaFX Application Thread] DEBUG PrimaryStageWindow   - FXGLStartupScene -> FXGLMainMenuDummyScene
21:18:44.946 [JavaFX Application Thread] DEBUG PrimaryStageWindow   - Push state: MainMenu
21:18:44.946 [JavaFX Application Thread] DEBUG Input                - Clearing active input actions
21:18:44.949 [JavaFX Application Thread] DEBUG GameApplicationServi - Removing overlay from FXGLMainMenuDummyScene and adding to MainMenu
21:18:44.949 [JavaFX Application Thread] DEBUG PrimaryStageWindow   - FXGLMainMenuDummyScene -> MainMenu
21:18:44.949 [JavaFX Application Thread] DEBUG FXGLApplication      - Registering font factories with UI factory
21:18:45.547 [FXGL Background Thread 2 ] INFO  UpdaterService       - Your current version:  11.17
21:18:45.548 [FXGL Background Thread 2 ] INFO  UpdaterService       - Latest stable version: 17.2
21:18:46.626 [JavaFX Application Thread] DEBUG Menu                 - fireNewGame()
21:18:46.626 [JavaFX Application Thread] DEBUG GameApplicationServi - Starting new game
21:18:46.626 [JavaFX Application Thread] DEBUG PrimaryStageWindow   - Pop state: MainMenu
21:18:46.626 [JavaFX Application Thread] DEBUG Input                - Clearing active input actions
21:18:46.627 [JavaFX Application Thread] DEBUG GameApplicationServi - Removing overlay from MainMenu and adding to FXGLMainMenuDummyScene
21:18:46.627 [JavaFX Application Thread] DEBUG PrimaryStageWindow   - FXGLMainMenuDummyScene <- MainMenu
21:18:46.627 [JavaFX Application Thread] DEBUG Input                - Clearing active input actions
21:18:46.632 [JavaFX Application Thread] DEBUG GameApplicationServi - Removing overlay from FXGLMainMenuDummyScene and adding to FXGLLoadingScene
21:18:46.632 [JavaFX Application Thread] DEBUG PrimaryStageWindow   - FXGLMainMenuDummyScene -> FXGLLoadingScene
21:18:46.632 [JavaFX Application Thread] DEBUG GameApplicationServi - Clearing previous game
21:18:46.632 [JavaFX Application Thread] DEBUG GameScene            - Clearing game scene
21:18:46.632 [JavaFX Application Thread] DEBUG GameWorld            - Clearing game world
21:18:46.633 [JavaFX Application Thread] DEBUG PhysicsWorld         - Clearing physics world
21:18:46.635 [FXGL Background Thread 2 ] DEBUG FXGLApplication      - Initializing game
21:18:46.657 [FXGL Background Thread 2 ] WARN  TMXLevelLoader       - TiledMap generated from 1.7.2. Supported version: 1.2.3. Some features may not be parsed fully.
21:18:46.674 [FXGL Background Thread 2 ] DEBUG TMXLevelLoader       - Parsed TiledMap: file:/C:/Users/THANG/Documents/GitHub/Bomberman-master/target/classes/assets/levels/level1.tmx
21:18:46.676 [FXGL Background Thread 2 ] DEBUG TMXLevelLoader       - Creating tile layer entities
21:18:46.677 [FXGL Background Thread 2 ] DEBUG TilesetLoader        - Loading view for layer Tile Layer 1
21:18:46.681 [FXGL Background Thread 2 ] DEBUG TilesetLoader        - Created buffer with size 1488.0x720.0
21:18:46.705 [FXGL Background Thread 2 ] DEBUG TMXLevelLoader       - Creating object layer entities
21:18:46.733 [FXGL Background Thread 2 ] DEBUG FXGLAssetLoaderServi - Loading from file system: file:/C:/Users/THANG/Documents/GitHub/Bomberman-master/target/classes/assets/textures/player_die.png
21:18:46.734 [FXGL Background Thread 2 ] DEBUG FXGLAssetLoaderServi - Loading from file system: file:/C:/Users/THANG/Documents/GitHub/Bomberman-master/target/classes/assets/textures/player_down.png
21:18:46.736 [FXGL Background Thread 2 ] DEBUG FXGLAssetLoaderServi - Loading from file system: file:/C:/Users/THANG/Documents/GitHub/Bomberman-master/target/classes/assets/textures/player_right.png
21:18:46.737 [FXGL Background Thread 2 ] DEBUG FXGLAssetLoaderServi - Loading from file system: file:/C:/Users/THANG/Documents/GitHub/Bomberman-master/target/classes/assets/textures/player_up.png
21:18:46.739 [FXGL Background Thread 2 ] DEBUG FXGLAssetLoaderServi - Loading from file system: file:/C:/Users/THANG/Documents/GitHub/Bomberman-master/target/classes/assets/textures/player_left.png
21:18:46.744 [FXGL Background Thread 2 ] DEBUG FXGLAssetLoaderServi - Loading from file system: file:/C:/Users/THANG/Documents/GitHub/Bomberman-master/target/classes/assets/textures/enemy1.png
21:18:46.777 [FXGL Background Thread 2 ] DEBUG FXGLAssetLoaderServi - Loading from file system: file:/C:/Users/THANG/Documents/GitHub/Bomberman-master/target/classes/assets/textures/enemy2.png
21:18:46.783 [FXGL Background Thread 2 ] DEBUG FXGLAssetLoaderServi - Loading from file system: file:/C:/Users/THANG/Documents/GitHub/Bomberman-master/target/classes/assets/textures/brick.png
21:18:46.792 [FXGL Background Thread 2 ] DEBUG FXGLAssetLoaderServi - Loading from file system: file:/C:/Users/THANG/Documents/GitHub/Bomberman-master/target/classes/assets/textures/powerup_speed.png
21:18:46.794 [FXGL Background Thread 2 ] DEBUG FXGLAssetLoaderServi - Loading from file system: file:/C:/Users/THANG/Documents/GitHub/Bomberman-master/target/classes/assets/textures/powerup_bombs.png
21:18:46.812 [FXGL Background Thread 2 ] DEBUG GameWorld            - Clearing removable entities
21:18:46.813 [FXGL Background Thread 2 ] DEBUG GameWorld            - Setting level: com.almasb.fxgl.entity.level.Level@7bc61439
21:18:46.839 [FXGL Background Thread 2 ] INFO  FXGLApplication      - Game initialization took: 0.205 sec
21:18:46.842 [JavaFX Application Thread] DEBUG Input                - Clearing active input actions
21:18:46.852 [JavaFX Application Thread] DEBUG GameApplicationServi - Removing overlay from FXGLLoadingScene and adding to GameScene
21:18:46.852 [JavaFX Application Thread] DEBUG PrimaryStageWindow   - FXGLLoadingScene -> GameScene
21:18:46.853 [JavaFX Application Thread] DEBUG FXGLAssetLoaderServi - Loading from file system: file:/C:/Users/THANG/Documents/GitHub/Bomberman-master/target/classes/assets/sounds/stage_start.wav
21:18:46.867 [JavaFX Application Thread] DEBUG PrimaryStageWindow   - Push state: StageStartScene
21:18:46.867 [JavaFX Application Thread] DEBUG Input                - Clearing active input actions
21:18:46.868 [JavaFX Application Thread] DEBUG GameApplicationServi - Removing overlay from GameScene and adding to StageStartScene
21:18:46.868 [JavaFX Application Thread] DEBUG PrimaryStageWindow   - GameScene -> StageStartScene
21:18:47.776 [FXGL Background Thread 3 ] DEBUG Engine               - Logging environment variables
21:18:47.776 [FXGL Background Thread 3 ] DEBUG Engine               - achievements: []
21:18:47.776 [FXGL Background Thread 3 ] DEBUG Engine               - actualHeight: 864.0
21:18:47.776 [FXGL Background Thread 3 ] DEBUG Engine               - actualHeightProperty: ReadOnlyDoubleProperty [value: 864.0]
21:18:47.776 [FXGL Background Thread 3 ] DEBUG Engine               - actualWidth: 1536.0
21:18:47.776 [FXGL Background Thread 3 ] DEBUG Engine               - actualWidthProperty: ReadOnlyDoubleProperty [value: 1536.0]
21:18:47.776 [FXGL Background Thread 3 ] DEBUG Engine               - appIcon: fxgl_icon.png
21:18:47.776 [FXGL Background Thread 3 ] DEBUG Engine               - applicationMode: DEVELOPER
21:18:47.776 [FXGL Background Thread 3 ] DEBUG Engine               - cSSList: [fxgl_dark.css]
21:18:47.776 [FXGL Background Thread 3 ] DEBUG Engine               - collisionDetectionStrategy: BRUTE_FORCE
21:18:47.776 [FXGL Background Thread 3 ] DEBUG Engine               - configClass: Optional.empty
21:18:47.776 [FXGL Background Thread 3 ] DEBUG Engine               - credits: []
21:18:47.777 [FXGL Background Thread 3 ] DEBUG Engine               - defaultCursor: CursorInfo(imageName=fxgl_default_cursor.png, hotspotX=7.0, hotspotY=6.0)
21:18:47.777 [FXGL Background Thread 3 ] DEBUG Engine               - devBBoxColorProperty: ObjectProperty [value: 0xff0000ff]
21:18:47.777 [FXGL Background Thread 3 ] DEBUG Engine               - devEnableDebugCameraProperty: BooleanProperty [value: false]
21:18:47.777 [FXGL Background Thread 3 ] DEBUG Engine               - devSensorColorProperty: ObjectProperty [value: 0xffff00ff]
21:18:47.777 [FXGL Background Thread 3 ] DEBUG Engine               - devShowBBoxProperty: BooleanProperty [value: false]
21:18:47.777 [FXGL Background Thread 3 ] DEBUG Engine               - devShowPositionProperty: BooleanProperty [value: false]
21:18:47.777 [FXGL Background Thread 3 ] DEBUG Engine               - enabledMenuItems: []
21:18:47.777 [FXGL Background Thread 3 ] DEBUG Engine               - engineServices: [class com.almasb.fxgl.app.services.FXGLAssetLoaderService, class com.almasb.fxgl.app.FXGLApplication$GameApplicationService, class com.almasb.fxgl.app.services.FXGLDialogService, class com.almasb.fxgl.app.services.IOTaskExecutorService, class com.almasb.fxgl.io.FileSystemService, class com.almasb.fxgl.localization.LocalizationService, class com.almasb.fxgl.app.services.SystemBundleService, class com.almasb.fxgl.profile.SaveLoadService, class com.almasb.fxgl.ui.FXGLUIFactoryServiceProvider, class com.almasb.fxgl.ui.FXGLDialogFactoryServiceProvider, class com.almasb.fxgl.audio.AudioPlayer, class com.almasb.fxgl.notification.impl.NotificationServiceProvider, class com.almasb.fxgl.achievement.AchievementService, class com.almasb.fxgl.cutscene.CutsceneService, class com.almasb.fxgl.minigames.MiniGameService, class com.almasb.fxgl.net.NetService, class com.almasb.fxgl.app.services.UpdaterService, class com.almasb.fxgl.dev.DevService]
21:18:47.777 [FXGL Background Thread 3 ] DEBUG Engine               - fontGame: Abel-Regular.ttf
21:18:47.777 [FXGL Background Thread 3 ] DEBUG Engine               - fontMono: lucida_console.ttf
21:18:47.777 [FXGL Background Thread 3 ] DEBUG Engine               - fontText: Courier-Prime.ttf
21:18:47.777 [FXGL Background Thread 3 ] DEBUG Engine               - fontUI: game_font.ttf
21:18:47.777 [FXGL Background Thread 3 ] DEBUG Engine               - fullScreen: BooleanProperty [value: true]
21:18:47.777 [FXGL Background Thread 3 ] DEBUG Engine               - gameDifficulty: MEDIUM
21:18:47.777 [FXGL Background Thread 3 ] DEBUG Engine               - gameDifficultyProperty: ObjectProperty [value: MEDIUM]
21:18:47.777 [FXGL Background Thread 3 ] DEBUG Engine               - globalMusicVolume: 0.5
21:18:47.777 [FXGL Background Thread 3 ] DEBUG Engine               - globalMusicVolumeProperty: DoubleProperty [value: 0.0]
21:18:47.777 [FXGL Background Thread 3 ] DEBUG Engine               - globalSoundVolume: 0.5
21:18:47.777 [FXGL Background Thread 3 ] DEBUG Engine               - globalSoundVolumeProperty: DoubleProperty [value: 0.5]
21:18:47.777 [FXGL Background Thread 3 ] DEBUG Engine               - height: 720
21:18:47.777 [FXGL Background Thread 3 ] DEBUG Engine               - is3D: false
21:18:47.778 [FXGL Background Thread 3 ] DEBUG Engine               - isAndroid: false
21:18:47.778 [FXGL Background Thread 3 ] DEBUG Engine               - isBrowser: false
21:18:47.778 [FXGL Background Thread 3 ] DEBUG Engine               - isClickFeedbackEnabled: false
21:18:47.778 [FXGL Background Thread 3 ] DEBUG Engine               - isCloseConfirmation: false
21:18:47.778 [FXGL Background Thread 3 ] DEBUG Engine               - isDesktop: true
21:18:47.778 [FXGL Background Thread 3 ] DEBUG Engine               - isDeveloperMenuEnabled: false
21:18:47.778 [FXGL Background Thread 3 ] DEBUG Engine               - isEntityPreloadEnabled: true
21:18:47.778 [FXGL Background Thread 3 ] DEBUG Engine               - isExperimentalTiledLargeMap: false
21:18:47.778 [FXGL Background Thread 3 ] DEBUG Engine               - isFileSystemWriteAllowed: true
21:18:47.778 [FXGL Background Thread 3 ] DEBUG Engine               - isFullScreenAllowed: true
21:18:47.778 [FXGL Background Thread 3 ] DEBUG Engine               - isFullScreenFromStart: true
21:18:47.778 [FXGL Background Thread 3 ] DEBUG Engine               - isGameMenuEnabled: true
21:18:47.778 [FXGL Background Thread 3 ] DEBUG Engine               - isIOS: false
21:18:47.778 [FXGL Background Thread 3 ] DEBUG Engine               - isIntroEnabled: false
21:18:47.778 [FXGL Background Thread 3 ] DEBUG Engine               - isLinux: false
21:18:47.778 [FXGL Background Thread 3 ] DEBUG Engine               - isMac: false
21:18:47.778 [FXGL Background Thread 3 ] DEBUG Engine               - isMainMenuEnabled: true
21:18:47.778 [FXGL Background Thread 3 ] DEBUG Engine               - isManualResizeEnabled: false
21:18:47.778 [FXGL Background Thread 3 ] DEBUG Engine               - isMobile: false
21:18:47.778 [FXGL Background Thread 3 ] DEBUG Engine               - isNative: false
21:18:47.778 [FXGL Background Thread 3 ] DEBUG Engine               - isPauseMusicWhenMinimized: true
21:18:47.778 [FXGL Background Thread 3 ] DEBUG Engine               - isPreserveResizeRatio: false
21:18:47.778 [FXGL Background Thread 3 ] DEBUG Engine               - isProfilingEnabled: false
21:18:47.778 [FXGL Background Thread 3 ] DEBUG Engine               - isScaleAffectedOnResize: true
21:18:47.778 [FXGL Background Thread 3 ] DEBUG Engine               - isSingleStep: false
21:18:47.778 [FXGL Background Thread 3 ] DEBUG Engine               - isUserProfileEnabled: false
21:18:47.778 [FXGL Background Thread 3 ] DEBUG Engine               - isWindows: true
21:18:47.778 [FXGL Background Thread 3 ] DEBUG Engine               - language: ObjectProperty [value: ENGLISH]
21:18:47.779 [FXGL Background Thread 3 ] DEBUG Engine               - menuKey: ESCAPE
21:18:47.779 [FXGL Background Thread 3 ] DEBUG Engine               - mouseSensitivity: 0.2
21:18:47.779 [FXGL Background Thread 3 ] DEBUG Engine               - notificationViewClass: class com.almasb.fxgl.notification.view.XboxNotificationView
21:18:47.779 [FXGL Background Thread 3 ] DEBUG Engine               - pixelsPerMeter: 50.0
21:18:47.779 [FXGL Background Thread 3 ] DEBUG Engine               - platform: WINDOWS
21:18:47.779 [FXGL Background Thread 3 ] DEBUG Engine               - prefHeightProperty: ReadOnlyDoubleProperty [value: 720.0]
21:18:47.779 [FXGL Background Thread 3 ] DEBUG Engine               - prefWidthProperty: ReadOnlyDoubleProperty [value: 1280.0]
21:18:47.779 [FXGL Background Thread 3 ] DEBUG Engine               - profileDir: profiles/
21:18:47.779 [FXGL Background Thread 3 ] DEBUG Engine               - profileName: StringProperty [value: DEFAULT]
21:18:47.779 [FXGL Background Thread 3 ] DEBUG Engine               - randomSeed: -1
21:18:47.779 [FXGL Background Thread 3 ] DEBUG Engine               - runtimeInfo: RuntimeInfo(platform=WINDOWS, version=11.17, build=16.07.2021 15.46)
21:18:47.779 [FXGL Background Thread 3 ] DEBUG Engine               - saveFileExt: sav
21:18:47.779 [FXGL Background Thread 3 ] DEBUG Engine               - scaledHeightProp$fxgl: DoubleProperty [bound, value: 864.0]
21:18:47.779 [FXGL Background Thread 3 ] DEBUG Engine               - scaledWidthProp$fxgl: DoubleProperty [bound, value: 1536.0]
21:18:47.779 [FXGL Background Thread 3 ] DEBUG Engine               - sceneFactory: Bomberman.GameApp$1@2cb14a50
21:18:47.779 [FXGL Background Thread 3 ] DEBUG Engine               - secondsIn24h: 60
21:18:47.779 [FXGL Background Thread 3 ] DEBUG Engine               - soundMenuBack: menu/back.wav
21:18:47.779 [FXGL Background Thread 3 ] DEBUG Engine               - soundMenuPress: menu/press.wav
21:18:47.779 [FXGL Background Thread 3 ] DEBUG Engine               - soundMenuSelect: menu/select.wav
21:18:47.779 [FXGL Background Thread 3 ] DEBUG Engine               - soundNotification: core/notification.wav
21:18:47.779 [FXGL Background Thread 3 ] DEBUG Engine               - stageStyle: DECORATED
21:18:47.779 [FXGL Background Thread 3 ] DEBUG Engine               - supportedLanguages: [ENGLISH, FRENCH, GERMAN, HUNGARIAN, RUSSIAN]
21:18:47.779 [FXGL Background Thread 3 ] DEBUG Engine               - ticksPerSecond: -1
21:18:47.779 [FXGL Background Thread 3 ] DEBUG Engine               - title: SPLATMAN
21:18:47.779 [FXGL Background Thread 3 ] DEBUG Engine               - urlGithub: https://github.com/AlmasB/FXGL
21:18:47.779 [FXGL Background Thread 3 ] DEBUG Engine               - urlLeaderboard: http://fxgl-top.herokuapp.com/
21:18:47.780 [FXGL Background Thread 3 ] DEBUG Engine               - urlPOM: https://raw.githubusercontent.com/AlmasB/FXGL/release/README.md
21:18:47.780 [FXGL Background Thread 3 ] DEBUG Engine               - userAppClass: class Bomberman.GameApp
21:18:47.780 [FXGL Background Thread 3 ] DEBUG Engine               - version: 1.0
21:18:47.780 [FXGL Background Thread 3 ] DEBUG Engine               - versionCheckDays: 7
21:18:47.780 [FXGL Background Thread 3 ] DEBUG Engine               - width: 1280
21:18:47.780 [FXGL Background Thread 3 ] DEBUG Engine               - Logging services
21:18:47.780 [FXGL Background Thread 3 ] DEBUG Engine               - class com.almasb.fxgl.app.services.FXGLAssetLoaderService
21:18:47.780 [FXGL Background Thread 3 ] DEBUG Engine               - class com.almasb.fxgl.app.FXGLApplication$GameApplicationService
21:18:47.780 [FXGL Background Thread 3 ] DEBUG Engine               - class com.almasb.fxgl.app.services.FXGLDialogService
21:18:47.780 [FXGL Background Thread 3 ] DEBUG Engine               - class com.almasb.fxgl.app.services.IOTaskExecutorService
21:18:47.780 [FXGL Background Thread 3 ] DEBUG Engine               - class com.almasb.fxgl.io.FileSystemService
21:18:47.780 [FXGL Background Thread 3 ] DEBUG Engine               - class com.almasb.fxgl.localization.LocalizationService
21:18:47.780 [FXGL Background Thread 3 ] DEBUG Engine               - class com.almasb.fxgl.app.services.SystemBundleService
21:18:47.780 [FXGL Background Thread 3 ] DEBUG Engine               - class com.almasb.fxgl.profile.SaveLoadService
21:18:47.780 [FXGL Background Thread 3 ] DEBUG Engine               - class com.almasb.fxgl.ui.FXGLUIFactoryServiceProvider
21:18:47.780 [FXGL Background Thread 3 ] DEBUG Engine               - class com.almasb.fxgl.ui.FXGLDialogFactoryServiceProvider
21:18:47.780 [FXGL Background Thread 3 ] DEBUG Engine               - class com.almasb.fxgl.audio.AudioPlayer
21:18:47.780 [FXGL Background Thread 3 ] DEBUG Engine               - class com.almasb.fxgl.notification.impl.NotificationServiceProvider
21:18:47.780 [FXGL Background Thread 3 ] DEBUG Engine               - class com.almasb.fxgl.achievement.AchievementService
21:18:47.780 [FXGL Background Thread 3 ] DEBUG Engine               - class com.almasb.fxgl.cutscene.CutsceneService
21:18:47.780 [FXGL Background Thread 3 ] DEBUG Engine               - class com.almasb.fxgl.minigames.MiniGameService
21:18:47.780 [FXGL Background Thread 3 ] DEBUG Engine               - class com.almasb.fxgl.net.NetService
21:18:47.780 [FXGL Background Thread 3 ] DEBUG Engine               - class com.almasb.fxgl.app.services.UpdaterService
21:18:47.780 [FXGL Background Thread 3 ] DEBUG Engine               - class com.almasb.fxgl.dev.DevService
21:18:50.857 [JavaFX Application Thread] DEBUG PrimaryStageWindow   - Pop state: StageStartScene
21:18:50.857 [JavaFX Application Thread] DEBUG Input                - Clearing active input actions
21:18:50.858 [JavaFX Application Thread] DEBUG GameApplicationServi - Removing overlay from StageStartScene and adding to GameScene
21:18:50.858 [JavaFX Application Thread] DEBUG PrimaryStageWindow   - GameScene <- StageStartScene
21:18:57.584 [JavaFX Application Thread] DEBUG FXGLAssetLoaderServi - Loading from file system: file:/C:/Users/THANG/Documents/GitHub/Bomberman-master/target/classes/assets/textures/bomb.png
21:18:57.585 [JavaFX Application Thread] DEBUG FXGLAssetLoaderServi - Loading from file system: file:/C:/Users/THANG/Documents/GitHub/Bomberman-master/target/classes/assets/sounds/place_bomb.wav
21:18:59.674 [JavaFX Application Thread] DEBUG FXGLAssetLoaderServi - Loading from file system: file:/C:/Users/THANG/Documents/GitHub/Bomberman-master/target/classes/assets/textures/top_right_flame.png
21:18:59.675 [JavaFX Application Thread] DEBUG FXGLAssetLoaderServi - Loading from file system: file:/C:/Users/THANG/Documents/GitHub/Bomberman-master/target/classes/assets/textures/top_left_flame.png
21:18:59.676 [JavaFX Application Thread] DEBUG FXGLAssetLoaderServi - Loading from file system: file:/C:/Users/THANG/Documents/GitHub/Bomberman-master/target/classes/assets/textures/top_down_flame.png
21:18:59.677 [JavaFX Application Thread] DEBUG FXGLAssetLoaderServi - Loading from file system: file:/C:/Users/THANG/Documents/GitHub/Bomberman-master/target/classes/assets/textures/top_up_flame.png
21:18:59.677 [JavaFX Application Thread] DEBUG FXGLAssetLoaderServi - Loading from file system: file:/C:/Users/THANG/Documents/GitHub/Bomberman-master/target/classes/assets/textures/central_flame.png
21:18:59.679 [JavaFX Application Thread] DEBUG FXGLAssetLoaderServi - Loading from file system: file:/C:/Users/THANG/Documents/GitHub/Bomberman-master/target/classes/assets/sounds/bomb_explode.wav
21:18:59.683 [JavaFX Application Thread] DEBUG FXGLAssetLoaderServi - Loading from file system: file:/C:/Users/THANG/Documents/GitHub/Bomberman-master/target/classes/assets/textures/brick_break.png
21:19:01.125 [JavaFX Application Thread] DEBUG FXGLAssetLoaderServi - Loading from file system: file:/C:/Users/THANG/Documents/GitHub/Bomberman-master/target/classes/assets/sounds/powerup.wav
21:19:04.278 [JavaFX Application Thread] DEBUG FXGLAssetLoaderServi - Loading from file system: file:/C:/Users/THANG/Documents/GitHub/Bomberman-master/target/classes/assets/sounds/player_die.wav
21:19:07.495 [JavaFX Application Thread] WARN  TMXLevelLoader       - TiledMap generated from 1.7.2. Supported version: 1.2.3. Some features may not be parsed fully.
21:19:07.502 [JavaFX Application Thread] DEBUG TMXLevelLoader       - Parsed TiledMap: file:/C:/Users/THANG/Documents/GitHub/Bomberman-master/target/classes/assets/levels/level1.tmx
21:19:07.502 [JavaFX Application Thread] DEBUG TMXLevelLoader       - Creating tile layer entities
21:19:07.502 [JavaFX Application Thread] DEBUG TilesetLoader        - Loading view for layer Tile Layer 1
21:19:07.504 [JavaFX Application Thread] DEBUG TilesetLoader        - Created buffer with size 1488.0x720.0
21:19:07.515 [JavaFX Application Thread] DEBUG TMXLevelLoader       - Creating object layer entities
21:19:07.537 [JavaFX Application Thread] DEBUG GameWorld            - Clearing removable entities
21:19:07.546 [JavaFX Application Thread] DEBUG GameWorld            - Setting level: com.almasb.fxgl.entity.level.Level@2c44b859
21:19:17.853 [JavaFX Application Thread] WARN  TMXLevelLoader       - TiledMap generated from 1.7.2. Supported version: 1.2.3. Some features may not be parsed fully.
21:19:17.858 [JavaFX Application Thread] DEBUG TMXLevelLoader       - Parsed TiledMap: file:/C:/Users/THANG/Documents/GitHub/Bomberman-master/target/classes/assets/levels/level1.tmx
21:19:17.858 [JavaFX Application Thread] DEBUG TMXLevelLoader       - Creating tile layer entities
21:19:17.858 [JavaFX Application Thread] DEBUG TilesetLoader        - Loading view for layer Tile Layer 1
21:19:17.859 [JavaFX Application Thread] DEBUG TilesetLoader        - Created buffer with size 1488.0x720.0
21:19:17.869 [JavaFX Application Thread] DEBUG TMXLevelLoader       - Creating object layer entities
21:19:17.889 [JavaFX Application Thread] DEBUG GameWorld            - Clearing removable entities
21:19:17.893 [JavaFX Application Thread] DEBUG GameWorld            - Setting level: com.almasb.fxgl.entity.level.Level@385b8215
21:19:59.555 [JavaFX Application Thread] WARN  FXGLAssetLoaderServi - Asset "/assets/sounds/ending.wav" was not found!
21:19:59.556 [JavaFX Application Thread] WARN  FXGLAssetLoaderServi - Failed to load SOUND
21:19:59.560 [JavaFX Application Thread] DEBUG PrimaryStageWindow   - Push state: EndingScene
21:19:59.560 [JavaFX Application Thread] DEBUG Input                - Clearing active input actions
21:19:59.560 [JavaFX Application Thread] DEBUG GameApplicationServi - Removing overlay from GameScene and adding to EndingScene
21:19:59.561 [JavaFX Application Thread] DEBUG PrimaryStageWindow   - GameScene -> EndingScene
21:20:13.734 [JavaFX Application Thread] DEBUG PrimaryStageWindow   - Pop state: EndingScene
21:20:13.734 [JavaFX Application Thread] DEBUG Input                - Clearing active input actions
21:20:13.734 [JavaFX Application Thread] DEBUG GameApplicationServi - Removing overlay from EndingScene and adding to GameScene
21:20:13.735 [JavaFX Application Thread] DEBUG PrimaryStageWindow   - GameScene <- EndingScene
21:20:13.735 [JavaFX Application Thread] DEBUG Input                - Clearing active input actions
21:20:13.738 [JavaFX Application Thread] DEBUG GameApplicationServi - Removing overlay from GameScene and adding to FXGLMainMenuDummyScene
21:20:13.738 [JavaFX Application Thread] DEBUG PrimaryStageWindow   - GameScene -> FXGLMainMenuDummyScene
21:20:13.738 [JavaFX Application Thread] DEBUG PrimaryStageWindow   - Push state: MainMenu
21:20:13.738 [JavaFX Application Thread] DEBUG Input                - Clearing active input actions
21:20:13.738 [JavaFX Application Thread] DEBUG GameApplicationServi - Removing overlay from FXGLMainMenuDummyScene and adding to MainMenu
21:20:13.738 [JavaFX Application Thread] DEBUG PrimaryStageWindow   - FXGLMainMenuDummyScene -> MainMenu
21:20:15.908 [JavaFX Application Thread] DEBUG Menu                 - fireExit()
21:20:15.913 [JavaFX Application Thread] DEBUG PrimaryStageWindow   - Push state: DialogSubScene
21:20:15.913 [JavaFX Application Thread] DEBUG Input                - Clearing active input actions
21:20:15.913 [JavaFX Application Thread] DEBUG GameApplicationServi - Removing overlay from MainMenu and adding to DialogSubScene
21:20:15.913 [JavaFX Application Thread] DEBUG PrimaryStageWindow   - MainMenu -> DialogSubScene
21:20:17.932 [JavaFX Application Thread] DEBUG PrimaryStageWindow   - Pop state: DialogSubScene
21:20:17.932 [JavaFX Application Thread] DEBUG Input                - Clearing active input actions
21:20:17.932 [JavaFX Application Thread] DEBUG GameApplicationServi - Removing overlay from DialogSubScene and adding to MainMenu
21:20:17.932 [JavaFX Application Thread] DEBUG PrimaryStageWindow   - MainMenu <- DialogSubScene
21:20:17.933 [JavaFX Application Thread] DEBUG FXGLApplication      - Exiting FXGL
21:20:17.933 [JavaFX Application Thread] DEBUG LoopRunner           - Stopping loop
21:20:17.933 [JavaFX Application Thread] DEBUG SystemBundleService  - Saving FXGL system data
21:20:17.935 [JavaFX Application Thread] DEBUG FileSystemAccess     - Writing to: C:\Users\THANG\Documents\GitHub\Bomberman-master\system\fxgl.bundle
21:20:17.936 [JavaFX Application Thread] DEBUG Async                - Shutting down background threads
21:20:17.936 [JavaFX Application Thread] DEBUG PrimaryStageWindow   - Closing main window
21:20:17.964 [JavaFX Application Thread] DEBUG Logger               - Closing Logger
