01:00:06.454 [main                     ] DEBUG Logger               - Configured Logger
01:00:06.456 [main                     ] DEBUG GameApplication      - Logging settings
Title: SPLATTMAN
Version: 1.0
Width: 1280
Height: 720
Fullscreen: false
Intro: false
Profiling: false
Single step:false
App Mode: DEVELOPER
Menu Key: ESCAPE
Stage Style: DECORATED
Scene Factory: class Bomberman.GameApp$1

01:00:06.866 [JavaFX Application Thread] DEBUG FXGLApplication      - Initializing FXGL
01:00:06.868 [JavaFX Application Thread] INFO  Engine               - FXGL-11.17 (16.07.2021 15.46) on WINDOWS (J:18.0.2.1 FX:16)
01:00:06.868 [JavaFX Application Thread] DEBUG Engine               - JRE Vendor Name: Oracle Corporation
01:00:06.868 [JavaFX Application Thread] DEBUG Engine               - Running on OS: Windows 10 version 10.0
01:00:06.869 [JavaFX Application Thread] DEBUG Engine               - Architecture: amd64
01:00:06.869 [JavaFX Application Thread] INFO  Engine               - Source code and latest versions at: https://github.com/AlmasB/FXGL
01:00:06.869 [JavaFX Application Thread] INFO  Engine               -              Join the FXGL chat at: https://gitter.im/AlmasB/FXGL
01:00:06.966 [JavaFX Application Thread] DEBUG PrimaryStageWindow   - Creating a JavaFX scene
01:00:07.006 [JavaFX Application Thread] DEBUG PrimaryStageWindow   - Target settings size: 1280.0 x 720.0
01:00:07.006 [JavaFX Application Thread] DEBUG PrimaryStageWindow   - Scaled scene size:    1280.0 x 720.0
01:00:07.006 [JavaFX Application Thread] DEBUG PrimaryStageWindow   - Scaled ratio: (1.0, 1.0)
01:00:07.007 [JavaFX Application Thread] DEBUG PrimaryStageWindow   - Set initial scene to FXGLStartupScene
01:00:07.013 [JavaFX Application Thread] DEBUG PrimaryStageWindow   - Opening main window
01:00:07.116 [JavaFX Application Thread] DEBUG PrimaryStageWindow   - Window border size: (14.4000244140625, 37.5999755859375)
01:00:07.116 [JavaFX Application Thread] DEBUG PrimaryStageWindow   - Scaled size: 1280.0 x 720.0
01:00:07.116 [JavaFX Application Thread] DEBUG PrimaryStageWindow   - Scaled ratio: (1.0, 1.0)
01:00:07.116 [JavaFX Application Thread] DEBUG PrimaryStageWindow   - Scene size: 1280.0 x 720.0
01:00:07.117 [JavaFX Application Thread] DEBUG PrimaryStageWindow   - Stage size: 1294.4000244140625 x 757.5999755859375
01:00:07.128 [FXGL Background Thread 1 ] DEBUG Engine               - Initializing environment variables
01:00:07.214 [FXGL Background Thread 1 ] DEBUG FXGLAssetLoaderServi - User app class for loading assets: class Bomberman.GameApp
01:00:07.214 [FXGL Background Thread 1 ] DEBUG GameApplicationServi - Applying CSS: fxgl_dark.css
01:00:07.214 [FXGL Background Thread 1 ] DEBUG FXGLAssetLoaderServi - Loading from file system: jar:file:/C:/Users/tho26/.m2/repository/com/github/almasb/fxgl/11.17/fxgl-11.17.jar!/fxglassets/ui/css/fxgl_dark.css
01:00:07.251 [FXGL Background Thread 1 ] DEBUG GameApplicationServi - Initializing application scenes
01:00:07.300 [FXGL Background Thread 1 ] DEBUG GameWorld            - Game world initialized
01:00:07.367 [FXGL Background Thread 1 ] DEBUG PhysicsWorld         - Physics world initialized: appHeight=720, physics.ppm=50.0
01:00:07.368 [FXGL Background Thread 1 ] DEBUG PhysicsWorld         - Using strategy: BRUTE_FORCE
01:00:07.369 [FXGL Background Thread 1 ] DEBUG GameScene            - Game scene initialized: 1280x720
01:00:07.506 [FXGL Background Thread 1 ] DEBUG GameApplicationServi - Application scenes initialized
01:00:07.516 [FXGL Background Thread 1 ] DEBUG SystemBundleService  - Loading FXGL system data
01:00:07.519 [FXGL Background Thread 1 ] DEBUG FileSystemAccess     - Reading from: E:\CPP\Bomberman-master\system\fxgl.bundle
01:00:07.527 [FXGL Background Thread 1 ] DEBUG SystemBundleService  - Bundle FXGL: {}
01:00:07.527 [FXGL Background Thread 1 ] DEBUG UpdaterService       - Checking for updates
01:00:07.535 [FXGL Background Thread 4 ] DEBUG FXGLApplication      - Loading fonts
01:00:07.535 [FXGL Background Thread 4 ] DEBUG FXGLAssetLoaderServi - Loading from file system: file:/E:/CPP/Bomberman-master/target/classes/assets/ui/fonts/game_font.ttf
01:00:07.535 [FXGL Background Thread 1 ] DEBUG FXGLApplication      - Loading default localization
01:00:07.536 [FXGL Background Thread 1 ] DEBUG FXGLAssetLoaderServi - Loading from file system: jar:file:/C:/Users/tho26/.m2/repository/com/github/almasb/fxgl/11.17/fxgl-11.17.jar!/fxglassets/languages/english.lang
01:00:07.552 [FXGL Background Thread 1 ] INFO  FXGLApplication      - FXGL initialization took: 0.423 sec
01:00:07.562 [JavaFX Application Thread] DEBUG Input                - Registered new binding: Move Up - W
01:00:07.562 [JavaFX Application Thread] DEBUG Input                - Registered new binding: Move Down - S
01:00:07.562 [JavaFX Application Thread] DEBUG Input                - Registered new binding: Move Left - A
01:00:07.562 [JavaFX Application Thread] DEBUG Input                - Registered new binding: Move Right - D
01:00:07.563 [JavaFX Application Thread] DEBUG Input                - Registered new binding: Place Bomb - Space
01:00:07.563 [JavaFX Application Thread] DEBUG FXGLAssetLoaderServi - Loading from file system: file:/E:/CPP/Bomberman-master/target/classes/assets/music/main_theme.mp3
01:00:07.594 [FXGL Background Thread 4 ] DEBUG FXGLAssetLoaderServi - Loading from file system: jar:file:/C:/Users/tho26/.m2/repository/com/github/almasb/fxgl/11.17/fxgl-11.17.jar!/fxglassets/ui/fonts/Abel-Regular.ttf
01:00:07.598 [FXGL Background Thread 4 ] DEBUG FXGLAssetLoaderServi - Loading from file system: jar:file:/C:/Users/tho26/.m2/repository/com/github/almasb/fxgl/11.17/fxgl-11.17.jar!/fxglassets/ui/fonts/lucida_console.ttf
01:00:07.603 [FXGL Background Thread 4 ] DEBUG FXGLAssetLoaderServi - Loading from file system: jar:file:/C:/Users/tho26/.m2/repository/com/github/almasb/fxgl/11.17/fxgl-11.17.jar!/fxglassets/ui/fonts/Courier-Prime.ttf
01:00:07.703 [JavaFX Application Thread] DEBUG AudioPlayer          - Playing music com.almasb.fxgl.audio.Music@41853397
01:00:07.705 [JavaFX Application Thread] WARN  FXGLAssetLoaderServi - Asset "/assets/textures/Mail-icon.png" was not found!
01:00:07.705 [JavaFX Application Thread] WARN  FXGLAssetLoaderServi - Failed to load IMAGE
01:00:07.742 [JavaFX Application Thread] DEBUG FXGLAssetLoaderServi - Loading from file system: jar:file:/C:/Users/tho26/.m2/repository/com/github/almasb/fxgl/11.17/fxgl-11.17.jar!/fxglassets/textures/fxgl_default_cursor.png
01:00:07.745 [JavaFX Application Thread] DEBUG Input                - Registered new binding: Screenshot - CTRL+8
01:00:07.746 [JavaFX Application Thread] DEBUG Input                - Registered new binding: System info dump - CTRL+9
01:00:07.747 [JavaFX Application Thread] DEBUG Input                - Registered new binding: Restart - CTRL+R
01:00:07.749 [JavaFX Application Thread] DEBUG Input                - Registered new binding: Toggle Debug Camera - CTRL+C
01:00:07.753 [JavaFX Application Thread] DEBUG LoopRunner           - Starting loop
01:00:07.753 [JavaFX Application Thread] DEBUG LoopRunner           - Initializing JavaFX AnimationTimerLoop
01:00:07.759 [JavaFX Application Thread] DEBUG Input                - Clearing active input actions
01:00:07.770 [JavaFX Application Thread] DEBUG GameApplicationServi - Removing overlay from FXGLStartupScene and adding to FXGLMainMenuDummyScene
01:00:07.770 [JavaFX Application Thread] DEBUG PrimaryStageWindow   - FXGLStartupScene -> FXGLMainMenuDummyScene
01:00:07.770 [JavaFX Application Thread] DEBUG PrimaryStageWindow   - Push state: MainMenu
01:00:07.771 [JavaFX Application Thread] DEBUG Input                - Clearing active input actions
01:00:07.778 [JavaFX Application Thread] DEBUG GameApplicationServi - Removing overlay from FXGLMainMenuDummyScene and adding to MainMenu
01:00:07.778 [JavaFX Application Thread] DEBUG PrimaryStageWindow   - FXGLMainMenuDummyScene -> MainMenu
01:00:07.779 [JavaFX Application Thread] DEBUG FXGLApplication      - Registering font factories with UI factory
01:00:08.104 [FXGL Background Thread 2 ] INFO  UpdaterService       - Your current version:  11.17
01:00:08.104 [FXGL Background Thread 2 ] INFO  UpdaterService       - Latest stable version: 17.2
01:00:10.533 [FXGL Background Thread 3 ] DEBUG Engine               - Logging environment variables
01:00:10.533 [FXGL Background Thread 3 ] DEBUG Engine               - achievements: []
01:00:10.533 [FXGL Background Thread 3 ] DEBUG Engine               - actualHeight: 720.0
01:00:10.533 [FXGL Background Thread 3 ] DEBUG Engine               - actualHeightProperty: ReadOnlyDoubleProperty [value: 720.0]
01:00:10.533 [FXGL Background Thread 3 ] DEBUG Engine               - actualWidth: 1280.0
01:00:10.533 [FXGL Background Thread 3 ] DEBUG Engine               - actualWidthProperty: ReadOnlyDoubleProperty [value: 1280.0]
01:00:10.533 [FXGL Background Thread 3 ] DEBUG Engine               - appIcon: Mail-icon.png
01:00:10.533 [FXGL Background Thread 3 ] DEBUG Engine               - applicationMode: DEVELOPER
01:00:10.533 [FXGL Background Thread 3 ] DEBUG Engine               - cSSList: [fxgl_dark.css]
01:00:10.533 [FXGL Background Thread 3 ] DEBUG Engine               - collisionDetectionStrategy: BRUTE_FORCE
01:00:10.533 [FXGL Background Thread 3 ] DEBUG Engine               - configClass: Optional.empty
01:00:10.534 [FXGL Background Thread 3 ] DEBUG Engine               - credits: []
01:00:10.534 [FXGL Background Thread 3 ] DEBUG Engine               - defaultCursor: CursorInfo(imageName=fxgl_default_cursor.png, hotspotX=7.0, hotspotY=6.0)
01:00:10.534 [FXGL Background Thread 3 ] DEBUG Engine               - devBBoxColorProperty: ObjectProperty [value: 0xff0000ff]
01:00:10.534 [FXGL Background Thread 3 ] DEBUG Engine               - devEnableDebugCameraProperty: BooleanProperty [value: false]
01:00:10.534 [FXGL Background Thread 3 ] DEBUG Engine               - devSensorColorProperty: ObjectProperty [value: 0xffff00ff]
01:00:10.534 [FXGL Background Thread 3 ] DEBUG Engine               - devShowBBoxProperty: BooleanProperty [value: false]
01:00:10.534 [FXGL Background Thread 3 ] DEBUG Engine               - devShowPositionProperty: BooleanProperty [value: false]
01:00:10.534 [FXGL Background Thread 3 ] DEBUG Engine               - enabledMenuItems: []
01:00:10.534 [FXGL Background Thread 3 ] DEBUG Engine               - engineServices: [class com.almasb.fxgl.app.services.FXGLAssetLoaderService, class com.almasb.fxgl.app.FXGLApplication$GameApplicationService, class com.almasb.fxgl.app.services.FXGLDialogService, class com.almasb.fxgl.app.services.IOTaskExecutorService, class com.almasb.fxgl.io.FileSystemService, class com.almasb.fxgl.localization.LocalizationService, class com.almasb.fxgl.app.services.SystemBundleService, class com.almasb.fxgl.profile.SaveLoadService, class com.almasb.fxgl.ui.FXGLUIFactoryServiceProvider, class com.almasb.fxgl.ui.FXGLDialogFactoryServiceProvider, class com.almasb.fxgl.audio.AudioPlayer, class com.almasb.fxgl.notification.impl.NotificationServiceProvider, class com.almasb.fxgl.achievement.AchievementService, class com.almasb.fxgl.cutscene.CutsceneService, class com.almasb.fxgl.minigames.MiniGameService, class com.almasb.fxgl.net.NetService, class com.almasb.fxgl.app.services.UpdaterService, class com.almasb.fxgl.dev.DevService]
01:00:10.534 [FXGL Background Thread 3 ] DEBUG Engine               - fontGame: Abel-Regular.ttf
01:00:10.534 [FXGL Background Thread 3 ] DEBUG Engine               - fontMono: lucida_console.ttf
01:00:10.534 [FXGL Background Thread 3 ] DEBUG Engine               - fontText: Courier-Prime.ttf
01:00:10.534 [FXGL Background Thread 3 ] DEBUG Engine               - fontUI: game_font.ttf
01:00:10.534 [FXGL Background Thread 3 ] DEBUG Engine               - fullScreen: BooleanProperty [value: false]
01:00:10.534 [FXGL Background Thread 3 ] DEBUG Engine               - gameDifficulty: MEDIUM
01:00:10.534 [FXGL Background Thread 3 ] DEBUG Engine               - gameDifficultyProperty: ObjectProperty [value: MEDIUM]
01:00:10.534 [FXGL Background Thread 3 ] DEBUG Engine               - globalMusicVolume: 0.5
01:00:10.534 [FXGL Background Thread 3 ] DEBUG Engine               - globalMusicVolumeProperty: DoubleProperty [value: 0.5]
01:00:10.535 [FXGL Background Thread 3 ] DEBUG Engine               - globalSoundVolume: 0.5
01:00:10.535 [FXGL Background Thread 3 ] DEBUG Engine               - globalSoundVolumeProperty: DoubleProperty [value: 0.5]
01:00:10.535 [FXGL Background Thread 3 ] DEBUG Engine               - height: 720
01:00:10.535 [FXGL Background Thread 3 ] DEBUG Engine               - is3D: false
01:00:10.535 [FXGL Background Thread 3 ] DEBUG Engine               - isAndroid: false
01:00:10.535 [FXGL Background Thread 3 ] DEBUG Engine               - isBrowser: false
01:00:10.535 [FXGL Background Thread 3 ] DEBUG Engine               - isClickFeedbackEnabled: false
01:00:10.535 [FXGL Background Thread 3 ] DEBUG Engine               - isCloseConfirmation: false
01:00:10.535 [FXGL Background Thread 3 ] DEBUG Engine               - isDesktop: true
01:00:10.535 [FXGL Background Thread 3 ] DEBUG Engine               - isDeveloperMenuEnabled: false
01:00:10.535 [FXGL Background Thread 3 ] DEBUG Engine               - isEntityPreloadEnabled: true
01:00:10.535 [FXGL Background Thread 3 ] DEBUG Engine               - isExperimentalTiledLargeMap: false
01:00:10.535 [FXGL Background Thread 3 ] DEBUG Engine               - isFileSystemWriteAllowed: true
01:00:10.535 [FXGL Background Thread 3 ] DEBUG Engine               - isFullScreenAllowed: false
01:00:10.535 [FXGL Background Thread 3 ] DEBUG Engine               - isFullScreenFromStart: false
01:00:10.535 [FXGL Background Thread 3 ] DEBUG Engine               - isGameMenuEnabled: true
01:00:10.535 [FXGL Background Thread 3 ] DEBUG Engine               - isIOS: false
01:00:10.535 [FXGL Background Thread 3 ] DEBUG Engine               - isIntroEnabled: false
01:00:10.535 [FXGL Background Thread 3 ] DEBUG Engine               - isLinux: false
01:00:10.535 [FXGL Background Thread 3 ] DEBUG Engine               - isMac: false
01:00:10.535 [FXGL Background Thread 3 ] DEBUG Engine               - isMainMenuEnabled: true
01:00:10.535 [FXGL Background Thread 3 ] DEBUG Engine               - isManualResizeEnabled: false
01:00:10.535 [FXGL Background Thread 3 ] DEBUG Engine               - isMobile: false
01:00:10.535 [FXGL Background Thread 3 ] DEBUG Engine               - isNative: false
01:00:10.536 [FXGL Background Thread 3 ] DEBUG Engine               - isPauseMusicWhenMinimized: true
01:00:10.536 [FXGL Background Thread 3 ] DEBUG Engine               - isPreserveResizeRatio: false
01:00:10.536 [FXGL Background Thread 3 ] DEBUG Engine               - isProfilingEnabled: false
01:00:10.536 [FXGL Background Thread 3 ] DEBUG Engine               - isScaleAffectedOnResize: true
01:00:10.536 [FXGL Background Thread 3 ] DEBUG Engine               - isSingleStep: false
01:00:10.536 [FXGL Background Thread 3 ] DEBUG Engine               - isUserProfileEnabled: false
01:00:10.536 [FXGL Background Thread 3 ] DEBUG Engine               - isWindows: true
01:00:10.536 [FXGL Background Thread 3 ] DEBUG Engine               - language: ObjectProperty [value: ENGLISH]
01:00:10.536 [FXGL Background Thread 3 ] DEBUG Engine               - menuKey: ESCAPE
01:00:10.536 [FXGL Background Thread 3 ] DEBUG Engine               - mouseSensitivity: 0.2
01:00:10.536 [FXGL Background Thread 3 ] DEBUG Engine               - notificationViewClass: class com.almasb.fxgl.notification.view.XboxNotificationView
01:00:10.536 [FXGL Background Thread 3 ] DEBUG Engine               - pixelsPerMeter: 50.0
01:00:10.536 [FXGL Background Thread 3 ] DEBUG Engine               - platform: WINDOWS
01:00:10.536 [FXGL Background Thread 3 ] DEBUG Engine               - prefHeightProperty: ReadOnlyDoubleProperty [value: 720.0]
01:00:10.536 [FXGL Background Thread 3 ] DEBUG Engine               - prefWidthProperty: ReadOnlyDoubleProperty [value: 1280.0]
01:00:10.536 [FXGL Background Thread 3 ] DEBUG Engine               - profileDir: profiles/
01:00:10.536 [FXGL Background Thread 3 ] DEBUG Engine               - profileName: StringProperty [value: DEFAULT]
01:00:10.536 [FXGL Background Thread 3 ] DEBUG Engine               - randomSeed: -1
01:00:10.537 [FXGL Background Thread 3 ] DEBUG Engine               - runtimeInfo: RuntimeInfo(platform=WINDOWS, version=11.17, build=16.07.2021 15.46)
01:00:10.537 [FXGL Background Thread 3 ] DEBUG Engine               - saveFileExt: sav
01:00:10.537 [FXGL Background Thread 3 ] DEBUG Engine               - scaledHeightProp$fxgl: DoubleProperty [bound, value: 720.0]
01:00:10.537 [FXGL Background Thread 3 ] DEBUG Engine               - scaledWidthProp$fxgl: DoubleProperty [bound, value: 1280.0]
01:00:10.537 [FXGL Background Thread 3 ] DEBUG Engine               - sceneFactory: Bomberman.GameApp$1@575fd6e
01:00:10.537 [FXGL Background Thread 3 ] DEBUG Engine               - secondsIn24h: 60
01:00:10.537 [FXGL Background Thread 3 ] DEBUG Engine               - soundMenuBack: menu/back.wav
01:00:10.537 [FXGL Background Thread 3 ] DEBUG Engine               - soundMenuPress: menu/press.wav
01:00:10.537 [FXGL Background Thread 3 ] DEBUG Engine               - soundMenuSelect: menu/select.wav
01:00:10.537 [FXGL Background Thread 3 ] DEBUG Engine               - soundNotification: core/notification.wav
01:00:10.537 [FXGL Background Thread 3 ] DEBUG Engine               - stageStyle: DECORATED
01:00:10.537 [FXGL Background Thread 3 ] DEBUG Engine               - supportedLanguages: [ENGLISH, FRENCH, GERMAN, HUNGARIAN, RUSSIAN]
01:00:10.537 [FXGL Background Thread 3 ] DEBUG Engine               - ticksPerSecond: -1
01:00:10.537 [FXGL Background Thread 3 ] DEBUG Engine               - title: SPLATTMAN
01:00:10.537 [FXGL Background Thread 3 ] DEBUG Engine               - urlGithub: https://github.com/AlmasB/FXGL
01:00:10.537 [FXGL Background Thread 3 ] DEBUG Engine               - urlLeaderboard: http://fxgl-top.herokuapp.com/
01:00:10.537 [FXGL Background Thread 3 ] DEBUG Engine               - urlPOM: https://raw.githubusercontent.com/AlmasB/FXGL/release/README.md
01:00:10.537 [FXGL Background Thread 3 ] DEBUG Engine               - userAppClass: class Bomberman.GameApp
01:00:10.537 [FXGL Background Thread 3 ] DEBUG Engine               - version: 1.0
01:00:10.537 [FXGL Background Thread 3 ] DEBUG Engine               - versionCheckDays: 7
01:00:10.537 [FXGL Background Thread 3 ] DEBUG Engine               - width: 1280
01:00:10.537 [FXGL Background Thread 3 ] DEBUG Engine               - Logging services
01:00:10.537 [FXGL Background Thread 3 ] DEBUG Engine               - class com.almasb.fxgl.app.services.FXGLAssetLoaderService
01:00:10.538 [FXGL Background Thread 3 ] DEBUG Engine               - class com.almasb.fxgl.app.FXGLApplication$GameApplicationService
01:00:10.538 [FXGL Background Thread 3 ] DEBUG Engine               - class com.almasb.fxgl.app.services.FXGLDialogService
01:00:10.538 [FXGL Background Thread 3 ] DEBUG Engine               - class com.almasb.fxgl.app.services.IOTaskExecutorService
01:00:10.538 [FXGL Background Thread 3 ] DEBUG Engine               - class com.almasb.fxgl.io.FileSystemService
01:00:10.538 [FXGL Background Thread 3 ] DEBUG Engine               - class com.almasb.fxgl.localization.LocalizationService
01:00:10.538 [FXGL Background Thread 3 ] DEBUG Engine               - class com.almasb.fxgl.app.services.SystemBundleService
01:00:10.538 [FXGL Background Thread 3 ] DEBUG Engine               - class com.almasb.fxgl.profile.SaveLoadService
01:00:10.538 [FXGL Background Thread 3 ] DEBUG Engine               - class com.almasb.fxgl.ui.FXGLUIFactoryServiceProvider
01:00:10.538 [FXGL Background Thread 3 ] DEBUG Engine               - class com.almasb.fxgl.ui.FXGLDialogFactoryServiceProvider
01:00:10.538 [FXGL Background Thread 3 ] DEBUG Engine               - class com.almasb.fxgl.audio.AudioPlayer
01:00:10.538 [FXGL Background Thread 3 ] DEBUG Engine               - class com.almasb.fxgl.notification.impl.NotificationServiceProvider
01:00:10.538 [FXGL Background Thread 3 ] DEBUG Engine               - class com.almasb.fxgl.achievement.AchievementService
01:00:10.538 [FXGL Background Thread 3 ] DEBUG Engine               - class com.almasb.fxgl.cutscene.CutsceneService
01:00:10.538 [FXGL Background Thread 3 ] DEBUG Engine               - class com.almasb.fxgl.minigames.MiniGameService
01:00:10.538 [FXGL Background Thread 3 ] DEBUG Engine               - class com.almasb.fxgl.net.NetService
01:00:10.538 [FXGL Background Thread 3 ] DEBUG Engine               - class com.almasb.fxgl.app.services.UpdaterService
01:00:10.538 [FXGL Background Thread 3 ] DEBUG Engine               - class com.almasb.fxgl.dev.DevService
01:00:11.120 [JavaFX Application Thread] DEBUG Menu                 - fireExit()
01:00:11.126 [JavaFX Application Thread] DEBUG PrimaryStageWindow   - Push state: DialogSubScene
01:00:11.127 [JavaFX Application Thread] DEBUG Input                - Clearing active input actions
01:00:11.129 [JavaFX Application Thread] DEBUG GameApplicationServi - Removing overlay from MainMenu and adding to DialogSubScene
01:00:11.130 [JavaFX Application Thread] DEBUG PrimaryStageWindow   - MainMenu -> DialogSubScene
01:00:11.943 [JavaFX Application Thread] DEBUG PrimaryStageWindow   - Pop state: DialogSubScene
01:00:11.943 [JavaFX Application Thread] DEBUG Input                - Clearing active input actions
01:00:11.944 [JavaFX Application Thread] DEBUG GameApplicationServi - Removing overlay from DialogSubScene and adding to MainMenu
01:00:11.944 [JavaFX Application Thread] DEBUG PrimaryStageWindow   - MainMenu <- DialogSubScene
01:00:11.944 [JavaFX Application Thread] DEBUG FXGLApplication      - Exiting FXGL
01:00:11.944 [JavaFX Application Thread] DEBUG LoopRunner           - Stopping loop
01:00:11.944 [JavaFX Application Thread] DEBUG SystemBundleService  - Saving FXGL system data
01:00:11.946 [JavaFX Application Thread] DEBUG FileSystemAccess     - Writing to: E:\CPP\Bomberman-master\system\fxgl.bundle
01:00:11.948 [JavaFX Application Thread] DEBUG Async                - Shutting down background threads
01:00:11.948 [JavaFX Application Thread] DEBUG PrimaryStageWindow   - Closing main window
01:00:11.969 [JavaFX Application Thread] DEBUG Logger               - Closing Logger
