20:36:48.300 [main                     ] DEBUG Logger               - Configured Logger
20:36:48.300 [main                     ] DEBUG GameApplication      - Logging settings
Title: SPLATMAN
Version: 1.0
Width: 1280
Height: 720
Fullscreen: true
Intro: false
Profiling: false
Single step:false
App Mode: DEVELOPER
Menu Key: ESCAPE
Stage Style: DECORATED
Scene Factory: class Bomberman.GameApp$1

20:36:48.660 [JavaFX Application Thread] DEBUG FXGLApplication      - Initializing FXGL
20:36:48.662 [JavaFX Application Thread] INFO  Engine               - FXGL-11.17 (16.07.2021 15.46) on WINDOWS (J:17.0.4.1 FX:16)
20:36:48.663 [JavaFX Application Thread] DEBUG Engine               - JRE Vendor Name: Eclipse Adoptium
20:36:48.663 [JavaFX Application Thread] DEBUG Engine               - Running on OS: Windows 11 version 10.0
20:36:48.663 [JavaFX Application Thread] DEBUG Engine               - Architecture: amd64
20:36:48.663 [JavaFX Application Thread] INFO  Engine               - Source code and latest versions at: https://github.com/AlmasB/FXGL
20:36:48.663 [JavaFX Application Thread] INFO  Engine               -              Join the FXGL chat at: https://gitter.im/AlmasB/FXGL
20:36:48.742 [JavaFX Application Thread] DEBUG PrimaryStageWindow   - Creating a JavaFX scene
20:36:48.768 [JavaFX Application Thread] DEBUG PrimaryStageWindow   - Target settings size: 1280.0 x 720.0
20:36:48.769 [JavaFX Application Thread] DEBUG PrimaryStageWindow   - Scaled scene size:    1280.0 x 720.0
20:36:48.769 [JavaFX Application Thread] DEBUG PrimaryStageWindow   - Scaled ratio: (1.0, 1.0)
20:36:48.769 [JavaFX Application Thread] DEBUG PrimaryStageWindow   - Set initial scene to FXGLStartupScene
20:36:48.775 [JavaFX Application Thread] DEBUG PrimaryStageWindow   - Opening main window
20:36:48.833 [JavaFX Application Thread] DEBUG PrimaryStageWindow   - Window border size: (14.4000244140625, 37.5999755859375)
20:36:48.833 [JavaFX Application Thread] DEBUG PrimaryStageWindow   - Scaled size: 1280.0 x 720.0
20:36:48.833 [JavaFX Application Thread] DEBUG PrimaryStageWindow   - Scaled ratio: (1.0, 1.0)
20:36:48.834 [JavaFX Application Thread] DEBUG PrimaryStageWindow   - Scene size: 1280.0 x 720.0
20:36:48.834 [JavaFX Application Thread] DEBUG PrimaryStageWindow   - Stage size: 1294.4000244140625 x 757.5999755859375
20:36:48.879 [JavaFX Application Thread] DEBUG PrimaryStageWindow   - Going fullscreen
20:36:48.888 [FXGL Background Thread 1 ] DEBUG Engine               - Initializing environment variables
20:36:48.926 [FXGL Background Thread 1 ] DEBUG FXGLAssetLoaderServi - User app class for loading assets: class Bomberman.GameApp
20:36:48.926 [FXGL Background Thread 1 ] DEBUG GameApplicationServi - Applying CSS: fxgl_dark.css
20:36:48.926 [FXGL Background Thread 1 ] DEBUG FXGLAssetLoaderServi - Loading from file system: jar:file:/C:/Users/THANG/.m2/repository/com/github/almasb/fxgl/11.17/fxgl-11.17.jar!/fxglassets/ui/css/fxgl_dark.css
20:36:48.957 [FXGL Background Thread 1 ] DEBUG GameApplicationServi - Initializing application scenes
20:36:48.985 [FXGL Background Thread 1 ] DEBUG GameWorld            - Game world initialized
20:36:49.026 [FXGL Background Thread 1 ] DEBUG PhysicsWorld         - Physics world initialized: appHeight=720, physics.ppm=50.0
20:36:49.027 [FXGL Background Thread 1 ] DEBUG PhysicsWorld         - Using strategy: BRUTE_FORCE
20:36:49.028 [FXGL Background Thread 1 ] DEBUG GameScene            - Game scene initialized: 1280x720
20:36:49.111 [FXGL Background Thread 1 ] DEBUG GameApplicationServi - Application scenes initialized
20:36:49.119 [FXGL Background Thread 1 ] DEBUG SystemBundleService  - Loading FXGL system data
20:36:49.122 [FXGL Background Thread 1 ] DEBUG FileSystemAccess     - Reading from: C:\Users\THANG\Documents\GitHub\Bomberman-master\system\fxgl.bundle
20:36:49.127 [FXGL Background Thread 1 ] DEBUG SystemBundleService  - Bundle FXGL: {}
20:36:49.127 [FXGL Background Thread 1 ] DEBUG UpdaterService       - Checking for updates
20:36:49.135 [FXGL Background Thread 4 ] DEBUG FXGLApplication      - Loading fonts
20:36:49.136 [FXGL Background Thread 4 ] DEBUG FXGLAssetLoaderServi - Loading from file system: file:/C:/Users/THANG/Documents/GitHub/Bomberman-master/target/classes/assets/ui/fonts/game_font.ttf
20:36:49.136 [FXGL Background Thread 1 ] DEBUG FXGLApplication      - Loading default localization
20:36:49.136 [FXGL Background Thread 1 ] DEBUG FXGLAssetLoaderServi - Loading from file system: jar:file:/C:/Users/THANG/.m2/repository/com/github/almasb/fxgl/11.17/fxgl-11.17.jar!/fxglassets/languages/english.lang
20:36:49.147 [FXGL Background Thread 1 ] INFO  FXGLApplication      - FXGL initialization took: 0.258 sec
20:36:49.156 [JavaFX Application Thread] DEBUG Input                - Registered new binding: Move Up - W
20:36:49.156 [JavaFX Application Thread] DEBUG Input                - Registered new binding: Move Down - S
20:36:49.156 [JavaFX Application Thread] DEBUG Input                - Registered new binding: Move Left - A
20:36:49.156 [JavaFX Application Thread] DEBUG Input                - Registered new binding: Move Right - D
20:36:49.156 [JavaFX Application Thread] DEBUG Input                - Registered new binding: Place Bomb - Space
20:36:49.157 [JavaFX Application Thread] DEBUG FXGLAssetLoaderServi - Loading from file system: file:/C:/Users/THANG/Documents/GitHub/Bomberman-master/target/classes/assets/music/stage_theme.mp3
20:36:49.194 [FXGL Background Thread 4 ] DEBUG FXGLAssetLoaderServi - Loading from file system: jar:file:/C:/Users/THANG/.m2/repository/com/github/almasb/fxgl/11.17/fxgl-11.17.jar!/fxglassets/ui/fonts/Abel-Regular.ttf
20:36:49.198 [FXGL Background Thread 4 ] DEBUG FXGLAssetLoaderServi - Loading from file system: jar:file:/C:/Users/THANG/.m2/repository/com/github/almasb/fxgl/11.17/fxgl-11.17.jar!/fxglassets/ui/fonts/lucida_console.ttf
20:36:49.201 [FXGL Background Thread 4 ] DEBUG FXGLAssetLoaderServi - Loading from file system: jar:file:/C:/Users/THANG/.m2/repository/com/github/almasb/fxgl/11.17/fxgl-11.17.jar!/fxglassets/ui/fonts/Courier-Prime.ttf
20:36:49.271 [JavaFX Application Thread] DEBUG AudioPlayer          - Playing music com.almasb.fxgl.audio.Music@6003d481
20:36:49.271 [JavaFX Application Thread] DEBUG FXGLAssetLoaderServi - Loading from file system: jar:file:/C:/Users/THANG/.m2/repository/com/github/almasb/fxgl/11.17/fxgl-11.17.jar!/fxglassets/textures/fxgl_icon.png
20:36:49.287 [JavaFX Application Thread] DEBUG FXGLAssetLoaderServi - Loading from file system: jar:file:/C:/Users/THANG/.m2/repository/com/github/almasb/fxgl/11.17/fxgl-11.17.jar!/fxglassets/textures/fxgl_default_cursor.png
20:36:49.288 [JavaFX Application Thread] DEBUG Input                - Registered new binding: Screenshot - CTRL+8
20:36:49.288 [JavaFX Application Thread] DEBUG Input                - Registered new binding: System info dump - CTRL+9
20:36:49.289 [JavaFX Application Thread] DEBUG Input                - Registered new binding: Restart - CTRL+R
20:36:49.289 [JavaFX Application Thread] DEBUG Input                - Registered new binding: Toggle Debug Camera - CTRL+C
20:36:49.291 [JavaFX Application Thread] DEBUG LoopRunner           - Starting loop
20:36:49.291 [JavaFX Application Thread] DEBUG LoopRunner           - Initializing JavaFX AnimationTimerLoop
20:36:49.293 [JavaFX Application Thread] DEBUG Input                - Clearing active input actions
20:36:49.297 [JavaFX Application Thread] DEBUG GameApplicationServi - Removing overlay from FXGLStartupScene and adding to FXGLMainMenuDummyScene
20:36:49.297 [JavaFX Application Thread] DEBUG PrimaryStageWindow   - FXGLStartupScene -> FXGLMainMenuDummyScene
20:36:49.297 [JavaFX Application Thread] DEBUG PrimaryStageWindow   - Push state: MainMenu
20:36:49.297 [JavaFX Application Thread] DEBUG Input                - Clearing active input actions
20:36:49.300 [JavaFX Application Thread] DEBUG GameApplicationServi - Removing overlay from FXGLMainMenuDummyScene and adding to MainMenu
20:36:49.300 [JavaFX Application Thread] DEBUG PrimaryStageWindow   - FXGLMainMenuDummyScene -> MainMenu
20:36:49.301 [JavaFX Application Thread] DEBUG FXGLApplication      - Registering font factories with UI factory
20:36:49.473 [FXGL Background Thread 2 ] INFO  UpdaterService       - Your current version:  11.17
20:36:49.474 [FXGL Background Thread 2 ] INFO  UpdaterService       - Latest stable version: 17.2
20:36:50.466 [JavaFX Application Thread] DEBUG Menu                 - fireExit()
20:36:50.473 [JavaFX Application Thread] DEBUG PrimaryStageWindow   - Push state: DialogSubScene
20:36:50.473 [JavaFX Application Thread] DEBUG Input                - Clearing active input actions
20:36:50.476 [JavaFX Application Thread] DEBUG GameApplicationServi - Removing overlay from MainMenu and adding to DialogSubScene
20:36:50.476 [JavaFX Application Thread] DEBUG PrimaryStageWindow   - MainMenu -> DialogSubScene
20:36:51.328 [JavaFX Application Thread] DEBUG PrimaryStageWindow   - Pop state: DialogSubScene
20:36:51.328 [JavaFX Application Thread] DEBUG Input                - Clearing active input actions
20:36:51.328 [JavaFX Application Thread] DEBUG GameApplicationServi - Removing overlay from DialogSubScene and adding to MainMenu
20:36:51.328 [JavaFX Application Thread] DEBUG PrimaryStageWindow   - MainMenu <- DialogSubScene
20:36:51.328 [JavaFX Application Thread] DEBUG FXGLApplication      - Exiting FXGL
20:36:51.328 [JavaFX Application Thread] DEBUG LoopRunner           - Stopping loop
20:36:51.328 [JavaFX Application Thread] DEBUG SystemBundleService  - Saving FXGL system data
20:36:51.330 [JavaFX Application Thread] DEBUG FileSystemAccess     - Writing to: C:\Users\THANG\Documents\GitHub\Bomberman-master\system\fxgl.bundle
20:36:51.330 [JavaFX Application Thread] DEBUG Async                - Shutting down background threads
20:36:51.332 [JavaFX Application Thread] DEBUG PrimaryStageWindow   - Closing main window
20:36:51.348 [JavaFX Application Thread] DEBUG Logger               - Closing Logger
