01:39:31.250 [main                     ] DEBUG Logger               - Configured Logger
01:39:31.253 [main                     ] DEBUG GameApplication      - Logging settings
Title: SPLATTMAN
Version: 1.0
Width: 1280
Height: 720
Fullscreen: false
Intro: false
Profiling: false
Single step:false
App Mode: DEVELOPER
Menu Key: ESCAPE
Stage Style: DECORATED
Scene Factory: class Bomberman.GameApp$1

01:39:31.633 [JavaFX Application Thread] DEBUG FXGLApplication      - Initializing FXGL
01:39:31.635 [JavaFX Application Thread] INFO  Engine               - FXGL-11.17 (16.07.2021 15.46) on WINDOWS (J:18.0.2.1 FX:16)
01:39:31.636 [JavaFX Application Thread] DEBUG Engine               - JRE Vendor Name: Oracle Corporation
01:39:31.636 [JavaFX Application Thread] DEBUG Engine               - Running on OS: Windows 10 version 10.0
01:39:31.636 [JavaFX Application Thread] DEBUG Engine               - Architecture: amd64
01:39:31.636 [JavaFX Application Thread] INFO  Engine               - Source code and latest versions at: https://github.com/AlmasB/FXGL
01:39:31.637 [JavaFX Application Thread] INFO  Engine               -              Join the FXGL chat at: https://gitter.im/AlmasB/FXGL
01:39:31.748 [JavaFX Application Thread] DEBUG PrimaryStageWindow   - Creating a JavaFX scene
01:39:31.786 [JavaFX Application Thread] DEBUG PrimaryStageWindow   - Target settings size: 1280.0 x 720.0
01:39:31.786 [JavaFX Application Thread] DEBUG PrimaryStageWindow   - Scaled scene size:    1280.0 x 720.0
01:39:31.787 [JavaFX Application Thread] DEBUG PrimaryStageWindow   - Scaled ratio: (1.0, 1.0)
01:39:31.788 [JavaFX Application Thread] DEBUG PrimaryStageWindow   - Set initial scene to FXGLStartupScene
01:39:31.795 [JavaFX Application Thread] DEBUG PrimaryStageWindow   - Opening main window
01:39:31.886 [JavaFX Application Thread] DEBUG PrimaryStageWindow   - Window border size: (14.4000244140625, 37.5999755859375)
01:39:31.887 [JavaFX Application Thread] DEBUG PrimaryStageWindow   - Scaled size: 1280.0 x 720.0
01:39:31.887 [JavaFX Application Thread] DEBUG PrimaryStageWindow   - Scaled ratio: (1.0, 1.0)
01:39:31.887 [JavaFX Application Thread] DEBUG PrimaryStageWindow   - Scene size: 1280.0 x 720.0
01:39:31.887 [JavaFX Application Thread] DEBUG PrimaryStageWindow   - Stage size: 1294.4000244140625 x 757.5999755859375
01:39:31.894 [FXGL Background Thread 1 ] DEBUG Engine               - Initializing environment variables
01:39:31.980 [FXGL Background Thread 1 ] DEBUG FXGLAssetLoaderServi - User app class for loading assets: class Bomberman.GameApp
01:39:31.980 [FXGL Background Thread 1 ] DEBUG GameApplicationServi - Applying CSS: fxgl_dark.css
01:39:31.983 [FXGL Background Thread 1 ] DEBUG FXGLAssetLoaderServi - Loading from file system: jar:file:/C:/Users/tho26/.m2/repository/com/github/almasb/fxgl/11.17/fxgl-11.17.jar!/fxglassets/ui/css/fxgl_dark.css
01:39:32.020 [FXGL Background Thread 1 ] DEBUG GameApplicationServi - Initializing application scenes
01:39:32.073 [FXGL Background Thread 1 ] DEBUG GameWorld            - Game world initialized
01:39:32.134 [FXGL Background Thread 1 ] DEBUG PhysicsWorld         - Physics world initialized: appHeight=720, physics.ppm=50.0
01:39:32.134 [FXGL Background Thread 1 ] DEBUG PhysicsWorld         - Using strategy: BRUTE_FORCE
01:39:32.136 [FXGL Background Thread 1 ] DEBUG GameScene            - Game scene initialized: 1280x720
01:39:32.290 [FXGL Background Thread 1 ] DEBUG GameApplicationServi - Application scenes initialized
01:39:32.298 [FXGL Background Thread 1 ] DEBUG SystemBundleService  - Loading FXGL system data
01:39:32.301 [FXGL Background Thread 1 ] DEBUG FileSystemAccess     - Reading from: E:\CPP\Bomberman-master\system\fxgl.bundle
01:39:32.310 [FXGL Background Thread 1 ] DEBUG SystemBundleService  - Bundle FXGL: {}
01:39:32.310 [FXGL Background Thread 1 ] DEBUG UpdaterService       - Checking for updates
01:39:32.318 [FXGL Background Thread 4 ] DEBUG FXGLApplication      - Loading fonts
01:39:32.318 [FXGL Background Thread 4 ] DEBUG FXGLAssetLoaderServi - Loading from file system: file:/E:/CPP/Bomberman-master/target/classes/assets/ui/fonts/game_font.ttf
01:39:32.319 [FXGL Background Thread 1 ] DEBUG FXGLApplication      - Loading default localization
01:39:32.319 [FXGL Background Thread 1 ] DEBUG FXGLAssetLoaderServi - Loading from file system: jar:file:/C:/Users/tho26/.m2/repository/com/github/almasb/fxgl/11.17/fxgl-11.17.jar!/fxglassets/languages/english.lang
01:39:32.351 [FXGL Background Thread 1 ] INFO  FXGLApplication      - FXGL initialization took: 0.457 sec
01:39:32.363 [JavaFX Application Thread] DEBUG Input                - Registered new binding: Move Up - W
01:39:32.363 [JavaFX Application Thread] DEBUG Input                - Registered new binding: Move Down - S
01:39:32.363 [JavaFX Application Thread] DEBUG Input                - Registered new binding: Move Left - A
01:39:32.363 [JavaFX Application Thread] DEBUG Input                - Registered new binding: Move Right - D
01:39:32.364 [JavaFX Application Thread] DEBUG Input                - Registered new binding: Place Bomb - Space
01:39:32.364 [JavaFX Application Thread] DEBUG FXGLAssetLoaderServi - Loading from file system: file:/E:/CPP/Bomberman-master/target/classes/assets/music/main_theme.mp3
01:39:32.397 [FXGL Background Thread 4 ] DEBUG FXGLAssetLoaderServi - Loading from file system: jar:file:/C:/Users/tho26/.m2/repository/com/github/almasb/fxgl/11.17/fxgl-11.17.jar!/fxglassets/ui/fonts/Abel-Regular.ttf
01:39:32.400 [FXGL Background Thread 4 ] DEBUG FXGLAssetLoaderServi - Loading from file system: jar:file:/C:/Users/tho26/.m2/repository/com/github/almasb/fxgl/11.17/fxgl-11.17.jar!/fxglassets/ui/fonts/lucida_console.ttf
01:39:32.404 [FXGL Background Thread 4 ] DEBUG FXGLAssetLoaderServi - Loading from file system: jar:file:/C:/Users/tho26/.m2/repository/com/github/almasb/fxgl/11.17/fxgl-11.17.jar!/fxglassets/ui/fonts/Courier-Prime.ttf
01:39:32.501 [JavaFX Application Thread] DEBUG AudioPlayer          - Playing music com.almasb.fxgl.audio.Music@63d52563
01:39:32.502 [JavaFX Application Thread] DEBUG FXGLAssetLoaderServi - Loading from file system: file:/E:/CPP/Bomberman-master/target/classes/assets/textures/icon.png
01:39:32.511 [JavaFX Application Thread] DEBUG FXGLAssetLoaderServi - Loading from file system: jar:file:/C:/Users/tho26/.m2/repository/com/github/almasb/fxgl/11.17/fxgl-11.17.jar!/fxglassets/textures/fxgl_default_cursor.png
01:39:32.513 [JavaFX Application Thread] DEBUG Input                - Registered new binding: Screenshot - CTRL+8
01:39:32.515 [JavaFX Application Thread] DEBUG Input                - Registered new binding: System info dump - CTRL+9
01:39:32.516 [JavaFX Application Thread] DEBUG Input                - Registered new binding: Restart - CTRL+R
01:39:32.518 [JavaFX Application Thread] DEBUG Input                - Registered new binding: Toggle Debug Camera - CTRL+C
01:39:32.521 [JavaFX Application Thread] DEBUG LoopRunner           - Starting loop
01:39:32.522 [JavaFX Application Thread] DEBUG LoopRunner           - Initializing JavaFX AnimationTimerLoop
01:39:32.524 [JavaFX Application Thread] DEBUG Input                - Clearing active input actions
01:39:32.529 [JavaFX Application Thread] DEBUG GameApplicationServi - Removing overlay from FXGLStartupScene and adding to FXGLMainMenuDummyScene
01:39:32.530 [JavaFX Application Thread] DEBUG PrimaryStageWindow   - FXGLStartupScene -> FXGLMainMenuDummyScene
01:39:32.530 [JavaFX Application Thread] DEBUG PrimaryStageWindow   - Push state: MainMenu
01:39:32.530 [JavaFX Application Thread] DEBUG Input                - Clearing active input actions
01:39:32.535 [JavaFX Application Thread] DEBUG GameApplicationServi - Removing overlay from FXGLMainMenuDummyScene and adding to MainMenu
01:39:32.536 [JavaFX Application Thread] DEBUG PrimaryStageWindow   - FXGLMainMenuDummyScene -> MainMenu
01:39:32.536 [JavaFX Application Thread] DEBUG FXGLApplication      - Registering font factories with UI factory
01:39:33.115 [FXGL Background Thread 2 ] INFO  UpdaterService       - Your current version:  11.17
01:39:33.115 [FXGL Background Thread 2 ] INFO  UpdaterService       - Latest stable version: 17.2
01:39:35.317 [FXGL Background Thread 3 ] DEBUG Engine               - Logging environment variables
01:39:35.317 [FXGL Background Thread 3 ] DEBUG Engine               - achievements: []
01:39:35.317 [FXGL Background Thread 3 ] DEBUG Engine               - actualHeight: 720.0
01:39:35.317 [FXGL Background Thread 3 ] DEBUG Engine               - actualHeightProperty: ReadOnlyDoubleProperty [value: 720.0]
01:39:35.317 [FXGL Background Thread 3 ] DEBUG Engine               - actualWidth: 1280.0
01:39:35.317 [FXGL Background Thread 3 ] DEBUG Engine               - actualWidthProperty: ReadOnlyDoubleProperty [value: 1280.0]
01:39:35.317 [FXGL Background Thread 3 ] DEBUG Engine               - appIcon: icon.png
01:39:35.317 [FXGL Background Thread 3 ] DEBUG Engine               - applicationMode: DEVELOPER
01:39:35.317 [FXGL Background Thread 3 ] DEBUG Engine               - cSSList: [fxgl_dark.css]
01:39:35.317 [FXGL Background Thread 3 ] DEBUG Engine               - collisionDetectionStrategy: BRUTE_FORCE
01:39:35.317 [FXGL Background Thread 3 ] DEBUG Engine               - configClass: Optional.empty
01:39:35.317 [FXGL Background Thread 3 ] DEBUG Engine               - credits: []
01:39:35.317 [FXGL Background Thread 3 ] DEBUG Engine               - defaultCursor: CursorInfo(imageName=fxgl_default_cursor.png, hotspotX=7.0, hotspotY=6.0)
01:39:35.317 [FXGL Background Thread 3 ] DEBUG Engine               - devBBoxColorProperty: ObjectProperty [value: 0xff0000ff]
01:39:35.317 [FXGL Background Thread 3 ] DEBUG Engine               - devEnableDebugCameraProperty: BooleanProperty [value: false]
01:39:35.317 [FXGL Background Thread 3 ] DEBUG Engine               - devSensorColorProperty: ObjectProperty [value: 0xffff00ff]
01:39:35.317 [FXGL Background Thread 3 ] DEBUG Engine               - devShowBBoxProperty: BooleanProperty [value: false]
01:39:35.317 [FXGL Background Thread 3 ] DEBUG Engine               - devShowPositionProperty: BooleanProperty [value: false]
01:39:35.317 [FXGL Background Thread 3 ] DEBUG Engine               - enabledMenuItems: []
01:39:35.317 [FXGL Background Thread 3 ] DEBUG Engine               - engineServices: [class com.almasb.fxgl.app.services.FXGLAssetLoaderService, class com.almasb.fxgl.app.FXGLApplication$GameApplicationService, class com.almasb.fxgl.app.services.FXGLDialogService, class com.almasb.fxgl.app.services.IOTaskExecutorService, class com.almasb.fxgl.io.FileSystemService, class com.almasb.fxgl.localization.LocalizationService, class com.almasb.fxgl.app.services.SystemBundleService, class com.almasb.fxgl.profile.SaveLoadService, class com.almasb.fxgl.ui.FXGLUIFactoryServiceProvider, class com.almasb.fxgl.ui.FXGLDialogFactoryServiceProvider, class com.almasb.fxgl.audio.AudioPlayer, class com.almasb.fxgl.notification.impl.NotificationServiceProvider, class com.almasb.fxgl.achievement.AchievementService, class com.almasb.fxgl.cutscene.CutsceneService, class com.almasb.fxgl.minigames.MiniGameService, class com.almasb.fxgl.net.NetService, class com.almasb.fxgl.app.services.UpdaterService, class com.almasb.fxgl.dev.DevService]
01:39:35.317 [FXGL Background Thread 3 ] DEBUG Engine               - fontGame: Abel-Regular.ttf
01:39:35.317 [FXGL Background Thread 3 ] DEBUG Engine               - fontMono: lucida_console.ttf
01:39:35.317 [FXGL Background Thread 3 ] DEBUG Engine               - fontText: Courier-Prime.ttf
01:39:35.317 [FXGL Background Thread 3 ] DEBUG Engine               - fontUI: game_font.ttf
01:39:35.318 [FXGL Background Thread 3 ] DEBUG Engine               - fullScreen: BooleanProperty [value: false]
01:39:35.318 [FXGL Background Thread 3 ] DEBUG Engine               - gameDifficulty: MEDIUM
01:39:35.318 [FXGL Background Thread 3 ] DEBUG Engine               - gameDifficultyProperty: ObjectProperty [value: MEDIUM]
01:39:35.318 [FXGL Background Thread 3 ] DEBUG Engine               - globalMusicVolume: 0.5
01:39:35.318 [FXGL Background Thread 3 ] DEBUG Engine               - globalMusicVolumeProperty: DoubleProperty [value: 0.5]
01:39:35.318 [FXGL Background Thread 3 ] DEBUG Engine               - globalSoundVolume: 0.5
01:39:35.318 [FXGL Background Thread 3 ] DEBUG Engine               - globalSoundVolumeProperty: DoubleProperty [value: 0.5]
01:39:35.318 [FXGL Background Thread 3 ] DEBUG Engine               - height: 720
01:39:35.318 [FXGL Background Thread 3 ] DEBUG Engine               - is3D: false
01:39:35.318 [FXGL Background Thread 3 ] DEBUG Engine               - isAndroid: false
01:39:35.318 [FXGL Background Thread 3 ] DEBUG Engine               - isBrowser: false
01:39:35.318 [FXGL Background Thread 3 ] DEBUG Engine               - isClickFeedbackEnabled: true
01:39:35.318 [FXGL Background Thread 3 ] DEBUG Engine               - isCloseConfirmation: true
01:39:35.318 [FXGL Background Thread 3 ] DEBUG Engine               - isDesktop: true
01:39:35.318 [FXGL Background Thread 3 ] DEBUG Engine               - isDeveloperMenuEnabled: false
01:39:35.318 [FXGL Background Thread 3 ] DEBUG Engine               - isEntityPreloadEnabled: true
01:39:35.318 [FXGL Background Thread 3 ] DEBUG Engine               - isExperimentalTiledLargeMap: false
01:39:35.318 [FXGL Background Thread 3 ] DEBUG Engine               - isFileSystemWriteAllowed: true
01:39:35.318 [FXGL Background Thread 3 ] DEBUG Engine               - isFullScreenAllowed: false
01:39:35.318 [FXGL Background Thread 3 ] DEBUG Engine               - isFullScreenFromStart: false
01:39:35.318 [FXGL Background Thread 3 ] DEBUG Engine               - isGameMenuEnabled: true
01:39:35.319 [FXGL Background Thread 3 ] DEBUG Engine               - isIOS: false
01:39:35.319 [FXGL Background Thread 3 ] DEBUG Engine               - isIntroEnabled: false
01:39:35.319 [FXGL Background Thread 3 ] DEBUG Engine               - isLinux: false
01:39:35.319 [FXGL Background Thread 3 ] DEBUG Engine               - isMac: false
01:39:35.319 [FXGL Background Thread 3 ] DEBUG Engine               - isMainMenuEnabled: true
01:39:35.319 [FXGL Background Thread 3 ] DEBUG Engine               - isManualResizeEnabled: false
01:39:35.319 [FXGL Background Thread 3 ] DEBUG Engine               - isMobile: false
01:39:35.319 [FXGL Background Thread 3 ] DEBUG Engine               - isNative: false
01:39:35.319 [FXGL Background Thread 3 ] DEBUG Engine               - isPauseMusicWhenMinimized: true
01:39:35.319 [FXGL Background Thread 3 ] DEBUG Engine               - isPreserveResizeRatio: false
01:39:35.319 [FXGL Background Thread 3 ] DEBUG Engine               - isProfilingEnabled: false
01:39:35.319 [FXGL Background Thread 3 ] DEBUG Engine               - isScaleAffectedOnResize: true
01:39:35.319 [FXGL Background Thread 3 ] DEBUG Engine               - isSingleStep: false
01:39:35.319 [FXGL Background Thread 3 ] DEBUG Engine               - isUserProfileEnabled: false
01:39:35.319 [FXGL Background Thread 3 ] DEBUG Engine               - isWindows: true
01:39:35.319 [FXGL Background Thread 3 ] DEBUG Engine               - language: ObjectProperty [value: ENGLISH]
01:39:35.319 [FXGL Background Thread 3 ] DEBUG Engine               - menuKey: ESCAPE
01:39:35.319 [FXGL Background Thread 3 ] DEBUG Engine               - mouseSensitivity: 0.2
01:39:35.319 [FXGL Background Thread 3 ] DEBUG Engine               - notificationViewClass: class com.almasb.fxgl.notification.view.XboxNotificationView
01:39:35.319 [FXGL Background Thread 3 ] DEBUG Engine               - pixelsPerMeter: 50.0
01:39:35.319 [FXGL Background Thread 3 ] DEBUG Engine               - platform: WINDOWS
01:39:35.320 [FXGL Background Thread 3 ] DEBUG Engine               - prefHeightProperty: ReadOnlyDoubleProperty [value: 720.0]
01:39:35.320 [FXGL Background Thread 3 ] DEBUG Engine               - prefWidthProperty: ReadOnlyDoubleProperty [value: 1280.0]
01:39:35.320 [FXGL Background Thread 3 ] DEBUG Engine               - profileDir: profiles/
01:39:35.320 [FXGL Background Thread 3 ] DEBUG Engine               - profileName: StringProperty [value: DEFAULT]
01:39:35.320 [FXGL Background Thread 3 ] DEBUG Engine               - randomSeed: -1
01:39:35.320 [FXGL Background Thread 3 ] DEBUG Engine               - runtimeInfo: RuntimeInfo(platform=WINDOWS, version=11.17, build=16.07.2021 15.46)
01:39:35.320 [FXGL Background Thread 3 ] DEBUG Engine               - saveFileExt: sav
01:39:35.320 [FXGL Background Thread 3 ] DEBUG Engine               - scaledHeightProp$fxgl: DoubleProperty [bound, value: 720.0]
01:39:35.320 [FXGL Background Thread 3 ] DEBUG Engine               - scaledWidthProp$fxgl: DoubleProperty [bound, value: 1280.0]
01:39:35.320 [FXGL Background Thread 3 ] DEBUG Engine               - sceneFactory: Bomberman.GameApp$1@29db3a71
01:39:35.320 [FXGL Background Thread 3 ] DEBUG Engine               - secondsIn24h: 60
01:39:35.320 [FXGL Background Thread 3 ] DEBUG Engine               - soundMenuBack: menu/back.wav
01:39:35.320 [FXGL Background Thread 3 ] DEBUG Engine               - soundMenuPress: menu/press.wav
01:39:35.320 [FXGL Background Thread 3 ] DEBUG Engine               - soundMenuSelect: menu/select.wav
01:39:35.320 [FXGL Background Thread 3 ] DEBUG Engine               - soundNotification: core/notification.wav
01:39:35.320 [FXGL Background Thread 3 ] DEBUG Engine               - stageStyle: DECORATED
01:39:35.320 [FXGL Background Thread 3 ] DEBUG Engine               - supportedLanguages: [ENGLISH, FRENCH, GERMAN, HUNGARIAN, RUSSIAN]
01:39:35.320 [FXGL Background Thread 3 ] DEBUG Engine               - ticksPerSecond: -1
01:39:35.320 [FXGL Background Thread 3 ] DEBUG Engine               - title: SPLATTMAN
01:39:35.321 [FXGL Background Thread 3 ] DEBUG Engine               - urlGithub: https://github.com/AlmasB/FXGL
01:39:35.321 [FXGL Background Thread 3 ] DEBUG Engine               - urlLeaderboard: http://fxgl-top.herokuapp.com/
01:39:35.321 [FXGL Background Thread 3 ] DEBUG Engine               - urlPOM: https://raw.githubusercontent.com/AlmasB/FXGL/release/README.md
01:39:35.321 [FXGL Background Thread 3 ] DEBUG Engine               - userAppClass: class Bomberman.GameApp
01:39:35.321 [FXGL Background Thread 3 ] DEBUG Engine               - version: 1.0
01:39:35.321 [FXGL Background Thread 3 ] DEBUG Engine               - versionCheckDays: 7
01:39:35.321 [FXGL Background Thread 3 ] DEBUG Engine               - width: 1280
01:39:35.321 [FXGL Background Thread 3 ] DEBUG Engine               - Logging services
01:39:35.321 [FXGL Background Thread 3 ] DEBUG Engine               - class com.almasb.fxgl.app.services.FXGLAssetLoaderService
01:39:35.321 [FXGL Background Thread 3 ] DEBUG Engine               - class com.almasb.fxgl.app.FXGLApplication$GameApplicationService
01:39:35.321 [FXGL Background Thread 3 ] DEBUG Engine               - class com.almasb.fxgl.app.services.FXGLDialogService
01:39:35.321 [FXGL Background Thread 3 ] DEBUG Engine               - class com.almasb.fxgl.app.services.IOTaskExecutorService
01:39:35.321 [FXGL Background Thread 3 ] DEBUG Engine               - class com.almasb.fxgl.io.FileSystemService
01:39:35.321 [FXGL Background Thread 3 ] DEBUG Engine               - class com.almasb.fxgl.localization.LocalizationService
01:39:35.321 [FXGL Background Thread 3 ] DEBUG Engine               - class com.almasb.fxgl.app.services.SystemBundleService
01:39:35.321 [FXGL Background Thread 3 ] DEBUG Engine               - class com.almasb.fxgl.profile.SaveLoadService
01:39:35.321 [FXGL Background Thread 3 ] DEBUG Engine               - class com.almasb.fxgl.ui.FXGLUIFactoryServiceProvider
01:39:35.321 [FXGL Background Thread 3 ] DEBUG Engine               - class com.almasb.fxgl.ui.FXGLDialogFactoryServiceProvider
01:39:35.321 [FXGL Background Thread 3 ] DEBUG Engine               - class com.almasb.fxgl.audio.AudioPlayer
01:39:35.321 [FXGL Background Thread 3 ] DEBUG Engine               - class com.almasb.fxgl.notification.impl.NotificationServiceProvider
01:39:35.321 [FXGL Background Thread 3 ] DEBUG Engine               - class com.almasb.fxgl.achievement.AchievementService
01:39:35.321 [FXGL Background Thread 3 ] DEBUG Engine               - class com.almasb.fxgl.cutscene.CutsceneService
01:39:35.321 [FXGL Background Thread 3 ] DEBUG Engine               - class com.almasb.fxgl.minigames.MiniGameService
01:39:35.321 [FXGL Background Thread 3 ] DEBUG Engine               - class com.almasb.fxgl.net.NetService
01:39:35.321 [FXGL Background Thread 3 ] DEBUG Engine               - class com.almasb.fxgl.app.services.UpdaterService
01:39:35.321 [FXGL Background Thread 3 ] DEBUG Engine               - class com.almasb.fxgl.dev.DevService
01:39:35.730 [JavaFX Application Thread] DEBUG Menu                 - fireNewGame()
01:39:35.730 [JavaFX Application Thread] DEBUG GameApplicationServi - Starting new game
01:39:35.730 [JavaFX Application Thread] DEBUG PrimaryStageWindow   - Pop state: MainMenu
01:39:35.730 [JavaFX Application Thread] DEBUG Input                - Clearing active input actions
01:39:35.730 [JavaFX Application Thread] DEBUG GameApplicationServi - Removing overlay from MainMenu and adding to FXGLMainMenuDummyScene
01:39:35.730 [JavaFX Application Thread] DEBUG PrimaryStageWindow   - FXGLMainMenuDummyScene <- MainMenu
01:39:35.731 [JavaFX Application Thread] DEBUG Input                - Clearing active input actions
01:39:35.735 [JavaFX Application Thread] DEBUG GameApplicationServi - Removing overlay from FXGLMainMenuDummyScene and adding to FXGLLoadingScene
01:39:35.736 [JavaFX Application Thread] DEBUG PrimaryStageWindow   - FXGLMainMenuDummyScene -> FXGLLoadingScene
01:39:35.736 [JavaFX Application Thread] DEBUG GameApplicationServi - Clearing previous game
01:39:35.736 [JavaFX Application Thread] DEBUG GameScene            - Clearing game scene
01:39:35.736 [JavaFX Application Thread] DEBUG GameWorld            - Clearing game world
01:39:35.736 [JavaFX Application Thread] DEBUG PhysicsWorld         - Clearing physics world
01:39:35.737 [FXGL Background Thread 2 ] DEBUG FXGLApplication      - Initializing game
01:39:35.768 [FXGL Background Thread 2 ] WARN  TMXLevelLoader       - TiledMap generated from 1.7.2. Supported version: 1.2.3. Some features may not be parsed fully.
01:39:35.787 [FXGL Background Thread 2 ] DEBUG TMXLevelLoader       - Parsed TiledMap: file:/E:/CPP/Bomberman-master/target/classes/assets/levels/level1.tmx
01:39:35.788 [FXGL Background Thread 2 ] DEBUG TMXLevelLoader       - Creating tile layer entities
01:39:35.788 [FXGL Background Thread 2 ] DEBUG TilesetLoader        - Loading view for layer Tile Layer 1
01:39:35.791 [FXGL Background Thread 2 ] DEBUG TilesetLoader        - Created buffer with size 1488.0x720.0
01:39:35.819 [FXGL Background Thread 2 ] DEBUG TMXLevelLoader       - Creating object layer entities
01:39:35.846 [FXGL Background Thread 2 ] DEBUG FXGLAssetLoaderServi - Loading from file system: file:/E:/CPP/Bomberman-master/target/classes/assets/textures/player_die.png
01:39:35.852 [FXGL Background Thread 2 ] DEBUG FXGLAssetLoaderServi - Loading from file system: file:/E:/CPP/Bomberman-master/target/classes/assets/textures/player_down.png
01:39:35.853 [FXGL Background Thread 2 ] DEBUG FXGLAssetLoaderServi - Loading from file system: file:/E:/CPP/Bomberman-master/target/classes/assets/textures/player_right.png
01:39:35.853 [FXGL Background Thread 2 ] DEBUG FXGLAssetLoaderServi - Loading from file system: file:/E:/CPP/Bomberman-master/target/classes/assets/textures/player_up.png
01:39:35.854 [FXGL Background Thread 2 ] DEBUG FXGLAssetLoaderServi - Loading from file system: file:/E:/CPP/Bomberman-master/target/classes/assets/textures/player_left.png
01:39:35.858 [FXGL Background Thread 2 ] DEBUG FXGLAssetLoaderServi - Loading from file system: file:/E:/CPP/Bomberman-master/target/classes/assets/textures/enemy1.png
01:39:35.885 [FXGL Background Thread 2 ] DEBUG FXGLAssetLoaderServi - Loading from file system: file:/E:/CPP/Bomberman-master/target/classes/assets/textures/enemy2.png
01:39:35.889 [FXGL Background Thread 2 ] DEBUG FXGLAssetLoaderServi - Loading from file system: file:/E:/CPP/Bomberman-master/target/classes/assets/textures/brick.png
01:39:35.895 [FXGL Background Thread 2 ] DEBUG FXGLAssetLoaderServi - Loading from file system: file:/E:/CPP/Bomberman-master/target/classes/assets/textures/powerup_speed.png
01:39:35.896 [FXGL Background Thread 2 ] DEBUG FXGLAssetLoaderServi - Loading from file system: file:/E:/CPP/Bomberman-master/target/classes/assets/textures/powerup_bombs.png
01:39:35.920 [FXGL Background Thread 2 ] DEBUG GameWorld            - Clearing removable entities
01:39:35.921 [FXGL Background Thread 2 ] DEBUG GameWorld            - Setting level: com.almasb.fxgl.entity.level.Level@203d8b6b
01:39:35.953 [FXGL Background Thread 2 ] INFO  FXGLApplication      - Game initialization took: 0.215 sec
01:39:35.954 [JavaFX Application Thread] DEBUG Input                - Clearing active input actions
01:39:35.966 [JavaFX Application Thread] DEBUG GameApplicationServi - Removing overlay from FXGLLoadingScene and adding to GameScene
01:39:35.967 [JavaFX Application Thread] DEBUG PrimaryStageWindow   - FXGLLoadingScene -> GameScene
01:39:35.968 [JavaFX Application Thread] DEBUG FXGLAssetLoaderServi - Loading from file system: file:/E:/CPP/Bomberman-master/target/classes/assets/sounds/stage_start.wav
01:39:35.982 [JavaFX Application Thread] DEBUG PrimaryStageWindow   - Push state: StageStartScene
01:39:35.982 [JavaFX Application Thread] DEBUG Input                - Clearing active input actions
01:39:35.983 [JavaFX Application Thread] DEBUG GameApplicationServi - Removing overlay from GameScene and adding to StageStartScene
01:39:35.983 [JavaFX Application Thread] DEBUG PrimaryStageWindow   - GameScene -> StageStartScene
01:39:39.940 [JavaFX Application Thread] DEBUG PrimaryStageWindow   - Pop state: StageStartScene
01:39:39.940 [JavaFX Application Thread] DEBUG Input                - Clearing active input actions
01:39:39.941 [JavaFX Application Thread] DEBUG GameApplicationServi - Removing overlay from StageStartScene and adding to GameScene
01:39:39.941 [JavaFX Application Thread] DEBUG PrimaryStageWindow   - GameScene <- StageStartScene
01:39:41.377 [JavaFX Application Thread] DEBUG PrimaryStageWindow   - Push state: GameMenu
01:39:41.377 [JavaFX Application Thread] DEBUG Input                - Clearing active input actions
01:39:41.378 [JavaFX Application Thread] DEBUG GameApplicationServi - Removing overlay from GameScene and adding to GameMenu
01:39:41.378 [JavaFX Application Thread] DEBUG PrimaryStageWindow   - GameScene -> GameMenu
01:39:52.193 [JavaFX Application Thread] DEBUG Menu                 - fireExit()
01:39:52.198 [JavaFX Application Thread] DEBUG PrimaryStageWindow   - Push state: DialogSubScene
01:39:52.198 [JavaFX Application Thread] DEBUG Input                - Clearing active input actions
01:39:52.198 [JavaFX Application Thread] DEBUG GameApplicationServi - Removing overlay from GameMenu and adding to DialogSubScene
01:39:52.198 [JavaFX Application Thread] DEBUG PrimaryStageWindow   - GameMenu -> DialogSubScene
01:39:52.858 [JavaFX Application Thread] DEBUG PrimaryStageWindow   - Pop state: DialogSubScene
01:39:52.858 [JavaFX Application Thread] DEBUG Input                - Clearing active input actions
01:39:52.858 [JavaFX Application Thread] DEBUG GameApplicationServi - Removing overlay from DialogSubScene and adding to GameMenu
01:39:52.858 [JavaFX Application Thread] DEBUG PrimaryStageWindow   - GameMenu <- DialogSubScene
01:39:52.858 [JavaFX Application Thread] DEBUG FXGLApplication      - Exiting FXGL
01:39:52.858 [JavaFX Application Thread] DEBUG LoopRunner           - Stopping loop
01:39:52.858 [JavaFX Application Thread] DEBUG SystemBundleService  - Saving FXGL system data
01:39:52.860 [JavaFX Application Thread] DEBUG FileSystemAccess     - Writing to: E:\CPP\Bomberman-master\system\fxgl.bundle
01:39:52.862 [JavaFX Application Thread] DEBUG Async                - Shutting down background threads
01:39:52.862 [JavaFX Application Thread] DEBUG PrimaryStageWindow   - Closing main window
01:39:52.872 [JavaFX Application Thread] DEBUG Logger               - Closing Logger
