00:50:04.116 [main                     ] DEBUG Logger               - Configured Logger
00:50:04.118 [main                     ] DEBUG GameApplication      - Logging settings
Title: SPLATTMAN
Version: 1.0
Width: 1280
Height: 720
Fullscreen: false
Intro: false
Profiling: false
Single step:false
App Mode: DEVELOPER
Menu Key: ESCAPE
Stage Style: DECORATED
Scene Factory: class Bomberman.GameApp$1

00:50:04.495 [JavaFX Application Thread] DEBUG FXGLApplication      - Initializing FXGL
00:50:04.496 [JavaFX Application Thread] INFO  Engine               - FXGL-11.17 (16.07.2021 15.46) on WINDOWS (J:18.0.2.1 FX:16)
00:50:04.496 [JavaFX Application Thread] DEBUG Engine               - JRE Vendor Name: Oracle Corporation
00:50:04.497 [JavaFX Application Thread] DEBUG Engine               - Running on OS: Windows 10 version 10.0
00:50:04.497 [JavaFX Application Thread] DEBUG Engine               - Architecture: amd64
00:50:04.497 [JavaFX Application Thread] INFO  Engine               - Source code and latest versions at: https://github.com/AlmasB/FXGL
00:50:04.497 [JavaFX Application Thread] INFO  Engine               -              Join the FXGL chat at: https://gitter.im/AlmasB/FXGL
00:50:04.594 [JavaFX Application Thread] DEBUG PrimaryStageWindow   - Creating a JavaFX scene
00:50:04.633 [JavaFX Application Thread] DEBUG PrimaryStageWindow   - Target settings size: 1280.0 x 720.0
00:50:04.633 [JavaFX Application Thread] DEBUG PrimaryStageWindow   - Scaled scene size:    1280.0 x 720.0
00:50:04.634 [JavaFX Application Thread] DEBUG PrimaryStageWindow   - Scaled ratio: (1.0, 1.0)
00:50:04.634 [JavaFX Application Thread] DEBUG PrimaryStageWindow   - Set initial scene to FXGLStartupScene
00:50:04.640 [JavaFX Application Thread] DEBUG PrimaryStageWindow   - Opening main window
00:50:04.733 [JavaFX Application Thread] DEBUG PrimaryStageWindow   - Window border size: (14.4000244140625, 37.5999755859375)
00:50:04.734 [JavaFX Application Thread] DEBUG PrimaryStageWindow   - Scaled size: 1280.0 x 720.0
00:50:04.734 [JavaFX Application Thread] DEBUG PrimaryStageWindow   - Scaled ratio: (1.0, 1.0)
00:50:04.734 [JavaFX Application Thread] DEBUG PrimaryStageWindow   - Scene size: 1280.0 x 720.0
00:50:04.734 [JavaFX Application Thread] DEBUG PrimaryStageWindow   - Stage size: 1294.4000244140625 x 757.5999755859375
00:50:04.746 [FXGL Background Thread 1 ] DEBUG Engine               - Initializing environment variables
00:50:04.831 [FXGL Background Thread 1 ] DEBUG FXGLAssetLoaderServi - User app class for loading assets: class Bomberman.GameApp
00:50:04.831 [FXGL Background Thread 1 ] DEBUG GameApplicationServi - Applying CSS: fxgl_dark.css
00:50:04.831 [FXGL Background Thread 1 ] DEBUG FXGLAssetLoaderServi - Loading from file system: jar:file:/C:/Users/tho26/.m2/repository/com/github/almasb/fxgl/11.17/fxgl-11.17.jar!/fxglassets/ui/css/fxgl_dark.css
00:50:04.877 [FXGL Background Thread 1 ] DEBUG GameApplicationServi - Initializing application scenes
00:50:04.922 [FXGL Background Thread 1 ] DEBUG GameWorld            - Game world initialized
00:50:04.982 [FXGL Background Thread 1 ] DEBUG PhysicsWorld         - Physics world initialized: appHeight=720, physics.ppm=50.0
00:50:04.983 [FXGL Background Thread 1 ] DEBUG PhysicsWorld         - Using strategy: BRUTE_FORCE
00:50:04.985 [FXGL Background Thread 1 ] DEBUG GameScene            - Game scene initialized: 1280x720
00:50:05.129 [FXGL Background Thread 1 ] DEBUG GameApplicationServi - Application scenes initialized
00:50:05.138 [FXGL Background Thread 1 ] DEBUG SystemBundleService  - Loading FXGL system data
00:50:05.141 [FXGL Background Thread 1 ] DEBUG FileSystemAccess     - Reading from: E:\CPP\Bomberman-master\system\fxgl.bundle
00:50:05.148 [FXGL Background Thread 1 ] DEBUG SystemBundleService  - Bundle FXGL: {}
00:50:05.148 [FXGL Background Thread 1 ] DEBUG UpdaterService       - Checking for updates
00:50:05.155 [FXGL Background Thread 4 ] DEBUG FXGLApplication      - Loading fonts
00:50:05.156 [FXGL Background Thread 4 ] DEBUG FXGLAssetLoaderServi - Loading from file system: file:/E:/CPP/Bomberman-master/target/classes/assets/ui/fonts/game_font.ttf
00:50:05.156 [FXGL Background Thread 1 ] DEBUG FXGLApplication      - Loading default localization
00:50:05.156 [FXGL Background Thread 1 ] DEBUG FXGLAssetLoaderServi - Loading from file system: jar:file:/C:/Users/tho26/.m2/repository/com/github/almasb/fxgl/11.17/fxgl-11.17.jar!/fxglassets/languages/english.lang
00:50:05.178 [FXGL Background Thread 1 ] INFO  FXGLApplication      - FXGL initialization took: 0.432 sec
00:50:05.187 [JavaFX Application Thread] DEBUG Input                - Registered new binding: Move Up - W
00:50:05.187 [JavaFX Application Thread] DEBUG Input                - Registered new binding: Move Down - S
00:50:05.187 [JavaFX Application Thread] DEBUG Input                - Registered new binding: Move Left - A
00:50:05.187 [JavaFX Application Thread] DEBUG Input                - Registered new binding: Move Right - D
00:50:05.187 [JavaFX Application Thread] DEBUG Input                - Registered new binding: Place Bomb - Space
00:50:05.188 [JavaFX Application Thread] DEBUG FXGLAssetLoaderServi - Loading from file system: file:/E:/CPP/Bomberman-master/target/classes/assets/music/main_theme.mp3
00:50:05.216 [FXGL Background Thread 4 ] DEBUG FXGLAssetLoaderServi - Loading from file system: jar:file:/C:/Users/tho26/.m2/repository/com/github/almasb/fxgl/11.17/fxgl-11.17.jar!/fxglassets/ui/fonts/Abel-Regular.ttf
00:50:05.219 [FXGL Background Thread 4 ] DEBUG FXGLAssetLoaderServi - Loading from file system: jar:file:/C:/Users/tho26/.m2/repository/com/github/almasb/fxgl/11.17/fxgl-11.17.jar!/fxglassets/ui/fonts/lucida_console.ttf
00:50:05.223 [FXGL Background Thread 4 ] DEBUG FXGLAssetLoaderServi - Loading from file system: jar:file:/C:/Users/tho26/.m2/repository/com/github/almasb/fxgl/11.17/fxgl-11.17.jar!/fxglassets/ui/fonts/Courier-Prime.ttf
00:50:05.322 [JavaFX Application Thread] DEBUG AudioPlayer          - Playing music com.almasb.fxgl.audio.Music@41853397
00:50:05.323 [JavaFX Application Thread] WARN  FXGLAssetLoaderServi - Asset "/assets/textures/assets/textures/icon.png" was not found!
00:50:05.324 [JavaFX Application Thread] WARN  FXGLAssetLoaderServi - Failed to load IMAGE
00:50:05.357 [JavaFX Application Thread] DEBUG FXGLAssetLoaderServi - Loading from file system: jar:file:/C:/Users/tho26/.m2/repository/com/github/almasb/fxgl/11.17/fxgl-11.17.jar!/fxglassets/textures/fxgl_default_cursor.png
00:50:05.359 [JavaFX Application Thread] DEBUG Input                - Registered new binding: Screenshot - CTRL+8
00:50:05.360 [JavaFX Application Thread] DEBUG Input                - Registered new binding: System info dump - CTRL+9
00:50:05.360 [JavaFX Application Thread] DEBUG Input                - Registered new binding: Restart - CTRL+R
00:50:05.361 [JavaFX Application Thread] DEBUG Input                - Registered new binding: Toggle Debug Camera - CTRL+C
00:50:05.364 [JavaFX Application Thread] DEBUG LoopRunner           - Starting loop
00:50:05.364 [JavaFX Application Thread] DEBUG LoopRunner           - Initializing JavaFX AnimationTimerLoop
00:50:05.368 [JavaFX Application Thread] DEBUG Input                - Clearing active input actions
00:50:05.377 [JavaFX Application Thread] DEBUG GameApplicationServi - Removing overlay from FXGLStartupScene and adding to FXGLMainMenuDummyScene
00:50:05.378 [JavaFX Application Thread] DEBUG PrimaryStageWindow   - FXGLStartupScene -> FXGLMainMenuDummyScene
00:50:05.378 [JavaFX Application Thread] DEBUG PrimaryStageWindow   - Push state: MainMenu
00:50:05.378 [JavaFX Application Thread] DEBUG Input                - Clearing active input actions
00:50:05.385 [JavaFX Application Thread] DEBUG GameApplicationServi - Removing overlay from FXGLMainMenuDummyScene and adding to MainMenu
00:50:05.386 [JavaFX Application Thread] DEBUG PrimaryStageWindow   - FXGLMainMenuDummyScene -> MainMenu
00:50:05.387 [JavaFX Application Thread] DEBUG FXGLApplication      - Registering font factories with UI factory
00:50:05.672 [FXGL Background Thread 2 ] INFO  UpdaterService       - Your current version:  11.17
00:50:05.672 [FXGL Background Thread 2 ] INFO  UpdaterService       - Latest stable version: 17.2
00:50:07.513 [JavaFX Application Thread] DEBUG FXGLApplication      - Exiting FXGL
00:50:07.513 [JavaFX Application Thread] DEBUG LoopRunner           - Stopping loop
00:50:07.513 [JavaFX Application Thread] DEBUG SystemBundleService  - Saving FXGL system data
00:50:07.515 [JavaFX Application Thread] DEBUG FileSystemAccess     - Writing to: E:\CPP\Bomberman-master\system\fxgl.bundle
00:50:07.516 [JavaFX Application Thread] DEBUG Async                - Shutting down background threads
00:50:07.516 [JavaFX Application Thread] DEBUG PrimaryStageWindow   - Closing main window
00:50:07.528 [JavaFX Application Thread] DEBUG Logger               - Closing Logger
