23:35:00.005 [main                     ] DEBUG Logger               - Configured Logger
23:35:00.009 [main                     ] DEBUG GameApplication      - Logging settings
Title: SPLATMAN
Version: 1.0
Width: 1280
Height: 720
Fullscreen: true
Intro: false
Profiling: false
Single step:false
App Mode: DEVELOPER
Menu Key: ESCAPE
Stage Style: DECORATED
Scene Factory: class Bomberman.GameApp$1

23:35:00.408 [JavaFX Application Thread] DEBUG FXGLApplication      - Initializing FXGL
23:35:00.409 [JavaFX Application Thread] INFO  Engine               - FXGL-11.17 (16.07.2021 15.46) on WINDOWS (J:18.0.2.1 FX:16)
23:35:00.409 [JavaFX Application Thread] DEBUG Engine               - JRE Vendor Name: Oracle Corporation
23:35:00.410 [JavaFX Application Thread] DEBUG Engine               - Running on OS: Windows 10 version 10.0
23:35:00.410 [JavaFX Application Thread] DEBUG Engine               - Architecture: amd64
23:35:00.410 [JavaFX Application Thread] INFO  Engine               - Source code and latest versions at: https://github.com/AlmasB/FXGL
23:35:00.410 [JavaFX Application Thread] INFO  Engine               -              Join the FXGL chat at: https://gitter.im/AlmasB/FXGL
23:35:00.509 [JavaFX Application Thread] DEBUG PrimaryStageWindow   - Creating a JavaFX scene
23:35:00.549 [JavaFX Application Thread] DEBUG PrimaryStageWindow   - Target settings size: 1280.0 x 720.0
23:35:00.549 [JavaFX Application Thread] DEBUG PrimaryStageWindow   - Scaled scene size:    1280.0 x 720.0
23:35:00.550 [JavaFX Application Thread] DEBUG PrimaryStageWindow   - Scaled ratio: (1.0, 1.0)
23:35:00.550 [JavaFX Application Thread] DEBUG PrimaryStageWindow   - Set initial scene to FXGLStartupScene
23:35:00.558 [JavaFX Application Thread] DEBUG PrimaryStageWindow   - Opening main window
23:35:00.647 [JavaFX Application Thread] DEBUG PrimaryStageWindow   - Window border size: (14.4000244140625, 37.5999755859375)
23:35:00.648 [JavaFX Application Thread] DEBUG PrimaryStageWindow   - Scaled size: 1280.0 x 720.0
23:35:00.648 [JavaFX Application Thread] DEBUG PrimaryStageWindow   - Scaled ratio: (1.0, 1.0)
23:35:00.648 [JavaFX Application Thread] DEBUG PrimaryStageWindow   - Scene size: 1280.0 x 720.0
23:35:00.648 [JavaFX Application Thread] DEBUG PrimaryStageWindow   - Stage size: 1294.4000244140625 x 757.5999755859375
23:35:00.725 [JavaFX Application Thread] DEBUG PrimaryStageWindow   - Going fullscreen
23:35:00.736 [FXGL Background Thread 1 ] DEBUG Engine               - Initializing environment variables
23:35:00.830 [FXGL Background Thread 1 ] DEBUG FXGLAssetLoaderServi - User app class for loading assets: class Bomberman.GameApp
23:35:00.830 [FXGL Background Thread 1 ] DEBUG GameApplicationServi - Applying CSS: fxgl_dark.css
23:35:00.831 [FXGL Background Thread 1 ] DEBUG FXGLAssetLoaderServi - Loading from file system: jar:file:/C:/Users/tho26/.m2/repository/com/github/almasb/fxgl/11.17/fxgl-11.17.jar!/fxglassets/ui/css/fxgl_dark.css
23:35:00.869 [FXGL Background Thread 1 ] DEBUG GameApplicationServi - Initializing application scenes
23:35:00.917 [FXGL Background Thread 1 ] DEBUG GameWorld            - Game world initialized
23:35:00.988 [FXGL Background Thread 1 ] DEBUG PhysicsWorld         - Physics world initialized: appHeight=720, physics.ppm=50.0
23:35:00.988 [FXGL Background Thread 1 ] DEBUG PhysicsWorld         - Using strategy: BRUTE_FORCE
23:35:00.990 [FXGL Background Thread 1 ] DEBUG GameScene            - Game scene initialized: 1280x720
23:35:01.102 [FXGL Background Thread 1 ] DEBUG GameApplicationServi - Application scenes initialized
23:35:01.110 [FXGL Background Thread 1 ] DEBUG SystemBundleService  - Loading FXGL system data
23:35:01.114 [FXGL Background Thread 1 ] DEBUG FileSystemAccess     - Reading from: E:\CPP\Bomberman-master\system\fxgl.bundle
23:35:01.121 [FXGL Background Thread 1 ] DEBUG SystemBundleService  - Bundle FXGL: {}
23:35:01.121 [FXGL Background Thread 1 ] DEBUG UpdaterService       - Checking for updates
23:35:01.125 [FXGL Background Thread 4 ] DEBUG FXGLApplication      - Loading fonts
23:35:01.126 [FXGL Background Thread 4 ] DEBUG FXGLAssetLoaderServi - Loading from file system: file:/E:/CPP/Bomberman-master/target/classes/assets/ui/fonts/game_font.ttf
23:35:01.126 [FXGL Background Thread 1 ] DEBUG FXGLApplication      - Loading default localization
23:35:01.126 [FXGL Background Thread 1 ] DEBUG FXGLAssetLoaderServi - Loading from file system: jar:file:/C:/Users/tho26/.m2/repository/com/github/almasb/fxgl/11.17/fxgl-11.17.jar!/fxglassets/languages/english.lang
23:35:01.146 [FXGL Background Thread 1 ] INFO  FXGLApplication      - FXGL initialization took: 0.411 sec
23:35:01.158 [JavaFX Application Thread] DEBUG Input                - Registered new binding: Move Up - W
23:35:01.159 [JavaFX Application Thread] DEBUG Input                - Registered new binding: Move Down - S
23:35:01.159 [JavaFX Application Thread] DEBUG Input                - Registered new binding: Move Left - A
23:35:01.159 [JavaFX Application Thread] DEBUG Input                - Registered new binding: Move Right - D
23:35:01.159 [JavaFX Application Thread] DEBUG Input                - Registered new binding: Place Bomb - Space
23:35:01.160 [JavaFX Application Thread] DEBUG FXGLAssetLoaderServi - Loading from file system: file:/E:/CPP/Bomberman-master/target/classes/assets/music/main_theme.mp3
23:35:01.184 [FXGL Background Thread 4 ] DEBUG FXGLAssetLoaderServi - Loading from file system: jar:file:/C:/Users/tho26/.m2/repository/com/github/almasb/fxgl/11.17/fxgl-11.17.jar!/fxglassets/ui/fonts/Abel-Regular.ttf
23:35:01.188 [FXGL Background Thread 4 ] DEBUG FXGLAssetLoaderServi - Loading from file system: jar:file:/C:/Users/tho26/.m2/repository/com/github/almasb/fxgl/11.17/fxgl-11.17.jar!/fxglassets/ui/fonts/lucida_console.ttf
23:35:01.192 [FXGL Background Thread 4 ] DEBUG FXGLAssetLoaderServi - Loading from file system: jar:file:/C:/Users/tho26/.m2/repository/com/github/almasb/fxgl/11.17/fxgl-11.17.jar!/fxglassets/ui/fonts/Courier-Prime.ttf
23:35:01.340 [JavaFX Application Thread] DEBUG AudioPlayer          - Playing music com.almasb.fxgl.audio.Music@11619d85
23:35:01.341 [JavaFX Application Thread] DEBUG FXGLAssetLoaderServi - Loading from file system: jar:file:/C:/Users/tho26/.m2/repository/com/github/almasb/fxgl/11.17/fxgl-11.17.jar!/fxglassets/textures/fxgl_icon.png
23:35:01.363 [JavaFX Application Thread] DEBUG FXGLAssetLoaderServi - Loading from file system: jar:file:/C:/Users/tho26/.m2/repository/com/github/almasb/fxgl/11.17/fxgl-11.17.jar!/fxglassets/textures/fxgl_default_cursor.png
23:35:01.366 [JavaFX Application Thread] DEBUG Input                - Registered new binding: Screenshot - CTRL+8
23:35:01.367 [JavaFX Application Thread] DEBUG Input                - Registered new binding: System info dump - CTRL+9
23:35:01.368 [JavaFX Application Thread] DEBUG Input                - Registered new binding: Restart - CTRL+R
23:35:01.369 [JavaFX Application Thread] DEBUG Input                - Registered new binding: Toggle Debug Camera - CTRL+C
23:35:01.374 [JavaFX Application Thread] DEBUG LoopRunner           - Starting loop
23:35:01.375 [JavaFX Application Thread] DEBUG LoopRunner           - Initializing JavaFX AnimationTimerLoop
23:35:01.378 [JavaFX Application Thread] DEBUG Input                - Clearing active input actions
23:35:01.384 [JavaFX Application Thread] DEBUG GameApplicationServi - Removing overlay from FXGLStartupScene and adding to FXGLMainMenuDummyScene
23:35:01.384 [JavaFX Application Thread] DEBUG PrimaryStageWindow   - FXGLStartupScene -> FXGLMainMenuDummyScene
23:35:01.384 [JavaFX Application Thread] DEBUG PrimaryStageWindow   - Push state: MainMenu
23:35:01.384 [JavaFX Application Thread] DEBUG Input                - Clearing active input actions
23:35:01.389 [JavaFX Application Thread] DEBUG GameApplicationServi - Removing overlay from FXGLMainMenuDummyScene and adding to MainMenu
23:35:01.389 [JavaFX Application Thread] DEBUG PrimaryStageWindow   - FXGLMainMenuDummyScene -> MainMenu
23:35:01.393 [JavaFX Application Thread] DEBUG FXGLApplication      - Registering font factories with UI factory
23:35:01.647 [FXGL Background Thread 2 ] INFO  UpdaterService       - Your current version:  11.17
23:35:01.647 [FXGL Background Thread 2 ] INFO  UpdaterService       - Latest stable version: 17.2
23:35:02.817 [JavaFX Application Thread] DEBUG Menu                 - fireExit()
23:35:02.823 [JavaFX Application Thread] DEBUG PrimaryStageWindow   - Push state: DialogSubScene
23:35:02.823 [JavaFX Application Thread] DEBUG Input                - Clearing active input actions
23:35:02.827 [JavaFX Application Thread] DEBUG GameApplicationServi - Removing overlay from MainMenu and adding to DialogSubScene
23:35:02.827 [JavaFX Application Thread] DEBUG PrimaryStageWindow   - MainMenu -> DialogSubScene
23:35:03.383 [JavaFX Application Thread] DEBUG PrimaryStageWindow   - Pop state: DialogSubScene
23:35:03.383 [JavaFX Application Thread] DEBUG Input                - Clearing active input actions
23:35:03.384 [JavaFX Application Thread] DEBUG GameApplicationServi - Removing overlay from DialogSubScene and adding to MainMenu
23:35:03.384 [JavaFX Application Thread] DEBUG PrimaryStageWindow   - MainMenu <- DialogSubScene
23:35:03.384 [JavaFX Application Thread] DEBUG FXGLApplication      - Exiting FXGL
23:35:03.384 [JavaFX Application Thread] DEBUG LoopRunner           - Stopping loop
23:35:03.384 [JavaFX Application Thread] DEBUG SystemBundleService  - Saving FXGL system data
23:35:03.387 [JavaFX Application Thread] DEBUG FileSystemAccess     - Writing to: E:\CPP\Bomberman-master\system\fxgl.bundle
23:35:03.389 [JavaFX Application Thread] DEBUG Async                - Shutting down background threads
23:35:03.389 [JavaFX Application Thread] DEBUG PrimaryStageWindow   - Closing main window
23:35:03.412 [JavaFX Application Thread] DEBUG Logger               - Closing Logger
