23:34:53.735 [main                     ] DEBUG Logger               - Configured Logger
23:34:53.738 [main                     ] DEBUG GameApplication      - Logging settings
Title: SPLATMAN
Version: 1.0
Width: 1280
Height: 720
Fullscreen: true
Intro: false
Profiling: false
Single step:false
App Mode: DEVELOPER
Menu Key: ESCAPE
Stage Style: DECORATED
Scene Factory: class Bomberman.GameApp$1

23:34:54.127 [JavaFX Application Thread] DEBUG FXGLApplication      - Initializing FXGL
23:34:54.132 [JavaFX Application Thread] INFO  Engine               - FXGL-11.17 (16.07.2021 15.46) on WINDOWS (J:18.0.2.1 FX:16)
23:34:54.132 [JavaFX Application Thread] DEBUG Engine               - JRE Vendor Name: Oracle Corporation
23:34:54.133 [JavaFX Application Thread] DEBUG Engine               - Running on OS: Windows 10 version 10.0
23:34:54.133 [JavaFX Application Thread] DEBUG Engine               - Architecture: amd64
23:34:54.133 [JavaFX Application Thread] INFO  Engine               - Source code and latest versions at: https://github.com/AlmasB/FXGL
23:34:54.133 [JavaFX Application Thread] INFO  Engine               -              Join the FXGL chat at: https://gitter.im/AlmasB/FXGL
23:34:54.226 [JavaFX Application Thread] DEBUG PrimaryStageWindow   - Creating a JavaFX scene
23:34:54.266 [JavaFX Application Thread] DEBUG PrimaryStageWindow   - Target settings size: 1280.0 x 720.0
23:34:54.266 [JavaFX Application Thread] DEBUG PrimaryStageWindow   - Scaled scene size:    1280.0 x 720.0
23:34:54.266 [JavaFX Application Thread] DEBUG PrimaryStageWindow   - Scaled ratio: (1.0, 1.0)
23:34:54.267 [JavaFX Application Thread] DEBUG PrimaryStageWindow   - Set initial scene to FXGLStartupScene
23:34:54.273 [JavaFX Application Thread] DEBUG PrimaryStageWindow   - Opening main window
23:34:54.365 [JavaFX Application Thread] DEBUG PrimaryStageWindow   - Window border size: (14.4000244140625, 37.5999755859375)
23:34:54.365 [JavaFX Application Thread] DEBUG PrimaryStageWindow   - Scaled size: 1280.0 x 720.0
23:34:54.365 [JavaFX Application Thread] DEBUG PrimaryStageWindow   - Scaled ratio: (1.0, 1.0)
23:34:54.366 [JavaFX Application Thread] DEBUG PrimaryStageWindow   - Scene size: 1280.0 x 720.0
23:34:54.366 [JavaFX Application Thread] DEBUG PrimaryStageWindow   - Stage size: 1294.4000244140625 x 757.5999755859375
23:34:54.435 [JavaFX Application Thread] DEBUG PrimaryStageWindow   - Going fullscreen
23:34:54.448 [FXGL Background Thread 1 ] DEBUG Engine               - Initializing environment variables
23:34:54.529 [FXGL Background Thread 1 ] DEBUG FXGLAssetLoaderServi - User app class for loading assets: class Bomberman.GameApp
23:34:54.529 [FXGL Background Thread 1 ] DEBUG GameApplicationServi - Applying CSS: fxgl_dark.css
23:34:54.529 [FXGL Background Thread 1 ] DEBUG FXGLAssetLoaderServi - Loading from file system: jar:file:/C:/Users/tho26/.m2/repository/com/github/almasb/fxgl/11.17/fxgl-11.17.jar!/fxglassets/ui/css/fxgl_dark.css
23:34:54.574 [FXGL Background Thread 1 ] DEBUG GameApplicationServi - Initializing application scenes
23:34:54.615 [FXGL Background Thread 1 ] DEBUG GameWorld            - Game world initialized
23:34:54.695 [FXGL Background Thread 1 ] DEBUG PhysicsWorld         - Physics world initialized: appHeight=720, physics.ppm=50.0
23:34:54.696 [FXGL Background Thread 1 ] DEBUG PhysicsWorld         - Using strategy: BRUTE_FORCE
23:34:54.700 [FXGL Background Thread 1 ] DEBUG GameScene            - Game scene initialized: 1280x720
23:34:54.810 [FXGL Background Thread 1 ] DEBUG GameApplicationServi - Application scenes initialized
23:34:54.820 [FXGL Background Thread 1 ] DEBUG SystemBundleService  - Loading FXGL system data
23:34:54.823 [FXGL Background Thread 1 ] DEBUG FileSystemAccess     - Reading from: E:\CPP\Bomberman-master\system\fxgl.bundle
23:34:54.832 [FXGL Background Thread 1 ] DEBUG SystemBundleService  - Bundle FXGL: {}
23:34:54.832 [FXGL Background Thread 1 ] DEBUG UpdaterService       - Checking for updates
23:34:54.838 [FXGL Background Thread 4 ] DEBUG FXGLApplication      - Loading fonts
23:34:54.838 [FXGL Background Thread 4 ] DEBUG FXGLAssetLoaderServi - Loading from file system: file:/E:/CPP/Bomberman-master/target/classes/assets/ui/fonts/game_font.ttf
23:34:54.838 [FXGL Background Thread 1 ] DEBUG FXGLApplication      - Loading default localization
23:34:54.839 [FXGL Background Thread 1 ] DEBUG FXGLAssetLoaderServi - Loading from file system: jar:file:/C:/Users/tho26/.m2/repository/com/github/almasb/fxgl/11.17/fxgl-11.17.jar!/fxglassets/languages/english.lang
23:34:54.863 [FXGL Background Thread 1 ] INFO  FXGLApplication      - FXGL initialization took: 0.416 sec
23:34:54.878 [JavaFX Application Thread] DEBUG Input                - Registered new binding: Move Up - W
23:34:54.878 [JavaFX Application Thread] DEBUG Input                - Registered new binding: Move Down - S
23:34:54.878 [JavaFX Application Thread] DEBUG Input                - Registered new binding: Move Left - A
23:34:54.878 [JavaFX Application Thread] DEBUG Input                - Registered new binding: Move Right - D
23:34:54.878 [JavaFX Application Thread] DEBUG Input                - Registered new binding: Place Bomb - Space
23:34:54.879 [JavaFX Application Thread] DEBUG FXGLAssetLoaderServi - Loading from file system: file:/E:/CPP/Bomberman-master/target/classes/assets/music/main_theme.mp3
23:34:54.912 [FXGL Background Thread 4 ] DEBUG FXGLAssetLoaderServi - Loading from file system: jar:file:/C:/Users/tho26/.m2/repository/com/github/almasb/fxgl/11.17/fxgl-11.17.jar!/fxglassets/ui/fonts/Abel-Regular.ttf
23:34:54.916 [FXGL Background Thread 4 ] DEBUG FXGLAssetLoaderServi - Loading from file system: jar:file:/C:/Users/tho26/.m2/repository/com/github/almasb/fxgl/11.17/fxgl-11.17.jar!/fxglassets/ui/fonts/lucida_console.ttf
23:34:54.920 [FXGL Background Thread 4 ] DEBUG FXGLAssetLoaderServi - Loading from file system: jar:file:/C:/Users/tho26/.m2/repository/com/github/almasb/fxgl/11.17/fxgl-11.17.jar!/fxglassets/ui/fonts/Courier-Prime.ttf
23:34:55.066 [JavaFX Application Thread] DEBUG AudioPlayer          - Playing music com.almasb.fxgl.audio.Music@3499cfec
23:34:55.067 [JavaFX Application Thread] DEBUG FXGLAssetLoaderServi - Loading from file system: jar:file:/C:/Users/tho26/.m2/repository/com/github/almasb/fxgl/11.17/fxgl-11.17.jar!/fxglassets/textures/fxgl_icon.png
23:34:55.085 [JavaFX Application Thread] DEBUG FXGLAssetLoaderServi - Loading from file system: jar:file:/C:/Users/tho26/.m2/repository/com/github/almasb/fxgl/11.17/fxgl-11.17.jar!/fxglassets/textures/fxgl_default_cursor.png
23:34:55.089 [JavaFX Application Thread] DEBUG Input                - Registered new binding: Screenshot - CTRL+8
23:34:55.089 [JavaFX Application Thread] DEBUG Input                - Registered new binding: System info dump - CTRL+9
23:34:55.089 [JavaFX Application Thread] DEBUG Input                - Registered new binding: Restart - CTRL+R
23:34:55.090 [JavaFX Application Thread] DEBUG Input                - Registered new binding: Toggle Debug Camera - CTRL+C
23:34:55.092 [JavaFX Application Thread] DEBUG LoopRunner           - Starting loop
23:34:55.092 [JavaFX Application Thread] DEBUG LoopRunner           - Initializing JavaFX AnimationTimerLoop
23:34:55.095 [JavaFX Application Thread] DEBUG Input                - Clearing active input actions
23:34:55.099 [JavaFX Application Thread] DEBUG GameApplicationServi - Removing overlay from FXGLStartupScene and adding to FXGLMainMenuDummyScene
23:34:55.100 [JavaFX Application Thread] DEBUG PrimaryStageWindow   - FXGLStartupScene -> FXGLMainMenuDummyScene
23:34:55.100 [JavaFX Application Thread] DEBUG PrimaryStageWindow   - Push state: MainMenu
23:34:55.100 [JavaFX Application Thread] DEBUG Input                - Clearing active input actions
23:34:55.104 [JavaFX Application Thread] DEBUG GameApplicationServi - Removing overlay from FXGLMainMenuDummyScene and adding to MainMenu
23:34:55.104 [JavaFX Application Thread] DEBUG PrimaryStageWindow   - FXGLMainMenuDummyScene -> MainMenu
23:34:55.112 [JavaFX Application Thread] DEBUG FXGLApplication      - Registering font factories with UI factory
23:34:55.366 [FXGL Background Thread 2 ] INFO  UpdaterService       - Your current version:  11.17
23:34:55.367 [FXGL Background Thread 2 ] INFO  UpdaterService       - Latest stable version: 17.2
23:34:56.417 [JavaFX Application Thread] DEBUG Menu                 - fireExit()
23:34:56.425 [JavaFX Application Thread] DEBUG PrimaryStageWindow   - Push state: DialogSubScene
23:34:56.425 [JavaFX Application Thread] DEBUG Input                - Clearing active input actions
23:34:56.428 [JavaFX Application Thread] DEBUG GameApplicationServi - Removing overlay from MainMenu and adding to DialogSubScene
23:34:56.428 [JavaFX Application Thread] DEBUG PrimaryStageWindow   - MainMenu -> DialogSubScene
23:34:57.160 [JavaFX Application Thread] DEBUG PrimaryStageWindow   - Pop state: DialogSubScene
23:34:57.160 [JavaFX Application Thread] DEBUG Input                - Clearing active input actions
23:34:57.161 [JavaFX Application Thread] DEBUG GameApplicationServi - Removing overlay from DialogSubScene and adding to MainMenu
23:34:57.161 [JavaFX Application Thread] DEBUG PrimaryStageWindow   - MainMenu <- DialogSubScene
23:34:57.161 [JavaFX Application Thread] DEBUG FXGLApplication      - Exiting FXGL
23:34:57.161 [JavaFX Application Thread] DEBUG LoopRunner           - Stopping loop
23:34:57.161 [JavaFX Application Thread] DEBUG SystemBundleService  - Saving FXGL system data
23:34:57.163 [JavaFX Application Thread] DEBUG FileSystemAccess     - Writing to: E:\CPP\Bomberman-master\system\fxgl.bundle
23:34:57.164 [JavaFX Application Thread] DEBUG Async                - Shutting down background threads
23:34:57.165 [JavaFX Application Thread] DEBUG PrimaryStageWindow   - Closing main window
23:34:57.190 [JavaFX Application Thread] DEBUG Logger               - Closing Logger
