20:38:38.665 [main                     ] DEBUG Logger               - Configured Logger
20:38:38.668 [main                     ] DEBUG GameApplication      - Logging settings
Title: SPLATMAN
Version: 1.0
Width: 1280
Height: 720
Fullscreen: true
Intro: false
Profiling: false
Single step:false
App Mode: DEVELOPER
Menu Key: ESCAPE
Stage Style: DECORATED
Scene Factory: class Bomberman.GameApp$1

20:38:39.050 [JavaFX Application Thread] DEBUG FXGLApplication      - Initializing FXGL
20:38:39.051 [JavaFX Application Thread] INFO  Engine               - FXGL-11.17 (16.07.2021 15.46) on WINDOWS (J:17.0.4.1 FX:16)
20:38:39.052 [JavaFX Application Thread] DEBUG Engine               - JRE Vendor Name: Eclipse Adoptium
20:38:39.052 [JavaFX Application Thread] DEBUG Engine               - Running on OS: Windows 11 version 10.0
20:38:39.052 [JavaFX Application Thread] DEBUG Engine               - Architecture: amd64
20:38:39.052 [JavaFX Application Thread] INFO  Engine               - Source code and latest versions at: https://github.com/AlmasB/FXGL
20:38:39.052 [JavaFX Application Thread] INFO  Engine               -              Join the FXGL chat at: https://gitter.im/AlmasB/FXGL
20:38:39.131 [JavaFX Application Thread] DEBUG PrimaryStageWindow   - Creating a JavaFX scene
20:38:39.161 [JavaFX Application Thread] DEBUG PrimaryStageWindow   - Target settings size: 1280.0 x 720.0
20:38:39.162 [JavaFX Application Thread] DEBUG PrimaryStageWindow   - Scaled scene size:    1280.0 x 720.0
20:38:39.162 [JavaFX Application Thread] DEBUG PrimaryStageWindow   - Scaled ratio: (1.0, 1.0)
20:38:39.162 [JavaFX Application Thread] DEBUG PrimaryStageWindow   - Set initial scene to FXGLStartupScene
20:38:39.168 [JavaFX Application Thread] DEBUG PrimaryStageWindow   - Opening main window
20:38:39.237 [JavaFX Application Thread] DEBUG PrimaryStageWindow   - Window border size: (14.4000244140625, 37.5999755859375)
20:38:39.237 [JavaFX Application Thread] DEBUG PrimaryStageWindow   - Scaled size: 1280.0 x 720.0
20:38:39.237 [JavaFX Application Thread] DEBUG PrimaryStageWindow   - Scaled ratio: (1.0, 1.0)
20:38:39.238 [JavaFX Application Thread] DEBUG PrimaryStageWindow   - Scene size: 1280.0 x 720.0
20:38:39.238 [JavaFX Application Thread] DEBUG PrimaryStageWindow   - Stage size: 1294.4000244140625 x 757.5999755859375
20:38:39.284 [JavaFX Application Thread] DEBUG PrimaryStageWindow   - Going fullscreen
20:38:39.294 [FXGL Background Thread 1 ] DEBUG Engine               - Initializing environment variables
20:38:39.333 [FXGL Background Thread 1 ] DEBUG FXGLAssetLoaderServi - User app class for loading assets: class Bomberman.GameApp
20:38:39.333 [FXGL Background Thread 1 ] DEBUG GameApplicationServi - Applying CSS: fxgl_dark.css
20:38:39.334 [FXGL Background Thread 1 ] DEBUG FXGLAssetLoaderServi - Loading from file system: jar:file:/C:/Users/THANG/.m2/repository/com/github/almasb/fxgl/11.17/fxgl-11.17.jar!/fxglassets/ui/css/fxgl_dark.css
20:38:39.366 [FXGL Background Thread 1 ] DEBUG GameApplicationServi - Initializing application scenes
20:38:39.396 [FXGL Background Thread 1 ] DEBUG GameWorld            - Game world initialized
20:38:39.441 [FXGL Background Thread 1 ] DEBUG PhysicsWorld         - Physics world initialized: appHeight=720, physics.ppm=50.0
20:38:39.441 [FXGL Background Thread 1 ] DEBUG PhysicsWorld         - Using strategy: BRUTE_FORCE
20:38:39.444 [FXGL Background Thread 1 ] DEBUG GameScene            - Game scene initialized: 1280x720
20:38:39.523 [FXGL Background Thread 1 ] DEBUG GameApplicationServi - Application scenes initialized
20:38:39.529 [FXGL Background Thread 1 ] DEBUG SystemBundleService  - Loading FXGL system data
20:38:39.531 [FXGL Background Thread 1 ] DEBUG FileSystemAccess     - Reading from: C:\Users\THANG\Documents\GitHub\Bomberman-master\system\fxgl.bundle
20:38:39.536 [FXGL Background Thread 1 ] DEBUG SystemBundleService  - Bundle FXGL: {}
20:38:39.536 [FXGL Background Thread 1 ] DEBUG UpdaterService       - Checking for updates
20:38:39.540 [FXGL Background Thread 4 ] DEBUG FXGLApplication      - Loading fonts
20:38:39.540 [FXGL Background Thread 4 ] DEBUG FXGLAssetLoaderServi - Loading from file system: file:/C:/Users/THANG/Documents/GitHub/Bomberman-master/target/classes/assets/ui/fonts/game_font.ttf
20:38:39.540 [FXGL Background Thread 1 ] DEBUG FXGLApplication      - Loading default localization
20:38:39.540 [FXGL Background Thread 1 ] DEBUG FXGLAssetLoaderServi - Loading from file system: jar:file:/C:/Users/THANG/.m2/repository/com/github/almasb/fxgl/11.17/fxgl-11.17.jar!/fxglassets/languages/english.lang
20:38:39.551 [FXGL Background Thread 1 ] INFO  FXGLApplication      - FXGL initialization took: 0.257 sec
20:38:39.566 [JavaFX Application Thread] DEBUG Input                - Registered new binding: Move Up - W
20:38:39.566 [JavaFX Application Thread] DEBUG Input                - Registered new binding: Move Down - S
20:38:39.566 [JavaFX Application Thread] DEBUG Input                - Registered new binding: Move Left - A
20:38:39.566 [JavaFX Application Thread] DEBUG Input                - Registered new binding: Move Right - D
20:38:39.566 [JavaFX Application Thread] DEBUG Input                - Registered new binding: Place Bomb - Space
20:38:39.567 [JavaFX Application Thread] DEBUG FXGLAssetLoaderServi - Loading from file system: file:/C:/Users/THANG/Documents/GitHub/Bomberman-master/target/classes/assets/music/main_theme.mp3
20:38:39.598 [FXGL Background Thread 4 ] DEBUG FXGLAssetLoaderServi - Loading from file system: jar:file:/C:/Users/THANG/.m2/repository/com/github/almasb/fxgl/11.17/fxgl-11.17.jar!/fxglassets/ui/fonts/Abel-Regular.ttf
20:38:39.601 [FXGL Background Thread 4 ] DEBUG FXGLAssetLoaderServi - Loading from file system: jar:file:/C:/Users/THANG/.m2/repository/com/github/almasb/fxgl/11.17/fxgl-11.17.jar!/fxglassets/ui/fonts/lucida_console.ttf
20:38:39.605 [FXGL Background Thread 4 ] DEBUG FXGLAssetLoaderServi - Loading from file system: jar:file:/C:/Users/THANG/.m2/repository/com/github/almasb/fxgl/11.17/fxgl-11.17.jar!/fxglassets/ui/fonts/Courier-Prime.ttf
20:38:39.683 [JavaFX Application Thread] DEBUG AudioPlayer          - Playing music com.almasb.fxgl.audio.Music@9ef8b47
20:38:39.684 [JavaFX Application Thread] DEBUG FXGLAssetLoaderServi - Loading from file system: jar:file:/C:/Users/THANG/.m2/repository/com/github/almasb/fxgl/11.17/fxgl-11.17.jar!/fxglassets/textures/fxgl_icon.png
20:38:39.703 [JavaFX Application Thread] DEBUG FXGLAssetLoaderServi - Loading from file system: jar:file:/C:/Users/THANG/.m2/repository/com/github/almasb/fxgl/11.17/fxgl-11.17.jar!/fxglassets/textures/fxgl_default_cursor.png
20:38:39.705 [JavaFX Application Thread] DEBUG Input                - Registered new binding: Screenshot - CTRL+8
20:38:39.705 [JavaFX Application Thread] DEBUG Input                - Registered new binding: System info dump - CTRL+9
20:38:39.705 [JavaFX Application Thread] DEBUG Input                - Registered new binding: Restart - CTRL+R
20:38:39.706 [JavaFX Application Thread] DEBUG Input                - Registered new binding: Toggle Debug Camera - CTRL+C
20:38:39.709 [JavaFX Application Thread] DEBUG LoopRunner           - Starting loop
20:38:39.710 [JavaFX Application Thread] DEBUG LoopRunner           - Initializing JavaFX AnimationTimerLoop
20:38:39.712 [JavaFX Application Thread] DEBUG Input                - Clearing active input actions
20:38:39.718 [JavaFX Application Thread] DEBUG GameApplicationServi - Removing overlay from FXGLStartupScene and adding to FXGLMainMenuDummyScene
20:38:39.719 [JavaFX Application Thread] DEBUG PrimaryStageWindow   - FXGLStartupScene -> FXGLMainMenuDummyScene
20:38:39.719 [JavaFX Application Thread] DEBUG PrimaryStageWindow   - Push state: MainMenu
20:38:39.719 [JavaFX Application Thread] DEBUG Input                - Clearing active input actions
20:38:39.721 [JavaFX Application Thread] DEBUG GameApplicationServi - Removing overlay from FXGLMainMenuDummyScene and adding to MainMenu
20:38:39.721 [JavaFX Application Thread] DEBUG PrimaryStageWindow   - FXGLMainMenuDummyScene -> MainMenu
20:38:39.721 [JavaFX Application Thread] DEBUG FXGLApplication      - Registering font factories with UI factory
20:38:39.968 [FXGL Background Thread 2 ] INFO  UpdaterService       - Your current version:  11.17
20:38:39.972 [FXGL Background Thread 2 ] INFO  UpdaterService       - Latest stable version: 17.2
20:38:42.539 [FXGL Background Thread 3 ] DEBUG Engine               - Logging environment variables
20:38:42.540 [FXGL Background Thread 3 ] DEBUG Engine               - achievements: []
20:38:42.540 [FXGL Background Thread 3 ] DEBUG Engine               - actualHeight: 864.0
20:38:42.540 [FXGL Background Thread 3 ] DEBUG Engine               - actualHeightProperty: ReadOnlyDoubleProperty [value: 864.0]
20:38:42.540 [FXGL Background Thread 3 ] DEBUG Engine               - actualWidth: 1536.0
20:38:42.540 [FXGL Background Thread 3 ] DEBUG Engine               - actualWidthProperty: ReadOnlyDoubleProperty [value: 1536.0]
20:38:42.540 [FXGL Background Thread 3 ] DEBUG Engine               - appIcon: fxgl_icon.png
20:38:42.541 [FXGL Background Thread 3 ] DEBUG Engine               - applicationMode: DEVELOPER
20:38:42.541 [FXGL Background Thread 3 ] DEBUG Engine               - cSSList: [fxgl_dark.css]
20:38:42.541 [FXGL Background Thread 3 ] DEBUG Engine               - collisionDetectionStrategy: BRUTE_FORCE
20:38:42.541 [FXGL Background Thread 3 ] DEBUG Engine               - configClass: Optional.empty
20:38:42.541 [FXGL Background Thread 3 ] DEBUG Engine               - credits: []
20:38:42.541 [FXGL Background Thread 3 ] DEBUG Engine               - defaultCursor: CursorInfo(imageName=fxgl_default_cursor.png, hotspotX=7.0, hotspotY=6.0)
20:38:42.541 [FXGL Background Thread 3 ] DEBUG Engine               - devBBoxColorProperty: ObjectProperty [value: 0xff0000ff]
20:38:42.541 [FXGL Background Thread 3 ] DEBUG Engine               - devEnableDebugCameraProperty: BooleanProperty [value: false]
20:38:42.541 [FXGL Background Thread 3 ] DEBUG Engine               - devSensorColorProperty: ObjectProperty [value: 0xffff00ff]
20:38:42.542 [FXGL Background Thread 3 ] DEBUG Engine               - devShowBBoxProperty: BooleanProperty [value: false]
20:38:42.542 [FXGL Background Thread 3 ] DEBUG Engine               - devShowPositionProperty: BooleanProperty [value: false]
20:38:42.542 [FXGL Background Thread 3 ] DEBUG Engine               - enabledMenuItems: []
20:38:42.542 [FXGL Background Thread 3 ] DEBUG Engine               - engineServices: [class com.almasb.fxgl.app.services.FXGLAssetLoaderService, class com.almasb.fxgl.app.FXGLApplication$GameApplicationService, class com.almasb.fxgl.app.services.FXGLDialogService, class com.almasb.fxgl.app.services.IOTaskExecutorService, class com.almasb.fxgl.io.FileSystemService, class com.almasb.fxgl.localization.LocalizationService, class com.almasb.fxgl.app.services.SystemBundleService, class com.almasb.fxgl.profile.SaveLoadService, class com.almasb.fxgl.ui.FXGLUIFactoryServiceProvider, class com.almasb.fxgl.ui.FXGLDialogFactoryServiceProvider, class com.almasb.fxgl.audio.AudioPlayer, class com.almasb.fxgl.notification.impl.NotificationServiceProvider, class com.almasb.fxgl.achievement.AchievementService, class com.almasb.fxgl.cutscene.CutsceneService, class com.almasb.fxgl.minigames.MiniGameService, class com.almasb.fxgl.net.NetService, class com.almasb.fxgl.app.services.UpdaterService, class com.almasb.fxgl.dev.DevService]
20:38:42.542 [FXGL Background Thread 3 ] DEBUG Engine               - fontGame: Abel-Regular.ttf
20:38:42.542 [FXGL Background Thread 3 ] DEBUG Engine               - fontMono: lucida_console.ttf
20:38:42.542 [FXGL Background Thread 3 ] DEBUG Engine               - fontText: Courier-Prime.ttf
20:38:42.542 [FXGL Background Thread 3 ] DEBUG Engine               - fontUI: game_font.ttf
20:38:42.543 [FXGL Background Thread 3 ] DEBUG Engine               - fullScreen: BooleanProperty [value: true]
20:38:42.543 [FXGL Background Thread 3 ] DEBUG Engine               - gameDifficulty: MEDIUM
20:38:42.543 [FXGL Background Thread 3 ] DEBUG Engine               - gameDifficultyProperty: ObjectProperty [value: MEDIUM]
20:38:42.543 [FXGL Background Thread 3 ] DEBUG Engine               - globalMusicVolume: 0.5
20:38:42.543 [FXGL Background Thread 3 ] DEBUG Engine               - globalMusicVolumeProperty: DoubleProperty [value: 0.5]
20:38:42.543 [FXGL Background Thread 3 ] DEBUG Engine               - globalSoundVolume: 0.5
20:38:42.543 [FXGL Background Thread 3 ] DEBUG Engine               - globalSoundVolumeProperty: DoubleProperty [value: 0.5]
20:38:42.543 [FXGL Background Thread 3 ] DEBUG Engine               - height: 720
20:38:42.543 [FXGL Background Thread 3 ] DEBUG Engine               - is3D: false
20:38:42.543 [FXGL Background Thread 3 ] DEBUG Engine               - isAndroid: false
20:38:42.544 [FXGL Background Thread 3 ] DEBUG Engine               - isBrowser: false
20:38:42.544 [FXGL Background Thread 3 ] DEBUG Engine               - isClickFeedbackEnabled: false
20:38:42.544 [FXGL Background Thread 3 ] DEBUG Engine               - isCloseConfirmation: false
20:38:42.544 [FXGL Background Thread 3 ] DEBUG Engine               - isDesktop: true
20:38:42.544 [FXGL Background Thread 3 ] DEBUG Engine               - isDeveloperMenuEnabled: false
20:38:42.544 [FXGL Background Thread 3 ] DEBUG Engine               - isEntityPreloadEnabled: true
20:38:42.544 [FXGL Background Thread 3 ] DEBUG Engine               - isExperimentalTiledLargeMap: false
20:38:42.544 [FXGL Background Thread 3 ] DEBUG Engine               - isFileSystemWriteAllowed: true
20:38:42.544 [FXGL Background Thread 3 ] DEBUG Engine               - isFullScreenAllowed: true
20:38:42.544 [FXGL Background Thread 3 ] DEBUG Engine               - isFullScreenFromStart: true
20:38:42.544 [FXGL Background Thread 3 ] DEBUG Engine               - isGameMenuEnabled: true
20:38:42.544 [FXGL Background Thread 3 ] DEBUG Engine               - isIOS: false
20:38:42.544 [FXGL Background Thread 3 ] DEBUG Engine               - isIntroEnabled: false
20:38:42.544 [FXGL Background Thread 3 ] DEBUG Engine               - isLinux: false
20:38:42.545 [FXGL Background Thread 3 ] DEBUG Engine               - isMac: false
20:38:42.545 [FXGL Background Thread 3 ] DEBUG Engine               - isMainMenuEnabled: true
20:38:42.545 [FXGL Background Thread 3 ] DEBUG Engine               - isManualResizeEnabled: false
20:38:42.545 [FXGL Background Thread 3 ] DEBUG Engine               - isMobile: false
20:38:42.545 [FXGL Background Thread 3 ] DEBUG Engine               - isNative: false
20:38:42.545 [FXGL Background Thread 3 ] DEBUG Engine               - isPauseMusicWhenMinimized: true
20:38:42.545 [FXGL Background Thread 3 ] DEBUG Engine               - isPreserveResizeRatio: false
20:38:42.545 [FXGL Background Thread 3 ] DEBUG Engine               - isProfilingEnabled: false
20:38:42.545 [FXGL Background Thread 3 ] DEBUG Engine               - isScaleAffectedOnResize: true
20:38:42.545 [FXGL Background Thread 3 ] DEBUG Engine               - isSingleStep: false
20:38:42.545 [FXGL Background Thread 3 ] DEBUG Engine               - isUserProfileEnabled: false
20:38:42.546 [FXGL Background Thread 3 ] DEBUG Engine               - isWindows: true
20:38:42.546 [FXGL Background Thread 3 ] DEBUG Engine               - language: ObjectProperty [value: ENGLISH]
20:38:42.546 [FXGL Background Thread 3 ] DEBUG Engine               - menuKey: ESCAPE
20:38:42.546 [FXGL Background Thread 3 ] DEBUG Engine               - mouseSensitivity: 0.2
20:38:42.546 [FXGL Background Thread 3 ] DEBUG Engine               - notificationViewClass: class com.almasb.fxgl.notification.view.XboxNotificationView
20:38:42.546 [FXGL Background Thread 3 ] DEBUG Engine               - pixelsPerMeter: 50.0
20:38:42.546 [FXGL Background Thread 3 ] DEBUG Engine               - platform: WINDOWS
20:38:42.546 [FXGL Background Thread 3 ] DEBUG Engine               - prefHeightProperty: ReadOnlyDoubleProperty [value: 720.0]
20:38:42.546 [FXGL Background Thread 3 ] DEBUG Engine               - prefWidthProperty: ReadOnlyDoubleProperty [value: 1280.0]
20:38:42.546 [FXGL Background Thread 3 ] DEBUG Engine               - profileDir: profiles/
20:38:42.546 [FXGL Background Thread 3 ] DEBUG Engine               - profileName: StringProperty [value: DEFAULT]
20:38:42.546 [FXGL Background Thread 3 ] DEBUG Engine               - randomSeed: -1
20:38:42.547 [FXGL Background Thread 3 ] DEBUG Engine               - runtimeInfo: RuntimeInfo(platform=WINDOWS, version=11.17, build=16.07.2021 15.46)
20:38:42.547 [FXGL Background Thread 3 ] DEBUG Engine               - saveFileExt: sav
20:38:42.547 [FXGL Background Thread 3 ] DEBUG Engine               - scaledHeightProp$fxgl: DoubleProperty [bound, value: 864.0]
20:38:42.547 [FXGL Background Thread 3 ] DEBUG Engine               - scaledWidthProp$fxgl: DoubleProperty [bound, value: 1536.0]
20:38:42.547 [FXGL Background Thread 3 ] DEBUG Engine               - sceneFactory: Bomberman.GameApp$1@3be316cd
20:38:42.547 [FXGL Background Thread 3 ] DEBUG Engine               - secondsIn24h: 60
20:38:42.547 [FXGL Background Thread 3 ] DEBUG Engine               - soundMenuBack: menu/back.wav
20:38:42.547 [FXGL Background Thread 3 ] DEBUG Engine               - soundMenuPress: menu/press.wav
20:38:42.547 [FXGL Background Thread 3 ] DEBUG Engine               - soundMenuSelect: menu/select.wav
20:38:42.547 [FXGL Background Thread 3 ] DEBUG Engine               - soundNotification: core/notification.wav
20:38:42.547 [FXGL Background Thread 3 ] DEBUG Engine               - stageStyle: DECORATED
20:38:42.547 [FXGL Background Thread 3 ] DEBUG Engine               - supportedLanguages: [ENGLISH, FRENCH, GERMAN, HUNGARIAN, RUSSIAN]
20:38:42.547 [FXGL Background Thread 3 ] DEBUG Engine               - ticksPerSecond: -1
20:38:42.547 [FXGL Background Thread 3 ] DEBUG Engine               - title: SPLATMAN
20:38:42.547 [FXGL Background Thread 3 ] DEBUG Engine               - urlGithub: https://github.com/AlmasB/FXGL
20:38:42.547 [FXGL Background Thread 3 ] DEBUG Engine               - urlLeaderboard: http://fxgl-top.herokuapp.com/
20:38:42.547 [FXGL Background Thread 3 ] DEBUG Engine               - urlPOM: https://raw.githubusercontent.com/AlmasB/FXGL/release/README.md
20:38:42.547 [FXGL Background Thread 3 ] DEBUG Engine               - userAppClass: class Bomberman.GameApp
20:38:42.547 [FXGL Background Thread 3 ] DEBUG Engine               - version: 1.0
20:38:42.547 [FXGL Background Thread 3 ] DEBUG Engine               - versionCheckDays: 7
20:38:42.547 [FXGL Background Thread 3 ] DEBUG Engine               - width: 1280
20:38:42.547 [FXGL Background Thread 3 ] DEBUG Engine               - Logging services
20:38:42.547 [FXGL Background Thread 3 ] DEBUG Engine               - class com.almasb.fxgl.app.services.FXGLAssetLoaderService
20:38:42.547 [FXGL Background Thread 3 ] DEBUG Engine               - class com.almasb.fxgl.app.FXGLApplication$GameApplicationService
20:38:42.548 [FXGL Background Thread 3 ] DEBUG Engine               - class com.almasb.fxgl.app.services.FXGLDialogService
20:38:42.548 [FXGL Background Thread 3 ] DEBUG Engine               - class com.almasb.fxgl.app.services.IOTaskExecutorService
20:38:42.548 [FXGL Background Thread 3 ] DEBUG Engine               - class com.almasb.fxgl.io.FileSystemService
20:38:42.548 [FXGL Background Thread 3 ] DEBUG Engine               - class com.almasb.fxgl.localization.LocalizationService
20:38:42.548 [FXGL Background Thread 3 ] DEBUG Engine               - class com.almasb.fxgl.app.services.SystemBundleService
20:38:42.548 [FXGL Background Thread 3 ] DEBUG Engine               - class com.almasb.fxgl.profile.SaveLoadService
20:38:42.548 [FXGL Background Thread 3 ] DEBUG Engine               - class com.almasb.fxgl.ui.FXGLUIFactoryServiceProvider
20:38:42.548 [FXGL Background Thread 3 ] DEBUG Engine               - class com.almasb.fxgl.ui.FXGLDialogFactoryServiceProvider
20:38:42.548 [FXGL Background Thread 3 ] DEBUG Engine               - class com.almasb.fxgl.audio.AudioPlayer
20:38:42.548 [FXGL Background Thread 3 ] DEBUG Engine               - class com.almasb.fxgl.notification.impl.NotificationServiceProvider
20:38:42.548 [FXGL Background Thread 3 ] DEBUG Engine               - class com.almasb.fxgl.achievement.AchievementService
20:38:42.548 [FXGL Background Thread 3 ] DEBUG Engine               - class com.almasb.fxgl.cutscene.CutsceneService
20:38:42.548 [FXGL Background Thread 3 ] DEBUG Engine               - class com.almasb.fxgl.minigames.MiniGameService
20:38:42.548 [FXGL Background Thread 3 ] DEBUG Engine               - class com.almasb.fxgl.net.NetService
20:38:42.548 [FXGL Background Thread 3 ] DEBUG Engine               - class com.almasb.fxgl.app.services.UpdaterService
20:38:42.548 [FXGL Background Thread 3 ] DEBUG Engine               - class com.almasb.fxgl.dev.DevService
20:38:57.827 [JavaFX Application Thread] DEBUG Menu                 - fireExit()
20:38:57.832 [JavaFX Application Thread] DEBUG PrimaryStageWindow   - Push state: DialogSubScene
20:38:57.833 [JavaFX Application Thread] DEBUG Input                - Clearing active input actions
20:38:57.835 [JavaFX Application Thread] DEBUG GameApplicationServi - Removing overlay from MainMenu and adding to DialogSubScene
20:38:57.835 [JavaFX Application Thread] DEBUG PrimaryStageWindow   - MainMenu -> DialogSubScene
20:38:58.784 [JavaFX Application Thread] DEBUG PrimaryStageWindow   - Pop state: DialogSubScene
20:38:58.784 [JavaFX Application Thread] DEBUG Input                - Clearing active input actions
20:38:58.785 [JavaFX Application Thread] DEBUG GameApplicationServi - Removing overlay from DialogSubScene and adding to MainMenu
20:38:58.785 [JavaFX Application Thread] DEBUG PrimaryStageWindow   - MainMenu <- DialogSubScene
20:38:58.785 [JavaFX Application Thread] DEBUG FXGLApplication      - Exiting FXGL
20:38:58.785 [JavaFX Application Thread] DEBUG LoopRunner           - Stopping loop
20:38:58.785 [JavaFX Application Thread] DEBUG SystemBundleService  - Saving FXGL system data
20:38:58.786 [JavaFX Application Thread] DEBUG FileSystemAccess     - Writing to: C:\Users\THANG\Documents\GitHub\Bomberman-master\system\fxgl.bundle
20:38:58.787 [JavaFX Application Thread] DEBUG Async                - Shutting down background threads
20:38:58.788 [JavaFX Application Thread] DEBUG PrimaryStageWindow   - Closing main window
20:38:58.812 [JavaFX Application Thread] DEBUG Logger               - Closing Logger
