20:37:05.485 [main                     ] DEBUG Logger               - Configured Logger
20:37:05.488 [main                     ] DEBUG GameApplication      - Logging settings
Title: SPLATMAN
Version: 1.0
Width: 1280
Height: 720
Fullscreen: true
Intro: false
Profiling: false
Single step:false
App Mode: DEVELOPER
Menu Key: ESCAPE
Stage Style: DECORATED
Scene Factory: class Bomberman.GameApp$1

20:37:05.850 [JavaFX Application Thread] DEBUG FXGLApplication      - Initializing FXGL
20:37:05.851 [JavaFX Application Thread] INFO  Engine               - FXGL-11.17 (16.07.2021 15.46) on WINDOWS (J:17.0.4.1 FX:16)
20:37:05.852 [JavaFX Application Thread] DEBUG Engine               - JRE Vendor Name: Eclipse Adoptium
20:37:05.852 [JavaFX Application Thread] DEBUG Engine               - Running on OS: Windows 11 version 10.0
20:37:05.852 [JavaFX Application Thread] DEBUG Engine               - Architecture: amd64
20:37:05.852 [JavaFX Application Thread] INFO  Engine               - Source code and latest versions at: https://github.com/AlmasB/FXGL
20:37:05.852 [JavaFX Application Thread] INFO  Engine               -              Join the FXGL chat at: https://gitter.im/AlmasB/FXGL
20:37:05.936 [JavaFX Application Thread] DEBUG PrimaryStageWindow   - Creating a JavaFX scene
20:37:05.967 [JavaFX Application Thread] DEBUG PrimaryStageWindow   - Target settings size: 1280.0 x 720.0
20:37:05.967 [JavaFX Application Thread] DEBUG PrimaryStageWindow   - Scaled scene size:    1280.0 x 720.0
20:37:05.967 [JavaFX Application Thread] DEBUG PrimaryStageWindow   - Scaled ratio: (1.0, 1.0)
20:37:05.967 [JavaFX Application Thread] DEBUG PrimaryStageWindow   - Set initial scene to FXGLStartupScene
20:37:05.976 [JavaFX Application Thread] DEBUG PrimaryStageWindow   - Opening main window
20:37:06.060 [JavaFX Application Thread] DEBUG PrimaryStageWindow   - Window border size: (14.4000244140625, 37.5999755859375)
20:37:06.060 [JavaFX Application Thread] DEBUG PrimaryStageWindow   - Scaled size: 1280.0 x 720.0
20:37:06.061 [JavaFX Application Thread] DEBUG PrimaryStageWindow   - Scaled ratio: (1.0, 1.0)
20:37:06.061 [JavaFX Application Thread] DEBUG PrimaryStageWindow   - Scene size: 1280.0 x 720.0
20:37:06.061 [JavaFX Application Thread] DEBUG PrimaryStageWindow   - Stage size: 1294.4000244140625 x 757.5999755859375
20:37:06.104 [JavaFX Application Thread] DEBUG PrimaryStageWindow   - Going fullscreen
20:37:06.115 [FXGL Background Thread 1 ] DEBUG Engine               - Initializing environment variables
20:37:06.155 [FXGL Background Thread 1 ] DEBUG FXGLAssetLoaderServi - User app class for loading assets: class Bomberman.GameApp
20:37:06.155 [FXGL Background Thread 1 ] DEBUG GameApplicationServi - Applying CSS: fxgl_dark.css
20:37:06.155 [FXGL Background Thread 1 ] DEBUG FXGLAssetLoaderServi - Loading from file system: jar:file:/C:/Users/THANG/.m2/repository/com/github/almasb/fxgl/11.17/fxgl-11.17.jar!/fxglassets/ui/css/fxgl_dark.css
20:37:06.185 [FXGL Background Thread 1 ] DEBUG GameApplicationServi - Initializing application scenes
20:37:06.217 [FXGL Background Thread 1 ] DEBUG GameWorld            - Game world initialized
20:37:06.262 [FXGL Background Thread 1 ] DEBUG PhysicsWorld         - Physics world initialized: appHeight=720, physics.ppm=50.0
20:37:06.263 [FXGL Background Thread 1 ] DEBUG PhysicsWorld         - Using strategy: BRUTE_FORCE
20:37:06.266 [FXGL Background Thread 1 ] DEBUG GameScene            - Game scene initialized: 1280x720
20:37:06.348 [FXGL Background Thread 1 ] DEBUG GameApplicationServi - Application scenes initialized
20:37:06.354 [FXGL Background Thread 1 ] DEBUG SystemBundleService  - Loading FXGL system data
20:37:06.357 [FXGL Background Thread 1 ] DEBUG FileSystemAccess     - Reading from: C:\Users\THANG\Documents\GitHub\Bomberman-master\system\fxgl.bundle
20:37:06.361 [FXGL Background Thread 1 ] DEBUG SystemBundleService  - Bundle FXGL: {}
20:37:06.361 [FXGL Background Thread 1 ] DEBUG UpdaterService       - Checking for updates
20:37:06.367 [FXGL Background Thread 4 ] DEBUG FXGLApplication      - Loading fonts
20:37:06.368 [FXGL Background Thread 4 ] DEBUG FXGLAssetLoaderServi - Loading from file system: file:/C:/Users/THANG/Documents/GitHub/Bomberman-master/target/classes/assets/ui/fonts/game_font.ttf
20:37:06.368 [FXGL Background Thread 1 ] DEBUG FXGLApplication      - Loading default localization
20:37:06.368 [FXGL Background Thread 1 ] DEBUG FXGLAssetLoaderServi - Loading from file system: jar:file:/C:/Users/THANG/.m2/repository/com/github/almasb/fxgl/11.17/fxgl-11.17.jar!/fxglassets/languages/english.lang
20:37:06.378 [FXGL Background Thread 1 ] INFO  FXGLApplication      - FXGL initialization took: 0.264 sec
20:37:06.384 [JavaFX Application Thread] DEBUG Input                - Registered new binding: Move Up - W
20:37:06.384 [JavaFX Application Thread] DEBUG Input                - Registered new binding: Move Down - S
20:37:06.384 [JavaFX Application Thread] DEBUG Input                - Registered new binding: Move Left - A
20:37:06.385 [JavaFX Application Thread] DEBUG Input                - Registered new binding: Move Right - D
20:37:06.385 [JavaFX Application Thread] DEBUG Input                - Registered new binding: Place Bomb - Space
20:37:06.385 [JavaFX Application Thread] DEBUG FXGLAssetLoaderServi - Loading from file system: file:/C:/Users/THANG/Documents/GitHub/Bomberman-master/target/classes/assets/music/stage_theme.mp3
20:37:06.424 [FXGL Background Thread 4 ] DEBUG FXGLAssetLoaderServi - Loading from file system: jar:file:/C:/Users/THANG/.m2/repository/com/github/almasb/fxgl/11.17/fxgl-11.17.jar!/fxglassets/ui/fonts/Abel-Regular.ttf
20:37:06.426 [FXGL Background Thread 4 ] DEBUG FXGLAssetLoaderServi - Loading from file system: jar:file:/C:/Users/THANG/.m2/repository/com/github/almasb/fxgl/11.17/fxgl-11.17.jar!/fxglassets/ui/fonts/lucida_console.ttf
20:37:06.430 [FXGL Background Thread 4 ] DEBUG FXGLAssetLoaderServi - Loading from file system: jar:file:/C:/Users/THANG/.m2/repository/com/github/almasb/fxgl/11.17/fxgl-11.17.jar!/fxglassets/ui/fonts/Courier-Prime.ttf
20:37:06.500 [JavaFX Application Thread] DEBUG AudioPlayer          - Playing music com.almasb.fxgl.audio.Music@39a34643
20:37:06.501 [JavaFX Application Thread] DEBUG FXGLAssetLoaderServi - Loading from file system: jar:file:/C:/Users/THANG/.m2/repository/com/github/almasb/fxgl/11.17/fxgl-11.17.jar!/fxglassets/textures/fxgl_icon.png
20:37:06.523 [JavaFX Application Thread] DEBUG FXGLAssetLoaderServi - Loading from file system: jar:file:/C:/Users/THANG/.m2/repository/com/github/almasb/fxgl/11.17/fxgl-11.17.jar!/fxglassets/textures/fxgl_default_cursor.png
20:37:06.524 [JavaFX Application Thread] DEBUG Input                - Registered new binding: Screenshot - CTRL+8
20:37:06.525 [JavaFX Application Thread] DEBUG Input                - Registered new binding: System info dump - CTRL+9
20:37:06.525 [JavaFX Application Thread] DEBUG Input                - Registered new binding: Restart - CTRL+R
20:37:06.526 [JavaFX Application Thread] DEBUG Input                - Registered new binding: Toggle Debug Camera - CTRL+C
20:37:06.528 [JavaFX Application Thread] DEBUG LoopRunner           - Starting loop
20:37:06.528 [JavaFX Application Thread] DEBUG LoopRunner           - Initializing JavaFX AnimationTimerLoop
20:37:06.530 [JavaFX Application Thread] DEBUG Input                - Clearing active input actions
20:37:06.535 [JavaFX Application Thread] DEBUG GameApplicationServi - Removing overlay from FXGLStartupScene and adding to FXGLMainMenuDummyScene
20:37:06.535 [JavaFX Application Thread] DEBUG PrimaryStageWindow   - FXGLStartupScene -> FXGLMainMenuDummyScene
20:37:06.535 [JavaFX Application Thread] DEBUG PrimaryStageWindow   - Push state: MainMenu
20:37:06.537 [JavaFX Application Thread] DEBUG Input                - Clearing active input actions
20:37:06.540 [JavaFX Application Thread] DEBUG GameApplicationServi - Removing overlay from FXGLMainMenuDummyScene and adding to MainMenu
20:37:06.541 [JavaFX Application Thread] DEBUG PrimaryStageWindow   - FXGLMainMenuDummyScene -> MainMenu
20:37:06.541 [JavaFX Application Thread] DEBUG FXGLApplication      - Registering font factories with UI factory
20:37:06.781 [FXGL Background Thread 2 ] INFO  UpdaterService       - Your current version:  11.17
20:37:06.783 [FXGL Background Thread 2 ] INFO  UpdaterService       - Latest stable version: 17.2
20:37:08.259 [JavaFX Application Thread] DEBUG Menu                 - fireExit()
20:37:08.265 [JavaFX Application Thread] DEBUG PrimaryStageWindow   - Push state: DialogSubScene
20:37:08.265 [JavaFX Application Thread] DEBUG Input                - Clearing active input actions
20:37:08.268 [JavaFX Application Thread] DEBUG GameApplicationServi - Removing overlay from MainMenu and adding to DialogSubScene
20:37:08.268 [JavaFX Application Thread] DEBUG PrimaryStageWindow   - MainMenu -> DialogSubScene
20:37:09.090 [JavaFX Application Thread] DEBUG PrimaryStageWindow   - Pop state: DialogSubScene
20:37:09.090 [JavaFX Application Thread] DEBUG Input                - Clearing active input actions
20:37:09.091 [JavaFX Application Thread] DEBUG GameApplicationServi - Removing overlay from DialogSubScene and adding to MainMenu
20:37:09.091 [JavaFX Application Thread] DEBUG PrimaryStageWindow   - MainMenu <- DialogSubScene
20:37:09.091 [JavaFX Application Thread] DEBUG FXGLApplication      - Exiting FXGL
20:37:09.091 [JavaFX Application Thread] DEBUG LoopRunner           - Stopping loop
20:37:09.091 [JavaFX Application Thread] DEBUG SystemBundleService  - Saving FXGL system data
20:37:09.092 [JavaFX Application Thread] DEBUG FileSystemAccess     - Writing to: C:\Users\THANG\Documents\GitHub\Bomberman-master\system\fxgl.bundle
20:37:09.093 [JavaFX Application Thread] DEBUG Async                - Shutting down background threads
20:37:09.093 [JavaFX Application Thread] DEBUG PrimaryStageWindow   - Closing main window
20:37:09.113 [JavaFX Application Thread] DEBUG Logger               - Closing Logger
