23:40:57.184 [main                     ] DEBUG Logger               - Configured Logger
23:40:57.186 [main                     ] DEBUG GameApplication      - Logging settings
Title: SPLATMAN
Version: 1.0
Width: 1280
Height: 720
Fullscreen: true
Intro: false
Profiling: false
Single step:false
App Mode: DEVELOPER
Menu Key: ESCAPE
Stage Style: DECORATED
Scene Factory: class Bomberman.GameApp$1

23:40:57.584 [JavaFX Application Thread] DEBUG FXGLApplication      - Initializing FXGL
23:40:57.586 [JavaFX Application Thread] INFO  Engine               - FXGL-11.17 (16.07.2021 15.46) on WINDOWS (J:18.0.2.1 FX:16)
23:40:57.586 [JavaFX Application Thread] DEBUG Engine               - JRE Vendor Name: Oracle Corporation
23:40:57.586 [JavaFX Application Thread] DEBUG Engine               - Running on OS: Windows 10 version 10.0
23:40:57.586 [JavaFX Application Thread] DEBUG Engine               - Architecture: amd64
23:40:57.586 [JavaFX Application Thread] INFO  Engine               - Source code and latest versions at: https://github.com/AlmasB/FXGL
23:40:57.586 [JavaFX Application Thread] INFO  Engine               -              Join the FXGL chat at: https://gitter.im/AlmasB/FXGL
23:40:57.682 [JavaFX Application Thread] DEBUG PrimaryStageWindow   - Creating a JavaFX scene
23:40:57.722 [JavaFX Application Thread] DEBUG PrimaryStageWindow   - Target settings size: 1280.0 x 720.0
23:40:57.722 [JavaFX Application Thread] DEBUG PrimaryStageWindow   - Scaled scene size:    1280.0 x 720.0
23:40:57.722 [JavaFX Application Thread] DEBUG PrimaryStageWindow   - Scaled ratio: (1.0, 1.0)
23:40:57.723 [JavaFX Application Thread] DEBUG PrimaryStageWindow   - Set initial scene to FXGLStartupScene
23:40:57.730 [JavaFX Application Thread] DEBUG PrimaryStageWindow   - Opening main window
23:40:57.822 [JavaFX Application Thread] DEBUG PrimaryStageWindow   - Window border size: (14.4000244140625, 37.5999755859375)
23:40:57.822 [JavaFX Application Thread] DEBUG PrimaryStageWindow   - Scaled size: 1280.0 x 720.0
23:40:57.822 [JavaFX Application Thread] DEBUG PrimaryStageWindow   - Scaled ratio: (1.0, 1.0)
23:40:57.822 [JavaFX Application Thread] DEBUG PrimaryStageWindow   - Scene size: 1280.0 x 720.0
23:40:57.822 [JavaFX Application Thread] DEBUG PrimaryStageWindow   - Stage size: 1294.4000244140625 x 757.5999755859375
23:40:57.900 [JavaFX Application Thread] DEBUG PrimaryStageWindow   - Going fullscreen
23:40:57.910 [FXGL Background Thread 1 ] DEBUG Engine               - Initializing environment variables
23:40:58.008 [FXGL Background Thread 1 ] DEBUG FXGLAssetLoaderServi - User app class for loading assets: class Bomberman.GameApp
23:40:58.009 [FXGL Background Thread 1 ] DEBUG GameApplicationServi - Applying CSS: fxgl_dark.css
23:40:58.009 [FXGL Background Thread 1 ] DEBUG FXGLAssetLoaderServi - Loading from file system: jar:file:/C:/Users/tho26/.m2/repository/com/github/almasb/fxgl/11.17/fxgl-11.17.jar!/fxglassets/ui/css/fxgl_dark.css
23:40:58.050 [FXGL Background Thread 1 ] DEBUG GameApplicationServi - Initializing application scenes
23:40:58.102 [FXGL Background Thread 1 ] DEBUG GameWorld            - Game world initialized
23:40:58.183 [FXGL Background Thread 1 ] DEBUG PhysicsWorld         - Physics world initialized: appHeight=720, physics.ppm=50.0
23:40:58.183 [FXGL Background Thread 1 ] DEBUG PhysicsWorld         - Using strategy: BRUTE_FORCE
23:40:58.185 [FXGL Background Thread 1 ] DEBUG GameScene            - Game scene initialized: 1280x720
23:40:58.322 [FXGL Background Thread 1 ] DEBUG GameApplicationServi - Application scenes initialized
23:40:58.330 [FXGL Background Thread 1 ] DEBUG SystemBundleService  - Loading FXGL system data
23:40:58.333 [FXGL Background Thread 1 ] DEBUG FileSystemAccess     - Reading from: E:\CPP\Bomberman-master\system\fxgl.bundle
23:40:58.342 [FXGL Background Thread 1 ] DEBUG SystemBundleService  - Bundle FXGL: {}
23:40:58.342 [FXGL Background Thread 1 ] DEBUG UpdaterService       - Checking for updates
23:40:58.347 [FXGL Background Thread 4 ] DEBUG FXGLApplication      - Loading fonts
23:40:58.347 [FXGL Background Thread 4 ] DEBUG FXGLAssetLoaderServi - Loading from file system: file:/E:/CPP/Bomberman-master/target/classes/assets/ui/fonts/game_font.ttf
23:40:58.347 [FXGL Background Thread 1 ] DEBUG FXGLApplication      - Loading default localization
23:40:58.348 [FXGL Background Thread 1 ] DEBUG FXGLAssetLoaderServi - Loading from file system: jar:file:/C:/Users/tho26/.m2/repository/com/github/almasb/fxgl/11.17/fxgl-11.17.jar!/fxglassets/languages/english.lang
23:40:58.364 [FXGL Background Thread 1 ] INFO  FXGLApplication      - FXGL initialization took: 0.455 sec
23:40:58.375 [JavaFX Application Thread] DEBUG Input                - Registered new binding: Move Up - W
23:40:58.375 [JavaFX Application Thread] DEBUG Input                - Registered new binding: Move Down - S
23:40:58.375 [JavaFX Application Thread] DEBUG Input                - Registered new binding: Move Left - A
23:40:58.375 [JavaFX Application Thread] DEBUG Input                - Registered new binding: Move Right - D
23:40:58.375 [JavaFX Application Thread] DEBUG Input                - Registered new binding: Place Bomb - Space
23:40:58.376 [JavaFX Application Thread] DEBUG FXGLAssetLoaderServi - Loading from file system: file:/E:/CPP/Bomberman-master/target/classes/assets/music/main_theme.mp3
23:40:58.417 [FXGL Background Thread 4 ] DEBUG FXGLAssetLoaderServi - Loading from file system: jar:file:/C:/Users/tho26/.m2/repository/com/github/almasb/fxgl/11.17/fxgl-11.17.jar!/fxglassets/ui/fonts/Abel-Regular.ttf
23:40:58.424 [FXGL Background Thread 4 ] DEBUG FXGLAssetLoaderServi - Loading from file system: jar:file:/C:/Users/tho26/.m2/repository/com/github/almasb/fxgl/11.17/fxgl-11.17.jar!/fxglassets/ui/fonts/lucida_console.ttf
23:40:58.445 [FXGL Background Thread 4 ] DEBUG FXGLAssetLoaderServi - Loading from file system: jar:file:/C:/Users/tho26/.m2/repository/com/github/almasb/fxgl/11.17/fxgl-11.17.jar!/fxglassets/ui/fonts/Courier-Prime.ttf
23:40:58.580 [JavaFX Application Thread] DEBUG AudioPlayer          - Playing music com.almasb.fxgl.audio.Music@2a976025
23:40:58.581 [JavaFX Application Thread] DEBUG FXGLAssetLoaderServi - Loading from file system: jar:file:/C:/Users/tho26/.m2/repository/com/github/almasb/fxgl/11.17/fxgl-11.17.jar!/fxglassets/textures/fxgl_icon.png
23:40:58.601 [JavaFX Application Thread] DEBUG FXGLAssetLoaderServi - Loading from file system: jar:file:/C:/Users/tho26/.m2/repository/com/github/almasb/fxgl/11.17/fxgl-11.17.jar!/fxglassets/textures/fxgl_default_cursor.png
23:40:58.603 [JavaFX Application Thread] DEBUG Input                - Registered new binding: Screenshot - CTRL+8
23:40:58.603 [JavaFX Application Thread] DEBUG Input                - Registered new binding: System info dump - CTRL+9
23:40:58.604 [JavaFX Application Thread] DEBUG Input                - Registered new binding: Restart - CTRL+R
23:40:58.605 [JavaFX Application Thread] DEBUG Input                - Registered new binding: Toggle Debug Camera - CTRL+C
23:40:58.607 [JavaFX Application Thread] DEBUG LoopRunner           - Starting loop
23:40:58.608 [JavaFX Application Thread] DEBUG LoopRunner           - Initializing JavaFX AnimationTimerLoop
23:40:58.610 [JavaFX Application Thread] DEBUG Input                - Clearing active input actions
23:40:58.616 [JavaFX Application Thread] DEBUG GameApplicationServi - Removing overlay from FXGLStartupScene and adding to FXGLMainMenuDummyScene
23:40:58.616 [JavaFX Application Thread] DEBUG PrimaryStageWindow   - FXGLStartupScene -> FXGLMainMenuDummyScene
23:40:58.616 [JavaFX Application Thread] DEBUG PrimaryStageWindow   - Push state: MainMenu
23:40:58.616 [JavaFX Application Thread] DEBUG Input                - Clearing active input actions
23:40:58.619 [JavaFX Application Thread] DEBUG GameApplicationServi - Removing overlay from FXGLMainMenuDummyScene and adding to MainMenu
23:40:58.620 [JavaFX Application Thread] DEBUG PrimaryStageWindow   - FXGLMainMenuDummyScene -> MainMenu
23:40:58.628 [JavaFX Application Thread] DEBUG FXGLApplication      - Registering font factories with UI factory
23:40:59.201 [FXGL Background Thread 2 ] INFO  UpdaterService       - Your current version:  11.17
23:40:59.201 [FXGL Background Thread 2 ] INFO  UpdaterService       - Latest stable version: 17.2
23:40:59.697 [JavaFX Application Thread] DEBUG Menu                 - fireNewGame()
23:40:59.697 [JavaFX Application Thread] DEBUG GameApplicationServi - Starting new game
23:40:59.697 [JavaFX Application Thread] DEBUG PrimaryStageWindow   - Pop state: MainMenu
23:40:59.697 [JavaFX Application Thread] DEBUG Input                - Clearing active input actions
23:40:59.698 [JavaFX Application Thread] DEBUG GameApplicationServi - Removing overlay from MainMenu and adding to FXGLMainMenuDummyScene
23:40:59.698 [JavaFX Application Thread] DEBUG PrimaryStageWindow   - FXGLMainMenuDummyScene <- MainMenu
23:40:59.698 [JavaFX Application Thread] DEBUG Input                - Clearing active input actions
23:40:59.704 [JavaFX Application Thread] DEBUG GameApplicationServi - Removing overlay from FXGLMainMenuDummyScene and adding to FXGLLoadingScene
23:40:59.704 [JavaFX Application Thread] DEBUG PrimaryStageWindow   - FXGLMainMenuDummyScene -> FXGLLoadingScene
23:40:59.704 [JavaFX Application Thread] DEBUG GameApplicationServi - Clearing previous game
23:40:59.704 [JavaFX Application Thread] DEBUG GameScene            - Clearing game scene
23:40:59.704 [JavaFX Application Thread] DEBUG GameWorld            - Clearing game world
23:40:59.704 [JavaFX Application Thread] DEBUG PhysicsWorld         - Clearing physics world
23:40:59.707 [FXGL Background Thread 2 ] DEBUG FXGLApplication      - Initializing game
23:40:59.759 [FXGL Background Thread 2 ] WARN  TMXLevelLoader       - TiledMap generated from 1.7.2. Supported version: 1.2.3. Some features may not be parsed fully.
23:40:59.795 [FXGL Background Thread 2 ] DEBUG TMXLevelLoader       - Parsed TiledMap: file:/E:/CPP/Bomberman-master/target/classes/assets/levels/level1.tmx
23:40:59.797 [FXGL Background Thread 2 ] DEBUG TMXLevelLoader       - Creating tile layer entities
23:40:59.799 [FXGL Background Thread 2 ] DEBUG TilesetLoader        - Loading view for layer Tile Layer 1
23:40:59.804 [FXGL Background Thread 2 ] DEBUG TilesetLoader        - Created buffer with size 1488.0x720.0
23:40:59.833 [FXGL Background Thread 2 ] DEBUG TMXLevelLoader       - Creating object layer entities
23:40:59.868 [FXGL Background Thread 2 ] DEBUG FXGLAssetLoaderServi - Loading from file system: file:/E:/CPP/Bomberman-master/target/classes/assets/textures/player_die.png
23:40:59.870 [FXGL Background Thread 2 ] DEBUG FXGLAssetLoaderServi - Loading from file system: file:/E:/CPP/Bomberman-master/target/classes/assets/textures/player_down.png
23:40:59.871 [FXGL Background Thread 2 ] DEBUG FXGLAssetLoaderServi - Loading from file system: file:/E:/CPP/Bomberman-master/target/classes/assets/textures/player_right.png
23:40:59.872 [FXGL Background Thread 2 ] DEBUG FXGLAssetLoaderServi - Loading from file system: file:/E:/CPP/Bomberman-master/target/classes/assets/textures/player_up.png
23:40:59.875 [FXGL Background Thread 2 ] DEBUG FXGLAssetLoaderServi - Loading from file system: file:/E:/CPP/Bomberman-master/target/classes/assets/textures/player_left.png
23:40:59.884 [FXGL Background Thread 2 ] DEBUG FXGLAssetLoaderServi - Loading from file system: file:/E:/CPP/Bomberman-master/target/classes/assets/textures/enemy1.png
23:40:59.918 [FXGL Background Thread 2 ] DEBUG FXGLAssetLoaderServi - Loading from file system: file:/E:/CPP/Bomberman-master/target/classes/assets/textures/enemy2.png
23:40:59.934 [FXGL Background Thread 2 ] DEBUG FXGLAssetLoaderServi - Loading from file system: file:/E:/CPP/Bomberman-master/target/classes/assets/textures/brick.png
23:40:59.946 [FXGL Background Thread 2 ] DEBUG FXGLAssetLoaderServi - Loading from file system: file:/E:/CPP/Bomberman-master/target/classes/assets/textures/powerup_speed.png
23:40:59.947 [FXGL Background Thread 2 ] DEBUG FXGLAssetLoaderServi - Loading from file system: file:/E:/CPP/Bomberman-master/target/classes/assets/textures/powerup_bombs.png
23:40:59.969 [FXGL Background Thread 2 ] DEBUG GameWorld            - Clearing removable entities
23:40:59.969 [FXGL Background Thread 2 ] DEBUG GameWorld            - Setting level: com.almasb.fxgl.entity.level.Level@65bf7881
23:41:00.006 [FXGL Background Thread 2 ] INFO  FXGLApplication      - Game initialization took: 0.299 sec
23:41:00.010 [JavaFX Application Thread] DEBUG Input                - Clearing active input actions
23:41:00.027 [JavaFX Application Thread] DEBUG GameApplicationServi - Removing overlay from FXGLLoadingScene and adding to GameScene
23:41:00.027 [JavaFX Application Thread] DEBUG PrimaryStageWindow   - FXGLLoadingScene -> GameScene
23:41:00.028 [JavaFX Application Thread] DEBUG FXGLAssetLoaderServi - Loading from file system: file:/E:/CPP/Bomberman-master/target/classes/assets/sounds/stage_start.wav
23:41:00.041 [JavaFX Application Thread] DEBUG PrimaryStageWindow   - Push state: StageStartScene
23:41:00.041 [JavaFX Application Thread] DEBUG Input                - Clearing active input actions
23:41:00.042 [JavaFX Application Thread] DEBUG GameApplicationServi - Removing overlay from GameScene and adding to StageStartScene
23:41:00.042 [JavaFX Application Thread] DEBUG PrimaryStageWindow   - GameScene -> StageStartScene
23:41:01.345 [FXGL Background Thread 3 ] DEBUG Engine               - Logging environment variables
23:41:01.345 [FXGL Background Thread 3 ] DEBUG Engine               - achievements: []
23:41:01.345 [FXGL Background Thread 3 ] DEBUG Engine               - actualHeight: 864.0
23:41:01.345 [FXGL Background Thread 3 ] DEBUG Engine               - actualHeightProperty: ReadOnlyDoubleProperty [value: 864.0]
23:41:01.345 [FXGL Background Thread 3 ] DEBUG Engine               - actualWidth: 1536.0
23:41:01.345 [FXGL Background Thread 3 ] DEBUG Engine               - actualWidthProperty: ReadOnlyDoubleProperty [value: 1536.0]
23:41:01.345 [FXGL Background Thread 3 ] DEBUG Engine               - appIcon: fxgl_icon.png
23:41:01.345 [FXGL Background Thread 3 ] DEBUG Engine               - applicationMode: DEVELOPER
23:41:01.345 [FXGL Background Thread 3 ] DEBUG Engine               - cSSList: [fxgl_dark.css]
23:41:01.346 [FXGL Background Thread 3 ] DEBUG Engine               - collisionDetectionStrategy: BRUTE_FORCE
23:41:01.346 [FXGL Background Thread 3 ] DEBUG Engine               - configClass: Optional.empty
23:41:01.346 [FXGL Background Thread 3 ] DEBUG Engine               - credits: []
23:41:01.346 [FXGL Background Thread 3 ] DEBUG Engine               - defaultCursor: CursorInfo(imageName=fxgl_default_cursor.png, hotspotX=7.0, hotspotY=6.0)
23:41:01.346 [FXGL Background Thread 3 ] DEBUG Engine               - devBBoxColorProperty: ObjectProperty [value: 0xff0000ff]
23:41:01.346 [FXGL Background Thread 3 ] DEBUG Engine               - devEnableDebugCameraProperty: BooleanProperty [value: false]
23:41:01.346 [FXGL Background Thread 3 ] DEBUG Engine               - devSensorColorProperty: ObjectProperty [value: 0xffff00ff]
23:41:01.346 [FXGL Background Thread 3 ] DEBUG Engine               - devShowBBoxProperty: BooleanProperty [value: false]
23:41:01.346 [FXGL Background Thread 3 ] DEBUG Engine               - devShowPositionProperty: BooleanProperty [value: false]
23:41:01.346 [FXGL Background Thread 3 ] DEBUG Engine               - enabledMenuItems: []
23:41:01.346 [FXGL Background Thread 3 ] DEBUG Engine               - engineServices: [class com.almasb.fxgl.app.services.FXGLAssetLoaderService, class com.almasb.fxgl.app.FXGLApplication$GameApplicationService, class com.almasb.fxgl.app.services.FXGLDialogService, class com.almasb.fxgl.app.services.IOTaskExecutorService, class com.almasb.fxgl.io.FileSystemService, class com.almasb.fxgl.localization.LocalizationService, class com.almasb.fxgl.app.services.SystemBundleService, class com.almasb.fxgl.profile.SaveLoadService, class com.almasb.fxgl.ui.FXGLUIFactoryServiceProvider, class com.almasb.fxgl.ui.FXGLDialogFactoryServiceProvider, class com.almasb.fxgl.audio.AudioPlayer, class com.almasb.fxgl.notification.impl.NotificationServiceProvider, class com.almasb.fxgl.achievement.AchievementService, class com.almasb.fxgl.cutscene.CutsceneService, class com.almasb.fxgl.minigames.MiniGameService, class com.almasb.fxgl.net.NetService, class com.almasb.fxgl.app.services.UpdaterService, class com.almasb.fxgl.dev.DevService]
23:41:01.346 [FXGL Background Thread 3 ] DEBUG Engine               - fontGame: Abel-Regular.ttf
23:41:01.346 [FXGL Background Thread 3 ] DEBUG Engine               - fontMono: lucida_console.ttf
23:41:01.346 [FXGL Background Thread 3 ] DEBUG Engine               - fontText: Courier-Prime.ttf
23:41:01.346 [FXGL Background Thread 3 ] DEBUG Engine               - fontUI: game_font.ttf
23:41:01.346 [FXGL Background Thread 3 ] DEBUG Engine               - fullScreen: BooleanProperty [value: true]
23:41:01.346 [FXGL Background Thread 3 ] DEBUG Engine               - gameDifficulty: MEDIUM
23:41:01.346 [FXGL Background Thread 3 ] DEBUG Engine               - gameDifficultyProperty: ObjectProperty [value: MEDIUM]
23:41:01.346 [FXGL Background Thread 3 ] DEBUG Engine               - globalMusicVolume: 0.5
23:41:01.347 [FXGL Background Thread 3 ] DEBUG Engine               - globalMusicVolumeProperty: DoubleProperty [value: 0.0]
23:41:01.347 [FXGL Background Thread 3 ] DEBUG Engine               - globalSoundVolume: 0.5
23:41:01.347 [FXGL Background Thread 3 ] DEBUG Engine               - globalSoundVolumeProperty: DoubleProperty [value: 0.5]
23:41:01.347 [FXGL Background Thread 3 ] DEBUG Engine               - height: 720
23:41:01.347 [FXGL Background Thread 3 ] DEBUG Engine               - is3D: false
23:41:01.347 [FXGL Background Thread 3 ] DEBUG Engine               - isAndroid: false
23:41:01.347 [FXGL Background Thread 3 ] DEBUG Engine               - isBrowser: false
23:41:01.347 [FXGL Background Thread 3 ] DEBUG Engine               - isClickFeedbackEnabled: false
23:41:01.347 [FXGL Background Thread 3 ] DEBUG Engine               - isCloseConfirmation: false
23:41:01.347 [FXGL Background Thread 3 ] DEBUG Engine               - isDesktop: true
23:41:01.347 [FXGL Background Thread 3 ] DEBUG Engine               - isDeveloperMenuEnabled: false
23:41:01.347 [FXGL Background Thread 3 ] DEBUG Engine               - isEntityPreloadEnabled: true
23:41:01.347 [FXGL Background Thread 3 ] DEBUG Engine               - isExperimentalTiledLargeMap: false
23:41:01.347 [FXGL Background Thread 3 ] DEBUG Engine               - isFileSystemWriteAllowed: true
23:41:01.347 [FXGL Background Thread 3 ] DEBUG Engine               - isFullScreenAllowed: true
23:41:01.347 [FXGL Background Thread 3 ] DEBUG Engine               - isFullScreenFromStart: true
23:41:01.347 [FXGL Background Thread 3 ] DEBUG Engine               - isGameMenuEnabled: true
23:41:01.347 [FXGL Background Thread 3 ] DEBUG Engine               - isIOS: false
23:41:01.347 [FXGL Background Thread 3 ] DEBUG Engine               - isIntroEnabled: false
23:41:01.347 [FXGL Background Thread 3 ] DEBUG Engine               - isLinux: false
23:41:01.347 [FXGL Background Thread 3 ] DEBUG Engine               - isMac: false
23:41:01.347 [FXGL Background Thread 3 ] DEBUG Engine               - isMainMenuEnabled: true
23:41:01.347 [FXGL Background Thread 3 ] DEBUG Engine               - isManualResizeEnabled: false
23:41:01.347 [FXGL Background Thread 3 ] DEBUG Engine               - isMobile: false
23:41:01.347 [FXGL Background Thread 3 ] DEBUG Engine               - isNative: false
23:41:01.348 [FXGL Background Thread 3 ] DEBUG Engine               - isPauseMusicWhenMinimized: true
23:41:01.348 [FXGL Background Thread 3 ] DEBUG Engine               - isPreserveResizeRatio: false
23:41:01.348 [FXGL Background Thread 3 ] DEBUG Engine               - isProfilingEnabled: false
23:41:01.348 [FXGL Background Thread 3 ] DEBUG Engine               - isScaleAffectedOnResize: true
23:41:01.348 [FXGL Background Thread 3 ] DEBUG Engine               - isSingleStep: false
23:41:01.348 [FXGL Background Thread 3 ] DEBUG Engine               - isUserProfileEnabled: false
23:41:01.348 [FXGL Background Thread 3 ] DEBUG Engine               - isWindows: true
23:41:01.348 [FXGL Background Thread 3 ] DEBUG Engine               - language: ObjectProperty [value: ENGLISH]
23:41:01.348 [FXGL Background Thread 3 ] DEBUG Engine               - menuKey: ESCAPE
23:41:01.348 [FXGL Background Thread 3 ] DEBUG Engine               - mouseSensitivity: 0.2
23:41:01.348 [FXGL Background Thread 3 ] DEBUG Engine               - notificationViewClass: class com.almasb.fxgl.notification.view.XboxNotificationView
23:41:01.348 [FXGL Background Thread 3 ] DEBUG Engine               - pixelsPerMeter: 50.0
23:41:01.348 [FXGL Background Thread 3 ] DEBUG Engine               - platform: WINDOWS
23:41:01.348 [FXGL Background Thread 3 ] DEBUG Engine               - prefHeightProperty: ReadOnlyDoubleProperty [value: 720.0]
23:41:01.348 [FXGL Background Thread 3 ] DEBUG Engine               - prefWidthProperty: ReadOnlyDoubleProperty [value: 1280.0]
23:41:01.348 [FXGL Background Thread 3 ] DEBUG Engine               - profileDir: profiles/
23:41:01.348 [FXGL Background Thread 3 ] DEBUG Engine               - profileName: StringProperty [value: DEFAULT]
23:41:01.348 [FXGL Background Thread 3 ] DEBUG Engine               - randomSeed: -1
23:41:01.348 [FXGL Background Thread 3 ] DEBUG Engine               - runtimeInfo: RuntimeInfo(platform=WINDOWS, version=11.17, build=16.07.2021 15.46)
23:41:01.348 [FXGL Background Thread 3 ] DEBUG Engine               - saveFileExt: sav
23:41:01.349 [FXGL Background Thread 3 ] DEBUG Engine               - scaledHeightProp$fxgl: DoubleProperty [bound, value: 864.0]
23:41:01.349 [FXGL Background Thread 3 ] DEBUG Engine               - scaledWidthProp$fxgl: DoubleProperty [bound, value: 1536.0]
23:41:01.349 [FXGL Background Thread 3 ] DEBUG Engine               - sceneFactory: Bomberman.GameApp$1@71caad76
23:41:01.349 [FXGL Background Thread 3 ] DEBUG Engine               - secondsIn24h: 60
23:41:01.349 [FXGL Background Thread 3 ] DEBUG Engine               - soundMenuBack: menu/back.wav
23:41:01.349 [FXGL Background Thread 3 ] DEBUG Engine               - soundMenuPress: menu/press.wav
23:41:01.349 [FXGL Background Thread 3 ] DEBUG Engine               - soundMenuSelect: menu/select.wav
23:41:01.349 [FXGL Background Thread 3 ] DEBUG Engine               - soundNotification: core/notification.wav
23:41:01.349 [FXGL Background Thread 3 ] DEBUG Engine               - stageStyle: DECORATED
23:41:01.349 [FXGL Background Thread 3 ] DEBUG Engine               - supportedLanguages: [ENGLISH, FRENCH, GERMAN, HUNGARIAN, RUSSIAN]
23:41:01.349 [FXGL Background Thread 3 ] DEBUG Engine               - ticksPerSecond: -1
23:41:01.349 [FXGL Background Thread 3 ] DEBUG Engine               - title: SPLATMAN
23:41:01.349 [FXGL Background Thread 3 ] DEBUG Engine               - urlGithub: https://github.com/AlmasB/FXGL
23:41:01.349 [FXGL Background Thread 3 ] DEBUG Engine               - urlLeaderboard: http://fxgl-top.herokuapp.com/
23:41:01.349 [FXGL Background Thread 3 ] DEBUG Engine               - urlPOM: https://raw.githubusercontent.com/AlmasB/FXGL/release/README.md
23:41:01.349 [FXGL Background Thread 3 ] DEBUG Engine               - userAppClass: class Bomberman.GameApp
23:41:01.349 [FXGL Background Thread 3 ] DEBUG Engine               - version: 1.0
23:41:01.349 [FXGL Background Thread 3 ] DEBUG Engine               - versionCheckDays: 7
23:41:01.349 [FXGL Background Thread 3 ] DEBUG Engine               - width: 1280
23:41:01.349 [FXGL Background Thread 3 ] DEBUG Engine               - Logging services
23:41:01.349 [FXGL Background Thread 3 ] DEBUG Engine               - class com.almasb.fxgl.app.services.FXGLAssetLoaderService
23:41:01.349 [FXGL Background Thread 3 ] DEBUG Engine               - class com.almasb.fxgl.app.FXGLApplication$GameApplicationService
23:41:01.350 [FXGL Background Thread 3 ] DEBUG Engine               - class com.almasb.fxgl.app.services.FXGLDialogService
23:41:01.350 [FXGL Background Thread 3 ] DEBUG Engine               - class com.almasb.fxgl.app.services.IOTaskExecutorService
23:41:01.350 [FXGL Background Thread 3 ] DEBUG Engine               - class com.almasb.fxgl.io.FileSystemService
23:41:01.350 [FXGL Background Thread 3 ] DEBUG Engine               - class com.almasb.fxgl.localization.LocalizationService
23:41:01.350 [FXGL Background Thread 3 ] DEBUG Engine               - class com.almasb.fxgl.app.services.SystemBundleService
23:41:01.350 [FXGL Background Thread 3 ] DEBUG Engine               - class com.almasb.fxgl.profile.SaveLoadService
23:41:01.350 [FXGL Background Thread 3 ] DEBUG Engine               - class com.almasb.fxgl.ui.FXGLUIFactoryServiceProvider
23:41:01.350 [FXGL Background Thread 3 ] DEBUG Engine               - class com.almasb.fxgl.ui.FXGLDialogFactoryServiceProvider
23:41:01.350 [FXGL Background Thread 3 ] DEBUG Engine               - class com.almasb.fxgl.audio.AudioPlayer
23:41:01.350 [FXGL Background Thread 3 ] DEBUG Engine               - class com.almasb.fxgl.notification.impl.NotificationServiceProvider
23:41:01.350 [FXGL Background Thread 3 ] DEBUG Engine               - class com.almasb.fxgl.achievement.AchievementService
23:41:01.350 [FXGL Background Thread 3 ] DEBUG Engine               - class com.almasb.fxgl.cutscene.CutsceneService
23:41:01.350 [FXGL Background Thread 3 ] DEBUG Engine               - class com.almasb.fxgl.minigames.MiniGameService
23:41:01.350 [FXGL Background Thread 3 ] DEBUG Engine               - class com.almasb.fxgl.net.NetService
23:41:01.350 [FXGL Background Thread 3 ] DEBUG Engine               - class com.almasb.fxgl.app.services.UpdaterService
23:41:01.350 [FXGL Background Thread 3 ] DEBUG Engine               - class com.almasb.fxgl.dev.DevService
23:41:03.908 [JavaFX Application Thread] DEBUG PrimaryStageWindow   - Pop state: StageStartScene
23:41:03.908 [JavaFX Application Thread] DEBUG Input                - Clearing active input actions
23:41:03.908 [JavaFX Application Thread] DEBUG GameApplicationServi - Removing overlay from StageStartScene and adding to GameScene
23:41:03.909 [JavaFX Application Thread] DEBUG PrimaryStageWindow   - GameScene <- StageStartScene
23:41:05.176 [JavaFX Application Thread] DEBUG PrimaryStageWindow   - Push state: GameMenu
23:41:05.176 [JavaFX Application Thread] DEBUG Input                - Clearing active input actions
23:41:05.177 [JavaFX Application Thread] DEBUG GameApplicationServi - Removing overlay from GameScene and adding to GameMenu
23:41:05.177 [JavaFX Application Thread] DEBUG PrimaryStageWindow   - GameScene -> GameMenu
23:41:16.712 [JavaFX Application Thread] DEBUG Menu                 - fireExit()
23:41:16.716 [JavaFX Application Thread] DEBUG PrimaryStageWindow   - Push state: DialogSubScene
23:41:16.716 [JavaFX Application Thread] DEBUG Input                - Clearing active input actions
23:41:16.717 [JavaFX Application Thread] DEBUG GameApplicationServi - Removing overlay from GameMenu and adding to DialogSubScene
23:41:16.717 [JavaFX Application Thread] DEBUG PrimaryStageWindow   - GameMenu -> DialogSubScene
23:41:17.857 [JavaFX Application Thread] DEBUG PrimaryStageWindow   - Pop state: DialogSubScene
23:41:17.857 [JavaFX Application Thread] DEBUG Input                - Clearing active input actions
23:41:17.857 [JavaFX Application Thread] DEBUG GameApplicationServi - Removing overlay from DialogSubScene and adding to GameMenu
23:41:17.858 [JavaFX Application Thread] DEBUG PrimaryStageWindow   - GameMenu <- DialogSubScene
23:41:18.688 [JavaFX Application Thread] DEBUG Menu                 - fireExit()
23:41:18.688 [JavaFX Application Thread] DEBUG PrimaryStageWindow   - Push state: DialogSubScene
23:41:18.688 [JavaFX Application Thread] DEBUG Input                - Clearing active input actions
23:41:18.689 [JavaFX Application Thread] DEBUG GameApplicationServi - Removing overlay from GameMenu and adding to DialogSubScene
23:41:18.689 [JavaFX Application Thread] DEBUG PrimaryStageWindow   - GameMenu -> DialogSubScene
23:41:19.151 [JavaFX Application Thread] DEBUG PrimaryStageWindow   - Pop state: DialogSubScene
23:41:19.151 [JavaFX Application Thread] DEBUG Input                - Clearing active input actions
23:41:19.152 [JavaFX Application Thread] DEBUG GameApplicationServi - Removing overlay from DialogSubScene and adding to GameMenu
23:41:19.152 [JavaFX Application Thread] DEBUG PrimaryStageWindow   - GameMenu <- DialogSubScene
23:41:19.152 [JavaFX Application Thread] DEBUG FXGLApplication      - Exiting FXGL
23:41:19.152 [JavaFX Application Thread] DEBUG LoopRunner           - Stopping loop
23:41:19.152 [JavaFX Application Thread] DEBUG SystemBundleService  - Saving FXGL system data
23:41:19.153 [JavaFX Application Thread] DEBUG FileSystemAccess     - Writing to: E:\CPP\Bomberman-master\system\fxgl.bundle
23:41:19.155 [JavaFX Application Thread] DEBUG Async                - Shutting down background threads
23:41:19.155 [JavaFX Application Thread] DEBUG PrimaryStageWindow   - Closing main window
23:41:19.171 [JavaFX Application Thread] DEBUG Logger               - Closing Logger
