01:01:28.619 [main                     ] DEBUG Logger               - Configured Logger
01:01:28.621 [main                     ] DEBUG GameApplication      - Logging settings
Title: SPLATTMAN
Version: 1.0
Width: 1280
Height: 720
Fullscreen: false
Intro: false
Profiling: false
Single step:false
App Mode: DEVELOPER
Menu Key: ESCAPE
Stage Style: DECORATED
Scene Factory: class Bomberman.GameApp$1

01:01:29.023 [JavaFX Application Thread] DEBUG FXGLApplication      - Initializing FXGL
01:01:29.025 [JavaFX Application Thread] INFO  Engine               - FXGL-11.17 (16.07.2021 15.46) on WINDOWS (J:18.0.2.1 FX:16)
01:01:29.025 [JavaFX Application Thread] DEBUG Engine               - JRE Vendor Name: Oracle Corporation
01:01:29.025 [JavaFX Application Thread] DEBUG Engine               - Running on OS: Windows 10 version 10.0
01:01:29.025 [JavaFX Application Thread] DEBUG Engine               - Architecture: amd64
01:01:29.025 [JavaFX Application Thread] INFO  Engine               - Source code and latest versions at: https://github.com/AlmasB/FXGL
01:01:29.025 [JavaFX Application Thread] INFO  Engine               -              Join the FXGL chat at: https://gitter.im/AlmasB/FXGL
01:01:29.126 [JavaFX Application Thread] DEBUG PrimaryStageWindow   - Creating a JavaFX scene
01:01:29.168 [JavaFX Application Thread] DEBUG PrimaryStageWindow   - Target settings size: 1280.0 x 720.0
01:01:29.168 [JavaFX Application Thread] DEBUG PrimaryStageWindow   - Scaled scene size:    1280.0 x 720.0
01:01:29.168 [JavaFX Application Thread] DEBUG PrimaryStageWindow   - Scaled ratio: (1.0, 1.0)
01:01:29.169 [JavaFX Application Thread] DEBUG PrimaryStageWindow   - Set initial scene to FXGLStartupScene
01:01:29.176 [JavaFX Application Thread] DEBUG PrimaryStageWindow   - Opening main window
01:01:29.273 [JavaFX Application Thread] DEBUG PrimaryStageWindow   - Window border size: (14.4000244140625, 37.5999755859375)
01:01:29.273 [JavaFX Application Thread] DEBUG PrimaryStageWindow   - Scaled size: 1280.0 x 720.0
01:01:29.274 [JavaFX Application Thread] DEBUG PrimaryStageWindow   - Scaled ratio: (1.0, 1.0)
01:01:29.274 [JavaFX Application Thread] DEBUG PrimaryStageWindow   - Scene size: 1280.0 x 720.0
01:01:29.274 [JavaFX Application Thread] DEBUG PrimaryStageWindow   - Stage size: 1294.4000244140625 x 757.5999755859375
01:01:29.282 [FXGL Background Thread 1 ] DEBUG Engine               - Initializing environment variables
01:01:29.372 [FXGL Background Thread 1 ] DEBUG FXGLAssetLoaderServi - User app class for loading assets: class Bomberman.GameApp
01:01:29.373 [FXGL Background Thread 1 ] DEBUG GameApplicationServi - Applying CSS: fxgl_dark.css
01:01:29.375 [FXGL Background Thread 1 ] DEBUG FXGLAssetLoaderServi - Loading from file system: jar:file:/C:/Users/tho26/.m2/repository/com/github/almasb/fxgl/11.17/fxgl-11.17.jar!/fxglassets/ui/css/fxgl_dark.css
01:01:29.412 [FXGL Background Thread 1 ] DEBUG GameApplicationServi - Initializing application scenes
01:01:29.454 [FXGL Background Thread 1 ] DEBUG GameWorld            - Game world initialized
01:01:29.515 [FXGL Background Thread 1 ] DEBUG PhysicsWorld         - Physics world initialized: appHeight=720, physics.ppm=50.0
01:01:29.515 [FXGL Background Thread 1 ] DEBUG PhysicsWorld         - Using strategy: BRUTE_FORCE
01:01:29.517 [FXGL Background Thread 1 ] DEBUG GameScene            - Game scene initialized: 1280x720
01:01:29.663 [FXGL Background Thread 1 ] DEBUG GameApplicationServi - Application scenes initialized
01:01:29.681 [FXGL Background Thread 1 ] DEBUG SystemBundleService  - Loading FXGL system data
01:01:29.687 [FXGL Background Thread 1 ] DEBUG FileSystemAccess     - Reading from: E:\CPP\Bomberman-master\system\fxgl.bundle
01:01:29.698 [FXGL Background Thread 1 ] DEBUG SystemBundleService  - Bundle FXGL: {}
01:01:29.698 [FXGL Background Thread 1 ] DEBUG UpdaterService       - Checking for updates
01:01:29.706 [FXGL Background Thread 4 ] DEBUG FXGLApplication      - Loading fonts
01:01:29.707 [FXGL Background Thread 1 ] DEBUG FXGLApplication      - Loading default localization
01:01:29.707 [FXGL Background Thread 4 ] DEBUG FXGLAssetLoaderServi - Loading from file system: file:/E:/CPP/Bomberman-master/target/classes/assets/ui/fonts/game_font.ttf
01:01:29.708 [FXGL Background Thread 1 ] DEBUG FXGLAssetLoaderServi - Loading from file system: jar:file:/C:/Users/tho26/.m2/repository/com/github/almasb/fxgl/11.17/fxgl-11.17.jar!/fxglassets/languages/english.lang
01:01:29.730 [FXGL Background Thread 1 ] INFO  FXGLApplication      - FXGL initialization took: 0.448 sec
01:01:29.741 [JavaFX Application Thread] DEBUG Input                - Registered new binding: Move Up - W
01:01:29.742 [JavaFX Application Thread] DEBUG Input                - Registered new binding: Move Down - S
01:01:29.742 [JavaFX Application Thread] DEBUG Input                - Registered new binding: Move Left - A
01:01:29.742 [JavaFX Application Thread] DEBUG Input                - Registered new binding: Move Right - D
01:01:29.742 [JavaFX Application Thread] DEBUG Input                - Registered new binding: Place Bomb - Space
01:01:29.743 [JavaFX Application Thread] DEBUG FXGLAssetLoaderServi - Loading from file system: file:/E:/CPP/Bomberman-master/target/classes/assets/music/main_theme.mp3
01:01:29.807 [FXGL Background Thread 4 ] DEBUG FXGLAssetLoaderServi - Loading from file system: jar:file:/C:/Users/tho26/.m2/repository/com/github/almasb/fxgl/11.17/fxgl-11.17.jar!/fxglassets/ui/fonts/Abel-Regular.ttf
01:01:29.812 [FXGL Background Thread 4 ] DEBUG FXGLAssetLoaderServi - Loading from file system: jar:file:/C:/Users/tho26/.m2/repository/com/github/almasb/fxgl/11.17/fxgl-11.17.jar!/fxglassets/ui/fonts/lucida_console.ttf
01:01:29.828 [FXGL Background Thread 4 ] DEBUG FXGLAssetLoaderServi - Loading from file system: jar:file:/C:/Users/tho26/.m2/repository/com/github/almasb/fxgl/11.17/fxgl-11.17.jar!/fxglassets/ui/fonts/Courier-Prime.ttf
01:01:29.987 [JavaFX Application Thread] DEBUG AudioPlayer          - Playing music com.almasb.fxgl.audio.Music@4beb7e4f
01:01:29.988 [JavaFX Application Thread] DEBUG FXGLAssetLoaderServi - Loading from file system: file:/E:/CPP/Bomberman-master/target/classes/assets/textures/icon.png
01:01:30.002 [JavaFX Application Thread] DEBUG FXGLAssetLoaderServi - Loading from file system: jar:file:/C:/Users/tho26/.m2/repository/com/github/almasb/fxgl/11.17/fxgl-11.17.jar!/fxglassets/textures/fxgl_default_cursor.png
01:01:30.005 [JavaFX Application Thread] DEBUG Input                - Registered new binding: Screenshot - CTRL+8
01:01:30.007 [JavaFX Application Thread] DEBUG Input                - Registered new binding: System info dump - CTRL+9
01:01:30.007 [JavaFX Application Thread] DEBUG Input                - Registered new binding: Restart - CTRL+R
01:01:30.008 [JavaFX Application Thread] DEBUG Input                - Registered new binding: Toggle Debug Camera - CTRL+C
01:01:30.011 [JavaFX Application Thread] DEBUG LoopRunner           - Starting loop
01:01:30.011 [JavaFX Application Thread] DEBUG LoopRunner           - Initializing JavaFX AnimationTimerLoop
01:01:30.014 [JavaFX Application Thread] DEBUG Input                - Clearing active input actions
01:01:30.023 [JavaFX Application Thread] DEBUG GameApplicationServi - Removing overlay from FXGLStartupScene and adding to FXGLMainMenuDummyScene
01:01:30.023 [JavaFX Application Thread] DEBUG PrimaryStageWindow   - FXGLStartupScene -> FXGLMainMenuDummyScene
01:01:30.023 [JavaFX Application Thread] DEBUG PrimaryStageWindow   - Push state: MainMenu
01:01:30.024 [JavaFX Application Thread] DEBUG Input                - Clearing active input actions
01:01:30.029 [JavaFX Application Thread] DEBUG GameApplicationServi - Removing overlay from FXGLMainMenuDummyScene and adding to MainMenu
01:01:30.030 [JavaFX Application Thread] DEBUG PrimaryStageWindow   - FXGLMainMenuDummyScene -> MainMenu
01:01:30.031 [JavaFX Application Thread] DEBUG FXGLApplication      - Registering font factories with UI factory
01:01:30.321 [FXGL Background Thread 2 ] INFO  UpdaterService       - Your current version:  11.17
01:01:30.322 [FXGL Background Thread 2 ] INFO  UpdaterService       - Latest stable version: 17.2
01:01:32.704 [FXGL Background Thread 3 ] DEBUG Engine               - Logging environment variables
01:01:32.704 [FXGL Background Thread 3 ] DEBUG Engine               - achievements: []
01:01:32.704 [FXGL Background Thread 3 ] DEBUG Engine               - actualHeight: 720.0
01:01:32.704 [FXGL Background Thread 3 ] DEBUG Engine               - actualHeightProperty: ReadOnlyDoubleProperty [value: 720.0]
01:01:32.704 [FXGL Background Thread 3 ] DEBUG Engine               - actualWidth: 1280.0
01:01:32.704 [FXGL Background Thread 3 ] DEBUG Engine               - actualWidthProperty: ReadOnlyDoubleProperty [value: 1280.0]
01:01:32.704 [FXGL Background Thread 3 ] DEBUG Engine               - appIcon: icon.png
01:01:32.705 [FXGL Background Thread 3 ] DEBUG Engine               - applicationMode: DEVELOPER
01:01:32.705 [FXGL Background Thread 3 ] DEBUG Engine               - cSSList: [fxgl_dark.css]
01:01:32.705 [FXGL Background Thread 3 ] DEBUG Engine               - collisionDetectionStrategy: BRUTE_FORCE
01:01:32.705 [FXGL Background Thread 3 ] DEBUG Engine               - configClass: Optional.empty
01:01:32.705 [FXGL Background Thread 3 ] DEBUG Engine               - credits: []
01:01:32.705 [FXGL Background Thread 3 ] DEBUG Engine               - defaultCursor: CursorInfo(imageName=fxgl_default_cursor.png, hotspotX=7.0, hotspotY=6.0)
01:01:32.705 [FXGL Background Thread 3 ] DEBUG Engine               - devBBoxColorProperty: ObjectProperty [value: 0xff0000ff]
01:01:32.705 [FXGL Background Thread 3 ] DEBUG Engine               - devEnableDebugCameraProperty: BooleanProperty [value: false]
01:01:32.705 [FXGL Background Thread 3 ] DEBUG Engine               - devSensorColorProperty: ObjectProperty [value: 0xffff00ff]
01:01:32.705 [FXGL Background Thread 3 ] DEBUG Engine               - devShowBBoxProperty: BooleanProperty [value: false]
01:01:32.705 [FXGL Background Thread 3 ] DEBUG Engine               - devShowPositionProperty: BooleanProperty [value: false]
01:01:32.705 [FXGL Background Thread 3 ] DEBUG Engine               - enabledMenuItems: []
01:01:32.705 [FXGL Background Thread 3 ] DEBUG Engine               - engineServices: [class com.almasb.fxgl.app.services.FXGLAssetLoaderService, class com.almasb.fxgl.app.FXGLApplication$GameApplicationService, class com.almasb.fxgl.app.services.FXGLDialogService, class com.almasb.fxgl.app.services.IOTaskExecutorService, class com.almasb.fxgl.io.FileSystemService, class com.almasb.fxgl.localization.LocalizationService, class com.almasb.fxgl.app.services.SystemBundleService, class com.almasb.fxgl.profile.SaveLoadService, class com.almasb.fxgl.ui.FXGLUIFactoryServiceProvider, class com.almasb.fxgl.ui.FXGLDialogFactoryServiceProvider, class com.almasb.fxgl.audio.AudioPlayer, class com.almasb.fxgl.notification.impl.NotificationServiceProvider, class com.almasb.fxgl.achievement.AchievementService, class com.almasb.fxgl.cutscene.CutsceneService, class com.almasb.fxgl.minigames.MiniGameService, class com.almasb.fxgl.net.NetService, class com.almasb.fxgl.app.services.UpdaterService, class com.almasb.fxgl.dev.DevService]
01:01:32.705 [FXGL Background Thread 3 ] DEBUG Engine               - fontGame: Abel-Regular.ttf
01:01:32.705 [FXGL Background Thread 3 ] DEBUG Engine               - fontMono: lucida_console.ttf
01:01:32.705 [FXGL Background Thread 3 ] DEBUG Engine               - fontText: Courier-Prime.ttf
01:01:32.705 [FXGL Background Thread 3 ] DEBUG Engine               - fontUI: game_font.ttf
01:01:32.706 [FXGL Background Thread 3 ] DEBUG Engine               - fullScreen: BooleanProperty [value: false]
01:01:32.706 [FXGL Background Thread 3 ] DEBUG Engine               - gameDifficulty: MEDIUM
01:01:32.706 [FXGL Background Thread 3 ] DEBUG Engine               - gameDifficultyProperty: ObjectProperty [value: MEDIUM]
01:01:32.706 [FXGL Background Thread 3 ] DEBUG Engine               - globalMusicVolume: 0.5
01:01:32.706 [FXGL Background Thread 3 ] DEBUG Engine               - globalMusicVolumeProperty: DoubleProperty [value: 0.5]
01:01:32.706 [FXGL Background Thread 3 ] DEBUG Engine               - globalSoundVolume: 0.5
01:01:32.706 [FXGL Background Thread 3 ] DEBUG Engine               - globalSoundVolumeProperty: DoubleProperty [value: 0.5]
01:01:32.706 [FXGL Background Thread 3 ] DEBUG Engine               - height: 720
01:01:32.706 [FXGL Background Thread 3 ] DEBUG Engine               - is3D: false
01:01:32.706 [FXGL Background Thread 3 ] DEBUG Engine               - isAndroid: false
01:01:32.706 [FXGL Background Thread 3 ] DEBUG Engine               - isBrowser: false
01:01:32.706 [FXGL Background Thread 3 ] DEBUG Engine               - isClickFeedbackEnabled: false
01:01:32.706 [FXGL Background Thread 3 ] DEBUG Engine               - isCloseConfirmation: false
01:01:32.706 [FXGL Background Thread 3 ] DEBUG Engine               - isDesktop: true
01:01:32.706 [FXGL Background Thread 3 ] DEBUG Engine               - isDeveloperMenuEnabled: false
01:01:32.706 [FXGL Background Thread 3 ] DEBUG Engine               - isEntityPreloadEnabled: true
01:01:32.706 [FXGL Background Thread 3 ] DEBUG Engine               - isExperimentalTiledLargeMap: false
01:01:32.707 [FXGL Background Thread 3 ] DEBUG Engine               - isFileSystemWriteAllowed: true
01:01:32.707 [FXGL Background Thread 3 ] DEBUG Engine               - isFullScreenAllowed: false
01:01:32.707 [FXGL Background Thread 3 ] DEBUG Engine               - isFullScreenFromStart: false
01:01:32.707 [FXGL Background Thread 3 ] DEBUG Engine               - isGameMenuEnabled: true
01:01:32.707 [FXGL Background Thread 3 ] DEBUG Engine               - isIOS: false
01:01:32.707 [FXGL Background Thread 3 ] DEBUG Engine               - isIntroEnabled: false
01:01:32.707 [FXGL Background Thread 3 ] DEBUG Engine               - isLinux: false
01:01:32.707 [FXGL Background Thread 3 ] DEBUG Engine               - isMac: false
01:01:32.707 [FXGL Background Thread 3 ] DEBUG Engine               - isMainMenuEnabled: true
01:01:32.707 [FXGL Background Thread 3 ] DEBUG Engine               - isManualResizeEnabled: false
01:01:32.707 [FXGL Background Thread 3 ] DEBUG Engine               - isMobile: false
01:01:32.707 [FXGL Background Thread 3 ] DEBUG Engine               - isNative: false
01:01:32.707 [FXGL Background Thread 3 ] DEBUG Engine               - isPauseMusicWhenMinimized: true
01:01:32.707 [FXGL Background Thread 3 ] DEBUG Engine               - isPreserveResizeRatio: false
01:01:32.707 [FXGL Background Thread 3 ] DEBUG Engine               - isProfilingEnabled: false
01:01:32.707 [FXGL Background Thread 3 ] DEBUG Engine               - isScaleAffectedOnResize: true
01:01:32.707 [FXGL Background Thread 3 ] DEBUG Engine               - isSingleStep: false
01:01:32.707 [FXGL Background Thread 3 ] DEBUG Engine               - isUserProfileEnabled: false
01:01:32.707 [FXGL Background Thread 3 ] DEBUG Engine               - isWindows: true
01:01:32.707 [FXGL Background Thread 3 ] DEBUG Engine               - language: ObjectProperty [value: ENGLISH]
01:01:32.707 [FXGL Background Thread 3 ] DEBUG Engine               - menuKey: ESCAPE
01:01:32.707 [FXGL Background Thread 3 ] DEBUG Engine               - mouseSensitivity: 0.2
01:01:32.707 [FXGL Background Thread 3 ] DEBUG Engine               - notificationViewClass: class com.almasb.fxgl.notification.view.XboxNotificationView
01:01:32.707 [FXGL Background Thread 3 ] DEBUG Engine               - pixelsPerMeter: 50.0
01:01:32.708 [FXGL Background Thread 3 ] DEBUG Engine               - platform: WINDOWS
01:01:32.708 [FXGL Background Thread 3 ] DEBUG Engine               - prefHeightProperty: ReadOnlyDoubleProperty [value: 720.0]
01:01:32.708 [FXGL Background Thread 3 ] DEBUG Engine               - prefWidthProperty: ReadOnlyDoubleProperty [value: 1280.0]
01:01:32.708 [FXGL Background Thread 3 ] DEBUG Engine               - profileDir: profiles/
01:01:32.708 [FXGL Background Thread 3 ] DEBUG Engine               - profileName: StringProperty [value: DEFAULT]
01:01:32.708 [FXGL Background Thread 3 ] DEBUG Engine               - randomSeed: -1
01:01:32.708 [FXGL Background Thread 3 ] DEBUG Engine               - runtimeInfo: RuntimeInfo(platform=WINDOWS, version=11.17, build=16.07.2021 15.46)
01:01:32.708 [FXGL Background Thread 3 ] DEBUG Engine               - saveFileExt: sav
01:01:32.708 [FXGL Background Thread 3 ] DEBUG Engine               - scaledHeightProp$fxgl: DoubleProperty [bound, value: 720.0]
01:01:32.708 [FXGL Background Thread 3 ] DEBUG Engine               - scaledWidthProp$fxgl: DoubleProperty [bound, value: 1280.0]
01:01:32.708 [FXGL Background Thread 3 ] DEBUG Engine               - sceneFactory: Bomberman.GameApp$1@5377f35a
01:01:32.708 [FXGL Background Thread 3 ] DEBUG Engine               - secondsIn24h: 60
01:01:32.708 [FXGL Background Thread 3 ] DEBUG Engine               - soundMenuBack: menu/back.wav
01:01:32.708 [FXGL Background Thread 3 ] DEBUG Engine               - soundMenuPress: menu/press.wav
01:01:32.708 [FXGL Background Thread 3 ] DEBUG Engine               - soundMenuSelect: menu/select.wav
01:01:32.708 [FXGL Background Thread 3 ] DEBUG Engine               - soundNotification: core/notification.wav
01:01:32.708 [FXGL Background Thread 3 ] DEBUG Engine               - stageStyle: DECORATED
01:01:32.708 [FXGL Background Thread 3 ] DEBUG Engine               - supportedLanguages: [ENGLISH, FRENCH, GERMAN, HUNGARIAN, RUSSIAN]
01:01:32.708 [FXGL Background Thread 3 ] DEBUG Engine               - ticksPerSecond: -1
01:01:32.708 [FXGL Background Thread 3 ] DEBUG Engine               - title: SPLATTMAN
01:01:32.708 [FXGL Background Thread 3 ] DEBUG Engine               - urlGithub: https://github.com/AlmasB/FXGL
01:01:32.708 [FXGL Background Thread 3 ] DEBUG Engine               - urlLeaderboard: http://fxgl-top.herokuapp.com/
01:01:32.708 [FXGL Background Thread 3 ] DEBUG Engine               - urlPOM: https://raw.githubusercontent.com/AlmasB/FXGL/release/README.md
01:01:32.708 [FXGL Background Thread 3 ] DEBUG Engine               - userAppClass: class Bomberman.GameApp
01:01:32.709 [FXGL Background Thread 3 ] DEBUG Engine               - version: 1.0
01:01:32.709 [FXGL Background Thread 3 ] DEBUG Engine               - versionCheckDays: 7
01:01:32.709 [FXGL Background Thread 3 ] DEBUG Engine               - width: 1280
01:01:32.709 [FXGL Background Thread 3 ] DEBUG Engine               - Logging services
01:01:32.709 [FXGL Background Thread 3 ] DEBUG Engine               - class com.almasb.fxgl.app.services.FXGLAssetLoaderService
01:01:32.709 [FXGL Background Thread 3 ] DEBUG Engine               - class com.almasb.fxgl.app.FXGLApplication$GameApplicationService
01:01:32.709 [FXGL Background Thread 3 ] DEBUG Engine               - class com.almasb.fxgl.app.services.FXGLDialogService
01:01:32.709 [FXGL Background Thread 3 ] DEBUG Engine               - class com.almasb.fxgl.app.services.IOTaskExecutorService
01:01:32.709 [FXGL Background Thread 3 ] DEBUG Engine               - class com.almasb.fxgl.io.FileSystemService
01:01:32.709 [FXGL Background Thread 3 ] DEBUG Engine               - class com.almasb.fxgl.localization.LocalizationService
01:01:32.709 [FXGL Background Thread 3 ] DEBUG Engine               - class com.almasb.fxgl.app.services.SystemBundleService
01:01:32.709 [FXGL Background Thread 3 ] DEBUG Engine               - class com.almasb.fxgl.profile.SaveLoadService
01:01:32.709 [FXGL Background Thread 3 ] DEBUG Engine               - class com.almasb.fxgl.ui.FXGLUIFactoryServiceProvider
01:01:32.709 [FXGL Background Thread 3 ] DEBUG Engine               - class com.almasb.fxgl.ui.FXGLDialogFactoryServiceProvider
01:01:32.709 [FXGL Background Thread 3 ] DEBUG Engine               - class com.almasb.fxgl.audio.AudioPlayer
01:01:32.709 [FXGL Background Thread 3 ] DEBUG Engine               - class com.almasb.fxgl.notification.impl.NotificationServiceProvider
01:01:32.709 [FXGL Background Thread 3 ] DEBUG Engine               - class com.almasb.fxgl.achievement.AchievementService
01:01:32.709 [FXGL Background Thread 3 ] DEBUG Engine               - class com.almasb.fxgl.cutscene.CutsceneService
01:01:32.709 [FXGL Background Thread 3 ] DEBUG Engine               - class com.almasb.fxgl.minigames.MiniGameService
01:01:32.709 [FXGL Background Thread 3 ] DEBUG Engine               - class com.almasb.fxgl.net.NetService
01:01:32.709 [FXGL Background Thread 3 ] DEBUG Engine               - class com.almasb.fxgl.app.services.UpdaterService
01:01:32.709 [FXGL Background Thread 3 ] DEBUG Engine               - class com.almasb.fxgl.dev.DevService
01:01:39.295 [JavaFX Application Thread] DEBUG Menu                 - fireNewGame()
01:01:39.295 [JavaFX Application Thread] DEBUG GameApplicationServi - Starting new game
01:01:39.295 [JavaFX Application Thread] DEBUG PrimaryStageWindow   - Pop state: MainMenu
01:01:39.295 [JavaFX Application Thread] DEBUG Input                - Clearing active input actions
01:01:39.296 [JavaFX Application Thread] DEBUG GameApplicationServi - Removing overlay from MainMenu and adding to FXGLMainMenuDummyScene
01:01:39.296 [JavaFX Application Thread] DEBUG PrimaryStageWindow   - FXGLMainMenuDummyScene <- MainMenu
01:01:39.296 [JavaFX Application Thread] DEBUG Input                - Clearing active input actions
01:01:39.302 [JavaFX Application Thread] DEBUG GameApplicationServi - Removing overlay from FXGLMainMenuDummyScene and adding to FXGLLoadingScene
01:01:39.302 [JavaFX Application Thread] DEBUG PrimaryStageWindow   - FXGLMainMenuDummyScene -> FXGLLoadingScene
01:01:39.302 [JavaFX Application Thread] DEBUG GameApplicationServi - Clearing previous game
01:01:39.302 [JavaFX Application Thread] DEBUG GameScene            - Clearing game scene
01:01:39.302 [JavaFX Application Thread] DEBUG GameWorld            - Clearing game world
01:01:39.302 [JavaFX Application Thread] DEBUG PhysicsWorld         - Clearing physics world
01:01:39.304 [FXGL Background Thread 2 ] DEBUG FXGLApplication      - Initializing game
01:01:39.338 [FXGL Background Thread 2 ] WARN  TMXLevelLoader       - TiledMap generated from 1.7.2. Supported version: 1.2.3. Some features may not be parsed fully.
01:01:39.356 [FXGL Background Thread 2 ] DEBUG TMXLevelLoader       - Parsed TiledMap: file:/E:/CPP/Bomberman-master/target/classes/assets/levels/level1.tmx
01:01:39.357 [FXGL Background Thread 2 ] DEBUG TMXLevelLoader       - Creating tile layer entities
01:01:39.360 [FXGL Background Thread 2 ] DEBUG TilesetLoader        - Loading view for layer Tile Layer 1
01:01:39.366 [FXGL Background Thread 2 ] DEBUG TilesetLoader        - Created buffer with size 1488.0x720.0
01:01:39.386 [FXGL Background Thread 2 ] DEBUG TMXLevelLoader       - Creating object layer entities
01:01:39.418 [FXGL Background Thread 2 ] DEBUG FXGLAssetLoaderServi - Loading from file system: file:/E:/CPP/Bomberman-master/target/classes/assets/textures/player_die.png
01:01:39.419 [FXGL Background Thread 2 ] DEBUG FXGLAssetLoaderServi - Loading from file system: file:/E:/CPP/Bomberman-master/target/classes/assets/textures/player_down.png
01:01:39.420 [FXGL Background Thread 2 ] DEBUG FXGLAssetLoaderServi - Loading from file system: file:/E:/CPP/Bomberman-master/target/classes/assets/textures/player_right.png
01:01:39.421 [FXGL Background Thread 2 ] DEBUG FXGLAssetLoaderServi - Loading from file system: file:/E:/CPP/Bomberman-master/target/classes/assets/textures/player_up.png
01:01:39.424 [FXGL Background Thread 2 ] DEBUG FXGLAssetLoaderServi - Loading from file system: file:/E:/CPP/Bomberman-master/target/classes/assets/textures/player_left.png
01:01:39.429 [FXGL Background Thread 2 ] DEBUG FXGLAssetLoaderServi - Loading from file system: file:/E:/CPP/Bomberman-master/target/classes/assets/textures/enemy1.png
01:01:39.454 [FXGL Background Thread 2 ] DEBUG FXGLAssetLoaderServi - Loading from file system: file:/E:/CPP/Bomberman-master/target/classes/assets/textures/enemy2.png
01:01:39.462 [FXGL Background Thread 2 ] DEBUG FXGLAssetLoaderServi - Loading from file system: file:/E:/CPP/Bomberman-master/target/classes/assets/textures/brick.png
01:01:39.468 [FXGL Background Thread 2 ] DEBUG FXGLAssetLoaderServi - Loading from file system: file:/E:/CPP/Bomberman-master/target/classes/assets/textures/powerup_speed.png
01:01:39.469 [FXGL Background Thread 2 ] DEBUG FXGLAssetLoaderServi - Loading from file system: file:/E:/CPP/Bomberman-master/target/classes/assets/textures/powerup_bombs.png
01:01:39.495 [FXGL Background Thread 2 ] DEBUG GameWorld            - Clearing removable entities
01:01:39.495 [FXGL Background Thread 2 ] DEBUG GameWorld            - Setting level: com.almasb.fxgl.entity.level.Level@3eb7c33e
01:01:39.529 [FXGL Background Thread 2 ] INFO  FXGLApplication      - Game initialization took: 0.225 sec
01:01:39.540 [JavaFX Application Thread] DEBUG Input                - Clearing active input actions
01:01:39.555 [JavaFX Application Thread] DEBUG GameApplicationServi - Removing overlay from FXGLLoadingScene and adding to GameScene
01:01:39.556 [JavaFX Application Thread] DEBUG PrimaryStageWindow   - FXGLLoadingScene -> GameScene
01:01:39.560 [JavaFX Application Thread] DEBUG FXGLAssetLoaderServi - Loading from file system: file:/E:/CPP/Bomberman-master/target/classes/assets/sounds/stage_start.wav
01:01:39.575 [JavaFX Application Thread] DEBUG PrimaryStageWindow   - Push state: StageStartScene
01:01:39.575 [JavaFX Application Thread] DEBUG Input                - Clearing active input actions
01:01:39.576 [JavaFX Application Thread] DEBUG GameApplicationServi - Removing overlay from GameScene and adding to StageStartScene
01:01:39.576 [JavaFX Application Thread] DEBUG PrimaryStageWindow   - GameScene -> StageStartScene
01:01:43.538 [JavaFX Application Thread] DEBUG PrimaryStageWindow   - Pop state: StageStartScene
01:01:43.538 [JavaFX Application Thread] DEBUG Input                - Clearing active input actions
01:01:43.538 [JavaFX Application Thread] DEBUG GameApplicationServi - Removing overlay from StageStartScene and adding to GameScene
01:01:43.538 [JavaFX Application Thread] DEBUG PrimaryStageWindow   - GameScene <- StageStartScene
01:01:47.659 [JavaFX Application Thread] DEBUG PrimaryStageWindow   - Push state: GameMenu
01:01:47.659 [JavaFX Application Thread] DEBUG Input                - Clearing active input actions
01:01:47.659 [JavaFX Application Thread] DEBUG GameApplicationServi - Removing overlay from GameScene and adding to GameMenu
01:01:47.659 [JavaFX Application Thread] DEBUG PrimaryStageWindow   - GameScene -> GameMenu
01:01:51.055 [JavaFX Application Thread] DEBUG Menu                 - fireExit()
01:01:51.060 [JavaFX Application Thread] DEBUG PrimaryStageWindow   - Push state: DialogSubScene
01:01:51.060 [JavaFX Application Thread] DEBUG Input                - Clearing active input actions
01:01:51.061 [JavaFX Application Thread] DEBUG GameApplicationServi - Removing overlay from GameMenu and adding to DialogSubScene
01:01:51.061 [JavaFX Application Thread] DEBUG PrimaryStageWindow   - GameMenu -> DialogSubScene
01:01:51.584 [JavaFX Application Thread] DEBUG PrimaryStageWindow   - Pop state: DialogSubScene
01:01:51.584 [JavaFX Application Thread] DEBUG Input                - Clearing active input actions
01:01:51.584 [JavaFX Application Thread] DEBUG GameApplicationServi - Removing overlay from DialogSubScene and adding to GameMenu
01:01:51.584 [JavaFX Application Thread] DEBUG PrimaryStageWindow   - GameMenu <- DialogSubScene
01:01:51.584 [JavaFX Application Thread] DEBUG FXGLApplication      - Exiting FXGL
01:01:51.584 [JavaFX Application Thread] DEBUG LoopRunner           - Stopping loop
01:01:51.584 [JavaFX Application Thread] DEBUG SystemBundleService  - Saving FXGL system data
01:01:51.586 [JavaFX Application Thread] DEBUG FileSystemAccess     - Writing to: E:\CPP\Bomberman-master\system\fxgl.bundle
01:01:51.588 [JavaFX Application Thread] DEBUG Async                - Shutting down background threads
01:01:51.588 [JavaFX Application Thread] DEBUG PrimaryStageWindow   - Closing main window
01:01:51.598 [JavaFX Application Thread] DEBUG Logger               - Closing Logger
